<testng-results>
  <reporter-output>
    <line>
      <![CDATA[<p>The Teacher created is:Teacher_20141001030456</p>]]>
    </line>
    <line>
      <![CDATA[Current Tab selected isSETTINGS]]>
    </line>
    <line>
      <![CDATA[<br> Course Management tab is loaded correctly]]>
    </line>
    <line>
      <![CDATA[<br> Course Management tab is loaded correctly]]>
    </line>
    <line>
      <![CDATA[<p><p>confirm button is displayed after clicking on Create Course button.</p>]]>
    </line>
    <line>
      <![CDATA[<br><b><font color='green'>Test Case NEWNGMEL_1063_1 Pass</b><br>]]>
    </line>
    <line>
      <![CDATA[<p>The Teacher is able to generate PDF for the course.</p> ]]>
    </line>
  </reporter-output>
  <suite name="NMEL-3 Regression Suite">
    <groups>
      <group name="register">
        <method signature="com.pearson.piltg.ngmelII.RegressionNMELIII.RumbaRegistration.registerCandidateStudent()" name="registerCandidateStudent" class="com.pearson.piltg.ngmelII.RegressionNMELIII.RumbaRegistration"/>
      </group>
      <group name="rumba">
        <method signature="com.pearson.piltg.ngmelII.RegressionNMELIII.RumbaRegistration.registerInstructor()" name="registerInstructor" class="com.pearson.piltg.ngmelII.RegressionNMELIII.RumbaRegistration"/>
      </group>
    </groups>
    <test name="Rumba Regression Test">
      <class name="com.pearson.piltg.ngmelII.RegressionNMELIII.RumbaRegistration">
        <test-method status="PASS" signature="tearDown()" name="tearDown" is-config="true" duration-ms="2424" started-at="2014-10-01T15:10:30Z" finished-at="2014-10-01T15:10:32Z">
        </test-method>
        <test-method status="SKIP" signature="settingsPersonalProfile()" name="settingsPersonalProfile" duration-ms="1" started-at="2014-10-01T15:10:32Z" description="Settings module test case: NEWNGMEL-2744_3." depends-on-methods="com.pearson.piltg.ngmelII.RegressionNMELIII.RumbaRegistration.registerCandidateStudent" finished-at="2014-10-01T15:10:32Z">
        </test-method>
        <test-method status="FAIL" signature="registerInstructor()" name="registerInstructor" duration-ms="352671" started-at="2014-10-01T15:04:37Z" description="NEWNGMEL_1063_1, NEWNGMEL-1369_3" finished-at="2014-10-01T15:10:30Z">
          <exception class="org.openqa.selenium.TimeoutException">
            <message>
              <![CDATA[Timed out after 120 seconds waiting for visibility of element located by By.id: save_personal_details
Build info: version: '2.39.0', revision: '14fa800511cc5d66d426e08b0b2ab926c7ed7398', time: '2013-12-16 13:18:38'
System info: host: 'BRICAWL-9JDVVY1', ip: '192.168.1.108', os.name: 'Windows 8', os.arch: 'amd64', os.version: '6.2', java.version: '1.7.0_51'
Driver info: driver.version: unknown]]>
            </message>
            <full-stacktrace>
              <![CDATA[org.openqa.selenium.TimeoutException: Timed out after 120 seconds waiting for visibility of element located by By.id: save_personal_details
Build info: version: '2.39.0', revision: '14fa800511cc5d66d426e08b0b2ab926c7ed7398', time: '2013-12-16 13:18:38'
System info: host: 'BRICAWL-9JDVVY1', ip: '192.168.1.108', os.name: 'Windows 8', os.arch: 'amd64', os.version: '6.2', java.version: '1.7.0_51'
Driver info: driver.version: unknown
	at org.openqa.selenium.support.ui.FluentWait.timeoutException(FluentWait.java:259)
	at org.openqa.selenium.support.ui.FluentWait.until(FluentWait.java:228)
	at com.pearson.piltg.ngmelII.util.UtilityCommon.waitForElementVisible(UtilityCommon.java:245)
	at com.pearson.piltg.ngmelII.rumba.RumbaRegistrationCommon.registerCandidate(RumbaRegistrationCommon.java:206)
	at com.pearson.piltg.ngmelII.RegressionNMELIII.RumbaRegistration.registerInstructor(RumbaRegistration.java:66)
	at sun.reflect.NativeMethodAccessorImpl.invoke0(Native Method)
	at sun.reflect.NativeMethodAccessorImpl.invoke(NativeMethodAccessorImpl.java:57)
	at sun.reflect.DelegatingMethodAccessorImpl.invoke(DelegatingMethodAccessorImpl.java:43)
	at java.lang.reflect.Method.invoke(Method.java:606)
	at org.testng.internal.MethodHelper.invokeMethod(MethodHelper.java:580)
	at org.testng.internal.Invoker.invokeMethod(Invoker.java:478)
	at org.testng.internal.Invoker.invokeTestMethod(Invoker.java:607)
	at org.testng.internal.Invoker.invokeTestMethods(Invoker.java:874)
	at org.testng.internal.TestMethodWorker.invokeTestMethods(TestMethodWorker.java:125)
	at org.testng.internal.TestMethodWorker.run(TestMethodWorker.java:109)
	at org.testng.TestRunner.runWorkers(TestRunner.java:689)
	at org.testng.TestRunner.privateRun(TestRunner.java:566)
	at org.testng.TestRunner.run(TestRunner.java:466)
	at org.testng.SuiteRunner.runTest(SuiteRunner.java:301)
	at org.testng.SuiteRunner.runSequentially(SuiteRunner.java:296)
	at org.testng.SuiteRunner.privateRun(SuiteRunner.java:276)
	at org.testng.SuiteRunner.run(SuiteRunner.java:191)
	at org.testng.TestNG.createAndRunSuiteRunners(TestNG.java:808)
	at org.testng.TestNG.runSuitesLocally(TestNG.java:776)
	at org.testng.TestNG.run(TestNG.java:701)
	at org.apache.maven.surefire.testng.TestNGExecutor.run(TestNGExecutor.java:74)
	at org.apache.maven.surefire.testng.TestNGXmlTestSuite.execute(TestNGXmlTestSuite.java:92)
	at org.apache.maven.surefire.Surefire.run(Surefire.java:180)
	at sun.reflect.NativeMethodAccessorImpl.invoke0(Native Method)
	at sun.reflect.NativeMethodAccessorImpl.invoke(NativeMethodAccessorImpl.java:57)
	at sun.reflect.DelegatingMethodAccessorImpl.invoke(DelegatingMethodAccessorImpl.java:43)
	at java.lang.reflect.Method.invoke(Method.java:606)
	at org.apache.maven.surefire.booter.SurefireBooter.runSuitesInProcess(SurefireBooter.java:350)
	at org.apache.maven.surefire.booter.SurefireBooter.main(SurefireBooter.java:1021)
Caused by: org.openqa.selenium.NoSuchElementException: no such element
  (Session info: chrome=37.0.2062.124)
  (Driver info: chromedriver=2.8.241075,platform=Windows NT 6.3 x86_64) (WARNING: The server did not provide any stacktrace information)
Command duration or timeout: 15 milliseconds
For documentation on this error, please visit: http://seleniumhq.org/exceptions/no_such_element.html
Build info: version: '2.39.0', revision: '14fa800511cc5d66d426e08b0b2ab926c7ed7398', time: '2013-12-16 13:18:38'
System info: host: 'BRICAWL-9JDVVY1', ip: '192.168.1.108', os.name: 'Windows 8', os.arch: 'amd64', os.version: '6.2', java.version: '1.7.0_51'
Session ID: 4b37fd95e96e612bc2195eb9b4635bf1
Driver info: org.openqa.selenium.chrome.ChromeDriver
Capabilities [{platform=WIN8, acceptSslCerts=true, javascriptEnabled=true, browserName=chrome, chrome={userDataDir=C:\Users\ubasaja\AppData\Local\Temp\scoped_dir8204_9165}, rotatable=false, locationContextEnabled=true, version=37.0.2062.124, takesHeapSnapshot=true, cssSelectorsEnabled=true, databaseEnabled=false, handlesAlerts=true, browserConnectionEnabled=false, nativeEvents=true, webStorageEnabled=true, applicationCacheEnabled=false, takesScreenshot=true}]
	at sun.reflect.GeneratedConstructorAccessor14.newInstance(Unknown Source)
	at sun.reflect.DelegatingConstructorAccessorImpl.newInstance(DelegatingConstructorAccessorImpl.java:45)
	at java.lang.reflect.Constructor.newInstance(Constructor.java:526)
	at org.openqa.selenium.remote.ErrorHandler.createThrowable(ErrorHandler.java:193)
	at org.openqa.selenium.remote.ErrorHandler.throwIfResponseFailed(ErrorHandler.java:145)
	at org.openqa.selenium.remote.RemoteWebDriver.execute(RemoteWebDriver.java:554)
	at org.openqa.selenium.remote.RemoteWebDriver.findElement(RemoteWebDriver.java:307)
	at org.openqa.selenium.remote.RemoteWebDriver.findElementById(RemoteWebDriver.java:348)
	at org.openqa.selenium.By$ById.findElement(By.java:220)
	at org.openqa.selenium.remote.RemoteWebDriver.findElement(RemoteWebDriver.java:299)
	at org.openqa.selenium.support.ui.ExpectedConditions.findElement(ExpectedConditions.java:730)
	at org.openqa.selenium.support.ui.ExpectedConditions.access$000(ExpectedConditions.java:39)
	at org.openqa.selenium.support.ui.ExpectedConditions$4.apply(ExpectedConditions.java:130)
	at org.openqa.selenium.support.ui.ExpectedConditions$4.apply(ExpectedConditions.java:126)
	at org.openqa.selenium.support.ui.FluentWait.until(FluentWait.java:208)
	... 32 more
]]>
            </full-stacktrace>
          </exception>
        </test-method>
        <test-method status="PASS" signature="setUp()" name="setUp" is-config="true" duration-ms="7596" started-at="2014-10-01T15:04:30Z" finished-at="2014-10-01T15:04:37Z">
        </test-method>
        <test-method status="SKIP" signature="registerCandidateStudentSelfStudy()" name="registerCandidateStudentSelfStudy" duration-ms="0" started-at="2014-10-01T15:10:32Z" depends-on-methods="com.pearson.piltg.ngmelII.RegressionNMELIII.RumbaRegistration.settingsPersonalProfile" finished-at="2014-10-01T15:10:32Z">
        </test-method>
        <test-method status="SKIP" signature="registerCandidateStudent()" name="registerCandidateStudent" duration-ms="1" started-at="2014-10-01T15:10:32Z" description="NEWNGMEL_763_1, NEWNGMEL_163_1, NEWNGMEL_187_3" depends-on-methods="com.pearson.piltg.ngmelII.RegressionNMELIII.RumbaRegistration.registerInstructor" finished-at="2014-10-01T15:10:32Z">
        </test-method>
      </class>
    </test>
  </suite>
</testng-results>
