<?xml version="1.0" encoding="UTF-8"?>
<testsuite name="Regression Tests 6" failures="9" tests="15" time="682.877" errors="0">
  <properties/>
  <testcase name="@AfterClass tearDown" time="0.0" classname="com.pearson.piltg.ngmelII.RegressionNMELIII.GradeBook_Teacher">
    <failure type="org.openqa.selenium.remote.SessionNotFoundException" message="Session ID is null
Build info: version: &apos;2.39.0&apos;, revision: &apos;14fa800511cc5d66d426e08b0b2ab926c7ed7398&apos;, time: &apos;2013-12-16 13:18:38&apos;
System info: host: &apos;BRICAWL-9JDVVY1&apos;, ip: &apos;192.168.1.17&apos;, os.name: &apos;Windows 8&apos;, os.arch: &apos;amd64&apos;, os.version: &apos;6.2&apos;, java.version: &apos;1.7.0_51&apos;
Driver info: driver.version: RemoteWebDriver">
      <![CDATA[org.openqa.selenium.remote.SessionNotFoundException: Session ID is null
Build info: version: '2.39.0', revision: '14fa800511cc5d66d426e08b0b2ab926c7ed7398', time: '2013-12-16 13:18:38'
System info: host: 'BRICAWL-9JDVVY1', ip: '192.168.1.17', os.name: 'Windows 8', os.arch: 'amd64', os.version: '6.2', java.version: '1.7.0_51'
Driver info: driver.version: RemoteWebDriver
	at org.openqa.selenium.remote.HttpCommandExecutor.execute(HttpCommandExecutor.java:276)
	at org.openqa.selenium.remote.service.DriverCommandExecutor.execute(DriverCommandExecutor.java:66)
	at org.openqa.selenium.remote.RemoteWebDriver.execute(RemoteWebDriver.java:527)
	at org.openqa.selenium.remote.RemoteWebDriver.execute(RemoteWebDriver.java:569)
	at org.openqa.selenium.remote.RemoteWebDriver.close(RemoteWebDriver.java:418)
	at com.pearson.piltg.ngmelII.RegressionNMELIII.GradeBook_Teacher.tearDown(GradeBook_Teacher.java:558)
	at org.apache.maven.surefire.testng.TestNGExecutor.run(TestNGExecutor.java:74)
	at org.apache.maven.surefire.testng.TestNGXmlTestSuite.execute(TestNGXmlTestSuite.java:92)
	at org.apache.maven.surefire.Surefire.run(Surefire.java:180)
	at org.apache.maven.surefire.booter.SurefireBooter.runSuitesInProcess(SurefireBooter.java:350)
	at org.apache.maven.surefire.booter.SurefireBooter.main(SurefireBooter.java:1021)
... Removed 24 stack frames]]>
    </failure>
  </testcase>
  <testcase name="gradebookAutoGradedPractice" time="31.938" classname="com.pearson.piltg.ngmelII.RegressionNMELIII.GradeBook_Teacher">
    <failure type="org.openqa.selenium.WebDriverException" message="unknown error: Element is not clickable at point (1075, 22). Other element would receive the click: &lt;li class=&quot;flash-notice expiredCourses&quot;&gt;...&lt;/li&gt;
  (Session info: chrome=37.0.2062.124)
  (Driver info: chromedriver=2.8.241075,platform=Windows NT 6.3 x86_64) (WARNING: The server did not provide any stacktrace information)
Command duration or timeout: 28 milliseconds
Build info: version: &apos;2.39.0&apos;, revision: &apos;14fa800511cc5d66d426e08b0b2ab926c7ed7398&apos;, time: &apos;2013-12-16 13:18:38&apos;
System info: host: &apos;BRICAWL-9JDVVY1&apos;, ip: &apos;192.168.1.17&apos;, os.name: &apos;Windows 8&apos;, os.arch: &apos;amd64&apos;, os.version: &apos;6.2&apos;, java.version: &apos;1.7.0_51&apos;
Session ID: bd9a2ec0f5db5dd5b41a858334769bb5
Driver info: org.openqa.selenium.chrome.ChromeDriver
Capabilities [{platform=WIN8, acceptSslCerts=true, javascriptEnabled=true, browserName=chrome, chrome={userDataDir=C:\Users\ubasaja\AppData\Local\Temp\scoped_dir13220_10102}, rotatable=false, locationContextEnabled=true, version=37.0.2062.124, takesHeapSnapshot=true, cssSelectorsEnabled=true, databaseEnabled=false, handlesAlerts=true, browserConnectionEnabled=false, nativeEvents=true, webStorageEnabled=true, applicationCacheEnabled=false, takesScreenshot=true}]">
      <![CDATA[org.openqa.selenium.WebDriverException: unknown error: Element is not clickable at point (1075, 22). Other element would receive the click: <li class="flash-notice expiredCourses">...</li>
  (Session info: chrome=37.0.2062.124)
  (Driver info: chromedriver=2.8.241075,platform=Windows NT 6.3 x86_64) (WARNING: The server did not provide any stacktrace information)
Command duration or timeout: 28 milliseconds
Build info: version: '2.39.0', revision: '14fa800511cc5d66d426e08b0b2ab926c7ed7398', time: '2013-12-16 13:18:38'
System info: host: 'BRICAWL-9JDVVY1', ip: '192.168.1.17', os.name: 'Windows 8', os.arch: 'amd64', os.version: '6.2', java.version: '1.7.0_51'
Session ID: bd9a2ec0f5db5dd5b41a858334769bb5
Driver info: org.openqa.selenium.chrome.ChromeDriver
Capabilities [{platform=WIN8, acceptSslCerts=true, javascriptEnabled=true, browserName=chrome, chrome={userDataDir=C:\Users\ubasaja\AppData\Local\Temp\scoped_dir13220_10102}, rotatable=false, locationContextEnabled=true, version=37.0.2062.124, takesHeapSnapshot=true, cssSelectorsEnabled=true, databaseEnabled=false, handlesAlerts=true, browserConnectionEnabled=false, nativeEvents=true, webStorageEnabled=true, applicationCacheEnabled=false, takesScreenshot=true}]
	at org.openqa.selenium.remote.ErrorHandler.createThrowable(ErrorHandler.java:193)
	at org.openqa.selenium.remote.ErrorHandler.throwIfResponseFailed(ErrorHandler.java:145)
	at org.openqa.selenium.remote.RemoteWebDriver.execute(RemoteWebDriver.java:554)
	at org.openqa.selenium.remote.RemoteWebElement.execute(RemoteWebElement.java:268)
	at org.openqa.selenium.remote.RemoteWebElement.click(RemoteWebElement.java:79)
	at com.pearson.piltg.ngmelII.util.UtilityCommon.clickAndWait(UtilityCommon.java:431)
	at com.pearson.piltg.ngmelII.common.Common.logoutFromTheApplication(Common.java:199)
	at com.pearson.piltg.ngmelII.RegressionNMELIII.GradeBook_Teacher.gradebookAutoGradedPractice(GradeBook_Teacher.java:214)
	at org.apache.maven.surefire.testng.TestNGExecutor.run(TestNGExecutor.java:74)
	at org.apache.maven.surefire.testng.TestNGXmlTestSuite.execute(TestNGXmlTestSuite.java:92)
	at org.apache.maven.surefire.Surefire.run(Surefire.java:180)
	at org.apache.maven.surefire.booter.SurefireBooter.runSuitesInProcess(SurefireBooter.java:350)
	at org.apache.maven.surefire.booter.SurefireBooter.main(SurefireBooter.java:1021)
... Removed 27 stack frames]]>
    </failure>
  </testcase>
  <testcase name="assignmentAverage" time="0.001" classname="com.pearson.piltg.ngmelII.RegressionNMELIII.GradeBook_Teacher">
    <skipped/>
  </testcase>
  <testcase name="gradebookAutoGradedPracticeStudentLogin" time="0.0" classname="com.pearson.piltg.ngmelII.RegressionNMELIII.GradeBook_Teacher">
    <skipped/>
  </testcase>
  <testcase name="viewScoresAtLevelPracticeActivity" time="0.0" classname="com.pearson.piltg.ngmelII.RegressionNMELIII.GradeBook_Teacher">
    <skipped/>
  </testcase>
  <testcase name="preConditionTeacherGradedAssignAndAttempt" time="126.525" classname="com.pearson.piltg.ngmelII.RegressionNMELIII.GradeBook_Teacher">
    <failure type="org.openqa.selenium.TimeoutException" message="Timed out after 120 seconds waiting for presence of element located by: By.id: username
Build info: version: &apos;2.39.0&apos;, revision: &apos;14fa800511cc5d66d426e08b0b2ab926c7ed7398&apos;, time: &apos;2013-12-16 13:18:38&apos;
System info: host: &apos;BRICAWL-9JDVVY1&apos;, ip: &apos;192.168.1.17&apos;, os.name: &apos;Windows 8&apos;, os.arch: &apos;amd64&apos;, os.version: &apos;6.2&apos;, java.version: &apos;1.7.0_51&apos;
Driver info: driver.version: unknown">
      <![CDATA[org.openqa.selenium.TimeoutException: Timed out after 120 seconds waiting for presence of element located by: By.id: username
Build info: version: '2.39.0', revision: '14fa800511cc5d66d426e08b0b2ab926c7ed7398', time: '2013-12-16 13:18:38'
System info: host: 'BRICAWL-9JDVVY1', ip: '192.168.1.17', os.name: 'Windows 8', os.arch: 'amd64', os.version: '6.2', java.version: '1.7.0_51'
Driver info: driver.version: unknown
	at org.openqa.selenium.support.ui.FluentWait.timeoutException(FluentWait.java:259)
	at org.openqa.selenium.support.ui.FluentWait.until(FluentWait.java:228)
	at com.pearson.piltg.ngmelII.util.UtilityCommon.waitForElementPresent(UtilityCommon.java:193)
	at com.pearson.piltg.ngmelII.common.Common.loginToPlatform(Common.java:72)
	at com.pearson.piltg.ngmelII.common.Common.assignActivity(Common.java:530)
	at com.pearson.piltg.ngmelII.RegressionNMELIII.GradeBook_Teacher.preConditionTeacherGradedAssignAndAttempt(GradeBook_Teacher.java:36)
	at org.apache.maven.surefire.testng.TestNGExecutor.run(TestNGExecutor.java:74)
	at org.apache.maven.surefire.testng.TestNGXmlTestSuite.execute(TestNGXmlTestSuite.java:92)
	at org.apache.maven.surefire.Surefire.run(Surefire.java:180)
	at org.apache.maven.surefire.booter.SurefireBooter.runSuitesInProcess(SurefireBooter.java:350)
	at org.apache.maven.surefire.booter.SurefireBooter.main(SurefireBooter.java:1021)
Caused by: org.openqa.selenium.NoSuchElementException: no such element
  (Session info: chrome=37.0.2062.124)
  (Driver info: chromedriver=2.8.241075,platform=Windows NT 6.3 x86_64) (WARNING: The server did not provide any stacktrace information)
Command duration or timeout: 23 milliseconds
For documentation on this error, please visit: http://seleniumhq.org/exceptions/no_such_element.html
Build info: version: '2.39.0', revision: '14fa800511cc5d66d426e08b0b2ab926c7ed7398', time: '2013-12-16 13:18:38'
System info: host: 'BRICAWL-9JDVVY1', ip: '192.168.1.17', os.name: 'Windows 8', os.arch: 'amd64', os.version: '6.2', java.version: '1.7.0_51'
Session ID: bd9a2ec0f5db5dd5b41a858334769bb5
Driver info: org.openqa.selenium.chrome.ChromeDriver
Capabilities [{platform=WIN8, acceptSslCerts=true, javascriptEnabled=true, browserName=chrome, chrome={userDataDir=C:\Users\ubasaja\AppData\Local\Temp\scoped_dir13220_10102}, rotatable=false, locationContextEnabled=true, version=37.0.2062.124, takesHeapSnapshot=true, cssSelectorsEnabled=true, databaseEnabled=false, handlesAlerts=true, browserConnectionEnabled=false, nativeEvents=true, webStorageEnabled=true, applicationCacheEnabled=false, takesScreenshot=true}]
	at org.openqa.selenium.remote.ErrorHandler.createThrowable(ErrorHandler.java:193)
	at org.openqa.selenium.remote.ErrorHandler.throwIfResponseFailed(ErrorHandler.java:145)
	at org.openqa.selenium.remote.RemoteWebDriver.execute(RemoteWebDriver.java:554)
	at org.openqa.selenium.remote.RemoteWebDriver.findElement(RemoteWebDriver.java:307)
	at org.openqa.selenium.remote.RemoteWebDriver.findElementById(RemoteWebDriver.java:348)
	at org.openqa.selenium.By$ById.findElement(By.java:220)
	at org.openqa.selenium.remote.RemoteWebDriver.findElement(RemoteWebDriver.java:299)
	at org.openqa.selenium.support.ui.ExpectedConditions.findElement(ExpectedConditions.java:730)
	at org.openqa.selenium.support.ui.ExpectedConditions.access$000(ExpectedConditions.java:39)
	at org.openqa.selenium.support.ui.ExpectedConditions$3.apply(ExpectedConditions.java:106)
	at org.openqa.selenium.support.ui.ExpectedConditions$3.apply(ExpectedConditions.java:103)
	at org.openqa.selenium.support.ui.FluentWait.until(FluentWait.java:208)
	... 33 more
... Removed 27 stack frames]]>
    </failure>
  </testcase>
  <testcase name="gradebookTeacherGradedAssignment" time="0.0" classname="com.pearson.piltg.ngmelII.RegressionNMELIII.GradeBook_Teacher">
    <skipped/>
  </testcase>
  <testcase name="threshold" time="0.0" classname="com.pearson.piltg.ngmelII.RegressionNMELIII.GradeSettings">
    <skipped/>
  </testcase>
  <testcase name="verifyPendingBatchRegistration" time="156.195" classname="com.pearson.piltg.ngmelII.RegressionNMELIII.BatchRegistration">
    <failure type="org.openqa.selenium.TimeoutException" message="Timed out after 120 seconds waiting for visibility of element located by By.id: registerStudent
Build info: version: &apos;2.39.0&apos;, revision: &apos;14fa800511cc5d66d426e08b0b2ab926c7ed7398&apos;, time: &apos;2013-12-16 13:18:38&apos;
System info: host: &apos;BRICAWL-9JDVVY1&apos;, ip: &apos;192.168.1.17&apos;, os.name: &apos;Windows 8&apos;, os.arch: &apos;amd64&apos;, os.version: &apos;6.2&apos;, java.version: &apos;1.7.0_51&apos;
Driver info: driver.version: unknown">
      <![CDATA[org.openqa.selenium.TimeoutException: Timed out after 120 seconds waiting for visibility of element located by By.id: registerStudent
Build info: version: '2.39.0', revision: '14fa800511cc5d66d426e08b0b2ab926c7ed7398', time: '2013-12-16 13:18:38'
System info: host: 'BRICAWL-9JDVVY1', ip: '192.168.1.17', os.name: 'Windows 8', os.arch: 'amd64', os.version: '6.2', java.version: '1.7.0_51'
Driver info: driver.version: unknown
	at org.openqa.selenium.support.ui.FluentWait.timeoutException(FluentWait.java:259)
	at org.openqa.selenium.support.ui.FluentWait.until(FluentWait.java:228)
	at com.pearson.piltg.ngmelII.util.UtilityCommon.waitForElementVisible(UtilityCommon.java:245)
	at com.pearson.piltg.ngmelII.util.UtilityCommon.clickAndWait(UtilityCommon.java:430)
	at com.pearson.piltg.ngmelII.RegressionNMELIII.BatchRegistration.verifyPendingBatchRegistration(BatchRegistration.java:83)
	at org.apache.maven.surefire.testng.TestNGExecutor.run(TestNGExecutor.java:74)
	at org.apache.maven.surefire.testng.TestNGXmlTestSuite.execute(TestNGXmlTestSuite.java:92)
	at org.apache.maven.surefire.Surefire.run(Surefire.java:180)
	at org.apache.maven.surefire.booter.SurefireBooter.runSuitesInProcess(SurefireBooter.java:350)
	at org.apache.maven.surefire.booter.SurefireBooter.main(SurefireBooter.java:1021)
Caused by: org.openqa.selenium.NoSuchElementException: no such element
  (Session info: chrome=37.0.2062.124)
  (Driver info: chromedriver=2.8.241075,platform=Windows NT 6.3 x86_64) (WARNING: The server did not provide any stacktrace information)
Command duration or timeout: 19 milliseconds
For documentation on this error, please visit: http://seleniumhq.org/exceptions/no_such_element.html
Build info: version: '2.39.0', revision: '14fa800511cc5d66d426e08b0b2ab926c7ed7398', time: '2013-12-16 13:18:38'
System info: host: 'BRICAWL-9JDVVY1', ip: '192.168.1.17', os.name: 'Windows 8', os.arch: 'amd64', os.version: '6.2', java.version: '1.7.0_51'
Session ID: be87ce861d2c8ae680f6346f2cb60253
Driver info: org.openqa.selenium.chrome.ChromeDriver
Capabilities [{platform=WIN8, acceptSslCerts=true, javascriptEnabled=true, browserName=chrome, chrome={userDataDir=C:\Users\ubasaja\AppData\Local\Temp\scoped_dir11976_31849}, rotatable=false, locationContextEnabled=true, version=37.0.2062.124, takesHeapSnapshot=true, cssSelectorsEnabled=true, databaseEnabled=false, handlesAlerts=true, browserConnectionEnabled=false, nativeEvents=true, webStorageEnabled=true, applicationCacheEnabled=false, takesScreenshot=true}]
	at org.openqa.selenium.remote.ErrorHandler.createThrowable(ErrorHandler.java:193)
	at org.openqa.selenium.remote.ErrorHandler.throwIfResponseFailed(ErrorHandler.java:145)
	at org.openqa.selenium.remote.RemoteWebDriver.execute(RemoteWebDriver.java:554)
	at org.openqa.selenium.remote.RemoteWebDriver.findElement(RemoteWebDriver.java:307)
	at org.openqa.selenium.remote.RemoteWebDriver.findElementById(RemoteWebDriver.java:348)
	at org.openqa.selenium.By$ById.findElement(By.java:220)
	at org.openqa.selenium.remote.RemoteWebDriver.findElement(RemoteWebDriver.java:299)
	at org.openqa.selenium.support.ui.ExpectedConditions.findElement(ExpectedConditions.java:730)
	at org.openqa.selenium.support.ui.ExpectedConditions.access$000(ExpectedConditions.java:39)
	at org.openqa.selenium.support.ui.ExpectedConditions$4.apply(ExpectedConditions.java:130)
	at org.openqa.selenium.support.ui.ExpectedConditions$4.apply(ExpectedConditions.java:126)
	at org.openqa.selenium.support.ui.FluentWait.until(FluentWait.java:208)
	... 32 more
... Removed 27 stack frames]]>
    </failure>
  </testcase>
  <testcase name="gradebook" time="0.0" classname="com.pearson.piltg.ngmelII.RegressionNMELIII.GradeBook_Teacher">
    <failure type="org.openqa.selenium.remote.SessionNotFoundException" message="Session ID is null
Build info: version: &apos;2.39.0&apos;, revision: &apos;14fa800511cc5d66d426e08b0b2ab926c7ed7398&apos;, time: &apos;2013-12-16 13:18:38&apos;
System info: host: &apos;BRICAWL-9JDVVY1&apos;, ip: &apos;192.168.1.17&apos;, os.name: &apos;Windows 8&apos;, os.arch: &apos;amd64&apos;, os.version: &apos;6.2&apos;, java.version: &apos;1.7.0_51&apos;
Driver info: driver.version: RemoteWebDriver">
      <![CDATA[org.openqa.selenium.remote.SessionNotFoundException: Session ID is null
Build info: version: '2.39.0', revision: '14fa800511cc5d66d426e08b0b2ab926c7ed7398', time: '2013-12-16 13:18:38'
System info: host: 'BRICAWL-9JDVVY1', ip: '192.168.1.17', os.name: 'Windows 8', os.arch: 'amd64', os.version: '6.2', java.version: '1.7.0_51'
Driver info: driver.version: RemoteWebDriver
	at org.openqa.selenium.remote.HttpCommandExecutor.execute(HttpCommandExecutor.java:276)
	at org.openqa.selenium.remote.service.DriverCommandExecutor.execute(DriverCommandExecutor.java:66)
	at org.openqa.selenium.remote.RemoteWebDriver.execute(RemoteWebDriver.java:527)
	at org.openqa.selenium.remote.RemoteWebDriver.get(RemoteWebDriver.java:276)
	at org.openqa.selenium.remote.RemoteWebDriver$RemoteNavigation.to(RemoteWebDriver.java:800)
	at com.pearson.piltg.ngmelII.common.Common.loginToPlatform(Common.java:71)
	at com.pearson.piltg.ngmelII.RegressionNMELIII.GradeBook_Teacher.gradebook(GradeBook_Teacher.java:264)
	at org.apache.maven.surefire.testng.TestNGExecutor.run(TestNGExecutor.java:74)
	at org.apache.maven.surefire.testng.TestNGXmlTestSuite.execute(TestNGXmlTestSuite.java:92)
	at org.apache.maven.surefire.Surefire.run(Surefire.java:180)
	at org.apache.maven.surefire.booter.SurefireBooter.runSuitesInProcess(SurefireBooter.java:350)
	at org.apache.maven.surefire.booter.SurefireBooter.main(SurefireBooter.java:1021)
... Removed 24 stack frames]]>
    </failure>
  </testcase>
  <testcase name="gradebookFunctions" time="0.001" classname="com.pearson.piltg.ngmelII.RegressionNMELIII.GradeBook_Teacher">
    <failure type="org.openqa.selenium.remote.SessionNotFoundException" message="Session ID is null
Build info: version: &apos;2.39.0&apos;, revision: &apos;14fa800511cc5d66d426e08b0b2ab926c7ed7398&apos;, time: &apos;2013-12-16 13:18:38&apos;
System info: host: &apos;BRICAWL-9JDVVY1&apos;, ip: &apos;192.168.1.17&apos;, os.name: &apos;Windows 8&apos;, os.arch: &apos;amd64&apos;, os.version: &apos;6.2&apos;, java.version: &apos;1.7.0_51&apos;
Driver info: driver.version: RemoteWebDriver">
      <![CDATA[org.openqa.selenium.remote.SessionNotFoundException: Session ID is null
Build info: version: '2.39.0', revision: '14fa800511cc5d66d426e08b0b2ab926c7ed7398', time: '2013-12-16 13:18:38'
System info: host: 'BRICAWL-9JDVVY1', ip: '192.168.1.17', os.name: 'Windows 8', os.arch: 'amd64', os.version: '6.2', java.version: '1.7.0_51'
Driver info: driver.version: RemoteWebDriver
	at org.openqa.selenium.remote.HttpCommandExecutor.execute(HttpCommandExecutor.java:276)
	at org.openqa.selenium.remote.service.DriverCommandExecutor.execute(DriverCommandExecutor.java:66)
	at org.openqa.selenium.remote.RemoteWebDriver.execute(RemoteWebDriver.java:527)
	at org.openqa.selenium.remote.RemoteWebDriver.get(RemoteWebDriver.java:276)
	at org.openqa.selenium.remote.RemoteWebDriver$RemoteNavigation.to(RemoteWebDriver.java:800)
	at com.pearson.piltg.ngmelII.common.Common.loginToPlatform(Common.java:71)
	at com.pearson.piltg.ngmelII.RegressionNMELIII.GradeBook_Teacher.gradebookFunctions(GradeBook_Teacher.java:324)
	at org.apache.maven.surefire.testng.TestNGExecutor.run(TestNGExecutor.java:74)
	at org.apache.maven.surefire.testng.TestNGXmlTestSuite.execute(TestNGXmlTestSuite.java:92)
	at org.apache.maven.surefire.Surefire.run(Surefire.java:180)
	at org.apache.maven.surefire.booter.SurefireBooter.runSuitesInProcess(SurefireBooter.java:350)
	at org.apache.maven.surefire.booter.SurefireBooter.main(SurefireBooter.java:1021)
... Removed 24 stack frames]]>
    </failure>
  </testcase>
  <testcase name="verifyFirstAttemptLastAttemptTest" time="167.963" classname="com.pearson.piltg.ngmelII.RegressionNMELIII.Gradebook_Student">
    <failure type="org.openqa.selenium.WebDriverException" message="unknown error: Element is not clickable at point (1075, 22). Other element would receive the click: &lt;li class=&quot;flash-notice expiredCourses&quot;&gt;...&lt;/li&gt;
  (Session info: chrome=37.0.2062.124)
  (Driver info: chromedriver=2.8.241075,platform=Windows NT 6.3 x86_64) (WARNING: The server did not provide any stacktrace information)
Command duration or timeout: 59 milliseconds
Build info: version: &apos;2.39.0&apos;, revision: &apos;14fa800511cc5d66d426e08b0b2ab926c7ed7398&apos;, time: &apos;2013-12-16 13:18:38&apos;
System info: host: &apos;BRICAWL-9JDVVY1&apos;, ip: &apos;192.168.1.17&apos;, os.name: &apos;Windows 8&apos;, os.arch: &apos;amd64&apos;, os.version: &apos;6.2&apos;, java.version: &apos;1.7.0_51&apos;
Session ID: b644b8ca23b80350e2dab2ffdc520eab
Driver info: org.openqa.selenium.chrome.ChromeDriver
Capabilities [{platform=WIN8, acceptSslCerts=true, javascriptEnabled=true, browserName=chrome, chrome={userDataDir=C:\Users\ubasaja\AppData\Local\Temp\scoped_dir13164_18511}, rotatable=false, locationContextEnabled=true, version=37.0.2062.124, takesHeapSnapshot=true, cssSelectorsEnabled=true, databaseEnabled=false, handlesAlerts=true, browserConnectionEnabled=false, nativeEvents=true, webStorageEnabled=true, applicationCacheEnabled=false, takesScreenshot=true}]">
      <![CDATA[org.openqa.selenium.WebDriverException: unknown error: Element is not clickable at point (1075, 22). Other element would receive the click: <li class="flash-notice expiredCourses">...</li>
  (Session info: chrome=37.0.2062.124)
  (Driver info: chromedriver=2.8.241075,platform=Windows NT 6.3 x86_64) (WARNING: The server did not provide any stacktrace information)
Command duration or timeout: 59 milliseconds
Build info: version: '2.39.0', revision: '14fa800511cc5d66d426e08b0b2ab926c7ed7398', time: '2013-12-16 13:18:38'
System info: host: 'BRICAWL-9JDVVY1', ip: '192.168.1.17', os.name: 'Windows 8', os.arch: 'amd64', os.version: '6.2', java.version: '1.7.0_51'
Session ID: b644b8ca23b80350e2dab2ffdc520eab
Driver info: org.openqa.selenium.chrome.ChromeDriver
Capabilities [{platform=WIN8, acceptSslCerts=true, javascriptEnabled=true, browserName=chrome, chrome={userDataDir=C:\Users\ubasaja\AppData\Local\Temp\scoped_dir13164_18511}, rotatable=false, locationContextEnabled=true, version=37.0.2062.124, takesHeapSnapshot=true, cssSelectorsEnabled=true, databaseEnabled=false, handlesAlerts=true, browserConnectionEnabled=false, nativeEvents=true, webStorageEnabled=true, applicationCacheEnabled=false, takesScreenshot=true}]
	at org.openqa.selenium.remote.ErrorHandler.createThrowable(ErrorHandler.java:193)
	at org.openqa.selenium.remote.ErrorHandler.throwIfResponseFailed(ErrorHandler.java:145)
	at org.openqa.selenium.remote.RemoteWebDriver.execute(RemoteWebDriver.java:554)
	at org.openqa.selenium.remote.RemoteWebElement.execute(RemoteWebElement.java:268)
	at org.openqa.selenium.remote.RemoteWebElement.click(RemoteWebElement.java:79)
	at com.pearson.piltg.ngmelII.util.UtilityCommon.clickAndWait(UtilityCommon.java:431)
	at com.pearson.piltg.ngmelII.common.Common.logoutFromTheApplication(Common.java:199)
	at com.pearson.piltg.ngmelII.common.Common.assignActivity(Common.java:588)
	at com.pearson.piltg.ngmelII.RegressionNMELIII.Gradebook_Student.verifyFirstAttemptLastAttemptTest(Gradebook_Student.java:29)
	at org.apache.maven.surefire.testng.TestNGExecutor.run(TestNGExecutor.java:74)
	at org.apache.maven.surefire.testng.TestNGXmlTestSuite.execute(TestNGXmlTestSuite.java:92)
	at org.apache.maven.surefire.Surefire.run(Surefire.java:180)
	at org.apache.maven.surefire.booter.SurefireBooter.runSuitesInProcess(SurefireBooter.java:350)
	at org.apache.maven.surefire.booter.SurefireBooter.main(SurefireBooter.java:1021)
... Removed 27 stack frames]]>
    </failure>
  </testcase>
  <testcase name="studentHelp" time="53.346" classname="com.pearson.piltg.ngmelII.RegressionNMELIII.Help"/>
  <testcase name="teacherHelp" time="17.277" classname="com.pearson.piltg.ngmelII.RegressionNMELIII.Help">
    <failure type="org.openqa.selenium.WebDriverException" message="unknown error: Element is not clickable at point (1021, 22). Other element would receive the click: &lt;li class=&quot;flash-notice expiredCourses&quot;&gt;...&lt;/li&gt;
  (Session info: chrome=37.0.2062.124)
  (Driver info: chromedriver=2.8.241075,platform=Windows NT 6.3 x86_64) (WARNING: The server did not provide any stacktrace information)
Command duration or timeout: 98 milliseconds
Build info: version: &apos;2.39.0&apos;, revision: &apos;14fa800511cc5d66d426e08b0b2ab926c7ed7398&apos;, time: &apos;2013-12-16 13:18:38&apos;
System info: host: &apos;BRICAWL-9JDVVY1&apos;, ip: &apos;192.168.1.17&apos;, os.name: &apos;Windows 8&apos;, os.arch: &apos;amd64&apos;, os.version: &apos;6.2&apos;, java.version: &apos;1.7.0_51&apos;
Session ID: 85fc25894f009bba2f90107244c9c0ba
Driver info: org.openqa.selenium.chrome.ChromeDriver
Capabilities [{platform=WIN8, acceptSslCerts=true, javascriptEnabled=true, browserName=chrome, chrome={userDataDir=C:\Users\ubasaja\AppData\Local\Temp\scoped_dir7044_16054}, rotatable=false, locationContextEnabled=true, version=37.0.2062.124, takesHeapSnapshot=true, cssSelectorsEnabled=true, databaseEnabled=false, handlesAlerts=true, browserConnectionEnabled=false, nativeEvents=true, webStorageEnabled=true, applicationCacheEnabled=false, takesScreenshot=true}]">
      <![CDATA[org.openqa.selenium.WebDriverException: unknown error: Element is not clickable at point (1021, 22). Other element would receive the click: <li class="flash-notice expiredCourses">...</li>
  (Session info: chrome=37.0.2062.124)
  (Driver info: chromedriver=2.8.241075,platform=Windows NT 6.3 x86_64) (WARNING: The server did not provide any stacktrace information)
Command duration or timeout: 98 milliseconds
Build info: version: '2.39.0', revision: '14fa800511cc5d66d426e08b0b2ab926c7ed7398', time: '2013-12-16 13:18:38'
System info: host: 'BRICAWL-9JDVVY1', ip: '192.168.1.17', os.name: 'Windows 8', os.arch: 'amd64', os.version: '6.2', java.version: '1.7.0_51'
Session ID: 85fc25894f009bba2f90107244c9c0ba
Driver info: org.openqa.selenium.chrome.ChromeDriver
Capabilities [{platform=WIN8, acceptSslCerts=true, javascriptEnabled=true, browserName=chrome, chrome={userDataDir=C:\Users\ubasaja\AppData\Local\Temp\scoped_dir7044_16054}, rotatable=false, locationContextEnabled=true, version=37.0.2062.124, takesHeapSnapshot=true, cssSelectorsEnabled=true, databaseEnabled=false, handlesAlerts=true, browserConnectionEnabled=false, nativeEvents=true, webStorageEnabled=true, applicationCacheEnabled=false, takesScreenshot=true}]
	at org.openqa.selenium.remote.ErrorHandler.createThrowable(ErrorHandler.java:193)
	at org.openqa.selenium.remote.ErrorHandler.throwIfResponseFailed(ErrorHandler.java:145)
	at org.openqa.selenium.remote.RemoteWebDriver.execute(RemoteWebDriver.java:554)
	at org.openqa.selenium.remote.RemoteWebElement.execute(RemoteWebElement.java:268)
	at org.openqa.selenium.remote.RemoteWebElement.click(RemoteWebElement.java:79)
	at com.pearson.piltg.ngmelII.home.page.HomePageCommon.verifyHelp(HomePageCommon.java:1173)
	at com.pearson.piltg.ngmelII.RegressionNMELIII.Help.teacherHelp(Help.java:33)
	at org.apache.maven.surefire.testng.TestNGExecutor.run(TestNGExecutor.java:74)
	at org.apache.maven.surefire.testng.TestNGXmlTestSuite.execute(TestNGXmlTestSuite.java:92)
	at org.apache.maven.surefire.Surefire.run(Surefire.java:180)
	at org.apache.maven.surefire.booter.SurefireBooter.runSuitesInProcess(SurefireBooter.java:350)
	at org.apache.maven.surefire.booter.SurefireBooter.main(SurefireBooter.java:1021)
... Removed 27 stack frames]]>
    </failure>
  </testcase>
  <testcase name="userLanguage_Breadcrum_FooterBarVerification" time="33.363" classname="com.pearson.piltg.ngmelII.RegressionNMELIII.Miscellaneous">
    <failure type="org.openqa.selenium.WebDriverException" message="unknown error: Element is not clickable at point (1075, 22). Other element would receive the click: &lt;li class=&quot;flash-notice expiredCourses&quot;&gt;...&lt;/li&gt;
  (Session info: chrome=37.0.2062.124)
  (Driver info: chromedriver=2.8.241075,platform=Windows NT 6.3 x86_64) (WARNING: The server did not provide any stacktrace information)
Command duration or timeout: 103 milliseconds
Build info: version: &apos;2.39.0&apos;, revision: &apos;14fa800511cc5d66d426e08b0b2ab926c7ed7398&apos;, time: &apos;2013-12-16 13:18:38&apos;
System info: host: &apos;BRICAWL-9JDVVY1&apos;, ip: &apos;192.168.1.17&apos;, os.name: &apos;Windows 8&apos;, os.arch: &apos;amd64&apos;, os.version: &apos;6.2&apos;, java.version: &apos;1.7.0_51&apos;
Session ID: e5c40243448e873ec68718e5614d59fb
Driver info: org.openqa.selenium.chrome.ChromeDriver
Capabilities [{platform=WIN8, acceptSslCerts=true, javascriptEnabled=true, browserName=chrome, chrome={userDataDir=C:\Users\ubasaja\AppData\Local\Temp\scoped_dir6840_8755}, rotatable=false, locationContextEnabled=true, version=37.0.2062.124, takesHeapSnapshot=true, cssSelectorsEnabled=true, databaseEnabled=false, handlesAlerts=true, browserConnectionEnabled=false, nativeEvents=true, webStorageEnabled=true, applicationCacheEnabled=false, takesScreenshot=true}]">
      <![CDATA[org.openqa.selenium.WebDriverException: unknown error: Element is not clickable at point (1075, 22). Other element would receive the click: <li class="flash-notice expiredCourses">...</li>
  (Session info: chrome=37.0.2062.124)
  (Driver info: chromedriver=2.8.241075,platform=Windows NT 6.3 x86_64) (WARNING: The server did not provide any stacktrace information)
Command duration or timeout: 103 milliseconds
Build info: version: '2.39.0', revision: '14fa800511cc5d66d426e08b0b2ab926c7ed7398', time: '2013-12-16 13:18:38'
System info: host: 'BRICAWL-9JDVVY1', ip: '192.168.1.17', os.name: 'Windows 8', os.arch: 'amd64', os.version: '6.2', java.version: '1.7.0_51'
Session ID: e5c40243448e873ec68718e5614d59fb
Driver info: org.openqa.selenium.chrome.ChromeDriver
Capabilities [{platform=WIN8, acceptSslCerts=true, javascriptEnabled=true, browserName=chrome, chrome={userDataDir=C:\Users\ubasaja\AppData\Local\Temp\scoped_dir6840_8755}, rotatable=false, locationContextEnabled=true, version=37.0.2062.124, takesHeapSnapshot=true, cssSelectorsEnabled=true, databaseEnabled=false, handlesAlerts=true, browserConnectionEnabled=false, nativeEvents=true, webStorageEnabled=true, applicationCacheEnabled=false, takesScreenshot=true}]
	at org.openqa.selenium.remote.ErrorHandler.createThrowable(ErrorHandler.java:193)
	at org.openqa.selenium.remote.ErrorHandler.throwIfResponseFailed(ErrorHandler.java:145)
	at org.openqa.selenium.remote.RemoteWebDriver.execute(RemoteWebDriver.java:554)
	at org.openqa.selenium.remote.RemoteWebElement.execute(RemoteWebElement.java:268)
	at org.openqa.selenium.remote.RemoteWebElement.click(RemoteWebElement.java:79)
	at com.pearson.piltg.ngmelII.util.UtilityCommon.clickAndWait(UtilityCommon.java:431)
	at com.pearson.piltg.ngmelII.common.Common.logoutFromTheApplication(Common.java:199)
	at com.pearson.piltg.ngmelII.RegressionNMELIII.Miscellaneous.userLanguage_Breadcrum_FooterBarVerification(Miscellaneous.java:48)
	at org.apache.maven.surefire.testng.TestNGExecutor.run(TestNGExecutor.java:74)
	at org.apache.maven.surefire.testng.TestNGXmlTestSuite.execute(TestNGXmlTestSuite.java:92)
	at org.apache.maven.surefire.Surefire.run(Surefire.java:180)
	at org.apache.maven.surefire.booter.SurefireBooter.runSuitesInProcess(SurefireBooter.java:350)
	at org.apache.maven.surefire.booter.SurefireBooter.main(SurefireBooter.java:1021)
... Removed 27 stack frames]]>
    </failure>
  </testcase>
  <testcase name="removeStudents" time="34.321" classname="com.pearson.piltg.ngmelII.RegressionNMELIII.RemoveStudent">
    <failure type="org.openqa.selenium.WebDriverException" message="unknown error: Element is not clickable at point (1075, 22). Other element would receive the click: &lt;li class=&quot;flash-notice expiredCourses&quot;&gt;...&lt;/li&gt;
  (Session info: chrome=37.0.2062.124)
  (Driver info: chromedriver=2.8.241075,platform=Windows NT 6.3 x86_64) (WARNING: The server did not provide any stacktrace information)
Command duration or timeout: 56 milliseconds
Build info: version: &apos;2.39.0&apos;, revision: &apos;14fa800511cc5d66d426e08b0b2ab926c7ed7398&apos;, time: &apos;2013-12-16 13:18:38&apos;
System info: host: &apos;BRICAWL-9JDVVY1&apos;, ip: &apos;192.168.1.17&apos;, os.name: &apos;Windows 8&apos;, os.arch: &apos;amd64&apos;, os.version: &apos;6.2&apos;, java.version: &apos;1.7.0_51&apos;
Session ID: d74cd46e14ac1fd630a4ef389d79fa94
Driver info: org.openqa.selenium.chrome.ChromeDriver
Capabilities [{platform=WIN8, acceptSslCerts=true, javascriptEnabled=true, browserName=chrome, chrome={userDataDir=C:\Users\ubasaja\AppData\Local\Temp\scoped_dir176_15311}, rotatable=false, locationContextEnabled=true, version=37.0.2062.124, takesHeapSnapshot=true, cssSelectorsEnabled=true, databaseEnabled=false, handlesAlerts=true, browserConnectionEnabled=false, nativeEvents=true, webStorageEnabled=true, applicationCacheEnabled=false, takesScreenshot=true}]">
      <![CDATA[org.openqa.selenium.WebDriverException: unknown error: Element is not clickable at point (1075, 22). Other element would receive the click: <li class="flash-notice expiredCourses">...</li>
  (Session info: chrome=37.0.2062.124)
  (Driver info: chromedriver=2.8.241075,platform=Windows NT 6.3 x86_64) (WARNING: The server did not provide any stacktrace information)
Command duration or timeout: 56 milliseconds
Build info: version: '2.39.0', revision: '14fa800511cc5d66d426e08b0b2ab926c7ed7398', time: '2013-12-16 13:18:38'
System info: host: 'BRICAWL-9JDVVY1', ip: '192.168.1.17', os.name: 'Windows 8', os.arch: 'amd64', os.version: '6.2', java.version: '1.7.0_51'
Session ID: d74cd46e14ac1fd630a4ef389d79fa94
Driver info: org.openqa.selenium.chrome.ChromeDriver
Capabilities [{platform=WIN8, acceptSslCerts=true, javascriptEnabled=true, browserName=chrome, chrome={userDataDir=C:\Users\ubasaja\AppData\Local\Temp\scoped_dir176_15311}, rotatable=false, locationContextEnabled=true, version=37.0.2062.124, takesHeapSnapshot=true, cssSelectorsEnabled=true, databaseEnabled=false, handlesAlerts=true, browserConnectionEnabled=false, nativeEvents=true, webStorageEnabled=true, applicationCacheEnabled=false, takesScreenshot=true}]
	at org.openqa.selenium.remote.ErrorHandler.createThrowable(ErrorHandler.java:193)
	at org.openqa.selenium.remote.ErrorHandler.throwIfResponseFailed(ErrorHandler.java:145)
	at org.openqa.selenium.remote.RemoteWebDriver.execute(RemoteWebDriver.java:554)
	at org.openqa.selenium.remote.RemoteWebElement.execute(RemoteWebElement.java:268)
	at org.openqa.selenium.remote.RemoteWebElement.click(RemoteWebElement.java:79)
	at com.pearson.piltg.ngmelII.util.UtilityCommon.clickAndWait(UtilityCommon.java:431)
	at com.pearson.piltg.ngmelII.common.Common.logoutFromTheApplication(Common.java:199)
	at com.pearson.piltg.ngmelII.RegressionNMELIII.RemoveStudent.removeStudents(RemoveStudent.java:162)
	at org.apache.maven.surefire.testng.TestNGExecutor.run(TestNGExecutor.java:74)
	at org.apache.maven.surefire.testng.TestNGXmlTestSuite.execute(TestNGXmlTestSuite.java:92)
	at org.apache.maven.surefire.Surefire.run(Surefire.java:180)
	at org.apache.maven.surefire.booter.SurefireBooter.runSuitesInProcess(SurefireBooter.java:350)
	at org.apache.maven.surefire.booter.SurefireBooter.main(SurefireBooter.java:1021)
... Removed 27 stack frames]]>
    </failure>
  </testcase>
</testsuite>
