<html>
<head>
<title>TestNG:  Regression Tests 6</title>
<link href="../testng.css" rel="stylesheet" type="text/css" />
<link href="../my-testng.css" rel="stylesheet" type="text/css" />

<style type="text/css">
.log { display: none;} 
.stack-trace { display: none;} 
</style>
<script type="text/javascript">
<!--
function flip(e) {
  current = e.style.display;
  if (current == 'block') {
    e.style.display = 'none';
    return 0;
  }
  else {
    e.style.display = 'block';
    return 1;
  }
}

function toggleBox(szDivId, elem, msg1, msg2)
{
  var res = -1;  if (document.getElementById) {
    res = flip(document.getElementById(szDivId));
  }
  else if (document.all) {
    // this is the way old msie versions work
    res = flip(document.all[szDivId]);
  }
  if(elem) {
    if(res == 0) elem.innerHTML = msg1; else elem.innerHTML = msg2;
  }

}

function toggleAllBoxes() {
  if (document.getElementsByTagName) {
    d = document.getElementsByTagName('div');
    for (i = 0; i < d.length; i++) {
      if (d[i].className == 'log') {
        flip(d[i]);
      }
    }
  }
}

// -->
</script>

</head>
<body>
<h2 align='center'>Regression Tests 6</h2><table border='1' align="center">
<tr>
<td>Tests passed/Failed/Skipped:</td><td>5/3/0</td>
</tr><tr>
<td>Started on:</td><td>Wed Oct 08 14:49:52 PDT 2014</td>
</tr>
<tr><td>Total time:</td><td>1626 seconds (1626582 ms)</td>
</tr><tr>
<td>Included groups:</td><td></td>
</tr><tr>
<td>Excluded groups:</td><td></td>
</tr>
</table><p/>
<small><i>(Hover the method name to see the test class name)</i></small><p/>
<table width='100%' border='1' class='invocation-failed'>
<tr><td colspan='3' align='center'><b>FAILED TESTS</b></td></tr>
<tr><td><b>Test method</b></td>
<td width="10%"><b>Time (seconds)</b></td>
<td width="30%"><b>Exception</b></td>
</tr>
<tr>
<td title='com.pearson.piltg.ngmelII.RegressionNMELIII.GradeBook_Teacher.gradebook()'>gradebook<br/><b>NEWNGMEL-131_4</b></td>
<td>122</td>
<td><div><pre>org.openqa.selenium.TimeoutException: Timed out after 120 seconds waiting for presence of element located by: By.id: username
Build info: version: '2.39.0', revision: '14fa800511cc5d66d426e08b0b2ab926c7ed7398', time: '2013-12-16 13:18:38'
System info: host: 'BRICAWL-9JDVVY1', ip: '192.168.1.109', os.name: 'Windows 8', os.arch: 'amd64', os.version: '6.2', java.version: '1.7.0_51'
Driver info: driver.version: unknown
	at org.openqa.selenium.support.ui.FluentWait.timeoutException(FluentWait.java:259)
	at org.openqa.selenium.support.ui.FluentWait.until(FluentWait.java:228)
	at com.pearson.piltg.ngmelII.util.UtilityCommon.waitForElementPresent(UtilityCommon.java:193)
	at com.pearson.piltg.ngmelII.common.Common.loginToPlatform(Common.java:74)
	at com.pearson.piltg.ngmelII.RegressionNMELIII.GradeBook_Teacher.gradebook(GradeBook_Teacher.java:264)
	at org.apache.maven.surefire.testng.TestNGExecutor.run(TestNGExecutor.java:74)
	at org.apache.maven.surefire.testng.TestNGXmlTestSuite.execute(TestNGXmlTestSuite.java:92)
	at org.apache.maven.surefire.Surefire.run(Surefire.java:180)
	at org.apache.maven.surefire.booter.SurefireBooter.runSuitesInProcess(SurefireBooter.java:350)
	at org.apache.maven.surefire.booter.SurefireBooter.main(SurefireBooter.java:1021)
Caused by: org.openqa.selenium.NoSuchElementException: no such element
  (Session info: chrome=37.0.2062.124)
  (Driver info: chromedriver=2.8.241075,platform=Windows NT 6.3 x86_64) (WARNING: The server did not provide any stacktrace information)
Command duration or timeout: 7 milliseconds
For documentation on this error, please visit: http://seleniumhq.org/exceptions/no_such_element.html
Build info: version: '2.39.0', revision: '14fa800511cc5d66d426e08b0b2ab926c7ed7398', time: '2013-12-16 13:18:38'
System info: host: 'BRICAWL-9JDVVY1', ip: '192.168.1.109', os.name: 'Windows 8', os.arch: 'amd64', os.version: '6.2', java.version: '1.7.0_51'
Session ID: 4c5cd1e8416c5f7cc3954cbaad6a1a37
Driver info: org.openqa.selenium.chrome.ChromeDriver
Capabilities [{platform=WIN8, acceptSslCerts=true, javascriptEnabled=true, browserName=chrome, chrome={userDataDir=C:\Users\ubasaja\AppData\Local\Temp\scoped_dir7984_17937}, rotatable=false, locationContextEnabled=true, version=37.0.2062.124, takesHeapSnapshot=true, cssSelectorsEnabled=true, databaseEnabled=false, handlesAlerts=true, browserConnectionEnabled=false, nativeEvents=true, webStorageEnabled=true, applicationCacheEnabled=false, takesScreenshot=true}]
	at org.openqa.selenium.remote.ErrorHandler.createThrowable(ErrorHandler.java:193)
	at org.openqa.selenium.remote.ErrorHandler.throwIfResponseFailed(ErrorHandler.java:145)
	at org.openqa.selenium.remote.RemoteWebDriver.execute(RemoteWebDriver.java:554)
	at org.openqa.selenium.remote.RemoteWebDriver.findElement(RemoteWebDriver.java:307)
	at org.openqa.selenium.remote.RemoteWebDriver.findElementById(RemoteWebDriver.java:348)
	at org.openqa.selenium.By$ById.findElement(By.java:220)
	at org.openqa.selenium.remote.RemoteWebDriver.findElement(RemoteWebDriver.java:299)
	at org.openqa.selenium.support.ui.ExpectedConditions.findElement(ExpectedConditions.java:730)
	at org.openqa.selenium.support.ui.ExpectedConditions.access$000(ExpectedConditions.java:39)
	at org.openqa.selenium.support.ui.ExpectedConditions$3.apply(ExpectedConditions.java:106)
	at org.openqa.selenium.support.ui.ExpectedConditions$3.apply(ExpectedConditions.java:103)
	at org.openqa.selenium.support.ui.FluentWait.until(FluentWait.java:208)
	... 32 more
... Removed 27 stack frames</pre></div><a href='#' onClick='toggleBox("stack-trace460398384", this, "Click to show all stack frames", "Click to hide stack frames")'>Click to show all stack frames</a>
<div class='stack-trace' id='stack-trace460398384'><pre>org.openqa.selenium.TimeoutException: Timed out after 120 seconds waiting for presence of element located by: By.id: username
Build info: version: '2.39.0', revision: '14fa800511cc5d66d426e08b0b2ab926c7ed7398', time: '2013-12-16 13:18:38'
System info: host: 'BRICAWL-9JDVVY1', ip: '192.168.1.109', os.name: 'Windows 8', os.arch: 'amd64', os.version: '6.2', java.version: '1.7.0_51'
Driver info: driver.version: unknown
	at org.openqa.selenium.support.ui.FluentWait.timeoutException(FluentWait.java:259)
	at org.openqa.selenium.support.ui.FluentWait.until(FluentWait.java:228)
	at com.pearson.piltg.ngmelII.util.UtilityCommon.waitForElementPresent(UtilityCommon.java:193)
	at com.pearson.piltg.ngmelII.common.Common.loginToPlatform(Common.java:74)
	at com.pearson.piltg.ngmelII.RegressionNMELIII.GradeBook_Teacher.gradebook(GradeBook_Teacher.java:264)
	at sun.reflect.NativeMethodAccessorImpl.invoke0(Native Method)
	at sun.reflect.NativeMethodAccessorImpl.invoke(NativeMethodAccessorImpl.java:57)
	at sun.reflect.DelegatingMethodAccessorImpl.invoke(DelegatingMethodAccessorImpl.java:43)
	at java.lang.reflect.Method.invoke(Method.java:606)
	at org.testng.internal.MethodHelper.invokeMethod(MethodHelper.java:580)
	at org.testng.internal.Invoker.invokeMethod(Invoker.java:478)
	at org.testng.internal.Invoker.invokeTestMethod(Invoker.java:607)
	at org.testng.internal.Invoker.invokeTestMethods(Invoker.java:874)
	at org.testng.internal.TestMethodWorker.invokeTestMethods(TestMethodWorker.java:125)
	at org.testng.internal.TestMethodWorker.run(TestMethodWorker.java:109)
	at org.testng.TestRunner.runWorkers(TestRunner.java:689)
	at org.testng.TestRunner.privateRun(TestRunner.java:566)
	at org.testng.TestRunner.run(TestRunner.java:466)
	at org.testng.SuiteRunner.runTest(SuiteRunner.java:301)
	at org.testng.SuiteRunner.runSequentially(SuiteRunner.java:296)
	at org.testng.SuiteRunner.privateRun(SuiteRunner.java:276)
	at org.testng.SuiteRunner.run(SuiteRunner.java:191)
	at org.testng.TestNG.createAndRunSuiteRunners(TestNG.java:808)
	at org.testng.TestNG.runSuitesLocally(TestNG.java:776)
	at org.testng.TestNG.run(TestNG.java:701)
	at org.apache.maven.surefire.testng.TestNGExecutor.run(TestNGExecutor.java:74)
	at org.apache.maven.surefire.testng.TestNGXmlTestSuite.execute(TestNGXmlTestSuite.java:92)
	at org.apache.maven.surefire.Surefire.run(Surefire.java:180)
	at sun.reflect.NativeMethodAccessorImpl.invoke0(Native Method)
	at sun.reflect.NativeMethodAccessorImpl.invoke(NativeMethodAccessorImpl.java:57)
	at sun.reflect.DelegatingMethodAccessorImpl.invoke(DelegatingMethodAccessorImpl.java:43)
	at java.lang.reflect.Method.invoke(Method.java:606)
	at org.apache.maven.surefire.booter.SurefireBooter.runSuitesInProcess(SurefireBooter.java:350)
	at org.apache.maven.surefire.booter.SurefireBooter.main(SurefireBooter.java:1021)
Caused by: org.openqa.selenium.NoSuchElementException: no such element
  (Session info: chrome=37.0.2062.124)
  (Driver info: chromedriver=2.8.241075,platform=Windows NT 6.3 x86_64) (WARNING: The server did not provide any stacktrace information)
Command duration or timeout: 7 milliseconds
For documentation on this error, please visit: http://seleniumhq.org/exceptions/no_such_element.html
Build info: version: '2.39.0', revision: '14fa800511cc5d66d426e08b0b2ab926c7ed7398', time: '2013-12-16 13:18:38'
System info: host: 'BRICAWL-9JDVVY1', ip: '192.168.1.109', os.name: 'Windows 8', os.arch: 'amd64', os.version: '6.2', java.version: '1.7.0_51'
Session ID: 4c5cd1e8416c5f7cc3954cbaad6a1a37
Driver info: org.openqa.selenium.chrome.ChromeDriver
Capabilities [{platform=WIN8, acceptSslCerts=true, javascriptEnabled=true, browserName=chrome, chrome={userDataDir=C:\Users\ubasaja\AppData\Local\Temp\scoped_dir7984_17937}, rotatable=false, locationContextEnabled=true, version=37.0.2062.124, takesHeapSnapshot=true, cssSelectorsEnabled=true, databaseEnabled=false, handlesAlerts=true, browserConnectionEnabled=false, nativeEvents=true, webStorageEnabled=true, applicationCacheEnabled=false, takesScreenshot=true}]
	at sun.reflect.GeneratedConstructorAccessor14.newInstance(Unknown Source)
	at sun.reflect.DelegatingConstructorAccessorImpl.newInstance(DelegatingConstructorAccessorImpl.java:45)
	at java.lang.reflect.Constructor.newInstance(Constructor.java:526)
	at org.openqa.selenium.remote.ErrorHandler.createThrowable(ErrorHandler.java:193)
	at org.openqa.selenium.remote.ErrorHandler.throwIfResponseFailed(ErrorHandler.java:145)
	at org.openqa.selenium.remote.RemoteWebDriver.execute(RemoteWebDriver.java:554)
	at org.openqa.selenium.remote.RemoteWebDriver.findElement(RemoteWebDriver.java:307)
	at org.openqa.selenium.remote.RemoteWebDriver.findElementById(RemoteWebDriver.java:348)
	at org.openqa.selenium.By$ById.findElement(By.java:220)
	at org.openqa.selenium.remote.RemoteWebDriver.findElement(RemoteWebDriver.java:299)
	at org.openqa.selenium.support.ui.ExpectedConditions.findElement(ExpectedConditions.java:730)
	at org.openqa.selenium.support.ui.ExpectedConditions.access$000(ExpectedConditions.java:39)
	at org.openqa.selenium.support.ui.ExpectedConditions$3.apply(ExpectedConditions.java:106)
	at org.openqa.selenium.support.ui.ExpectedConditions$3.apply(ExpectedConditions.java:103)
	at org.openqa.selenium.support.ui.FluentWait.until(FluentWait.java:208)
	... 32 more
</pre></div></td>
</tr>
<tr>
<td title='com.pearson.piltg.ngmelII.RegressionNMELIII.GradeBook_Teacher.gradebookAutoGradedPracticeStudentLogin()'>gradebookAutoGradedPracticeStudentLogin<br/><b>NEWNGMEL-139_3, NEWNGMEL_187_6, NEWNGMEL_187_7</b><br/>
<a href="#Output-2061609665" onClick='toggleBox("Output-2061609665", this, "Show output", "Hide output");'>Show output</a>

<a href="#Output-2061609665" onClick="toggleAllBoxes();">Show all outputs</a>
<div class='log' id="Output-2061609665">
Current Tab selected isGradebook<br/>
</div>
</td>
<td>161</td>
<td><div><pre>org.openqa.selenium.TimeoutException: Timed out after 120 seconds waiting for presence of element located by: By.xpath: //div[contains(@class,'tree student')]//ul/li/div/span[contains(text(), 'UNIT 2')]/parent::div/a
Build info: version: '2.39.0', revision: '14fa800511cc5d66d426e08b0b2ab926c7ed7398', time: '2013-12-16 13:18:38'
System info: host: 'BRICAWL-9JDVVY1', ip: '192.168.1.109', os.name: 'Windows 8', os.arch: 'amd64', os.version: '6.2', java.version: '1.7.0_51'
Driver info: driver.version: unknown
	at org.openqa.selenium.support.ui.FluentWait.timeoutException(FluentWait.java:259)
	at org.openqa.selenium.support.ui.FluentWait.until(FluentWait.java:228)
	at com.pearson.piltg.ngmelII.util.UtilityCommon.waitForElementPresent(UtilityCommon.java:193)
	at com.pearson.piltg.ngmelII.util.UtilityCommon.clickAndWait(UtilityCommon.java:430)
	at com.pearson.piltg.ngmelII.gradebook.page.GradeBookCommon.selectActivityStudent(GradeBookCommon.java:345)
	at com.pearson.piltg.ngmelII.RegressionNMELIII.GradeBook_Teacher.gradebookAutoGradedPracticeStudentLogin(GradeBook_Teacher.java:481)
	at org.apache.maven.surefire.testng.TestNGExecutor.run(TestNGExecutor.java:74)
	at org.apache.maven.surefire.testng.TestNGXmlTestSuite.execute(TestNGXmlTestSuite.java:92)
	at org.apache.maven.surefire.Surefire.run(Surefire.java:180)
	at org.apache.maven.surefire.booter.SurefireBooter.runSuitesInProcess(SurefireBooter.java:350)
	at org.apache.maven.surefire.booter.SurefireBooter.main(SurefireBooter.java:1021)
Caused by: org.openqa.selenium.NoSuchElementException: no such element
  (Session info: chrome=37.0.2062.124)
  (Driver info: chromedriver=2.8.241075,platform=Windows NT 6.3 x86_64) (WARNING: The server did not provide any stacktrace information)
Command duration or timeout: 10 milliseconds
For documentation on this error, please visit: http://seleniumhq.org/exceptions/no_such_element.html
Build info: version: '2.39.0', revision: '14fa800511cc5d66d426e08b0b2ab926c7ed7398', time: '2013-12-16 13:18:38'
System info: host: 'BRICAWL-9JDVVY1', ip: '192.168.1.109', os.name: 'Windows 8', os.arch: 'amd64', os.version: '6.2', java.version: '1.7.0_51'
Session ID: 4c5cd1e8416c5f7cc3954cbaad6a1a37
Driver info: org.openqa.selenium.chrome.ChromeDriver
Capabilities [{platform=WIN8, acceptSslCerts=true, javascriptEnabled=true, browserName=chrome, chrome={userDataDir=C:\Users\ubasaja\AppData\Local\Temp\scoped_dir7984_17937}, rotatable=false, locationContextEnabled=true, version=37.0.2062.124, takesHeapSnapshot=true, cssSelectorsEnabled=true, databaseEnabled=false, handlesAlerts=true, browserConnectionEnabled=false, nativeEvents=true, webStorageEnabled=true, applicationCacheEnabled=false, takesScreenshot=true}]
	at org.openqa.selenium.remote.ErrorHandler.createThrowable(ErrorHandler.java:193)
	at org.openqa.selenium.remote.ErrorHandler.throwIfResponseFailed(ErrorHandler.java:145)
	at org.openqa.selenium.remote.RemoteWebDriver.execute(RemoteWebDriver.java:554)
	at org.openqa.selenium.remote.RemoteWebDriver.findElement(RemoteWebDriver.java:307)
	at org.openqa.selenium.remote.RemoteWebDriver.findElementByXPath(RemoteWebDriver.java:404)
	at org.openqa.selenium.By$ByXPath.findElement(By.java:363)
	at org.openqa.selenium.remote.RemoteWebDriver.findElement(RemoteWebDriver.java:299)
	at org.openqa.selenium.support.ui.ExpectedConditions.findElement(ExpectedConditions.java:730)
	at org.openqa.selenium.support.ui.ExpectedConditions.access$000(ExpectedConditions.java:39)
	at org.openqa.selenium.support.ui.ExpectedConditions$3.apply(ExpectedConditions.java:106)
	at org.openqa.selenium.support.ui.ExpectedConditions$3.apply(ExpectedConditions.java:103)
	at org.openqa.selenium.support.ui.FluentWait.until(FluentWait.java:208)
	... 33 more
... Removed 27 stack frames</pre></div><a href='#' onClick='toggleBox("stack-trace2061609665", this, "Click to show all stack frames", "Click to hide stack frames")'>Click to show all stack frames</a>
<div class='stack-trace' id='stack-trace2061609665'><pre>org.openqa.selenium.TimeoutException: Timed out after 120 seconds waiting for presence of element located by: By.xpath: //div[contains(@class,'tree student')]//ul/li/div/span[contains(text(), 'UNIT 2')]/parent::div/a
Build info: version: '2.39.0', revision: '14fa800511cc5d66d426e08b0b2ab926c7ed7398', time: '2013-12-16 13:18:38'
System info: host: 'BRICAWL-9JDVVY1', ip: '192.168.1.109', os.name: 'Windows 8', os.arch: 'amd64', os.version: '6.2', java.version: '1.7.0_51'
Driver info: driver.version: unknown
	at org.openqa.selenium.support.ui.FluentWait.timeoutException(FluentWait.java:259)
	at org.openqa.selenium.support.ui.FluentWait.until(FluentWait.java:228)
	at com.pearson.piltg.ngmelII.util.UtilityCommon.waitForElementPresent(UtilityCommon.java:193)
	at com.pearson.piltg.ngmelII.util.UtilityCommon.clickAndWait(UtilityCommon.java:430)
	at com.pearson.piltg.ngmelII.gradebook.page.GradeBookCommon.selectActivityStudent(GradeBookCommon.java:345)
	at com.pearson.piltg.ngmelII.RegressionNMELIII.GradeBook_Teacher.gradebookAutoGradedPracticeStudentLogin(GradeBook_Teacher.java:481)
	at sun.reflect.NativeMethodAccessorImpl.invoke0(Native Method)
	at sun.reflect.NativeMethodAccessorImpl.invoke(NativeMethodAccessorImpl.java:57)
	at sun.reflect.DelegatingMethodAccessorImpl.invoke(DelegatingMethodAccessorImpl.java:43)
	at java.lang.reflect.Method.invoke(Method.java:606)
	at org.testng.internal.MethodHelper.invokeMethod(MethodHelper.java:580)
	at org.testng.internal.Invoker.invokeMethod(Invoker.java:478)
	at org.testng.internal.Invoker.invokeTestMethod(Invoker.java:607)
	at org.testng.internal.Invoker.invokeTestMethods(Invoker.java:874)
	at org.testng.internal.TestMethodWorker.invokeTestMethods(TestMethodWorker.java:125)
	at org.testng.internal.TestMethodWorker.run(TestMethodWorker.java:109)
	at org.testng.TestRunner.runWorkers(TestRunner.java:689)
	at org.testng.TestRunner.privateRun(TestRunner.java:566)
	at org.testng.TestRunner.run(TestRunner.java:466)
	at org.testng.SuiteRunner.runTest(SuiteRunner.java:301)
	at org.testng.SuiteRunner.runSequentially(SuiteRunner.java:296)
	at org.testng.SuiteRunner.privateRun(SuiteRunner.java:276)
	at org.testng.SuiteRunner.run(SuiteRunner.java:191)
	at org.testng.TestNG.createAndRunSuiteRunners(TestNG.java:808)
	at org.testng.TestNG.runSuitesLocally(TestNG.java:776)
	at org.testng.TestNG.run(TestNG.java:701)
	at org.apache.maven.surefire.testng.TestNGExecutor.run(TestNGExecutor.java:74)
	at org.apache.maven.surefire.testng.TestNGXmlTestSuite.execute(TestNGXmlTestSuite.java:92)
	at org.apache.maven.surefire.Surefire.run(Surefire.java:180)
	at sun.reflect.NativeMethodAccessorImpl.invoke0(Native Method)
	at sun.reflect.NativeMethodAccessorImpl.invoke(NativeMethodAccessorImpl.java:57)
	at sun.reflect.DelegatingMethodAccessorImpl.invoke(DelegatingMethodAccessorImpl.java:43)
	at java.lang.reflect.Method.invoke(Method.java:606)
	at org.apache.maven.surefire.booter.SurefireBooter.runSuitesInProcess(SurefireBooter.java:350)
	at org.apache.maven.surefire.booter.SurefireBooter.main(SurefireBooter.java:1021)
Caused by: org.openqa.selenium.NoSuchElementException: no such element
  (Session info: chrome=37.0.2062.124)
  (Driver info: chromedriver=2.8.241075,platform=Windows NT 6.3 x86_64) (WARNING: The server did not provide any stacktrace information)
Command duration or timeout: 10 milliseconds
For documentation on this error, please visit: http://seleniumhq.org/exceptions/no_such_element.html
Build info: version: '2.39.0', revision: '14fa800511cc5d66d426e08b0b2ab926c7ed7398', time: '2013-12-16 13:18:38'
System info: host: 'BRICAWL-9JDVVY1', ip: '192.168.1.109', os.name: 'Windows 8', os.arch: 'amd64', os.version: '6.2', java.version: '1.7.0_51'
Session ID: 4c5cd1e8416c5f7cc3954cbaad6a1a37
Driver info: org.openqa.selenium.chrome.ChromeDriver
Capabilities [{platform=WIN8, acceptSslCerts=true, javascriptEnabled=true, browserName=chrome, chrome={userDataDir=C:\Users\ubasaja\AppData\Local\Temp\scoped_dir7984_17937}, rotatable=false, locationContextEnabled=true, version=37.0.2062.124, takesHeapSnapshot=true, cssSelectorsEnabled=true, databaseEnabled=false, handlesAlerts=true, browserConnectionEnabled=false, nativeEvents=true, webStorageEnabled=true, applicationCacheEnabled=false, takesScreenshot=true}]
	at sun.reflect.GeneratedConstructorAccessor14.newInstance(Unknown Source)
	at sun.reflect.DelegatingConstructorAccessorImpl.newInstance(DelegatingConstructorAccessorImpl.java:45)
	at java.lang.reflect.Constructor.newInstance(Constructor.java:526)
	at org.openqa.selenium.remote.ErrorHandler.createThrowable(ErrorHandler.java:193)
	at org.openqa.selenium.remote.ErrorHandler.throwIfResponseFailed(ErrorHandler.java:145)
	at org.openqa.selenium.remote.RemoteWebDriver.execute(RemoteWebDriver.java:554)
	at org.openqa.selenium.remote.RemoteWebDriver.findElement(RemoteWebDriver.java:307)
	at org.openqa.selenium.remote.RemoteWebDriver.findElementByXPath(RemoteWebDriver.java:404)
	at org.openqa.selenium.By$ByXPath.findElement(By.java:363)
	at org.openqa.selenium.remote.RemoteWebDriver.findElement(RemoteWebDriver.java:299)
	at org.openqa.selenium.support.ui.ExpectedConditions.findElement(ExpectedConditions.java:730)
	at org.openqa.selenium.support.ui.ExpectedConditions.access$000(ExpectedConditions.java:39)
	at org.openqa.selenium.support.ui.ExpectedConditions$3.apply(ExpectedConditions.java:106)
	at org.openqa.selenium.support.ui.ExpectedConditions$3.apply(ExpectedConditions.java:103)
	at org.openqa.selenium.support.ui.FluentWait.until(FluentWait.java:208)
	... 33 more
</pre></div></td>
</tr>
<tr>
<td title='com.pearson.piltg.ngmelII.RegressionNMELIII.GradeBook_Teacher.gradebookFunctions()'>gradebookFunctions<br/><b>NEWNGMEL-1369_5,NEWNGMEL-2029_2</b></td>
<td>121</td>
<td><div><pre>org.openqa.selenium.TimeoutException: Timed out after 120 seconds waiting for presence of element located by: By.id: username
Build info: version: '2.39.0', revision: '14fa800511cc5d66d426e08b0b2ab926c7ed7398', time: '2013-12-16 13:18:38'
System info: host: 'BRICAWL-9JDVVY1', ip: '192.168.1.109', os.name: 'Windows 8', os.arch: 'amd64', os.version: '6.2', java.version: '1.7.0_51'
Driver info: driver.version: unknown
	at org.openqa.selenium.support.ui.FluentWait.timeoutException(FluentWait.java:259)
	at org.openqa.selenium.support.ui.FluentWait.until(FluentWait.java:228)
	at com.pearson.piltg.ngmelII.util.UtilityCommon.waitForElementPresent(UtilityCommon.java:193)
	at com.pearson.piltg.ngmelII.common.Common.loginToPlatform(Common.java:74)
	at com.pearson.piltg.ngmelII.RegressionNMELIII.GradeBook_Teacher.gradebookFunctions(GradeBook_Teacher.java:324)
	at org.apache.maven.surefire.testng.TestNGExecutor.run(TestNGExecutor.java:74)
	at org.apache.maven.surefire.testng.TestNGXmlTestSuite.execute(TestNGXmlTestSuite.java:92)
	at org.apache.maven.surefire.Surefire.run(Surefire.java:180)
	at org.apache.maven.surefire.booter.SurefireBooter.runSuitesInProcess(SurefireBooter.java:350)
	at org.apache.maven.surefire.booter.SurefireBooter.main(SurefireBooter.java:1021)
Caused by: org.openqa.selenium.NoSuchElementException: no such element
  (Session info: chrome=37.0.2062.124)
  (Driver info: chromedriver=2.8.241075,platform=Windows NT 6.3 x86_64) (WARNING: The server did not provide any stacktrace information)
Command duration or timeout: 7 milliseconds
For documentation on this error, please visit: http://seleniumhq.org/exceptions/no_such_element.html
Build info: version: '2.39.0', revision: '14fa800511cc5d66d426e08b0b2ab926c7ed7398', time: '2013-12-16 13:18:38'
System info: host: 'BRICAWL-9JDVVY1', ip: '192.168.1.109', os.name: 'Windows 8', os.arch: 'amd64', os.version: '6.2', java.version: '1.7.0_51'
Session ID: 4c5cd1e8416c5f7cc3954cbaad6a1a37
Driver info: org.openqa.selenium.chrome.ChromeDriver
Capabilities [{platform=WIN8, acceptSslCerts=true, javascriptEnabled=true, browserName=chrome, chrome={userDataDir=C:\Users\ubasaja\AppData\Local\Temp\scoped_dir7984_17937}, rotatable=false, locationContextEnabled=true, version=37.0.2062.124, takesHeapSnapshot=true, cssSelectorsEnabled=true, databaseEnabled=false, handlesAlerts=true, browserConnectionEnabled=false, nativeEvents=true, webStorageEnabled=true, applicationCacheEnabled=false, takesScreenshot=true}]
	at org.openqa.selenium.remote.ErrorHandler.createThrowable(ErrorHandler.java:193)
	at org.openqa.selenium.remote.ErrorHandler.throwIfResponseFailed(ErrorHandler.java:145)
	at org.openqa.selenium.remote.RemoteWebDriver.execute(RemoteWebDriver.java:554)
	at org.openqa.selenium.remote.RemoteWebDriver.findElement(RemoteWebDriver.java:307)
	at org.openqa.selenium.remote.RemoteWebDriver.findElementById(RemoteWebDriver.java:348)
	at org.openqa.selenium.By$ById.findElement(By.java:220)
	at org.openqa.selenium.remote.RemoteWebDriver.findElement(RemoteWebDriver.java:299)
	at org.openqa.selenium.support.ui.ExpectedConditions.findElement(ExpectedConditions.java:730)
	at org.openqa.selenium.support.ui.ExpectedConditions.access$000(ExpectedConditions.java:39)
	at org.openqa.selenium.support.ui.ExpectedConditions$3.apply(ExpectedConditions.java:106)
	at org.openqa.selenium.support.ui.ExpectedConditions$3.apply(ExpectedConditions.java:103)
	at org.openqa.selenium.support.ui.FluentWait.until(FluentWait.java:208)
	... 32 more
... Removed 27 stack frames</pre></div><a href='#' onClick='toggleBox("stack-trace705236334", this, "Click to show all stack frames", "Click to hide stack frames")'>Click to show all stack frames</a>
<div class='stack-trace' id='stack-trace705236334'><pre>org.openqa.selenium.TimeoutException: Timed out after 120 seconds waiting for presence of element located by: By.id: username
Build info: version: '2.39.0', revision: '14fa800511cc5d66d426e08b0b2ab926c7ed7398', time: '2013-12-16 13:18:38'
System info: host: 'BRICAWL-9JDVVY1', ip: '192.168.1.109', os.name: 'Windows 8', os.arch: 'amd64', os.version: '6.2', java.version: '1.7.0_51'
Driver info: driver.version: unknown
	at org.openqa.selenium.support.ui.FluentWait.timeoutException(FluentWait.java:259)
	at org.openqa.selenium.support.ui.FluentWait.until(FluentWait.java:228)
	at com.pearson.piltg.ngmelII.util.UtilityCommon.waitForElementPresent(UtilityCommon.java:193)
	at com.pearson.piltg.ngmelII.common.Common.loginToPlatform(Common.java:74)
	at com.pearson.piltg.ngmelII.RegressionNMELIII.GradeBook_Teacher.gradebookFunctions(GradeBook_Teacher.java:324)
	at sun.reflect.NativeMethodAccessorImpl.invoke0(Native Method)
	at sun.reflect.NativeMethodAccessorImpl.invoke(NativeMethodAccessorImpl.java:57)
	at sun.reflect.DelegatingMethodAccessorImpl.invoke(DelegatingMethodAccessorImpl.java:43)
	at java.lang.reflect.Method.invoke(Method.java:606)
	at org.testng.internal.MethodHelper.invokeMethod(MethodHelper.java:580)
	at org.testng.internal.Invoker.invokeMethod(Invoker.java:478)
	at org.testng.internal.Invoker.invokeTestMethod(Invoker.java:607)
	at org.testng.internal.Invoker.invokeTestMethods(Invoker.java:874)
	at org.testng.internal.TestMethodWorker.invokeTestMethods(TestMethodWorker.java:125)
	at org.testng.internal.TestMethodWorker.run(TestMethodWorker.java:109)
	at org.testng.TestRunner.runWorkers(TestRunner.java:689)
	at org.testng.TestRunner.privateRun(TestRunner.java:566)
	at org.testng.TestRunner.run(TestRunner.java:466)
	at org.testng.SuiteRunner.runTest(SuiteRunner.java:301)
	at org.testng.SuiteRunner.runSequentially(SuiteRunner.java:296)
	at org.testng.SuiteRunner.privateRun(SuiteRunner.java:276)
	at org.testng.SuiteRunner.run(SuiteRunner.java:191)
	at org.testng.TestNG.createAndRunSuiteRunners(TestNG.java:808)
	at org.testng.TestNG.runSuitesLocally(TestNG.java:776)
	at org.testng.TestNG.run(TestNG.java:701)
	at org.apache.maven.surefire.testng.TestNGExecutor.run(TestNGExecutor.java:74)
	at org.apache.maven.surefire.testng.TestNGXmlTestSuite.execute(TestNGXmlTestSuite.java:92)
	at org.apache.maven.surefire.Surefire.run(Surefire.java:180)
	at sun.reflect.NativeMethodAccessorImpl.invoke0(Native Method)
	at sun.reflect.NativeMethodAccessorImpl.invoke(NativeMethodAccessorImpl.java:57)
	at sun.reflect.DelegatingMethodAccessorImpl.invoke(DelegatingMethodAccessorImpl.java:43)
	at java.lang.reflect.Method.invoke(Method.java:606)
	at org.apache.maven.surefire.booter.SurefireBooter.runSuitesInProcess(SurefireBooter.java:350)
	at org.apache.maven.surefire.booter.SurefireBooter.main(SurefireBooter.java:1021)
Caused by: org.openqa.selenium.NoSuchElementException: no such element
  (Session info: chrome=37.0.2062.124)
  (Driver info: chromedriver=2.8.241075,platform=Windows NT 6.3 x86_64) (WARNING: The server did not provide any stacktrace information)
Command duration or timeout: 7 milliseconds
For documentation on this error, please visit: http://seleniumhq.org/exceptions/no_such_element.html
Build info: version: '2.39.0', revision: '14fa800511cc5d66d426e08b0b2ab926c7ed7398', time: '2013-12-16 13:18:38'
System info: host: 'BRICAWL-9JDVVY1', ip: '192.168.1.109', os.name: 'Windows 8', os.arch: 'amd64', os.version: '6.2', java.version: '1.7.0_51'
Session ID: 4c5cd1e8416c5f7cc3954cbaad6a1a37
Driver info: org.openqa.selenium.chrome.ChromeDriver
Capabilities [{platform=WIN8, acceptSslCerts=true, javascriptEnabled=true, browserName=chrome, chrome={userDataDir=C:\Users\ubasaja\AppData\Local\Temp\scoped_dir7984_17937}, rotatable=false, locationContextEnabled=true, version=37.0.2062.124, takesHeapSnapshot=true, cssSelectorsEnabled=true, databaseEnabled=false, handlesAlerts=true, browserConnectionEnabled=false, nativeEvents=true, webStorageEnabled=true, applicationCacheEnabled=false, takesScreenshot=true}]
	at sun.reflect.GeneratedConstructorAccessor14.newInstance(Unknown Source)
	at sun.reflect.DelegatingConstructorAccessorImpl.newInstance(DelegatingConstructorAccessorImpl.java:45)
	at java.lang.reflect.Constructor.newInstance(Constructor.java:526)
	at org.openqa.selenium.remote.ErrorHandler.createThrowable(ErrorHandler.java:193)
	at org.openqa.selenium.remote.ErrorHandler.throwIfResponseFailed(ErrorHandler.java:145)
	at org.openqa.selenium.remote.RemoteWebDriver.execute(RemoteWebDriver.java:554)
	at org.openqa.selenium.remote.RemoteWebDriver.findElement(RemoteWebDriver.java:307)
	at org.openqa.selenium.remote.RemoteWebDriver.findElementById(RemoteWebDriver.java:348)
	at org.openqa.selenium.By$ById.findElement(By.java:220)
	at org.openqa.selenium.remote.RemoteWebDriver.findElement(RemoteWebDriver.java:299)
	at org.openqa.selenium.support.ui.ExpectedConditions.findElement(ExpectedConditions.java:730)
	at org.openqa.selenium.support.ui.ExpectedConditions.access$000(ExpectedConditions.java:39)
	at org.openqa.selenium.support.ui.ExpectedConditions$3.apply(ExpectedConditions.java:106)
	at org.openqa.selenium.support.ui.ExpectedConditions$3.apply(ExpectedConditions.java:103)
	at org.openqa.selenium.support.ui.FluentWait.until(FluentWait.java:208)
	... 32 more
</pre></div></td>
</tr>
</table><p>
<table width='100%' border='1' class='invocation-passed'>
<tr><td colspan='3' align='center'><b>PASSED TESTS</b></td></tr>
<tr><td><b>Test method</b></td>
<td width="10%"><b>Time (seconds)</b></td>
<td width="30%"><b>Exception</b></td>
</tr>
<tr>
<td title='com.pearson.piltg.ngmelII.RegressionNMELIII.GradeBook_Teacher.assignmentAverage()'>assignmentAverage<br/><b>NEWNGMEL-131_13</b><br/>
<a href="#Output-1359115940" onClick='toggleBox("Output-1359115940", this, "Show output", "Hide output");'>Show output</a>

<a href="#Output-1359115940" onClick="toggleAllBoxes();">Show all outputs</a>
<div class='log' id="Output-1359115940">
Current Tab selected isCourse<br/>
Tree Structure till unitThe Big Picture<br/>
Toc Tree structure at sub-unitVocabulary - Types of films<br/>
Exercise 2**is tried again<br/>
Current Tab selected isGradebook<br/>
Tree Structure till unitThe Big Picture<br/>
Toc Tree structure at sub-unitThe Big Picture<br/>
<br><b><font color='red'>Exception Occured.</b><br><br/>
</div>
</td>
<td>257</td>
<td></td>
</tr>
<tr>
<td title='com.pearson.piltg.ngmelII.RegressionNMELIII.GradeBook_Teacher.gradebookAutoGradedPractice()'>gradebookAutoGradedPractice<br/><b>NEWNGMEL-131_1, NEWNGMEL_961_10,NEWNGMEL-131_11, NEWNGMEL-131_12, NEWNGMEL-1369_6, NEWNGMEL-1369_7.</b><br/>
<a href="#Output-383846060" onClick='toggleBox("Output-383846060", this, "Show output", "Hide output");'>Show output</a>

<a href="#Output-383846060" onClick="toggleAllBoxes();">Show all outputs</a>
<div class='log' id="Output-383846060">
Current Tab selected isGradebook<br/>
Tree Structure till unitThe Big Picture<br/>
Toc Tree structure at sub-unitThe Big Picture<br/>
Current Tab selected isCourse<br/>
</div>
</td>
<td>297</td>
<td></td>
</tr>
<tr>
<td title='com.pearson.piltg.ngmelII.RegressionNMELIII.GradeBook_Teacher.gradebookTeacherGradedAssignment()'>gradebookTeacherGradedAssignment<br/><b>NEWNGMEL-131_2</b><br/>
<a href="#Output-173375048" onClick='toggleBox("Output-173375048", this, "Show output", "Hide output");'>Show output</a>

<a href="#Output-173375048" onClick="toggleAllBoxes();">Show all outputs</a>
<div class='log' id="Output-173375048">
Current Tab selected isGradebook<br/>
Tree Structure till unitPronunciation practice<br/>
Toc Tree structure at sub-unitPronunciation practice<br/>
</div>
</td>
<td>125</td>
<td></td>
</tr>
<tr>
<td title='com.pearson.piltg.ngmelII.RegressionNMELIII.GradeBook_Teacher.preConditionTeacherGradedAssignAndAttempt()'>preConditionTeacherGradedAssignAndAttempt<br/>
<a href="#Output-1659063113" onClick='toggleBox("Output-1659063113", this, "Show output", "Hide output");'>Show output</a>

<a href="#Output-1659063113" onClick="toggleAllBoxes();">Show all outputs</a>
<div class='log' id="Output-1659063113">
Current Tab selected isCOURSE<br/>
Selected a Course Options<br/>
Tree Structure till unitPronunciation practice<br/>
Toc Tree structure at sub-unitWord stress in adjectives<br/>
Exercise 1is Assign again<br/>
Selected All Students<br/>
Selected a Date<br/>
Clicked Assign button<br/>
X
The assignment has been successfully allocated to your student.<br/>
Teacher_1 logged out<br/>
<br><b><font color='red'>Exception Occured.</b><br><br/>
</div>
</td>
<td>359</td>
<td></td>
</tr>
<tr>
<td title='com.pearson.piltg.ngmelII.RegressionNMELIII.GradeBook_Teacher.viewScoresAtLevelPracticeActivity()'>viewScoresAtLevelPracticeActivity<br/><b>NEWNGMEL-1369_13, NEWNGMEL-1369_14, NEWNGMEL-1369_15</b><br/>
<a href="#Output-475408735" onClick='toggleBox("Output-475408735", this, "Show output", "Hide output");'>Show output</a>

<a href="#Output-475408735" onClick="toggleAllBoxes();">Show all outputs</a>
<div class='log' id="Output-475408735">
Current Tab selected isGradebook<br/>
Teacher is able to view the students scores at course level under gradebook.<br/>
<br><b><font color='green'>Test Case NEWNGMEL-1369_13 Pass</b><br><br/>
</div>
</td>
<td>169</td>
<td></td>
</tr>
</table><p>
</body>
</html>