<html>
<head>
<title>TestNG:  Regression Tests 3</title>
<link href="../testng.css" rel="stylesheet" type="text/css" />
<link href="../my-testng.css" rel="stylesheet" type="text/css" />

<style type="text/css">
.log { display: none;} 
.stack-trace { display: none;} 
</style>
<script type="text/javascript">
<!--
function flip(e) {
  current = e.style.display;
  if (current == 'block') {
    e.style.display = 'none';
    return 0;
  }
  else {
    e.style.display = 'block';
    return 1;
  }
}

function toggleBox(szDivId, elem, msg1, msg2)
{
  var res = -1;  if (document.getElementById) {
    res = flip(document.getElementById(szDivId));
  }
  else if (document.all) {
    // this is the way old msie versions work
    res = flip(document.all[szDivId]);
  }
  if(elem) {
    if(res == 0) elem.innerHTML = msg1; else elem.innerHTML = msg2;
  }

}

function toggleAllBoxes() {
  if (document.getElementsByTagName) {
    d = document.getElementsByTagName('div');
    for (i = 0; i < d.length; i++) {
      if (d[i].className == 'log') {
        flip(d[i]);
      }
    }
  }
}

// -->
</script>

</head>
<body>
<h2 align='center'>Regression Tests 3</h2><table border='1' align="center">
<tr>
<td>Tests passed/Failed/Skipped:</td><td>11/2/0</td>
</tr><tr>
<td>Started on:</td><td>Sat Oct 04 12:29:38 PDT 2014</td>
</tr>
<tr><td>Total time:</td><td>2202 seconds (2202810 ms)</td>
</tr><tr>
<td>Included groups:</td><td></td>
</tr><tr>
<td>Excluded groups:</td><td></td>
</tr>
</table><p/>
<small><i>(Hover the method name to see the test class name)</i></small><p/>
<table width='100%' border='1' class='invocation-failed'>
<tr><td colspan='3' align='center'><b>FAILED TESTS</b></td></tr>
<tr><td><b>Test method</b></td>
<td width="10%"><b>Time (seconds)</b></td>
<td width="30%"><b>Exception</b></td>
</tr>
<tr>
<td title='com.pearson.piltg.ngmelII.RegressionNMELIII.DeleteMessage.studentDelete()'>studentDelete<br/><b>NEWNGMEL-1683_3, NEWNGMEL-1683_4</b><br/>
<a href="#Output-1055709771" onClick='toggleBox("Output-1055709771", this, "Show output", "Hide output");'>Show output</a>

<a href="#Output-1055709771" onClick="toggleAllBoxes();">Show all outputs</a>
<div class='log' id="Output-1055709771">
<br><b>Test method: NEWNGMEL-1683_3, NEWNGMEL-1683_4.</b></br><br/>
</div>
</td>
<td>138</td>
<td><div><pre>org.openqa.selenium.TimeoutException: Timed out after 120 seconds waiting for presence of element located by: By.id: menuFourth
Build info: version: '2.39.0', revision: '14fa800511cc5d66d426e08b0b2ab926c7ed7398', time: '2013-12-16 13:18:38'
System info: host: 'BRICAWL-9JDVVY1', ip: '192.168.1.109', os.name: 'Windows 8', os.arch: 'amd64', os.version: '6.2', java.version: '1.7.0_51'
Driver info: driver.version: unknown
	at org.openqa.selenium.support.ui.FluentWait.timeoutException(FluentWait.java:259)
	at org.openqa.selenium.support.ui.FluentWait.until(FluentWait.java:228)
	at com.pearson.piltg.ngmelII.util.UtilityCommon.waitForElementPresent(UtilityCommon.java:193)
	at com.pearson.piltg.ngmelII.home.page.HomePageCommon.selectTab(HomePageCommon.java:84)
	at com.pearson.piltg.ngmelII.message.page.MessageCommon.createMessage(MessageCommon.java:111)
	at com.pearson.piltg.ngmelII.RegressionNMELIII.DeleteMessage.studentDelete(DeleteMessage.java:125)
	at org.apache.maven.surefire.testng.TestNGExecutor.run(TestNGExecutor.java:74)
	at org.apache.maven.surefire.testng.TestNGXmlTestSuite.execute(TestNGXmlTestSuite.java:92)
	at org.apache.maven.surefire.Surefire.run(Surefire.java:180)
	at org.apache.maven.surefire.booter.SurefireBooter.runSuitesInProcess(SurefireBooter.java:350)
	at org.apache.maven.surefire.booter.SurefireBooter.main(SurefireBooter.java:1021)
Caused by: org.openqa.selenium.NoSuchElementException: no such element
  (Session info: chrome=37.0.2062.124)
  (Driver info: chromedriver=2.8.241075,platform=Windows NT 6.3 x86_64) (WARNING: The server did not provide any stacktrace information)
Command duration or timeout: 20 milliseconds
For documentation on this error, please visit: http://seleniumhq.org/exceptions/no_such_element.html
Build info: version: '2.39.0', revision: '14fa800511cc5d66d426e08b0b2ab926c7ed7398', time: '2013-12-16 13:18:38'
System info: host: 'BRICAWL-9JDVVY1', ip: '192.168.1.109', os.name: 'Windows 8', os.arch: 'amd64', os.version: '6.2', java.version: '1.7.0_51'
Session ID: 772ded219f5b55b2c57e19ac47f81415
Driver info: org.openqa.selenium.chrome.ChromeDriver
Capabilities [{platform=WIN8, acceptSslCerts=true, javascriptEnabled=true, browserName=chrome, chrome={userDataDir=C:\Users\ubasaja\AppData\Local\Temp\scoped_dir11580_12000}, rotatable=false, locationContextEnabled=true, version=37.0.2062.124, takesHeapSnapshot=true, cssSelectorsEnabled=true, databaseEnabled=false, handlesAlerts=true, browserConnectionEnabled=false, nativeEvents=true, webStorageEnabled=true, applicationCacheEnabled=false, takesScreenshot=true}]
	at org.openqa.selenium.remote.ErrorHandler.createThrowable(ErrorHandler.java:193)
	at org.openqa.selenium.remote.ErrorHandler.throwIfResponseFailed(ErrorHandler.java:145)
	at org.openqa.selenium.remote.RemoteWebDriver.execute(RemoteWebDriver.java:554)
	at org.openqa.selenium.remote.RemoteWebDriver.findElement(RemoteWebDriver.java:307)
	at org.openqa.selenium.remote.RemoteWebDriver.findElementById(RemoteWebDriver.java:348)
	at org.openqa.selenium.By$ById.findElement(By.java:220)
	at org.openqa.selenium.remote.RemoteWebDriver.findElement(RemoteWebDriver.java:299)
	at org.openqa.selenium.support.ui.ExpectedConditions.findElement(ExpectedConditions.java:730)
	at org.openqa.selenium.support.ui.ExpectedConditions.access$000(ExpectedConditions.java:39)
	at org.openqa.selenium.support.ui.ExpectedConditions$3.apply(ExpectedConditions.java:106)
	at org.openqa.selenium.support.ui.ExpectedConditions$3.apply(ExpectedConditions.java:103)
	at org.openqa.selenium.support.ui.FluentWait.until(FluentWait.java:208)
	... 33 more
... Removed 27 stack frames</pre></div><a href='#' onClick='toggleBox("stack-trace1055709771", this, "Click to show all stack frames", "Click to hide stack frames")'>Click to show all stack frames</a>
<div class='stack-trace' id='stack-trace1055709771'><pre>org.openqa.selenium.TimeoutException: Timed out after 120 seconds waiting for presence of element located by: By.id: menuFourth
Build info: version: '2.39.0', revision: '14fa800511cc5d66d426e08b0b2ab926c7ed7398', time: '2013-12-16 13:18:38'
System info: host: 'BRICAWL-9JDVVY1', ip: '192.168.1.109', os.name: 'Windows 8', os.arch: 'amd64', os.version: '6.2', java.version: '1.7.0_51'
Driver info: driver.version: unknown
	at org.openqa.selenium.support.ui.FluentWait.timeoutException(FluentWait.java:259)
	at org.openqa.selenium.support.ui.FluentWait.until(FluentWait.java:228)
	at com.pearson.piltg.ngmelII.util.UtilityCommon.waitForElementPresent(UtilityCommon.java:193)
	at com.pearson.piltg.ngmelII.home.page.HomePageCommon.selectTab(HomePageCommon.java:84)
	at com.pearson.piltg.ngmelII.message.page.MessageCommon.createMessage(MessageCommon.java:111)
	at com.pearson.piltg.ngmelII.RegressionNMELIII.DeleteMessage.studentDelete(DeleteMessage.java:125)
	at sun.reflect.NativeMethodAccessorImpl.invoke0(Native Method)
	at sun.reflect.NativeMethodAccessorImpl.invoke(NativeMethodAccessorImpl.java:57)
	at sun.reflect.DelegatingMethodAccessorImpl.invoke(DelegatingMethodAccessorImpl.java:43)
	at java.lang.reflect.Method.invoke(Method.java:606)
	at org.testng.internal.MethodHelper.invokeMethod(MethodHelper.java:580)
	at org.testng.internal.Invoker.invokeMethod(Invoker.java:478)
	at org.testng.internal.Invoker.invokeTestMethod(Invoker.java:607)
	at org.testng.internal.Invoker.invokeTestMethods(Invoker.java:874)
	at org.testng.internal.TestMethodWorker.invokeTestMethods(TestMethodWorker.java:125)
	at org.testng.internal.TestMethodWorker.run(TestMethodWorker.java:109)
	at org.testng.TestRunner.runWorkers(TestRunner.java:689)
	at org.testng.TestRunner.privateRun(TestRunner.java:566)
	at org.testng.TestRunner.run(TestRunner.java:466)
	at org.testng.SuiteRunner.runTest(SuiteRunner.java:301)
	at org.testng.SuiteRunner.runSequentially(SuiteRunner.java:296)
	at org.testng.SuiteRunner.privateRun(SuiteRunner.java:276)
	at org.testng.SuiteRunner.run(SuiteRunner.java:191)
	at org.testng.TestNG.createAndRunSuiteRunners(TestNG.java:808)
	at org.testng.TestNG.runSuitesLocally(TestNG.java:776)
	at org.testng.TestNG.run(TestNG.java:701)
	at org.apache.maven.surefire.testng.TestNGExecutor.run(TestNGExecutor.java:74)
	at org.apache.maven.surefire.testng.TestNGXmlTestSuite.execute(TestNGXmlTestSuite.java:92)
	at org.apache.maven.surefire.Surefire.run(Surefire.java:180)
	at sun.reflect.NativeMethodAccessorImpl.invoke0(Native Method)
	at sun.reflect.NativeMethodAccessorImpl.invoke(NativeMethodAccessorImpl.java:57)
	at sun.reflect.DelegatingMethodAccessorImpl.invoke(DelegatingMethodAccessorImpl.java:43)
	at java.lang.reflect.Method.invoke(Method.java:606)
	at org.apache.maven.surefire.booter.SurefireBooter.runSuitesInProcess(SurefireBooter.java:350)
	at org.apache.maven.surefire.booter.SurefireBooter.main(SurefireBooter.java:1021)
Caused by: org.openqa.selenium.NoSuchElementException: no such element
  (Session info: chrome=37.0.2062.124)
  (Driver info: chromedriver=2.8.241075,platform=Windows NT 6.3 x86_64) (WARNING: The server did not provide any stacktrace information)
Command duration or timeout: 20 milliseconds
For documentation on this error, please visit: http://seleniumhq.org/exceptions/no_such_element.html
Build info: version: '2.39.0', revision: '14fa800511cc5d66d426e08b0b2ab926c7ed7398', time: '2013-12-16 13:18:38'
System info: host: 'BRICAWL-9JDVVY1', ip: '192.168.1.109', os.name: 'Windows 8', os.arch: 'amd64', os.version: '6.2', java.version: '1.7.0_51'
Session ID: 772ded219f5b55b2c57e19ac47f81415
Driver info: org.openqa.selenium.chrome.ChromeDriver
Capabilities [{platform=WIN8, acceptSslCerts=true, javascriptEnabled=true, browserName=chrome, chrome={userDataDir=C:\Users\ubasaja\AppData\Local\Temp\scoped_dir11580_12000}, rotatable=false, locationContextEnabled=true, version=37.0.2062.124, takesHeapSnapshot=true, cssSelectorsEnabled=true, databaseEnabled=false, handlesAlerts=true, browserConnectionEnabled=false, nativeEvents=true, webStorageEnabled=true, applicationCacheEnabled=false, takesScreenshot=true}]
	at sun.reflect.GeneratedConstructorAccessor16.newInstance(Unknown Source)
	at sun.reflect.DelegatingConstructorAccessorImpl.newInstance(DelegatingConstructorAccessorImpl.java:45)
	at java.lang.reflect.Constructor.newInstance(Constructor.java:526)
	at org.openqa.selenium.remote.ErrorHandler.createThrowable(ErrorHandler.java:193)
	at org.openqa.selenium.remote.ErrorHandler.throwIfResponseFailed(ErrorHandler.java:145)
	at org.openqa.selenium.remote.RemoteWebDriver.execute(RemoteWebDriver.java:554)
	at org.openqa.selenium.remote.RemoteWebDriver.findElement(RemoteWebDriver.java:307)
	at org.openqa.selenium.remote.RemoteWebDriver.findElementById(RemoteWebDriver.java:348)
	at org.openqa.selenium.By$ById.findElement(By.java:220)
	at org.openqa.selenium.remote.RemoteWebDriver.findElement(RemoteWebDriver.java:299)
	at org.openqa.selenium.support.ui.ExpectedConditions.findElement(ExpectedConditions.java:730)
	at org.openqa.selenium.support.ui.ExpectedConditions.access$000(ExpectedConditions.java:39)
	at org.openqa.selenium.support.ui.ExpectedConditions$3.apply(ExpectedConditions.java:106)
	at org.openqa.selenium.support.ui.ExpectedConditions$3.apply(ExpectedConditions.java:103)
	at org.openqa.selenium.support.ui.FluentWait.until(FluentWait.java:208)
	... 33 more
</pre></div></td>
</tr>
<tr>
<td title='com.pearson.piltg.ngmelII.RegressionNMELIII.DeleteMessage.teacherDelete()'>teacherDelete<br/><b>NEWNGMEL-1683_1, NEWNGMEL-1683_2</b><br/>
<a href="#Output-1010482380" onClick='toggleBox("Output-1010482380", this, "Show output", "Hide output");'>Show output</a>

<a href="#Output-1010482380" onClick="toggleAllBoxes();">Show all outputs</a>
<div class='log' id="Output-1010482380">
<br><b>Test method: NEWNGMEL-1683_1, NEWNGMEL-1683_2.</b></br><br/>
</div>
</td>
<td>120</td>
<td><div><pre>org.openqa.selenium.TimeoutException: Timed out after 120 seconds waiting for presence of element located by: By.id: username
Build info: version: '2.39.0', revision: '14fa800511cc5d66d426e08b0b2ab926c7ed7398', time: '2013-12-16 13:18:38'
System info: host: 'BRICAWL-9JDVVY1', ip: '192.168.1.109', os.name: 'Windows 8', os.arch: 'amd64', os.version: '6.2', java.version: '1.7.0_51'
Driver info: driver.version: unknown
	at org.openqa.selenium.support.ui.FluentWait.timeoutException(FluentWait.java:259)
	at org.openqa.selenium.support.ui.FluentWait.until(FluentWait.java:228)
	at com.pearson.piltg.ngmelII.util.UtilityCommon.waitForElementPresent(UtilityCommon.java:193)
	at com.pearson.piltg.ngmelII.message.page.MessageCommon.createMessage(MessageCommon.java:108)
	at com.pearson.piltg.ngmelII.RegressionNMELIII.DeleteMessage.teacherDelete(DeleteMessage.java:34)
	at org.apache.maven.surefire.testng.TestNGExecutor.run(TestNGExecutor.java:74)
	at org.apache.maven.surefire.testng.TestNGXmlTestSuite.execute(TestNGXmlTestSuite.java:92)
	at org.apache.maven.surefire.Surefire.run(Surefire.java:180)
	at org.apache.maven.surefire.booter.SurefireBooter.runSuitesInProcess(SurefireBooter.java:350)
	at org.apache.maven.surefire.booter.SurefireBooter.main(SurefireBooter.java:1021)
Caused by: org.openqa.selenium.NoSuchElementException: no such element
  (Session info: chrome=37.0.2062.124)
  (Driver info: chromedriver=2.8.241075,platform=Windows NT 6.3 x86_64) (WARNING: The server did not provide any stacktrace information)
Command duration or timeout: 21 milliseconds
For documentation on this error, please visit: http://seleniumhq.org/exceptions/no_such_element.html
Build info: version: '2.39.0', revision: '14fa800511cc5d66d426e08b0b2ab926c7ed7398', time: '2013-12-16 13:18:38'
System info: host: 'BRICAWL-9JDVVY1', ip: '192.168.1.109', os.name: 'Windows 8', os.arch: 'amd64', os.version: '6.2', java.version: '1.7.0_51'
Session ID: 772ded219f5b55b2c57e19ac47f81415
Driver info: org.openqa.selenium.chrome.ChromeDriver
Capabilities [{platform=WIN8, acceptSslCerts=true, javascriptEnabled=true, browserName=chrome, chrome={userDataDir=C:\Users\ubasaja\AppData\Local\Temp\scoped_dir11580_12000}, rotatable=false, locationContextEnabled=true, version=37.0.2062.124, takesHeapSnapshot=true, cssSelectorsEnabled=true, databaseEnabled=false, handlesAlerts=true, browserConnectionEnabled=false, nativeEvents=true, webStorageEnabled=true, applicationCacheEnabled=false, takesScreenshot=true}]
	at org.openqa.selenium.remote.ErrorHandler.createThrowable(ErrorHandler.java:193)
	at org.openqa.selenium.remote.ErrorHandler.throwIfResponseFailed(ErrorHandler.java:145)
	at org.openqa.selenium.remote.RemoteWebDriver.execute(RemoteWebDriver.java:554)
	at org.openqa.selenium.remote.RemoteWebDriver.findElement(RemoteWebDriver.java:307)
	at org.openqa.selenium.remote.RemoteWebDriver.findElementById(RemoteWebDriver.java:348)
	at org.openqa.selenium.By$ById.findElement(By.java:220)
	at org.openqa.selenium.remote.RemoteWebDriver.findElement(RemoteWebDriver.java:299)
	at org.openqa.selenium.support.ui.ExpectedConditions.findElement(ExpectedConditions.java:730)
	at org.openqa.selenium.support.ui.ExpectedConditions.access$000(ExpectedConditions.java:39)
	at org.openqa.selenium.support.ui.ExpectedConditions$3.apply(ExpectedConditions.java:106)
	at org.openqa.selenium.support.ui.ExpectedConditions$3.apply(ExpectedConditions.java:103)
	at org.openqa.selenium.support.ui.FluentWait.until(FluentWait.java:208)
	... 32 more
... Removed 27 stack frames</pre></div><a href='#' onClick='toggleBox("stack-trace1010482380", this, "Click to show all stack frames", "Click to hide stack frames")'>Click to show all stack frames</a>
<div class='stack-trace' id='stack-trace1010482380'><pre>org.openqa.selenium.TimeoutException: Timed out after 120 seconds waiting for presence of element located by: By.id: username
Build info: version: '2.39.0', revision: '14fa800511cc5d66d426e08b0b2ab926c7ed7398', time: '2013-12-16 13:18:38'
System info: host: 'BRICAWL-9JDVVY1', ip: '192.168.1.109', os.name: 'Windows 8', os.arch: 'amd64', os.version: '6.2', java.version: '1.7.0_51'
Driver info: driver.version: unknown
	at org.openqa.selenium.support.ui.FluentWait.timeoutException(FluentWait.java:259)
	at org.openqa.selenium.support.ui.FluentWait.until(FluentWait.java:228)
	at com.pearson.piltg.ngmelII.util.UtilityCommon.waitForElementPresent(UtilityCommon.java:193)
	at com.pearson.piltg.ngmelII.message.page.MessageCommon.createMessage(MessageCommon.java:108)
	at com.pearson.piltg.ngmelII.RegressionNMELIII.DeleteMessage.teacherDelete(DeleteMessage.java:34)
	at sun.reflect.NativeMethodAccessorImpl.invoke0(Native Method)
	at sun.reflect.NativeMethodAccessorImpl.invoke(NativeMethodAccessorImpl.java:57)
	at sun.reflect.DelegatingMethodAccessorImpl.invoke(DelegatingMethodAccessorImpl.java:43)
	at java.lang.reflect.Method.invoke(Method.java:606)
	at org.testng.internal.MethodHelper.invokeMethod(MethodHelper.java:580)
	at org.testng.internal.Invoker.invokeMethod(Invoker.java:478)
	at org.testng.internal.Invoker.invokeTestMethod(Invoker.java:607)
	at org.testng.internal.Invoker.invokeTestMethods(Invoker.java:874)
	at org.testng.internal.TestMethodWorker.invokeTestMethods(TestMethodWorker.java:125)
	at org.testng.internal.TestMethodWorker.run(TestMethodWorker.java:109)
	at org.testng.TestRunner.runWorkers(TestRunner.java:689)
	at org.testng.TestRunner.privateRun(TestRunner.java:566)
	at org.testng.TestRunner.run(TestRunner.java:466)
	at org.testng.SuiteRunner.runTest(SuiteRunner.java:301)
	at org.testng.SuiteRunner.runSequentially(SuiteRunner.java:296)
	at org.testng.SuiteRunner.privateRun(SuiteRunner.java:276)
	at org.testng.SuiteRunner.run(SuiteRunner.java:191)
	at org.testng.TestNG.createAndRunSuiteRunners(TestNG.java:808)
	at org.testng.TestNG.runSuitesLocally(TestNG.java:776)
	at org.testng.TestNG.run(TestNG.java:701)
	at org.apache.maven.surefire.testng.TestNGExecutor.run(TestNGExecutor.java:74)
	at org.apache.maven.surefire.testng.TestNGXmlTestSuite.execute(TestNGXmlTestSuite.java:92)
	at org.apache.maven.surefire.Surefire.run(Surefire.java:180)
	at sun.reflect.NativeMethodAccessorImpl.invoke0(Native Method)
	at sun.reflect.NativeMethodAccessorImpl.invoke(NativeMethodAccessorImpl.java:57)
	at sun.reflect.DelegatingMethodAccessorImpl.invoke(DelegatingMethodAccessorImpl.java:43)
	at java.lang.reflect.Method.invoke(Method.java:606)
	at org.apache.maven.surefire.booter.SurefireBooter.runSuitesInProcess(SurefireBooter.java:350)
	at org.apache.maven.surefire.booter.SurefireBooter.main(SurefireBooter.java:1021)
Caused by: org.openqa.selenium.NoSuchElementException: no such element
  (Session info: chrome=37.0.2062.124)
  (Driver info: chromedriver=2.8.241075,platform=Windows NT 6.3 x86_64) (WARNING: The server did not provide any stacktrace information)
Command duration or timeout: 21 milliseconds
For documentation on this error, please visit: http://seleniumhq.org/exceptions/no_such_element.html
Build info: version: '2.39.0', revision: '14fa800511cc5d66d426e08b0b2ab926c7ed7398', time: '2013-12-16 13:18:38'
System info: host: 'BRICAWL-9JDVVY1', ip: '192.168.1.109', os.name: 'Windows 8', os.arch: 'amd64', os.version: '6.2', java.version: '1.7.0_51'
Session ID: 772ded219f5b55b2c57e19ac47f81415
Driver info: org.openqa.selenium.chrome.ChromeDriver
Capabilities [{platform=WIN8, acceptSslCerts=true, javascriptEnabled=true, browserName=chrome, chrome={userDataDir=C:\Users\ubasaja\AppData\Local\Temp\scoped_dir11580_12000}, rotatable=false, locationContextEnabled=true, version=37.0.2062.124, takesHeapSnapshot=true, cssSelectorsEnabled=true, databaseEnabled=false, handlesAlerts=true, browserConnectionEnabled=false, nativeEvents=true, webStorageEnabled=true, applicationCacheEnabled=false, takesScreenshot=true}]
	at sun.reflect.GeneratedConstructorAccessor16.newInstance(Unknown Source)
	at sun.reflect.DelegatingConstructorAccessorImpl.newInstance(DelegatingConstructorAccessorImpl.java:45)
	at java.lang.reflect.Constructor.newInstance(Constructor.java:526)
	at org.openqa.selenium.remote.ErrorHandler.createThrowable(ErrorHandler.java:193)
	at org.openqa.selenium.remote.ErrorHandler.throwIfResponseFailed(ErrorHandler.java:145)
	at org.openqa.selenium.remote.RemoteWebDriver.execute(RemoteWebDriver.java:554)
	at org.openqa.selenium.remote.RemoteWebDriver.findElement(RemoteWebDriver.java:307)
	at org.openqa.selenium.remote.RemoteWebDriver.findElementById(RemoteWebDriver.java:348)
	at org.openqa.selenium.By$ById.findElement(By.java:220)
	at org.openqa.selenium.remote.RemoteWebDriver.findElement(RemoteWebDriver.java:299)
	at org.openqa.selenium.support.ui.ExpectedConditions.findElement(ExpectedConditions.java:730)
	at org.openqa.selenium.support.ui.ExpectedConditions.access$000(ExpectedConditions.java:39)
	at org.openqa.selenium.support.ui.ExpectedConditions$3.apply(ExpectedConditions.java:106)
	at org.openqa.selenium.support.ui.ExpectedConditions$3.apply(ExpectedConditions.java:103)
	at org.openqa.selenium.support.ui.FluentWait.until(FluentWait.java:208)
	... 32 more
</pre></div></td>
</tr>
</table><p>
<table width='100%' border='1' class='invocation-passed'>
<tr><td colspan='3' align='center'><b>PASSED TESTS</b></td></tr>
<tr><td><b>Test method</b></td>
<td width="10%"><b>Time (seconds)</b></td>
<td width="30%"><b>Exception</b></td>
</tr>
<tr>
<td title='com.pearson.piltg.ngmelII.RegressionNMELIII.AssignAndUpdate_ActivitiesCycle.assignActivityBasicMode()'>assignActivityBasicMode<br/>
<a href="#Output-1323640221" onClick='toggleBox("Output-1323640221", this, "Show output", "Hide output");'>Show output</a>

<a href="#Output-1323640221" onClick="toggleAllBoxes();">Show all outputs</a>
<div class='log' id="Output-1323640221">
Test method: NEWNGMEL_336_2,NEWNGMEL_336_3,NEWNGMEL_336_4,NEWNGMEL_336_5.<br/>
<br> <font color=red>Home tab is NOT loaded correctly; current tab is [Calendar]</font><br/>
The Home tab did not load appropriatly.<br/>
Current Tab selected isSETTINGS<br/>
<br> PERSONAL PROFILE tab is loaded correctly<br/>
Teacher is now in Basic mode<br/>
<br><b><font color='red'> Test Case NEWNGMEL_336_3 Fail</b><br><br/>
</div>
</td>
<td>55</td>
<td></td>
</tr>
<tr>
<td title='com.pearson.piltg.ngmelII.RegressionNMELIII.AssignAndUpdate_ActivitiesCycle.assignAssignmentDefaultSettingExpertMode()'>assignAssignmentDefaultSettingExpertMode<br/><b>NEWNGMEL_113_3</b><br/>
<a href="#Output-1789614724" onClick='toggleBox("Output-1789614724", this, "Show output", "Hide output");'>Show output</a>

<a href="#Output-1789614724" onClick="toggleAllBoxes();">Show all outputs</a>
<div class='log' id="Output-1789614724">
Test method: NEWNGMEL_113_3<br/>
<br> <font color=red>Home tab is NOT loaded correctly; current tab is [Calendar]</font><br/>
The Home tab did not load appropriatly.<br/>
Current Tab selected isSETTINGS<br/>
<br> PERSONAL PROFILE tab is loaded correctly<br/>
Teacher is in Expert mode<br/>
<br> Course Management tab is loaded correctly<br/>
<br> Course Management tab is loaded correctly<br/>
Loaded TabCOURSE SETTINGS<br/>
Default value for score to gradebookUnlimited<br/>
Default value for score to gradebookUnlimited<br/>
Default value for score to gradebook1<br/>
<br><b><font color='red'> Test Case NEWNGMEL_1873_1 Fail</b><br><br/>
Error In the Page<br/>
Student_20141003105526logged out<br/>
</div>
</td>
<td>107</td>
<td></td>
</tr>
<tr>
<td title='com.pearson.piltg.ngmelII.RegressionNMELIII.AssignAndUpdate_ActivitiesCycle.assignAssignmentExpertMode()'>assignAssignmentExpertMode<br/><b>NEWNGMEL_113_1,NEWNGMEL_113_2,NEWNGMEL_113_3,NEWNGMEL_113_5,NEWNGMEL_1873_1,NEWNGMEL-2037_11,NEWNGMEL-2037_12</b><br/>
<a href="#Output-1342382160" onClick='toggleBox("Output-1342382160", this, "Show output", "Hide output");'>Show output</a>

<a href="#Output-1342382160" onClick="toggleAllBoxes();">Show all outputs</a>
<div class='log' id="Output-1342382160">
Test method: NEWNGMEL_113_1,NEWNGMEL_113_2,NEWNGMEL_113_3,NEWNGMEL_113_5,NEWNGMEL_113_6,NEWNGMEL_1873_1,NEWNGMEL-2037_11,NEWNGMEL-2037_12<br/>
<br> <font color=red>Home tab is NOT loaded correctly; current tab is [Calendar]</font><br/>
The Home tab did not load appropriatly.<br/>
Current Tab selected isSETTINGS<br/>
<br> PERSONAL PROFILE tab is loaded correctly<br/>
Teacher is in Expert mode<br/>
<br> Course Management tab is loaded correctly<br/>
<br> Course Management tab is loaded correctly<br/>
Loaded TabCOURSE SETTINGS<br/>
 new vaule selected is4<br/>
 new vaule selected is4<br/>
X
The updated course settings have been saved<br/>
<br><b><font color='green'>Test Case NEWNGMEL_1873_1 Pass</b><br><br/>
Teacher_20141003104801 logged out<br/>
</div>
</td>
<td>114</td>
<td></td>
</tr>
<tr>
<td title='com.pearson.piltg.ngmelII.RegressionNMELIII.AssignAndUpdate_ActivitiesCycle.assignTestBasicModeDueDateTimer()'>assignTestBasicModeDueDateTimer<br/>
<a href="#Output-1136719061" onClick='toggleBox("Output-1136719061", this, "Show output", "Hide output");'>Show output</a>

<a href="#Output-1136719061" onClick="toggleAllBoxes();">Show all outputs</a>
<div class='log' id="Output-1136719061">
Test method: NEWNGMEL_336_7,NEWNGMEL_336_9,NEWNGMEL_336_10,NEWNGMEL_336_12,Toc-Student NEWNGMEL-2269_1<br/>
<br> <font color=red>Home tab is NOT loaded correctly; current tab is [Calendar]</font><br/>
The Home tab did not load appropriatly.<br/>
Current Tab selected isSETTINGS<br/>
<br> PERSONAL PROFILE tab is loaded correctly<br/>
Teacher is now in Basic mode<br/>
<br><b><font color='red'> Test Case NEWNGMEL_336_7 Fail</b><br><br/>
<br><b><font color='red'> Test Case NEWNGMEL_336_12 Fail</b><br><br/>
</div>
</td>
<td>54</td>
<td></td>
</tr>
<tr>
<td title='com.pearson.piltg.ngmelII.RegressionNMELIII.HomepageTabEnhancements.recentActivityEnhancementsStudent()'>recentActivityEnhancementsStudent<br/><b>NEWNGMEL-2475_17</b><br/>
<a href="#Output-649651303" onClick='toggleBox("Output-649651303", this, "Show output", "Hide output");'>Show output</a>

<a href="#Output-649651303" onClick="toggleAllBoxes();">Show all outputs</a>
<div class='log' id="Output-649651303">
<br><b>Test method: NEWNGMEL-2475_17</b></br><br/>
Current Tab selected isCOURSE<br/>
Selected a Course Options<br/>
Tree Structure till unitSpeaking and listening<br/>
Toc Tree structure at sub-unitSpeaking - Opinions<br/>
Exercise 1is Assigned/Open<br/>
Selected All Students<br/>
Selected a Date<br/>
Clicked Assign button<br/>
X
The assignment has been successfully allocated to your student.<br/>
Teacher_1 logged out<br/>
<br><b><font color='green'>Test Case NEWNGMEL-2475_17 Pass</b><br><br/>
</div>
</td>
<td>192</td>
<td></td>
</tr>
<tr>
<td title='com.pearson.piltg.ngmelII.RegressionNMELIII.ReplyMessage.replyMessage()'>replyMessage<br/><b>NEWNGMEL-1681_1,NEWNGMEL-1681_2.</b><br/>
<a href="#Output-840959472" onClick='toggleBox("Output-840959472", this, "Show output", "Hide output");'>Show output</a>

<a href="#Output-840959472" onClick="toggleAllBoxes();">Show all outputs</a>
<div class='log' id="Output-840959472">
<br>Test method: NEWNGMEL-1681_1,NEWNGMEL-1681_2.</br><br/>
Current Tab selected isMessage<br/>
Current Tab selected isMessage<br/>
Recipients are added from contact list<br/>
Recipients are displayed in Recipients field.<br/>
Current Tab selected isMessage<br/>
Current Tab selected isMessage<br/>
<br>Teacher reply messageRe: Subject Test.168is displayed in student inbox.</br><br/>
<br><b><font color='green'>Test Case NEWNGMEL-1681_1 Pass</b><br><br/>
Current Tab selected isMessage<br/>
<br>Student reply messageRe: Subject Test.168is displayed in teacher inbox.</br><br/>
<br><b><font color='green'>Test Case NEWNGMEL-1681_2 Pass</b><br><br/>
</div>
</td>
<td>248</td>
<td></td>
</tr>
<tr>
<td title='com.pearson.piltg.ngmelII.RegressionNMELIII.AssignAndUpdate_ActivitiesCycle.sendAssignmentPageVerificationForCourseEndDateGreaterExpertMode()'>sendAssignmentPageVerificationForCourseEndDateGreaterExpertMode<br/><b>NEWNGMEL-2037_10</b><br/>
<a href="#Output-1161539849" onClick='toggleBox("Output-1161539849", this, "Show output", "Hide output");'>Show output</a>

<a href="#Output-1161539849" onClick="toggleAllBoxes();">Show all outputs</a>
<div class='log' id="Output-1161539849">
Test method: NEWNGMEL-2037_10.<br/>
<br> <font color=red>Home tab is NOT loaded correctly; current tab is [Calendar]</font><br/>
The Home tab did not load appropriately.<br/>
Current Tab selected isSETTINGS<br/>
<br> PERSONAL PROFILE tab is loaded correctly<br/>
Teacher is now in Expert mode<br/>
</div>
</td>
<td>52</td>
<td></td>
</tr>
<tr>
<td title='com.pearson.piltg.ngmelII.RegressionNMELIII.AssignAndUpdate_ActivitiesCycle.studentAttemptAssignAssignmentExpertMode()'>studentAttemptAssignAssignmentExpertMode<br/><b>NEWNGMEL_113_6</b><br/>
<a href="#Output-1842161187" onClick='toggleBox("Output-1842161187", this, "Show output", "Hide output");'>Show output</a>

<a href="#Output-1842161187" onClick="toggleAllBoxes();">Show all outputs</a>
<div class='log' id="Output-1842161187">
Test method: NEWNGMEL_113_6<br/>
<br> <font color=red>Home tab is NOT loaded correctly; current tab is [Calendar]</font><br/>
The Home tab did not load appropriately.<br/>
View more button is disable<br/>
</div>
</td>
<td>276</td>
<td></td>
</tr>
<tr>
<td title='com.pearson.piltg.ngmelII.RegressionNMELIII.AssignAndUpdate_ActivitiesCycle.studentsAttemptsPractiseActivity()'>studentsAttemptsPractiseActivity<br/><b>NEWNGMEL_1873_2,NEWNGMEL_1873_3</b><br/>
<a href="#Output-184223197" onClick='toggleBox("Output-184223197", this, "Show output", "Hide output");'>Show output</a>

<a href="#Output-184223197" onClick="toggleAllBoxes();">Show all outputs</a>
<div class='log' id="Output-184223197">
Test method: NEWNGMEL_1873_2,NEWNGMEL_1873_3<br/>
Current Tab selected isSETTINGS<br/>
<br> PERSONAL PROFILE tab is loaded correctly<br/>
Teacher is now in Expert mode<br/>
</div>
</td>
<td>50</td>
<td></td>
</tr>
<tr>
<td title='com.pearson.piltg.ngmelII.RegressionNMELIII.HomepageTabEnhancements.toDoAssignmentDisappearStudent()'>toDoAssignmentDisappearStudent<br/><b>NEWNGMEL-2475_21</b><br/>
<a href="#Output-1476930673" onClick='toggleBox("Output-1476930673", this, "Show output", "Hide output");'>Show output</a>

<a href="#Output-1476930673" onClick="toggleAllBoxes();">Show all outputs</a>
<div class='log' id="Output-1476930673">
<br><b>Test method: NEWNGMEL-2475_21</b></br><br/>
Current Tab selected isCOURSE<br/>
Selected a Course Options<br/>
Tree Structure till unitPronunciation practice<br/>
Toc Tree structure at sub-unitSchwa /?/<br/>
Exercise 1is Assign again<br/>
Selected All Students<br/>
Selected a Date<br/>
Clicked Assign button<br/>
X
The assignment has been successfully allocated to your student.<br/>
Teacher_1 logged out<br/>
<br><b>Mark link does not exists. Hence teacher is not able to see the number of assignments that have been submitted.</b></br><br/>
<br><b><font color='red'> Test Case NEWNGMEL-2475_3 Fail</b><br><br/>
<br><b><font color='red'> Test Case NEWNGMEL-2475_21 Fail</b><br><br/>
</div>
</td>
<td>413</td>
<td></td>
</tr>
<tr>
<td title='com.pearson.piltg.ngmelII.RegressionNMELIII.HomepageTabEnhancements.toDoEnhancementsTeacher()'>toDoEnhancementsTeacher<br/><b>NEWNGMEL-2475_5,NEWNGMEL-126_1(Grading scenario)</b><br/>
<a href="#Output-87153144" onClick='toggleBox("Output-87153144", this, "Show output", "Hide output");'>Show output</a>

<a href="#Output-87153144" onClick="toggleAllBoxes();">Show all outputs</a>
<div class='log' id="Output-87153144">
<br><b>Test method: NEWNGMEL-2475_5,NEWNGMEL-126_1(Grading scenario).</b></br><br/>
Current Tab selected isCOURSE<br/>
Selected a Course Options<br/>
Tree Structure till unitPronunciation practice<br/>
Toc Tree structure at sub-unitIntonation in questions and answers<br/>
Exercise 1is Assigned/Open<br/>
Selected All Students<br/>
Selected a Date<br/>
Clicked Assign button<br/>
X
The assignment has been successfully allocated to your student.<br/>
Teacher_1 logged out<br/>
<br><b>Mark link exists. Hence teacher is able to see the number of assignments that have been submitted.</br><br/>
Teacher is allowed to add textual comments along with the mark while grading the assignment. Grading test case.<br/>
<br><b><font color='green'>Test Case NEWNGMEL-126_1 Pass</b><br><br/>
<br><b><font color='green'>Test Case NEWNGMEL-2475_5 Pass</b><br><br/>
</div>
</td>
<td>339</td>
<td></td>
</tr>
</table><p>
</body>
</html>