<?xml version="1.0" encoding="utf-8" ?>
<!DOCTYPE html PUBLIC "-//W3C//DTD XHTML 1.0 Strict//EN"
        "http://www.w3.org/TR/xhtml1/DTD/xhtml1-strict.dtd">
<html xmlns="http://www.w3.org/1999/xhtml" xml:lang="" lang="">
<head>
  <title>NMEL Test Report - Rumba Regression Test</title>
  <meta http-equiv="Content-Type" content="text/html;charset=utf-8" />
  <meta name="description" content="TestNG unit test results." />
  <link href="reportng.css" rel="stylesheet" type="text/css" />
    <link href="custom.css" rel="stylesheet" type="text/css" />
    <script type="text/javascript" src="reportng.js"></script>
</head>
<body>
<h1>Rumba Regression Test</h1>
<p>
  Test duration: 446.922s
</p>

  <table class="resultsTable configTable">
    <tr><th colspan="3" class="header failedConfig">Failed Configuration</th></tr>
              <tr class="group">
        <td colspan="3">com.pearson.piltg.ngmelII.RegressionNMELIII.RumbaRegistration</td>
      </tr>
            
<tr>
  <td class="method">
                  tearDown
      </td>
  <td class="duration">
    0.000s
  </td>
  <td class="result">
        
    
        

        <a href="javascript:toggleElement('exception-0', 'block')" title="Click to expand/collapse"><b>org.openqa.selenium.WebDriverException: chrome not reachable<br/>
&nbsp; (Session info: chrome=38.0.2125.104)<br/>
&nbsp; (Driver info: chromedriver=2.8.241075,platform=Windows NT 6.3 x86_64) (WARNING: The server did not provide any stacktrace information)<br/>
Command duration or timeout: 1.02 seconds<br/>
Build info: version: &apos;2.39.0&apos;, revision: &apos;14fa800511cc5d66d426e08b0b2ab926c7ed7398&apos;, time: &apos;2013-12-16 13:18:38&apos;<br/>
System info: host: &apos;BRICAWL-9JDVVY1&apos;, ip: &apos;10.105.226.68&apos;, os.name: &apos;Windows 8&apos;, os.arch: &apos;amd64&apos;, os.version: &apos;6.2&apos;, java.version: &apos;1.7.0_51&apos;<br/>
Session ID: 62057f3d6a5e7bf73dfb6f40da6e9f24<br/>
Driver info: org.openqa.selenium.chrome.ChromeDriver<br/>
Capabilities [{platform=WIN8, acceptSslCerts=true, javascriptEnabled=true, browserName=chrome, chrome={userDataDir=C:\Users\ubasaja\AppData\Local\Temp\scoped_dir1016_7219}, rotatable=false, locationContextEnabled=true, version=38.0.2125.104, takesHeapSnapshot=true, cssSelectorsEnabled=true, databaseEnabled=false, handlesAlerts=true, browserConnectionEnabled=false, nativeEvents=true, webStorageEnabled=true, applicationCacheEnabled=false, takesScreenshot=true}]</b></a><br />
    <div class="stackTrace" id="exception-0">
              sun.reflect.NativeConstructorAccessorImpl.newInstance0(Native Method)<br />
              sun.reflect.NativeConstructorAccessorImpl.newInstance(NativeConstructorAccessorImpl.java:57)<br />
              sun.reflect.DelegatingConstructorAccessorImpl.newInstance(DelegatingConstructorAccessorImpl.java:45)<br />
              java.lang.reflect.Constructor.newInstance(Constructor.java:526)<br />
              org.openqa.selenium.remote.ErrorHandler.createThrowable(ErrorHandler.java:193)<br />
              org.openqa.selenium.remote.ErrorHandler.throwIfResponseFailed(ErrorHandler.java:145)<br />
              org.openqa.selenium.remote.RemoteWebDriver.execute(RemoteWebDriver.java:554)<br />
              org.openqa.selenium.remote.RemoteWebDriver.execute(RemoteWebDriver.java:569)<br />
              org.openqa.selenium.remote.RemoteWebDriver.close(RemoteWebDriver.java:418)<br />
              com.pearson.piltg.ngmelII.RegressionNMELIII.RumbaRegistration.tearDown(RumbaRegistration.java:394)<br />
              sun.reflect.NativeMethodAccessorImpl.invoke0(Native Method)<br />
              sun.reflect.NativeMethodAccessorImpl.invoke(NativeMethodAccessorImpl.java:57)<br />
              sun.reflect.DelegatingMethodAccessorImpl.invoke(DelegatingMethodAccessorImpl.java:43)<br />
              java.lang.reflect.Method.invoke(Method.java:606)<br />
              org.testng.internal.MethodHelper.invokeMethod(MethodHelper.java:580)<br />
              org.testng.internal.Invoker.invokeConfigurationMethod(Invoker.java:398)<br />
              org.testng.internal.Invoker.invokeConfigurations(Invoker.java:145)<br />
              org.testng.internal.Invoker.invokeMethod(Invoker.java:531)<br />
              org.testng.internal.Invoker.invokeTestMethod(Invoker.java:607)<br />
              org.testng.internal.Invoker.invokeTestMethods(Invoker.java:874)<br />
              org.testng.internal.TestMethodWorker.invokeTestMethods(TestMethodWorker.java:125)<br />
              org.testng.internal.TestMethodWorker.run(TestMethodWorker.java:109)<br />
              org.testng.TestRunner.runWorkers(TestRunner.java:689)<br />
              org.testng.TestRunner.privateRun(TestRunner.java:566)<br />
              org.testng.TestRunner.run(TestRunner.java:466)<br />
              org.testng.SuiteRunner.runTest(SuiteRunner.java:301)<br />
              org.testng.SuiteRunner.runSequentially(SuiteRunner.java:296)<br />
              org.testng.SuiteRunner.privateRun(SuiteRunner.java:276)<br />
              org.testng.SuiteRunner.run(SuiteRunner.java:191)<br />
              org.testng.TestNG.createAndRunSuiteRunners(TestNG.java:808)<br />
              org.testng.TestNG.runSuitesLocally(TestNG.java:776)<br />
              org.testng.TestNG.run(TestNG.java:701)<br />
              org.apache.maven.surefire.testng.TestNGExecutor.run(TestNGExecutor.java:74)<br />
              org.apache.maven.surefire.testng.TestNGXmlTestSuite.execute(TestNGXmlTestSuite.java:92)<br />
              org.apache.maven.surefire.Surefire.run(Surefire.java:180)<br />
              sun.reflect.NativeMethodAccessorImpl.invoke0(Native Method)<br />
              sun.reflect.NativeMethodAccessorImpl.invoke(NativeMethodAccessorImpl.java:57)<br />
              sun.reflect.DelegatingMethodAccessorImpl.invoke(DelegatingMethodAccessorImpl.java:43)<br />
              java.lang.reflect.Method.invoke(Method.java:606)<br />
              org.apache.maven.surefire.booter.SurefireBooter.runSuitesInProcess(SurefireBooter.java:350)<br />
              org.apache.maven.surefire.booter.SurefireBooter.main(SurefireBooter.java:1021)<br />
                </div>
      </td>
</tr>
    
      </table>


  <table class="resultsTable">
    <tr><th colspan="3" class="header failed">Failed Tests</th></tr>
          <tr>
        <td colspan="3" class="group">com.pearson.piltg.ngmelII.RegressionNMELIII.RumbaRegistration</td>
      </tr>
            
<tr>
  <td class="method">
                  <span class="description" title="NEWNGMEL_1063_1, NEWNGMEL-1369_3">registerInstructor</span>
      </td>
  <td class="duration">
    424.985s
  </td>
  <td class="result">
        
    
            <div class="testOutput">
                        <p>The Teacher created is:Teacher_20141016110026</p>
                  </div>
    

        <a href="javascript:toggleElement('exception-1', 'block')" title="Click to expand/collapse"><b>org.openqa.selenium.NoSuchWindowException: no such window: target window already closed<br/>
from unknown error: web view not found<br/>
&nbsp; (Session info: chrome=38.0.2125.104)<br/>
&nbsp; (Driver info: chromedriver=2.8.241075,platform=Windows NT 6.3 x86_64) (WARNING: The server did not provide any stacktrace information)<br/>
Command duration or timeout: 11 milliseconds<br/>
Build info: version: &apos;2.39.0&apos;, revision: &apos;14fa800511cc5d66d426e08b0b2ab926c7ed7398&apos;, time: &apos;2013-12-16 13:18:38&apos;<br/>
System info: host: &apos;BRICAWL-9JDVVY1&apos;, ip: &apos;10.105.226.68&apos;, os.name: &apos;Windows 8&apos;, os.arch: &apos;amd64&apos;, os.version: &apos;6.2&apos;, java.version: &apos;1.7.0_51&apos;<br/>
Session ID: 62057f3d6a5e7bf73dfb6f40da6e9f24<br/>
Driver info: org.openqa.selenium.chrome.ChromeDriver<br/>
Capabilities [{platform=WIN8, acceptSslCerts=true, javascriptEnabled=true, browserName=chrome, chrome={userDataDir=C:\Users\ubasaja\AppData\Local\Temp\scoped_dir1016_7219}, rotatable=false, locationContextEnabled=true, version=38.0.2125.104, takesHeapSnapshot=true, cssSelectorsEnabled=true, databaseEnabled=false, handlesAlerts=true, browserConnectionEnabled=false, nativeEvents=true, webStorageEnabled=true, applicationCacheEnabled=false, takesScreenshot=true}]</b></a><br />
    <div class="stackTrace" id="exception-1">
              sun.reflect.GeneratedConstructorAccessor17.newInstance(Unknown Source)<br />
              sun.reflect.DelegatingConstructorAccessorImpl.newInstance(DelegatingConstructorAccessorImpl.java:45)<br />
              java.lang.reflect.Constructor.newInstance(Constructor.java:526)<br />
              org.openqa.selenium.remote.ErrorHandler.createThrowable(ErrorHandler.java:193)<br />
              org.openqa.selenium.remote.ErrorHandler.throwIfResponseFailed(ErrorHandler.java:145)<br />
              org.openqa.selenium.remote.RemoteWebDriver.execute(RemoteWebDriver.java:554)<br />
              org.openqa.selenium.remote.RemoteWebDriver.get(RemoteWebDriver.java:276)<br />
              org.openqa.selenium.remote.RemoteWebDriver$RemoteNavigation.to(RemoteWebDriver.java:800)<br />
              com.pearson.piltg.ngmelII.RegressionNMELIII.RumbaRegistration.registerInstructor(RumbaRegistration.java:65)<br />
              sun.reflect.NativeMethodAccessorImpl.invoke0(Native Method)<br />
              sun.reflect.NativeMethodAccessorImpl.invoke(NativeMethodAccessorImpl.java:57)<br />
              sun.reflect.DelegatingMethodAccessorImpl.invoke(DelegatingMethodAccessorImpl.java:43)<br />
              java.lang.reflect.Method.invoke(Method.java:606)<br />
              org.testng.internal.MethodHelper.invokeMethod(MethodHelper.java:580)<br />
              org.testng.internal.Invoker.invokeMethod(Invoker.java:478)<br />
              org.testng.internal.Invoker.invokeTestMethod(Invoker.java:607)<br />
              org.testng.internal.Invoker.invokeTestMethods(Invoker.java:874)<br />
              org.testng.internal.TestMethodWorker.invokeTestMethods(TestMethodWorker.java:125)<br />
              org.testng.internal.TestMethodWorker.run(TestMethodWorker.java:109)<br />
              org.testng.TestRunner.runWorkers(TestRunner.java:689)<br />
              org.testng.TestRunner.privateRun(TestRunner.java:566)<br />
              org.testng.TestRunner.run(TestRunner.java:466)<br />
              org.testng.SuiteRunner.runTest(SuiteRunner.java:301)<br />
              org.testng.SuiteRunner.runSequentially(SuiteRunner.java:296)<br />
              org.testng.SuiteRunner.privateRun(SuiteRunner.java:276)<br />
              org.testng.SuiteRunner.run(SuiteRunner.java:191)<br />
              org.testng.TestNG.createAndRunSuiteRunners(TestNG.java:808)<br />
              org.testng.TestNG.runSuitesLocally(TestNG.java:776)<br />
              org.testng.TestNG.run(TestNG.java:701)<br />
              org.apache.maven.surefire.testng.TestNGExecutor.run(TestNGExecutor.java:74)<br />
              org.apache.maven.surefire.testng.TestNGXmlTestSuite.execute(TestNGXmlTestSuite.java:92)<br />
              org.apache.maven.surefire.Surefire.run(Surefire.java:180)<br />
              sun.reflect.NativeMethodAccessorImpl.invoke0(Native Method)<br />
              sun.reflect.NativeMethodAccessorImpl.invoke(NativeMethodAccessorImpl.java:57)<br />
              sun.reflect.DelegatingMethodAccessorImpl.invoke(DelegatingMethodAccessorImpl.java:43)<br />
              java.lang.reflect.Method.invoke(Method.java:606)<br />
              org.apache.maven.surefire.booter.SurefireBooter.runSuitesInProcess(SurefireBooter.java:350)<br />
              org.apache.maven.surefire.booter.SurefireBooter.main(SurefireBooter.java:1021)<br />
                </div>
      </td>
</tr>
      </table>

  <table class="resultsTable" width="100%">
    <tr><th colspan="3" class="header skipped">Skipped Tests</th></tr>
          <tr>
        <td colspan="3" class="group">com.pearson.piltg.ngmelII.RegressionNMELIII.RumbaRegistration</td>
      </tr>
            
<tr>
  <td class="method">
                  <span class="description" title="NEWNGMEL_763_1, NEWNGMEL_163_1, NEWNGMEL_187_3">registerCandidateStudent</span>
      </td>
  <td class="duration">
    0.004s
  </td>
  <td class="result">
                             <i>Depends on method(s): </i>
        <span class="dependency">com.pearson.piltg.ngmelII.RegressionNMELIII.RumbaRegistration.registerInstructor</span>
          
    
        

      </td>
</tr>
<tr>
  <td class="method">
                  registerCandidateStudentSelfStudy
      </td>
  <td class="duration">
    0.000s
  </td>
  <td class="result">
                             <i>Depends on method(s): </i>
        <span class="dependency">com.pearson.piltg.ngmelII.RegressionNMELIII.RumbaRegistration.settingsPersonalProfile</span>
          
    
        

      </td>
</tr>
<tr>
  <td class="method">
                  <span class="description" title="Settings module test case: NEWNGMEL-2744_3.">settingsPersonalProfile</span>
      </td>
  <td class="duration">
    0.000s
  </td>
  <td class="result">
                             <i>Depends on method(s): </i>
        <span class="dependency">com.pearson.piltg.ngmelII.RegressionNMELIII.RumbaRegistration.registerCandidateStudent</span>
          
    
        

      </td>
</tr>
      </table>

  
</body>
</html>
