<?xml version="1.0" encoding="utf-8" ?>
<!DOCTYPE html PUBLIC "-//W3C//DTD XHTML 1.0 Strict//EN"
        "http://www.w3.org/TR/xhtml1/DTD/xhtml1-strict.dtd">
<html xmlns="http://www.w3.org/1999/xhtml" xml:lang="" lang="">
<head>
  <title>NMEL Test Report - Regression Tests 2</title>
  <meta http-equiv="Content-Type" content="text/html;charset=utf-8" />
  <meta name="description" content="TestNG unit test results." />
  <link href="reportng.css" rel="stylesheet" type="text/css" />
    <link href="custom.css" rel="stylesheet" type="text/css" />
    <script type="text/javascript" src="reportng.js"></script>
</head>
<body>
<h1>Regression Tests 2</h1>
<p>
  Test duration: 0.007s
</p>

  <table class="resultsTable configTable">
    <tr><th colspan="3" class="header failedConfig">Failed Configuration</th></tr>
              <tr class="group">
        <td colspan="3">com.pearson.piltg.ngmelII.RegressionNMELIII.ForwardMessage</td>
      </tr>
            
<tr>
  <td class="method">
                  setUp
      </td>
  <td class="duration">
    0.000s
  </td>
  <td class="result">
        
    
        

        <a href="javascript:toggleElement('exception-0', 'block')" title="Click to expand/collapse"><b>org.openqa.selenium.WebDriverException: unknown error: cannot get automation extension<br/>
from chrome not reachable<br/>
&nbsp; (Session info: chrome=38.0.2125.104)<br/>
&nbsp; (Driver info: chromedriver=2.8.241075,platform=Windows NT 6.3 x86_64) (WARNING: The server did not provide any stacktrace information)<br/>
Command duration or timeout: 1.57 seconds<br/>
Build info: version: &apos;2.39.0&apos;, revision: &apos;14fa800511cc5d66d426e08b0b2ab926c7ed7398&apos;, time: &apos;2013-12-16 13:18:38&apos;<br/>
System info: host: &apos;BRICAWL-9JDVVY1&apos;, ip: &apos;10.105.226.68&apos;, os.name: &apos;Windows 8&apos;, os.arch: &apos;amd64&apos;, os.version: &apos;6.2&apos;, java.version: &apos;1.7.0_51&apos;<br/>
Session ID: 347d04594857d2e84cee191e465304ee<br/>
Driver info: org.openqa.selenium.chrome.ChromeDriver<br/>
Capabilities [{platform=WIN8, acceptSslCerts=true, javascriptEnabled=true, browserName=chrome, chrome={userDataDir=C:\Users\ubasaja\AppData\Local\Temp\scoped_dir4052_1178}, rotatable=false, locationContextEnabled=true, version=38.0.2125.104, takesHeapSnapshot=true, cssSelectorsEnabled=true, databaseEnabled=false, handlesAlerts=true, browserConnectionEnabled=false, nativeEvents=true, webStorageEnabled=true, applicationCacheEnabled=false, takesScreenshot=true}]</b></a><br />
    <div class="stackTrace" id="exception-0">
              sun.reflect.NativeConstructorAccessorImpl.newInstance0(Native Method)<br />
              sun.reflect.NativeConstructorAccessorImpl.newInstance(NativeConstructorAccessorImpl.java:57)<br />
              sun.reflect.DelegatingConstructorAccessorImpl.newInstance(DelegatingConstructorAccessorImpl.java:45)<br />
              java.lang.reflect.Constructor.newInstance(Constructor.java:526)<br />
              org.openqa.selenium.remote.ErrorHandler.createThrowable(ErrorHandler.java:193)<br />
              org.openqa.selenium.remote.ErrorHandler.throwIfResponseFailed(ErrorHandler.java:145)<br />
              org.openqa.selenium.remote.RemoteWebDriver.execute(RemoteWebDriver.java:554)<br />
              org.openqa.selenium.remote.RemoteWebDriver$RemoteWebDriverOptions$RemoteWindow.maximize(RemoteWebDriver.java:783)<br />
              com.pearson.piltg.ngmelII.common.Common.setUpCommon(Common.java:300)<br />
              com.pearson.piltg.ngmelII.RegressionNMELIII.ForwardMessage.setUp(ForwardMessage.java:27)<br />
              sun.reflect.NativeMethodAccessorImpl.invoke0(Native Method)<br />
              sun.reflect.NativeMethodAccessorImpl.invoke(NativeMethodAccessorImpl.java:57)<br />
              sun.reflect.DelegatingMethodAccessorImpl.invoke(DelegatingMethodAccessorImpl.java:43)<br />
              java.lang.reflect.Method.invoke(Method.java:606)<br />
              org.testng.internal.MethodHelper.invokeMethod(MethodHelper.java:580)<br />
              org.testng.internal.Invoker.invokeConfigurationMethod(Invoker.java:398)<br />
              org.testng.internal.Invoker.invokeConfigurations(Invoker.java:145)<br />
              org.testng.internal.Invoker.invokeConfigurations(Invoker.java:82)<br />
              org.testng.internal.TestMethodWorker.invokeBeforeClassMethods(TestMethodWorker.java:166)<br />
              org.testng.internal.TestMethodWorker.run(TestMethodWorker.java:103)<br />
              org.testng.TestRunner.runWorkers(TestRunner.java:689)<br />
              org.testng.TestRunner.privateRun(TestRunner.java:566)<br />
              org.testng.TestRunner.run(TestRunner.java:466)<br />
              org.testng.SuiteRunner.runTest(SuiteRunner.java:301)<br />
              org.testng.SuiteRunner.runSequentially(SuiteRunner.java:296)<br />
              org.testng.SuiteRunner.privateRun(SuiteRunner.java:276)<br />
              org.testng.SuiteRunner.run(SuiteRunner.java:191)<br />
              org.testng.TestNG.createAndRunSuiteRunners(TestNG.java:808)<br />
              org.testng.TestNG.runSuitesLocally(TestNG.java:776)<br />
              org.testng.TestNG.run(TestNG.java:701)<br />
              org.apache.maven.surefire.testng.TestNGExecutor.run(TestNGExecutor.java:74)<br />
              org.apache.maven.surefire.testng.TestNGXmlTestSuite.execute(TestNGXmlTestSuite.java:92)<br />
              org.apache.maven.surefire.Surefire.run(Surefire.java:180)<br />
              sun.reflect.NativeMethodAccessorImpl.invoke0(Native Method)<br />
              sun.reflect.NativeMethodAccessorImpl.invoke(NativeMethodAccessorImpl.java:57)<br />
              sun.reflect.DelegatingMethodAccessorImpl.invoke(DelegatingMethodAccessorImpl.java:43)<br />
              java.lang.reflect.Method.invoke(Method.java:606)<br />
              org.apache.maven.surefire.booter.SurefireBooter.runSuitesInProcess(SurefireBooter.java:350)<br />
              org.apache.maven.surefire.booter.SurefireBooter.main(SurefireBooter.java:1021)<br />
                </div>
      </td>
</tr>
          <tr class="group">
        <td colspan="3">com.pearson.piltg.ngmelII.RegressionNMELIII.Homepage_Calender</td>
      </tr>
            
<tr>
  <td class="method">
                  setUp
      </td>
  <td class="duration">
    0.000s
  </td>
  <td class="result">
        
    
        

        <a href="javascript:toggleElement('exception-1', 'block')" title="Click to expand/collapse"><b>org.openqa.selenium.WebDriverException: unknown error: cannot get automation extension<br/>
from chrome not reachable<br/>
&nbsp; (Session info: chrome=38.0.2125.104)<br/>
&nbsp; (Driver info: chromedriver=2.8.241075,platform=Windows NT 6.3 x86_64) (WARNING: The server did not provide any stacktrace information)<br/>
Command duration or timeout: 1.30 seconds<br/>
Build info: version: &apos;2.39.0&apos;, revision: &apos;14fa800511cc5d66d426e08b0b2ab926c7ed7398&apos;, time: &apos;2013-12-16 13:18:38&apos;<br/>
System info: host: &apos;BRICAWL-9JDVVY1&apos;, ip: &apos;10.105.226.68&apos;, os.name: &apos;Windows 8&apos;, os.arch: &apos;amd64&apos;, os.version: &apos;6.2&apos;, java.version: &apos;1.7.0_51&apos;<br/>
Session ID: 56705d2a4409c4a799ac9c332972730d<br/>
Driver info: org.openqa.selenium.chrome.ChromeDriver<br/>
Capabilities [{platform=WIN8, acceptSslCerts=true, javascriptEnabled=true, browserName=chrome, chrome={userDataDir=C:\Users\ubasaja\AppData\Local\Temp\scoped_dir2976_15760}, rotatable=false, locationContextEnabled=true, version=38.0.2125.104, takesHeapSnapshot=true, cssSelectorsEnabled=true, databaseEnabled=false, handlesAlerts=true, browserConnectionEnabled=false, nativeEvents=true, webStorageEnabled=true, applicationCacheEnabled=false, takesScreenshot=true}]</b></a><br />
    <div class="stackTrace" id="exception-1">
              sun.reflect.NativeConstructorAccessorImpl.newInstance0(Native Method)<br />
              sun.reflect.NativeConstructorAccessorImpl.newInstance(NativeConstructorAccessorImpl.java:57)<br />
              sun.reflect.DelegatingConstructorAccessorImpl.newInstance(DelegatingConstructorAccessorImpl.java:45)<br />
              java.lang.reflect.Constructor.newInstance(Constructor.java:526)<br />
              org.openqa.selenium.remote.ErrorHandler.createThrowable(ErrorHandler.java:193)<br />
              org.openqa.selenium.remote.ErrorHandler.throwIfResponseFailed(ErrorHandler.java:145)<br />
              org.openqa.selenium.remote.RemoteWebDriver.execute(RemoteWebDriver.java:554)<br />
              org.openqa.selenium.remote.RemoteWebDriver$RemoteWebDriverOptions$RemoteWindow.maximize(RemoteWebDriver.java:783)<br />
              com.pearson.piltg.ngmelII.common.Common.setUpCommon(Common.java:300)<br />
              com.pearson.piltg.ngmelII.RegressionNMELIII.Homepage_Calender.setUp(Homepage_Calender.java:33)<br />
              sun.reflect.NativeMethodAccessorImpl.invoke0(Native Method)<br />
              sun.reflect.NativeMethodAccessorImpl.invoke(NativeMethodAccessorImpl.java:57)<br />
              sun.reflect.DelegatingMethodAccessorImpl.invoke(DelegatingMethodAccessorImpl.java:43)<br />
              java.lang.reflect.Method.invoke(Method.java:606)<br />
              org.testng.internal.MethodHelper.invokeMethod(MethodHelper.java:580)<br />
              org.testng.internal.Invoker.invokeConfigurationMethod(Invoker.java:398)<br />
              org.testng.internal.Invoker.invokeConfigurations(Invoker.java:145)<br />
              org.testng.internal.Invoker.invokeConfigurations(Invoker.java:82)<br />
              org.testng.internal.TestMethodWorker.invokeBeforeClassMethods(TestMethodWorker.java:166)<br />
              org.testng.internal.TestMethodWorker.run(TestMethodWorker.java:103)<br />
              org.testng.TestRunner.runWorkers(TestRunner.java:689)<br />
              org.testng.TestRunner.privateRun(TestRunner.java:566)<br />
              org.testng.TestRunner.run(TestRunner.java:466)<br />
              org.testng.SuiteRunner.runTest(SuiteRunner.java:301)<br />
              org.testng.SuiteRunner.runSequentially(SuiteRunner.java:296)<br />
              org.testng.SuiteRunner.privateRun(SuiteRunner.java:276)<br />
              org.testng.SuiteRunner.run(SuiteRunner.java:191)<br />
              org.testng.TestNG.createAndRunSuiteRunners(TestNG.java:808)<br />
              org.testng.TestNG.runSuitesLocally(TestNG.java:776)<br />
              org.testng.TestNG.run(TestNG.java:701)<br />
              org.apache.maven.surefire.testng.TestNGExecutor.run(TestNGExecutor.java:74)<br />
              org.apache.maven.surefire.testng.TestNGXmlTestSuite.execute(TestNGXmlTestSuite.java:92)<br />
              org.apache.maven.surefire.Surefire.run(Surefire.java:180)<br />
              sun.reflect.NativeMethodAccessorImpl.invoke0(Native Method)<br />
              sun.reflect.NativeMethodAccessorImpl.invoke(NativeMethodAccessorImpl.java:57)<br />
              sun.reflect.DelegatingMethodAccessorImpl.invoke(DelegatingMethodAccessorImpl.java:43)<br />
              java.lang.reflect.Method.invoke(Method.java:606)<br />
              org.apache.maven.surefire.booter.SurefireBooter.runSuitesInProcess(SurefireBooter.java:350)<br />
              org.apache.maven.surefire.booter.SurefireBooter.main(SurefireBooter.java:1021)<br />
                </div>
      </td>
</tr>
          <tr class="group">
        <td colspan="3">com.pearson.piltg.ngmelII.RegressionNMELIII.Message_Student</td>
      </tr>
            
<tr>
  <td class="method">
                  setUp
      </td>
  <td class="duration">
    0.000s
  </td>
  <td class="result">
        
    
        

        <a href="javascript:toggleElement('exception-2', 'block')" title="Click to expand/collapse"><b>org.openqa.selenium.WebDriverException: unknown error: cannot get automation extension<br/>
from chrome not reachable<br/>
&nbsp; (Session info: chrome=38.0.2125.104)<br/>
&nbsp; (Driver info: chromedriver=2.8.241075,platform=Windows NT 6.3 x86_64) (WARNING: The server did not provide any stacktrace information)<br/>
Command duration or timeout: 1.22 seconds<br/>
Build info: version: &apos;2.39.0&apos;, revision: &apos;14fa800511cc5d66d426e08b0b2ab926c7ed7398&apos;, time: &apos;2013-12-16 13:18:38&apos;<br/>
System info: host: &apos;BRICAWL-9JDVVY1&apos;, ip: &apos;10.105.226.68&apos;, os.name: &apos;Windows 8&apos;, os.arch: &apos;amd64&apos;, os.version: &apos;6.2&apos;, java.version: &apos;1.7.0_51&apos;<br/>
Session ID: 9e7fa14ae7d0421f67a5b4508bce1d90<br/>
Driver info: org.openqa.selenium.chrome.ChromeDriver<br/>
Capabilities [{platform=WIN8, acceptSslCerts=true, javascriptEnabled=true, browserName=chrome, chrome={userDataDir=C:\Users\ubasaja\AppData\Local\Temp\scoped_dir7368_20786}, rotatable=false, locationContextEnabled=true, version=38.0.2125.104, takesHeapSnapshot=true, cssSelectorsEnabled=true, databaseEnabled=false, handlesAlerts=true, browserConnectionEnabled=false, nativeEvents=true, webStorageEnabled=true, applicationCacheEnabled=false, takesScreenshot=true}]</b></a><br />
    <div class="stackTrace" id="exception-2">
              sun.reflect.NativeConstructorAccessorImpl.newInstance0(Native Method)<br />
              sun.reflect.NativeConstructorAccessorImpl.newInstance(NativeConstructorAccessorImpl.java:57)<br />
              sun.reflect.DelegatingConstructorAccessorImpl.newInstance(DelegatingConstructorAccessorImpl.java:45)<br />
              java.lang.reflect.Constructor.newInstance(Constructor.java:526)<br />
              org.openqa.selenium.remote.ErrorHandler.createThrowable(ErrorHandler.java:193)<br />
              org.openqa.selenium.remote.ErrorHandler.throwIfResponseFailed(ErrorHandler.java:145)<br />
              org.openqa.selenium.remote.RemoteWebDriver.execute(RemoteWebDriver.java:554)<br />
              org.openqa.selenium.remote.RemoteWebDriver$RemoteWebDriverOptions$RemoteWindow.maximize(RemoteWebDriver.java:783)<br />
              com.pearson.piltg.ngmelII.common.Common.setUpCommon(Common.java:300)<br />
              com.pearson.piltg.ngmelII.RegressionNMELIII.Message_Student.setUp(Message_Student.java:33)<br />
              sun.reflect.NativeMethodAccessorImpl.invoke0(Native Method)<br />
              sun.reflect.NativeMethodAccessorImpl.invoke(NativeMethodAccessorImpl.java:57)<br />
              sun.reflect.DelegatingMethodAccessorImpl.invoke(DelegatingMethodAccessorImpl.java:43)<br />
              java.lang.reflect.Method.invoke(Method.java:606)<br />
              org.testng.internal.MethodHelper.invokeMethod(MethodHelper.java:580)<br />
              org.testng.internal.Invoker.invokeConfigurationMethod(Invoker.java:398)<br />
              org.testng.internal.Invoker.invokeConfigurations(Invoker.java:145)<br />
              org.testng.internal.Invoker.invokeConfigurations(Invoker.java:82)<br />
              org.testng.internal.TestMethodWorker.invokeBeforeClassMethods(TestMethodWorker.java:166)<br />
              org.testng.internal.TestMethodWorker.run(TestMethodWorker.java:103)<br />
              org.testng.TestRunner.runWorkers(TestRunner.java:689)<br />
              org.testng.TestRunner.privateRun(TestRunner.java:566)<br />
              org.testng.TestRunner.run(TestRunner.java:466)<br />
              org.testng.SuiteRunner.runTest(SuiteRunner.java:301)<br />
              org.testng.SuiteRunner.runSequentially(SuiteRunner.java:296)<br />
              org.testng.SuiteRunner.privateRun(SuiteRunner.java:276)<br />
              org.testng.SuiteRunner.run(SuiteRunner.java:191)<br />
              org.testng.TestNG.createAndRunSuiteRunners(TestNG.java:808)<br />
              org.testng.TestNG.runSuitesLocally(TestNG.java:776)<br />
              org.testng.TestNG.run(TestNG.java:701)<br />
              org.apache.maven.surefire.testng.TestNGExecutor.run(TestNGExecutor.java:74)<br />
              org.apache.maven.surefire.testng.TestNGXmlTestSuite.execute(TestNGXmlTestSuite.java:92)<br />
              org.apache.maven.surefire.Surefire.run(Surefire.java:180)<br />
              sun.reflect.NativeMethodAccessorImpl.invoke0(Native Method)<br />
              sun.reflect.NativeMethodAccessorImpl.invoke(NativeMethodAccessorImpl.java:57)<br />
              sun.reflect.DelegatingMethodAccessorImpl.invoke(DelegatingMethodAccessorImpl.java:43)<br />
              java.lang.reflect.Method.invoke(Method.java:606)<br />
              org.apache.maven.surefire.booter.SurefireBooter.runSuitesInProcess(SurefireBooter.java:350)<br />
              org.apache.maven.surefire.booter.SurefireBooter.main(SurefireBooter.java:1021)<br />
                </div>
      </td>
</tr>
          <tr class="group">
        <td colspan="3">com.pearson.piltg.ngmelII.RegressionNMELIII.Message_Teacher</td>
      </tr>
            
<tr>
  <td class="method">
                  setUp
      </td>
  <td class="duration">
    0.000s
  </td>
  <td class="result">
        
    
        

        <a href="javascript:toggleElement('exception-3', 'block')" title="Click to expand/collapse"><b>org.openqa.selenium.WebDriverException: unknown error: cannot get automation extension<br/>
from chrome not reachable<br/>
&nbsp; (Session info: chrome=38.0.2125.104)<br/>
&nbsp; (Driver info: chromedriver=2.8.241075,platform=Windows NT 6.3 x86_64) (WARNING: The server did not provide any stacktrace information)<br/>
Command duration or timeout: 1.32 seconds<br/>
Build info: version: &apos;2.39.0&apos;, revision: &apos;14fa800511cc5d66d426e08b0b2ab926c7ed7398&apos;, time: &apos;2013-12-16 13:18:38&apos;<br/>
System info: host: &apos;BRICAWL-9JDVVY1&apos;, ip: &apos;10.105.226.68&apos;, os.name: &apos;Windows 8&apos;, os.arch: &apos;amd64&apos;, os.version: &apos;6.2&apos;, java.version: &apos;1.7.0_51&apos;<br/>
Session ID: d43fa2bff3aa5bb05dc64abd7b1f3b4b<br/>
Driver info: org.openqa.selenium.chrome.ChromeDriver<br/>
Capabilities [{platform=WIN8, acceptSslCerts=true, javascriptEnabled=true, browserName=chrome, chrome={userDataDir=C:\Users\ubasaja\AppData\Local\Temp\scoped_dir8172_25699}, rotatable=false, locationContextEnabled=true, version=38.0.2125.104, takesHeapSnapshot=true, cssSelectorsEnabled=true, databaseEnabled=false, handlesAlerts=true, browserConnectionEnabled=false, nativeEvents=true, webStorageEnabled=true, applicationCacheEnabled=false, takesScreenshot=true}]</b></a><br />
    <div class="stackTrace" id="exception-3">
              sun.reflect.NativeConstructorAccessorImpl.newInstance0(Native Method)<br />
              sun.reflect.NativeConstructorAccessorImpl.newInstance(NativeConstructorAccessorImpl.java:57)<br />
              sun.reflect.DelegatingConstructorAccessorImpl.newInstance(DelegatingConstructorAccessorImpl.java:45)<br />
              java.lang.reflect.Constructor.newInstance(Constructor.java:526)<br />
              org.openqa.selenium.remote.ErrorHandler.createThrowable(ErrorHandler.java:193)<br />
              org.openqa.selenium.remote.ErrorHandler.throwIfResponseFailed(ErrorHandler.java:145)<br />
              org.openqa.selenium.remote.RemoteWebDriver.execute(RemoteWebDriver.java:554)<br />
              org.openqa.selenium.remote.RemoteWebDriver$RemoteWebDriverOptions$RemoteWindow.maximize(RemoteWebDriver.java:783)<br />
              com.pearson.piltg.ngmelII.common.Common.setUpCommon(Common.java:300)<br />
              com.pearson.piltg.ngmelII.RegressionNMELIII.Message_Teacher.setUp(Message_Teacher.java:38)<br />
              sun.reflect.NativeMethodAccessorImpl.invoke0(Native Method)<br />
              sun.reflect.NativeMethodAccessorImpl.invoke(NativeMethodAccessorImpl.java:57)<br />
              sun.reflect.DelegatingMethodAccessorImpl.invoke(DelegatingMethodAccessorImpl.java:43)<br />
              java.lang.reflect.Method.invoke(Method.java:606)<br />
              org.testng.internal.MethodHelper.invokeMethod(MethodHelper.java:580)<br />
              org.testng.internal.Invoker.invokeConfigurationMethod(Invoker.java:398)<br />
              org.testng.internal.Invoker.invokeConfigurations(Invoker.java:145)<br />
              org.testng.internal.Invoker.invokeConfigurations(Invoker.java:82)<br />
              org.testng.internal.TestMethodWorker.invokeBeforeClassMethods(TestMethodWorker.java:166)<br />
              org.testng.internal.TestMethodWorker.run(TestMethodWorker.java:103)<br />
              org.testng.TestRunner.runWorkers(TestRunner.java:689)<br />
              org.testng.TestRunner.privateRun(TestRunner.java:566)<br />
              org.testng.TestRunner.run(TestRunner.java:466)<br />
              org.testng.SuiteRunner.runTest(SuiteRunner.java:301)<br />
              org.testng.SuiteRunner.runSequentially(SuiteRunner.java:296)<br />
              org.testng.SuiteRunner.privateRun(SuiteRunner.java:276)<br />
              org.testng.SuiteRunner.run(SuiteRunner.java:191)<br />
              org.testng.TestNG.createAndRunSuiteRunners(TestNG.java:808)<br />
              org.testng.TestNG.runSuitesLocally(TestNG.java:776)<br />
              org.testng.TestNG.run(TestNG.java:701)<br />
              org.apache.maven.surefire.testng.TestNGExecutor.run(TestNGExecutor.java:74)<br />
              org.apache.maven.surefire.testng.TestNGXmlTestSuite.execute(TestNGXmlTestSuite.java:92)<br />
              org.apache.maven.surefire.Surefire.run(Surefire.java:180)<br />
              sun.reflect.NativeMethodAccessorImpl.invoke0(Native Method)<br />
              sun.reflect.NativeMethodAccessorImpl.invoke(NativeMethodAccessorImpl.java:57)<br />
              sun.reflect.DelegatingMethodAccessorImpl.invoke(DelegatingMethodAccessorImpl.java:43)<br />
              java.lang.reflect.Method.invoke(Method.java:606)<br />
              org.apache.maven.surefire.booter.SurefireBooter.runSuitesInProcess(SurefireBooter.java:350)<br />
              org.apache.maven.surefire.booter.SurefireBooter.main(SurefireBooter.java:1021)<br />
                </div>
      </td>
</tr>
    
          <tr><td colspan="3">&nbsp;</td></tr>
      <tr><td colspan="3" class="header skippedConfig">Skipped Configuration</td></tr>
                    <tr>
          <td colspan="3" class="group">com.pearson.piltg.ngmelII.RegressionNMELIII.ForwardMessage</td>
        </tr>
                
<tr>
  <td class="method">
                  tearDown
      </td>
  <td class="duration">
    0.000s
  </td>
  <td class="result">
                         
    
        

      </td>
</tr>
              <tr>
          <td colspan="3" class="group">com.pearson.piltg.ngmelII.RegressionNMELIII.Homepage_Calender</td>
        </tr>
                
<tr>
  <td class="method">
                  tearDown
      </td>
  <td class="duration">
    0.000s
  </td>
  <td class="result">
                         
    
        

      </td>
</tr>
              <tr>
          <td colspan="3" class="group">com.pearson.piltg.ngmelII.RegressionNMELIII.Message_Student</td>
        </tr>
                
<tr>
  <td class="method">
                  tearDown
      </td>
  <td class="duration">
    0.000s
  </td>
  <td class="result">
                         
    
        

      </td>
</tr>
              <tr>
          <td colspan="3" class="group">com.pearson.piltg.ngmelII.RegressionNMELIII.Message_Teacher</td>
        </tr>
                
<tr>
  <td class="method">
                  tearDown
      </td>
  <td class="duration">
    0.000s
  </td>
  <td class="result">
                         
    
        

      </td>
</tr>
            </table>



  <table class="resultsTable" width="100%">
    <tr><th colspan="3" class="header skipped">Skipped Tests</th></tr>
          <tr>
        <td colspan="3" class="group">com.pearson.piltg.ngmelII.RegressionNMELIII.ForwardMessage</td>
      </tr>
            
<tr>
  <td class="method">
                  <span class="description" title="NEWNGMEL-1682_1,NEWNGMEL-1682_2.">forwardMessage</span>
      </td>
  <td class="duration">
    0.000s
  </td>
  <td class="result">
                         
    
        

      </td>
</tr>
<tr>
  <td class="method">
                  <span class="description" title="NEWNGMEL-1682_5,NEWNGMEL-1682_6.">forwardMessageTurnOff</span>
      </td>
  <td class="duration">
    0.001s
  </td>
  <td class="result">
                         
    
        

      </td>
</tr>
          <tr>
        <td colspan="3" class="group">com.pearson.piltg.ngmelII.RegressionNMELIII.Homepage_Calender</td>
      </tr>
            
<tr>
  <td class="method">
                  <span class="description" title="NEWNGMEL - 150_12, NEWNGMEL - 150_11.">addEventStudent</span>
      </td>
  <td class="duration">
    0.000s
  </td>
  <td class="result">
                         
    
        

      </td>
</tr>
<tr>
  <td class="method">
                  <span class="description" title="NEWNGMEL - 150_7, NEWNGMEL - 150_8.">calendarAddEventsOnPastDates</span>
      </td>
  <td class="duration">
    0.000s
  </td>
  <td class="result">
                         
    
        

      </td>
</tr>
<tr>
  <td class="method">
                  <span class="description" title="NEWNGMEL-2528_3,NEWNGMEL-2528_8, NEWNGMEL-2528_4, NEWNGMEL-2528_5.">calendarAssignment</span>
      </td>
  <td class="duration">
    0.001s
  </td>
  <td class="result">
                         
    
        

      </td>
</tr>
<tr>
  <td class="method">
                  <span class="description" title="NEWNGMEL - 150_3, NEWNGMEL - 150_4, NEWNGMEL-978_1, NEWNGMEL-978_5, NEWNGMEL-682_3, NEWNGMEL-978_3, NEWNGMEL-978_7, NEWNGMEL-978_11, NEWNGMEL-978_15, NEWNGMEL-978_13, NEWNGMEL-978_17">calendarCourseVerify</span>
      </td>
  <td class="duration">
    0.000s
  </td>
  <td class="result">
                         
    
        

      </td>
</tr>
<tr>
  <td class="method">
                  <span class="description" title="NEWNGMEL - 150_1, NEWNGMEL - 150_2, NEWNGMEL-978_2, NEWNGMEL-978_4, NEWNGMEL-682_3, NEWNGMEL-978_6, NEWNGMEL-978_8, NEWNGMEL-978_12, NEWNGMEL-978_16, NEWNGMEL-978_14, NEWNGMEL-978_18">calendarGeneralEventVerify</span>
      </td>
  <td class="duration">
    0.001s
  </td>
  <td class="result">
                         
    
        

      </td>
</tr>
          <tr>
        <td colspan="3" class="group">com.pearson.piltg.ngmelII.RegressionNMELIII.Message_Student</td>
      </tr>
            
<tr>
  <td class="method">
                  <span class="description" title="NEWNGMEL-189_42, NEWNGMEL-189_44, NEWNGMEL-189_45, NEWNGMEL-189_46, NEWNGMEL-189_47, NEWNGMEL-189_48.">inboxMessageReadStudent</span>
      </td>
  <td class="duration">
    0.000s
  </td>
  <td class="result">
                         
    
        

      </td>
</tr>
<tr>
  <td class="method">
                  <span class="description" title="NEWNGMEL-189_30, NEWNGMEL-189_31, NEWNGMEL-189_32, NEWNGMEL-189_33, NEWNGMEL-189_34, NEWNGMEL-189_35, NEWNGMEL-189_37, NEWNGMEL-189_38, NEWNGMEL-189_39, NEWNGMEL-189_40, NEWNGMEL-189_36, NEWNGMEL-189_41.">inboxViewAndSortStudent</span>
      </td>
  <td class="duration">
    0.000s
  </td>
  <td class="result">
                         
    
        

      </td>
</tr>
<tr>
  <td class="method">
                  <span class="description" title=" NEWNGMEL-147_14, NEWNGMEL-147_15, NEWNGMEL-147_17, NEWNGMEL-147_16, NEWNGMEL-147_13, NEWNGMEL-147_18, NEWNGMEL-147_11, NEWNGMEL-147_19">messageCreateStudent</span>
      </td>
  <td class="duration">
    0.000s
  </td>
  <td class="result">
                         
    
        

      </td>
</tr>
<tr>
  <td class="method">
                  <span class="description" title="NEWNGMEL-189_25, NEWNGMEL-189_29, NEWNGMEL-189_26,NEWNGMEL-189_27, NEWNGMEL-189_28.">messageInboxNotificationStudent</span>
      </td>
  <td class="duration">
    0.000s
  </td>
  <td class="result">
                         
    
        

      </td>
</tr>
<tr>
  <td class="method">
                  <span class="description" title="NEWNGMEL-190_11, NEWNGMEL-190_13, NEWNGMEL-190_15, NEWNGMEL-190_16, NEWNGMEL-190_17, NEWNGMEL-190_18">sentMessagesViewAndSortStudent</span>
      </td>
  <td class="duration">
    0.000s
  </td>
  <td class="result">
                         
    
        

      </td>
</tr>
          <tr>
        <td colspan="3" class="group">com.pearson.piltg.ngmelII.RegressionNMELIII.Message_Teacher</td>
      </tr>
            
<tr>
  <td class="method">
                  <span class="description" title="NEWNGMEL-189_1, NEWNGMEL-189_2, NEWNGMEL-189_3, NEWNGMEL-189_4">inboxMessageNotification</span>
      </td>
  <td class="duration">
    0.000s
  </td>
  <td class="result">
                         
    
        

      </td>
</tr>
<tr>
  <td class="method">
                  <span class="description" title="NEWNGMEL-189_18, NEWNGMEL-189_21, NEWNGMEL-189_22, NEWNGMEL-189_23, NEWNGMEL-189_24.">inboxMessageReadMessage</span>
      </td>
  <td class="duration">
    0.001s
  </td>
  <td class="result">
                         
    
        

      </td>
</tr>
<tr>
  <td class="method">
                  <span class="description" title="NEWNGMEL-189_7, NEWNGMEL-189_8, NEWNGMEL-189_9, NEWNGMEL-189_10, NEWNGMEL-189_11, NEWNGMEL-189_13, NEWNGMEL-189_15, NEWNGMEL-189_16, NEWNGMEL-189_12.">inboxMessageViewAndSort</span>
      </td>
  <td class="duration">
    0.001s
  </td>
  <td class="result">
                         
    
        

      </td>
</tr>
<tr>
  <td class="method">
                  <span class="description" title="NEWNGMEL-147_5, NEWNGMEL-147_8, NEWNGMEL-147_7, NEWNGMEL-147_4, NEWNGMEL-147_1, NEWNGMEL-147_10">messageCreate</span>
      </td>
  <td class="duration">
    0.001s
  </td>
  <td class="result">
                         
    
        

      </td>
</tr>
<tr>
  <td class="method">
                  <span class="description" title="NEWNGMEL-190_1, NEWNGMEL-190_3 , NEWNGMEL-190_5, NEWNGMEL-190_6,  NEWNGMEL-190_7, NEWNGMEL-190_4, NEWNGMEL-190_8.">sentMessageViewAndSort</span>
      </td>
  <td class="duration">
    0.000s
  </td>
  <td class="result">
                         
    
        

      </td>
</tr>
<tr>
  <td class="method">
                  <span class="description" title="NEWNGMEL-147_2, NEWNGMEL-147_3, NEWNGMEL-1681_5, NEWNGMEL-1681_6, NEWNGMEL-153_2.">turnOffMessangerAndCreateMessage</span>
      </td>
  <td class="duration">
    0.001s
  </td>
  <td class="result">
                         
    
        

      </td>
</tr>
      </table>

  
</body>
</html>
