<?xml version="1.0" encoding="utf-8" ?>
<!DOCTYPE html PUBLIC "-//W3C//DTD XHTML 1.0 Strict//EN"
        "http://www.w3.org/TR/xhtml1/DTD/xhtml1-strict.dtd">
<html xmlns="http://www.w3.org/1999/xhtml" xml:lang="" lang="">
<head>
  <title>NMEL Test Report - Regression Tests 3</title>
  <meta http-equiv="Content-Type" content="text/html;charset=utf-8" />
  <meta name="description" content="TestNG unit test results." />
  <link href="reportng.css" rel="stylesheet" type="text/css" />
    <link href="custom.css" rel="stylesheet" type="text/css" />
    <script type="text/javascript" src="reportng.js"></script>
</head>
<body>
<h1>Regression Tests 3</h1>
<p>
  Test duration: 1537.306s
</p>



  <table class="resultsTable">
    <tr><th colspan="3" class="header failed">Failed Tests</th></tr>
          <tr>
        <td colspan="3" class="group">com.pearson.piltg.ngmelII.RegressionNMELIII.AssignAndUpdate_ActivitiesCycle</td>
      </tr>
            
<tr>
  <td class="method">
                  assignActivityBasicMode
      </td>
  <td class="duration">
    121.229s
  </td>
  <td class="result">
        
    
            <div class="testOutput">
                        Test method: NEWNGMEL_336_2,NEWNGMEL_336_3,NEWNGMEL_336_4,NEWNGMEL_336_5.
                  </div>
    

        <a href="javascript:toggleElement('exception-0', 'block')" title="Click to expand/collapse"><b>org.openqa.selenium.TimeoutException: Timed out after 120 seconds waiting for presence of element located by: By.id: username<br/>
Build info: version: &apos;2.39.0&apos;, revision: &apos;14fa800511cc5d66d426e08b0b2ab926c7ed7398&apos;, time: &apos;2013-12-16 13:18:38&apos;<br/>
System info: host: &apos;BRICAWL-9JDVVY1&apos;, ip: &apos;192.168.1.17&apos;, os.name: &apos;Windows 8&apos;, os.arch: &apos;amd64&apos;, os.version: &apos;6.2&apos;, java.version: &apos;1.7.0_51&apos;<br/>
Driver info: driver.version: unknown</b></a><br />
    <div class="stackTrace" id="exception-0">
              org.openqa.selenium.support.ui.FluentWait.timeoutException(FluentWait.java:259)<br />
              org.openqa.selenium.support.ui.FluentWait.until(FluentWait.java:228)<br />
              com.pearson.piltg.ngmelII.util.UtilityCommon.waitForElementPresent(UtilityCommon.java:193)<br />
              com.pearson.piltg.ngmelII.common.Common.loginToPlatform(Common.java:72)<br />
              com.pearson.piltg.ngmelII.RegressionNMELIII.AssignAndUpdate_ActivitiesCycle.assignActivityBasicMode(AssignAndUpdate_ActivitiesCycle.java:116)<br />
              sun.reflect.NativeMethodAccessorImpl.invoke0(Native Method)<br />
              sun.reflect.NativeMethodAccessorImpl.invoke(NativeMethodAccessorImpl.java:57)<br />
              sun.reflect.DelegatingMethodAccessorImpl.invoke(DelegatingMethodAccessorImpl.java:43)<br />
              java.lang.reflect.Method.invoke(Method.java:606)<br />
              org.testng.internal.MethodHelper.invokeMethod(MethodHelper.java:580)<br />
              org.testng.internal.Invoker.invokeMethod(Invoker.java:478)<br />
              org.testng.internal.Invoker.invokeTestMethod(Invoker.java:607)<br />
              org.testng.internal.Invoker.invokeTestMethods(Invoker.java:874)<br />
              org.testng.internal.TestMethodWorker.invokeTestMethods(TestMethodWorker.java:125)<br />
              org.testng.internal.TestMethodWorker.run(TestMethodWorker.java:109)<br />
              org.testng.TestRunner.runWorkers(TestRunner.java:689)<br />
              org.testng.TestRunner.privateRun(TestRunner.java:566)<br />
              org.testng.TestRunner.run(TestRunner.java:466)<br />
              org.testng.SuiteRunner.runTest(SuiteRunner.java:301)<br />
              org.testng.SuiteRunner.runSequentially(SuiteRunner.java:296)<br />
              org.testng.SuiteRunner.privateRun(SuiteRunner.java:276)<br />
              org.testng.SuiteRunner.run(SuiteRunner.java:191)<br />
              org.testng.TestNG.createAndRunSuiteRunners(TestNG.java:808)<br />
              org.testng.TestNG.runSuitesLocally(TestNG.java:776)<br />
              org.testng.TestNG.run(TestNG.java:701)<br />
              org.apache.maven.surefire.testng.TestNGExecutor.run(TestNGExecutor.java:74)<br />
              org.apache.maven.surefire.testng.TestNGXmlTestSuite.execute(TestNGXmlTestSuite.java:92)<br />
              org.apache.maven.surefire.Surefire.run(Surefire.java:180)<br />
              sun.reflect.NativeMethodAccessorImpl.invoke0(Native Method)<br />
              sun.reflect.NativeMethodAccessorImpl.invoke(NativeMethodAccessorImpl.java:57)<br />
              sun.reflect.DelegatingMethodAccessorImpl.invoke(DelegatingMethodAccessorImpl.java:43)<br />
              java.lang.reflect.Method.invoke(Method.java:606)<br />
              org.apache.maven.surefire.booter.SurefireBooter.runSuitesInProcess(SurefireBooter.java:350)<br />
              org.apache.maven.surefire.booter.SurefireBooter.main(SurefireBooter.java:1021)<br />
                    <b>Caused by: </b> <a href="javascript:toggleElement('exception-1', 'block')" title="Click to expand/collapse">org.openqa.selenium.NoSuchElementException: no such element<br/>
&nbsp; (Session info: chrome=37.0.2062.124)<br/>
&nbsp; (Driver info: chromedriver=2.8.241075,platform=Windows NT 6.3 x86_64) (WARNING: The server did not provide any stacktrace information)<br/>
Command duration or timeout: 120.06 seconds<br/>
For documentation on this error, please visit: http://seleniumhq.org/exceptions/no_such_element.html<br/>
Build info: version: &apos;2.39.0&apos;, revision: &apos;14fa800511cc5d66d426e08b0b2ab926c7ed7398&apos;, time: &apos;2013-12-16 13:18:38&apos;<br/>
System info: host: &apos;BRICAWL-9JDVVY1&apos;, ip: &apos;192.168.1.17&apos;, os.name: &apos;Windows 8&apos;, os.arch: &apos;amd64&apos;, os.version: &apos;6.2&apos;, java.version: &apos;1.7.0_51&apos;<br/>
Session ID: b9da62cde95021c2e086797362998167<br/>
Driver info: org.openqa.selenium.chrome.ChromeDriver<br/>
Capabilities [{platform=WIN8, acceptSslCerts=true, javascriptEnabled=true, browserName=chrome, chrome={userDataDir=C:\Users\ubasaja\AppData\Local\Temp\scoped_dir8448_11499}, rotatable=false, locationContextEnabled=true, version=37.0.2062.124, takesHeapSnapshot=true, cssSelectorsEnabled=true, databaseEnabled=false, handlesAlerts=true, browserConnectionEnabled=false, nativeEvents=true, webStorageEnabled=true, applicationCacheEnabled=false, takesScreenshot=true}]</a><br />
        <div class="stackTrace" id="exception-1">
                      sun.reflect.GeneratedConstructorAccessor16.newInstance(Unknown Source)<br />
                      sun.reflect.DelegatingConstructorAccessorImpl.newInstance(DelegatingConstructorAccessorImpl.java:45)<br />
                      java.lang.reflect.Constructor.newInstance(Constructor.java:526)<br />
                      org.openqa.selenium.remote.ErrorHandler.createThrowable(ErrorHandler.java:193)<br />
                      org.openqa.selenium.remote.ErrorHandler.throwIfResponseFailed(ErrorHandler.java:145)<br />
                      org.openqa.selenium.remote.RemoteWebDriver.execute(RemoteWebDriver.java:554)<br />
                      org.openqa.selenium.remote.RemoteWebDriver.findElement(RemoteWebDriver.java:307)<br />
                      org.openqa.selenium.remote.RemoteWebDriver.findElementById(RemoteWebDriver.java:348)<br />
                      org.openqa.selenium.By$ById.findElement(By.java:220)<br />
                      org.openqa.selenium.remote.RemoteWebDriver.findElement(RemoteWebDriver.java:299)<br />
                      org.openqa.selenium.support.ui.ExpectedConditions.findElement(ExpectedConditions.java:730)<br />
                      org.openqa.selenium.support.ui.ExpectedConditions.access$000(ExpectedConditions.java:39)<br />
                      org.openqa.selenium.support.ui.ExpectedConditions$3.apply(ExpectedConditions.java:106)<br />
                      org.openqa.selenium.support.ui.ExpectedConditions$3.apply(ExpectedConditions.java:103)<br />
                      org.openqa.selenium.support.ui.FluentWait.until(FluentWait.java:208)<br />
                      com.pearson.piltg.ngmelII.util.UtilityCommon.waitForElementPresent(UtilityCommon.java:193)<br />
                      com.pearson.piltg.ngmelII.common.Common.loginToPlatform(Common.java:72)<br />
                      com.pearson.piltg.ngmelII.RegressionNMELIII.AssignAndUpdate_ActivitiesCycle.assignActivityBasicMode(AssignAndUpdate_ActivitiesCycle.java:116)<br />
                      sun.reflect.NativeMethodAccessorImpl.invoke0(Native Method)<br />
                      sun.reflect.NativeMethodAccessorImpl.invoke(NativeMethodAccessorImpl.java:57)<br />
                      sun.reflect.DelegatingMethodAccessorImpl.invoke(DelegatingMethodAccessorImpl.java:43)<br />
                      java.lang.reflect.Method.invoke(Method.java:606)<br />
                      org.testng.internal.MethodHelper.invokeMethod(MethodHelper.java:580)<br />
                      org.testng.internal.Invoker.invokeMethod(Invoker.java:478)<br />
                      org.testng.internal.Invoker.invokeTestMethod(Invoker.java:607)<br />
                      org.testng.internal.Invoker.invokeTestMethods(Invoker.java:874)<br />
                      org.testng.internal.TestMethodWorker.invokeTestMethods(TestMethodWorker.java:125)<br />
                      org.testng.internal.TestMethodWorker.run(TestMethodWorker.java:109)<br />
                      org.testng.TestRunner.runWorkers(TestRunner.java:689)<br />
                      org.testng.TestRunner.privateRun(TestRunner.java:566)<br />
                      org.testng.TestRunner.run(TestRunner.java:466)<br />
                      org.testng.SuiteRunner.runTest(SuiteRunner.java:301)<br />
                      org.testng.SuiteRunner.runSequentially(SuiteRunner.java:296)<br />
                      org.testng.SuiteRunner.privateRun(SuiteRunner.java:276)<br />
                      org.testng.SuiteRunner.run(SuiteRunner.java:191)<br />
                      org.testng.TestNG.createAndRunSuiteRunners(TestNG.java:808)<br />
                      org.testng.TestNG.runSuitesLocally(TestNG.java:776)<br />
                      org.testng.TestNG.run(TestNG.java:701)<br />
                      org.apache.maven.surefire.testng.TestNGExecutor.run(TestNGExecutor.java:74)<br />
                      org.apache.maven.surefire.testng.TestNGXmlTestSuite.execute(TestNGXmlTestSuite.java:92)<br />
                      org.apache.maven.surefire.Surefire.run(Surefire.java:180)<br />
                      sun.reflect.NativeMethodAccessorImpl.invoke0(Native Method)<br />
                      sun.reflect.NativeMethodAccessorImpl.invoke(NativeMethodAccessorImpl.java:57)<br />
                      sun.reflect.DelegatingMethodAccessorImpl.invoke(DelegatingMethodAccessorImpl.java:43)<br />
                      java.lang.reflect.Method.invoke(Method.java:606)<br />
                      org.apache.maven.surefire.booter.SurefireBooter.runSuitesInProcess(SurefireBooter.java:350)<br />
                      org.apache.maven.surefire.booter.SurefireBooter.main(SurefireBooter.java:1021)<br />
                  </div>
          </div>
      </td>
</tr>
<tr>
  <td class="method">
                  <span class="description" title="NEWNGMEL_113_3">assignAssignmentDefaultSettingExpertMode</span>
      </td>
  <td class="duration">
    285.285s
  </td>
  <td class="result">
        
    
            <div class="testOutput">
                        Test method: NEWNGMEL_113_3
                                <br> <font color=green>Home tab is loaded correctly</font>
                                Home Page is loaded
                                Current Tab selected isSETTINGS
                                <br> PERSONAL PROFILE tab is loaded correctly
                                Teacher is in Expert mode
                                <br> Course Management tab is loaded correctly
                                <br> Course Management tab is loaded correctly
                                Error In the Page
                  </div>
    

        <a href="javascript:toggleElement('exception-2', 'block')" title="Click to expand/collapse"><b>org.openqa.selenium.WebDriverException: unknown error: Element is not clickable at point (1075, 22). Other element would receive the click: &lt;li class=&quot;flash-notice expiredCourses&quot;&gt;...&lt;/li&gt;<br/>
&nbsp; (Session info: chrome=37.0.2062.124)<br/>
&nbsp; (Driver info: chromedriver=2.8.241075,platform=Windows NT 6.3 x86_64) (WARNING: The server did not provide any stacktrace information)<br/>
Command duration or timeout: 54 milliseconds<br/>
Build info: version: &apos;2.39.0&apos;, revision: &apos;14fa800511cc5d66d426e08b0b2ab926c7ed7398&apos;, time: &apos;2013-12-16 13:18:38&apos;<br/>
System info: host: &apos;BRICAWL-9JDVVY1&apos;, ip: &apos;192.168.1.17&apos;, os.name: &apos;Windows 8&apos;, os.arch: &apos;amd64&apos;, os.version: &apos;6.2&apos;, java.version: &apos;1.7.0_51&apos;<br/>
Session ID: b9da62cde95021c2e086797362998167<br/>
Driver info: org.openqa.selenium.chrome.ChromeDriver<br/>
Capabilities [{platform=WIN8, acceptSslCerts=true, javascriptEnabled=true, browserName=chrome, chrome={userDataDir=C:\Users\ubasaja\AppData\Local\Temp\scoped_dir8448_11499}, rotatable=false, locationContextEnabled=true, version=37.0.2062.124, takesHeapSnapshot=true, cssSelectorsEnabled=true, databaseEnabled=false, handlesAlerts=true, browserConnectionEnabled=false, nativeEvents=true, webStorageEnabled=true, applicationCacheEnabled=false, takesScreenshot=true}]</b></a><br />
    <div class="stackTrace" id="exception-2">
              sun.reflect.NativeConstructorAccessorImpl.newInstance0(Native Method)<br />
              sun.reflect.NativeConstructorAccessorImpl.newInstance(NativeConstructorAccessorImpl.java:57)<br />
              sun.reflect.DelegatingConstructorAccessorImpl.newInstance(DelegatingConstructorAccessorImpl.java:45)<br />
              java.lang.reflect.Constructor.newInstance(Constructor.java:526)<br />
              org.openqa.selenium.remote.ErrorHandler.createThrowable(ErrorHandler.java:193)<br />
              org.openqa.selenium.remote.ErrorHandler.throwIfResponseFailed(ErrorHandler.java:145)<br />
              org.openqa.selenium.remote.RemoteWebDriver.execute(RemoteWebDriver.java:554)<br />
              org.openqa.selenium.remote.RemoteWebElement.execute(RemoteWebElement.java:268)<br />
              org.openqa.selenium.remote.RemoteWebElement.click(RemoteWebElement.java:79)<br />
              com.pearson.piltg.ngmelII.util.UtilityCommon.clickAndWait(UtilityCommon.java:431)<br />
              com.pearson.piltg.ngmelII.common.Common.logoutFromTheApplication(Common.java:199)<br />
              com.pearson.piltg.ngmelII.RegressionNMELIII.AssignAndUpdate_ActivitiesCycle.assignAssignmentDefaultSettingExpertMode(AssignAndUpdate_ActivitiesCycle.java:780)<br />
              sun.reflect.NativeMethodAccessorImpl.invoke0(Native Method)<br />
              sun.reflect.NativeMethodAccessorImpl.invoke(NativeMethodAccessorImpl.java:57)<br />
              sun.reflect.DelegatingMethodAccessorImpl.invoke(DelegatingMethodAccessorImpl.java:43)<br />
              java.lang.reflect.Method.invoke(Method.java:606)<br />
              org.testng.internal.MethodHelper.invokeMethod(MethodHelper.java:580)<br />
              org.testng.internal.Invoker.invokeMethod(Invoker.java:478)<br />
              org.testng.internal.Invoker.invokeTestMethod(Invoker.java:607)<br />
              org.testng.internal.Invoker.invokeTestMethods(Invoker.java:874)<br />
              org.testng.internal.TestMethodWorker.invokeTestMethods(TestMethodWorker.java:125)<br />
              org.testng.internal.TestMethodWorker.run(TestMethodWorker.java:109)<br />
              org.testng.TestRunner.runWorkers(TestRunner.java:689)<br />
              org.testng.TestRunner.privateRun(TestRunner.java:566)<br />
              org.testng.TestRunner.run(TestRunner.java:466)<br />
              org.testng.SuiteRunner.runTest(SuiteRunner.java:301)<br />
              org.testng.SuiteRunner.runSequentially(SuiteRunner.java:296)<br />
              org.testng.SuiteRunner.privateRun(SuiteRunner.java:276)<br />
              org.testng.SuiteRunner.run(SuiteRunner.java:191)<br />
              org.testng.TestNG.createAndRunSuiteRunners(TestNG.java:808)<br />
              org.testng.TestNG.runSuitesLocally(TestNG.java:776)<br />
              org.testng.TestNG.run(TestNG.java:701)<br />
              org.apache.maven.surefire.testng.TestNGExecutor.run(TestNGExecutor.java:74)<br />
              org.apache.maven.surefire.testng.TestNGXmlTestSuite.execute(TestNGXmlTestSuite.java:92)<br />
              org.apache.maven.surefire.Surefire.run(Surefire.java:180)<br />
              sun.reflect.NativeMethodAccessorImpl.invoke0(Native Method)<br />
              sun.reflect.NativeMethodAccessorImpl.invoke(NativeMethodAccessorImpl.java:57)<br />
              sun.reflect.DelegatingMethodAccessorImpl.invoke(DelegatingMethodAccessorImpl.java:43)<br />
              java.lang.reflect.Method.invoke(Method.java:606)<br />
              org.apache.maven.surefire.booter.SurefireBooter.runSuitesInProcess(SurefireBooter.java:350)<br />
              org.apache.maven.surefire.booter.SurefireBooter.main(SurefireBooter.java:1021)<br />
                </div>
      </td>
</tr>
<tr>
  <td class="method">
                  assignTestBasicModeDueDateTimer
      </td>
  <td class="duration">
    120.996s
  </td>
  <td class="result">
        
    
            <div class="testOutput">
                        Test method: NEWNGMEL_336_7,NEWNGMEL_336_9,NEWNGMEL_336_10,NEWNGMEL_336_12,Toc-Student NEWNGMEL-2269_1
                  </div>
    

        <a href="javascript:toggleElement('exception-3', 'block')" title="Click to expand/collapse"><b>org.openqa.selenium.TimeoutException: Timed out after 120 seconds waiting for presence of element located by: By.id: username<br/>
Build info: version: &apos;2.39.0&apos;, revision: &apos;14fa800511cc5d66d426e08b0b2ab926c7ed7398&apos;, time: &apos;2013-12-16 13:18:38&apos;<br/>
System info: host: &apos;BRICAWL-9JDVVY1&apos;, ip: &apos;192.168.1.17&apos;, os.name: &apos;Windows 8&apos;, os.arch: &apos;amd64&apos;, os.version: &apos;6.2&apos;, java.version: &apos;1.7.0_51&apos;<br/>
Driver info: driver.version: unknown</b></a><br />
    <div class="stackTrace" id="exception-3">
              org.openqa.selenium.support.ui.FluentWait.timeoutException(FluentWait.java:259)<br />
              org.openqa.selenium.support.ui.FluentWait.until(FluentWait.java:228)<br />
              com.pearson.piltg.ngmelII.util.UtilityCommon.waitForElementPresent(UtilityCommon.java:193)<br />
              com.pearson.piltg.ngmelII.common.Common.loginToPlatform(Common.java:72)<br />
              com.pearson.piltg.ngmelII.RegressionNMELIII.AssignAndUpdate_ActivitiesCycle.assignTestBasicModeDueDateTimer(AssignAndUpdate_ActivitiesCycle.java:227)<br />
              sun.reflect.NativeMethodAccessorImpl.invoke0(Native Method)<br />
              sun.reflect.NativeMethodAccessorImpl.invoke(NativeMethodAccessorImpl.java:57)<br />
              sun.reflect.DelegatingMethodAccessorImpl.invoke(DelegatingMethodAccessorImpl.java:43)<br />
              java.lang.reflect.Method.invoke(Method.java:606)<br />
              org.testng.internal.MethodHelper.invokeMethod(MethodHelper.java:580)<br />
              org.testng.internal.Invoker.invokeMethod(Invoker.java:478)<br />
              org.testng.internal.Invoker.invokeTestMethod(Invoker.java:607)<br />
              org.testng.internal.Invoker.invokeTestMethods(Invoker.java:874)<br />
              org.testng.internal.TestMethodWorker.invokeTestMethods(TestMethodWorker.java:125)<br />
              org.testng.internal.TestMethodWorker.run(TestMethodWorker.java:109)<br />
              org.testng.TestRunner.runWorkers(TestRunner.java:689)<br />
              org.testng.TestRunner.privateRun(TestRunner.java:566)<br />
              org.testng.TestRunner.run(TestRunner.java:466)<br />
              org.testng.SuiteRunner.runTest(SuiteRunner.java:301)<br />
              org.testng.SuiteRunner.runSequentially(SuiteRunner.java:296)<br />
              org.testng.SuiteRunner.privateRun(SuiteRunner.java:276)<br />
              org.testng.SuiteRunner.run(SuiteRunner.java:191)<br />
              org.testng.TestNG.createAndRunSuiteRunners(TestNG.java:808)<br />
              org.testng.TestNG.runSuitesLocally(TestNG.java:776)<br />
              org.testng.TestNG.run(TestNG.java:701)<br />
              org.apache.maven.surefire.testng.TestNGExecutor.run(TestNGExecutor.java:74)<br />
              org.apache.maven.surefire.testng.TestNGXmlTestSuite.execute(TestNGXmlTestSuite.java:92)<br />
              org.apache.maven.surefire.Surefire.run(Surefire.java:180)<br />
              sun.reflect.NativeMethodAccessorImpl.invoke0(Native Method)<br />
              sun.reflect.NativeMethodAccessorImpl.invoke(NativeMethodAccessorImpl.java:57)<br />
              sun.reflect.DelegatingMethodAccessorImpl.invoke(DelegatingMethodAccessorImpl.java:43)<br />
              java.lang.reflect.Method.invoke(Method.java:606)<br />
              org.apache.maven.surefire.booter.SurefireBooter.runSuitesInProcess(SurefireBooter.java:350)<br />
              org.apache.maven.surefire.booter.SurefireBooter.main(SurefireBooter.java:1021)<br />
                    <b>Caused by: </b> <a href="javascript:toggleElement('exception-4', 'block')" title="Click to expand/collapse">org.openqa.selenium.NoSuchElementException: no such element<br/>
&nbsp; (Session info: chrome=37.0.2062.124)<br/>
&nbsp; (Driver info: chromedriver=2.8.241075,platform=Windows NT 6.3 x86_64) (WARNING: The server did not provide any stacktrace information)<br/>
Command duration or timeout: 120.03 seconds<br/>
For documentation on this error, please visit: http://seleniumhq.org/exceptions/no_such_element.html<br/>
Build info: version: &apos;2.39.0&apos;, revision: &apos;14fa800511cc5d66d426e08b0b2ab926c7ed7398&apos;, time: &apos;2013-12-16 13:18:38&apos;<br/>
System info: host: &apos;BRICAWL-9JDVVY1&apos;, ip: &apos;192.168.1.17&apos;, os.name: &apos;Windows 8&apos;, os.arch: &apos;amd64&apos;, os.version: &apos;6.2&apos;, java.version: &apos;1.7.0_51&apos;<br/>
Session ID: b9da62cde95021c2e086797362998167<br/>
Driver info: org.openqa.selenium.chrome.ChromeDriver<br/>
Capabilities [{platform=WIN8, acceptSslCerts=true, javascriptEnabled=true, browserName=chrome, chrome={userDataDir=C:\Users\ubasaja\AppData\Local\Temp\scoped_dir8448_11499}, rotatable=false, locationContextEnabled=true, version=37.0.2062.124, takesHeapSnapshot=true, cssSelectorsEnabled=true, databaseEnabled=false, handlesAlerts=true, browserConnectionEnabled=false, nativeEvents=true, webStorageEnabled=true, applicationCacheEnabled=false, takesScreenshot=true}]</a><br />
        <div class="stackTrace" id="exception-4">
                      sun.reflect.GeneratedConstructorAccessor16.newInstance(Unknown Source)<br />
                      sun.reflect.DelegatingConstructorAccessorImpl.newInstance(DelegatingConstructorAccessorImpl.java:45)<br />
                      java.lang.reflect.Constructor.newInstance(Constructor.java:526)<br />
                      org.openqa.selenium.remote.ErrorHandler.createThrowable(ErrorHandler.java:193)<br />
                      org.openqa.selenium.remote.ErrorHandler.throwIfResponseFailed(ErrorHandler.java:145)<br />
                      org.openqa.selenium.remote.RemoteWebDriver.execute(RemoteWebDriver.java:554)<br />
                      org.openqa.selenium.remote.RemoteWebDriver.findElement(RemoteWebDriver.java:307)<br />
                      org.openqa.selenium.remote.RemoteWebDriver.findElementById(RemoteWebDriver.java:348)<br />
                      org.openqa.selenium.By$ById.findElement(By.java:220)<br />
                      org.openqa.selenium.remote.RemoteWebDriver.findElement(RemoteWebDriver.java:299)<br />
                      org.openqa.selenium.support.ui.ExpectedConditions.findElement(ExpectedConditions.java:730)<br />
                      org.openqa.selenium.support.ui.ExpectedConditions.access$000(ExpectedConditions.java:39)<br />
                      org.openqa.selenium.support.ui.ExpectedConditions$3.apply(ExpectedConditions.java:106)<br />
                      org.openqa.selenium.support.ui.ExpectedConditions$3.apply(ExpectedConditions.java:103)<br />
                      org.openqa.selenium.support.ui.FluentWait.until(FluentWait.java:208)<br />
                      com.pearson.piltg.ngmelII.util.UtilityCommon.waitForElementPresent(UtilityCommon.java:193)<br />
                      com.pearson.piltg.ngmelII.common.Common.loginToPlatform(Common.java:72)<br />
                      com.pearson.piltg.ngmelII.RegressionNMELIII.AssignAndUpdate_ActivitiesCycle.assignTestBasicModeDueDateTimer(AssignAndUpdate_ActivitiesCycle.java:227)<br />
                      sun.reflect.NativeMethodAccessorImpl.invoke0(Native Method)<br />
                      sun.reflect.NativeMethodAccessorImpl.invoke(NativeMethodAccessorImpl.java:57)<br />
                      sun.reflect.DelegatingMethodAccessorImpl.invoke(DelegatingMethodAccessorImpl.java:43)<br />
                      java.lang.reflect.Method.invoke(Method.java:606)<br />
                      org.testng.internal.MethodHelper.invokeMethod(MethodHelper.java:580)<br />
                      org.testng.internal.Invoker.invokeMethod(Invoker.java:478)<br />
                      org.testng.internal.Invoker.invokeTestMethod(Invoker.java:607)<br />
                      org.testng.internal.Invoker.invokeTestMethods(Invoker.java:874)<br />
                      org.testng.internal.TestMethodWorker.invokeTestMethods(TestMethodWorker.java:125)<br />
                      org.testng.internal.TestMethodWorker.run(TestMethodWorker.java:109)<br />
                      org.testng.TestRunner.runWorkers(TestRunner.java:689)<br />
                      org.testng.TestRunner.privateRun(TestRunner.java:566)<br />
                      org.testng.TestRunner.run(TestRunner.java:466)<br />
                      org.testng.SuiteRunner.runTest(SuiteRunner.java:301)<br />
                      org.testng.SuiteRunner.runSequentially(SuiteRunner.java:296)<br />
                      org.testng.SuiteRunner.privateRun(SuiteRunner.java:276)<br />
                      org.testng.SuiteRunner.run(SuiteRunner.java:191)<br />
                      org.testng.TestNG.createAndRunSuiteRunners(TestNG.java:808)<br />
                      org.testng.TestNG.runSuitesLocally(TestNG.java:776)<br />
                      org.testng.TestNG.run(TestNG.java:701)<br />
                      org.apache.maven.surefire.testng.TestNGExecutor.run(TestNGExecutor.java:74)<br />
                      org.apache.maven.surefire.testng.TestNGXmlTestSuite.execute(TestNGXmlTestSuite.java:92)<br />
                      org.apache.maven.surefire.Surefire.run(Surefire.java:180)<br />
                      sun.reflect.NativeMethodAccessorImpl.invoke0(Native Method)<br />
                      sun.reflect.NativeMethodAccessorImpl.invoke(NativeMethodAccessorImpl.java:57)<br />
                      sun.reflect.DelegatingMethodAccessorImpl.invoke(DelegatingMethodAccessorImpl.java:43)<br />
                      java.lang.reflect.Method.invoke(Method.java:606)<br />
                      org.apache.maven.surefire.booter.SurefireBooter.runSuitesInProcess(SurefireBooter.java:350)<br />
                      org.apache.maven.surefire.booter.SurefireBooter.main(SurefireBooter.java:1021)<br />
                  </div>
          </div>
      </td>
</tr>
<tr>
  <td class="method">
                  <span class="description" title="NEWNGMEL-2037_10">sendAssignmentPageVerificationForCourseEndDateGreaterExpertMode</span>
      </td>
  <td class="duration">
    121.156s
  </td>
  <td class="result">
        
    
            <div class="testOutput">
                        Test method: NEWNGMEL-2037_10.
                  </div>
    

        <a href="javascript:toggleElement('exception-5', 'block')" title="Click to expand/collapse"><b>org.openqa.selenium.TimeoutException: Timed out after 120 seconds waiting for presence of element located by: By.id: username<br/>
Build info: version: &apos;2.39.0&apos;, revision: &apos;14fa800511cc5d66d426e08b0b2ab926c7ed7398&apos;, time: &apos;2013-12-16 13:18:38&apos;<br/>
System info: host: &apos;BRICAWL-9JDVVY1&apos;, ip: &apos;192.168.1.17&apos;, os.name: &apos;Windows 8&apos;, os.arch: &apos;amd64&apos;, os.version: &apos;6.2&apos;, java.version: &apos;1.7.0_51&apos;<br/>
Driver info: driver.version: unknown</b></a><br />
    <div class="stackTrace" id="exception-5">
              org.openqa.selenium.support.ui.FluentWait.timeoutException(FluentWait.java:259)<br />
              org.openqa.selenium.support.ui.FluentWait.until(FluentWait.java:228)<br />
              com.pearson.piltg.ngmelII.util.UtilityCommon.waitForElementPresent(UtilityCommon.java:193)<br />
              com.pearson.piltg.ngmelII.common.Common.loginToPlatform(Common.java:72)<br />
              com.pearson.piltg.ngmelII.RegressionNMELIII.AssignAndUpdate_ActivitiesCycle.sendAssignmentPageVerificationForCourseEndDateGreaterExpertMode(AssignAndUpdate_ActivitiesCycle.java:796)<br />
              sun.reflect.NativeMethodAccessorImpl.invoke0(Native Method)<br />
              sun.reflect.NativeMethodAccessorImpl.invoke(NativeMethodAccessorImpl.java:57)<br />
              sun.reflect.DelegatingMethodAccessorImpl.invoke(DelegatingMethodAccessorImpl.java:43)<br />
              java.lang.reflect.Method.invoke(Method.java:606)<br />
              org.testng.internal.MethodHelper.invokeMethod(MethodHelper.java:580)<br />
              org.testng.internal.Invoker.invokeMethod(Invoker.java:478)<br />
              org.testng.internal.Invoker.invokeTestMethod(Invoker.java:607)<br />
              org.testng.internal.Invoker.invokeTestMethods(Invoker.java:874)<br />
              org.testng.internal.TestMethodWorker.invokeTestMethods(TestMethodWorker.java:125)<br />
              org.testng.internal.TestMethodWorker.run(TestMethodWorker.java:109)<br />
              org.testng.TestRunner.runWorkers(TestRunner.java:689)<br />
              org.testng.TestRunner.privateRun(TestRunner.java:566)<br />
              org.testng.TestRunner.run(TestRunner.java:466)<br />
              org.testng.SuiteRunner.runTest(SuiteRunner.java:301)<br />
              org.testng.SuiteRunner.runSequentially(SuiteRunner.java:296)<br />
              org.testng.SuiteRunner.privateRun(SuiteRunner.java:276)<br />
              org.testng.SuiteRunner.run(SuiteRunner.java:191)<br />
              org.testng.TestNG.createAndRunSuiteRunners(TestNG.java:808)<br />
              org.testng.TestNG.runSuitesLocally(TestNG.java:776)<br />
              org.testng.TestNG.run(TestNG.java:701)<br />
              org.apache.maven.surefire.testng.TestNGExecutor.run(TestNGExecutor.java:74)<br />
              org.apache.maven.surefire.testng.TestNGXmlTestSuite.execute(TestNGXmlTestSuite.java:92)<br />
              org.apache.maven.surefire.Surefire.run(Surefire.java:180)<br />
              sun.reflect.NativeMethodAccessorImpl.invoke0(Native Method)<br />
              sun.reflect.NativeMethodAccessorImpl.invoke(NativeMethodAccessorImpl.java:57)<br />
              sun.reflect.DelegatingMethodAccessorImpl.invoke(DelegatingMethodAccessorImpl.java:43)<br />
              java.lang.reflect.Method.invoke(Method.java:606)<br />
              org.apache.maven.surefire.booter.SurefireBooter.runSuitesInProcess(SurefireBooter.java:350)<br />
              org.apache.maven.surefire.booter.SurefireBooter.main(SurefireBooter.java:1021)<br />
                    <b>Caused by: </b> <a href="javascript:toggleElement('exception-6', 'block')" title="Click to expand/collapse">org.openqa.selenium.NoSuchElementException: no such element<br/>
&nbsp; (Session info: chrome=37.0.2062.124)<br/>
&nbsp; (Driver info: chromedriver=2.8.241075,platform=Windows NT 6.3 x86_64) (WARNING: The server did not provide any stacktrace information)<br/>
Command duration or timeout: 120.03 seconds<br/>
For documentation on this error, please visit: http://seleniumhq.org/exceptions/no_such_element.html<br/>
Build info: version: &apos;2.39.0&apos;, revision: &apos;14fa800511cc5d66d426e08b0b2ab926c7ed7398&apos;, time: &apos;2013-12-16 13:18:38&apos;<br/>
System info: host: &apos;BRICAWL-9JDVVY1&apos;, ip: &apos;192.168.1.17&apos;, os.name: &apos;Windows 8&apos;, os.arch: &apos;amd64&apos;, os.version: &apos;6.2&apos;, java.version: &apos;1.7.0_51&apos;<br/>
Session ID: b9da62cde95021c2e086797362998167<br/>
Driver info: org.openqa.selenium.chrome.ChromeDriver<br/>
Capabilities [{platform=WIN8, acceptSslCerts=true, javascriptEnabled=true, browserName=chrome, chrome={userDataDir=C:\Users\ubasaja\AppData\Local\Temp\scoped_dir8448_11499}, rotatable=false, locationContextEnabled=true, version=37.0.2062.124, takesHeapSnapshot=true, cssSelectorsEnabled=true, databaseEnabled=false, handlesAlerts=true, browserConnectionEnabled=false, nativeEvents=true, webStorageEnabled=true, applicationCacheEnabled=false, takesScreenshot=true}]</a><br />
        <div class="stackTrace" id="exception-6">
                      sun.reflect.GeneratedConstructorAccessor16.newInstance(Unknown Source)<br />
                      sun.reflect.DelegatingConstructorAccessorImpl.newInstance(DelegatingConstructorAccessorImpl.java:45)<br />
                      java.lang.reflect.Constructor.newInstance(Constructor.java:526)<br />
                      org.openqa.selenium.remote.ErrorHandler.createThrowable(ErrorHandler.java:193)<br />
                      org.openqa.selenium.remote.ErrorHandler.throwIfResponseFailed(ErrorHandler.java:145)<br />
                      org.openqa.selenium.remote.RemoteWebDriver.execute(RemoteWebDriver.java:554)<br />
                      org.openqa.selenium.remote.RemoteWebDriver.findElement(RemoteWebDriver.java:307)<br />
                      org.openqa.selenium.remote.RemoteWebDriver.findElementById(RemoteWebDriver.java:348)<br />
                      org.openqa.selenium.By$ById.findElement(By.java:220)<br />
                      org.openqa.selenium.remote.RemoteWebDriver.findElement(RemoteWebDriver.java:299)<br />
                      org.openqa.selenium.support.ui.ExpectedConditions.findElement(ExpectedConditions.java:730)<br />
                      org.openqa.selenium.support.ui.ExpectedConditions.access$000(ExpectedConditions.java:39)<br />
                      org.openqa.selenium.support.ui.ExpectedConditions$3.apply(ExpectedConditions.java:106)<br />
                      org.openqa.selenium.support.ui.ExpectedConditions$3.apply(ExpectedConditions.java:103)<br />
                      org.openqa.selenium.support.ui.FluentWait.until(FluentWait.java:208)<br />
                      com.pearson.piltg.ngmelII.util.UtilityCommon.waitForElementPresent(UtilityCommon.java:193)<br />
                      com.pearson.piltg.ngmelII.common.Common.loginToPlatform(Common.java:72)<br />
                      com.pearson.piltg.ngmelII.RegressionNMELIII.AssignAndUpdate_ActivitiesCycle.sendAssignmentPageVerificationForCourseEndDateGreaterExpertMode(AssignAndUpdate_ActivitiesCycle.java:796)<br />
                      sun.reflect.NativeMethodAccessorImpl.invoke0(Native Method)<br />
                      sun.reflect.NativeMethodAccessorImpl.invoke(NativeMethodAccessorImpl.java:57)<br />
                      sun.reflect.DelegatingMethodAccessorImpl.invoke(DelegatingMethodAccessorImpl.java:43)<br />
                      java.lang.reflect.Method.invoke(Method.java:606)<br />
                      org.testng.internal.MethodHelper.invokeMethod(MethodHelper.java:580)<br />
                      org.testng.internal.Invoker.invokeMethod(Invoker.java:478)<br />
                      org.testng.internal.Invoker.invokeTestMethod(Invoker.java:607)<br />
                      org.testng.internal.Invoker.invokeTestMethods(Invoker.java:874)<br />
                      org.testng.internal.TestMethodWorker.invokeTestMethods(TestMethodWorker.java:125)<br />
                      org.testng.internal.TestMethodWorker.run(TestMethodWorker.java:109)<br />
                      org.testng.TestRunner.runWorkers(TestRunner.java:689)<br />
                      org.testng.TestRunner.privateRun(TestRunner.java:566)<br />
                      org.testng.TestRunner.run(TestRunner.java:466)<br />
                      org.testng.SuiteRunner.runTest(SuiteRunner.java:301)<br />
                      org.testng.SuiteRunner.runSequentially(SuiteRunner.java:296)<br />
                      org.testng.SuiteRunner.privateRun(SuiteRunner.java:276)<br />
                      org.testng.SuiteRunner.run(SuiteRunner.java:191)<br />
                      org.testng.TestNG.createAndRunSuiteRunners(TestNG.java:808)<br />
                      org.testng.TestNG.runSuitesLocally(TestNG.java:776)<br />
                      org.testng.TestNG.run(TestNG.java:701)<br />
                      org.apache.maven.surefire.testng.TestNGExecutor.run(TestNGExecutor.java:74)<br />
                      org.apache.maven.surefire.testng.TestNGXmlTestSuite.execute(TestNGXmlTestSuite.java:92)<br />
                      org.apache.maven.surefire.Surefire.run(Surefire.java:180)<br />
                      sun.reflect.NativeMethodAccessorImpl.invoke0(Native Method)<br />
                      sun.reflect.NativeMethodAccessorImpl.invoke(NativeMethodAccessorImpl.java:57)<br />
                      sun.reflect.DelegatingMethodAccessorImpl.invoke(DelegatingMethodAccessorImpl.java:43)<br />
                      java.lang.reflect.Method.invoke(Method.java:606)<br />
                      org.apache.maven.surefire.booter.SurefireBooter.runSuitesInProcess(SurefireBooter.java:350)<br />
                      org.apache.maven.surefire.booter.SurefireBooter.main(SurefireBooter.java:1021)<br />
                  </div>
          </div>
      </td>
</tr>
<tr>
  <td class="method">
                  <span class="description" title="NEWNGMEL_1873_2,NEWNGMEL_1873_3">studentsAttemptsPractiseActivity</span>
      </td>
  <td class="duration">
    121.319s
  </td>
  <td class="result">
        
    
            <div class="testOutput">
                        Test method: NEWNGMEL_1873_2,NEWNGMEL_1873_3
                  </div>
    

        <a href="javascript:toggleElement('exception-7', 'block')" title="Click to expand/collapse"><b>org.openqa.selenium.TimeoutException: Timed out after 120 seconds waiting for presence of element located by: By.id: username<br/>
Build info: version: &apos;2.39.0&apos;, revision: &apos;14fa800511cc5d66d426e08b0b2ab926c7ed7398&apos;, time: &apos;2013-12-16 13:18:38&apos;<br/>
System info: host: &apos;BRICAWL-9JDVVY1&apos;, ip: &apos;192.168.1.17&apos;, os.name: &apos;Windows 8&apos;, os.arch: &apos;amd64&apos;, os.version: &apos;6.2&apos;, java.version: &apos;1.7.0_51&apos;<br/>
Driver info: driver.version: unknown</b></a><br />
    <div class="stackTrace" id="exception-7">
              org.openqa.selenium.support.ui.FluentWait.timeoutException(FluentWait.java:259)<br />
              org.openqa.selenium.support.ui.FluentWait.until(FluentWait.java:228)<br />
              com.pearson.piltg.ngmelII.util.UtilityCommon.waitForElementPresent(UtilityCommon.java:193)<br />
              com.pearson.piltg.ngmelII.common.Common.loginToPlatform(Common.java:72)<br />
              com.pearson.piltg.ngmelII.RegressionNMELIII.AssignAndUpdate_ActivitiesCycle.studentsAttemptsPractiseActivity(AssignAndUpdate_ActivitiesCycle.java:870)<br />
              sun.reflect.NativeMethodAccessorImpl.invoke0(Native Method)<br />
              sun.reflect.NativeMethodAccessorImpl.invoke(NativeMethodAccessorImpl.java:57)<br />
              sun.reflect.DelegatingMethodAccessorImpl.invoke(DelegatingMethodAccessorImpl.java:43)<br />
              java.lang.reflect.Method.invoke(Method.java:606)<br />
              org.testng.internal.MethodHelper.invokeMethod(MethodHelper.java:580)<br />
              org.testng.internal.Invoker.invokeMethod(Invoker.java:478)<br />
              org.testng.internal.Invoker.invokeTestMethod(Invoker.java:607)<br />
              org.testng.internal.Invoker.invokeTestMethods(Invoker.java:874)<br />
              org.testng.internal.TestMethodWorker.invokeTestMethods(TestMethodWorker.java:125)<br />
              org.testng.internal.TestMethodWorker.run(TestMethodWorker.java:109)<br />
              org.testng.TestRunner.runWorkers(TestRunner.java:689)<br />
              org.testng.TestRunner.privateRun(TestRunner.java:566)<br />
              org.testng.TestRunner.run(TestRunner.java:466)<br />
              org.testng.SuiteRunner.runTest(SuiteRunner.java:301)<br />
              org.testng.SuiteRunner.runSequentially(SuiteRunner.java:296)<br />
              org.testng.SuiteRunner.privateRun(SuiteRunner.java:276)<br />
              org.testng.SuiteRunner.run(SuiteRunner.java:191)<br />
              org.testng.TestNG.createAndRunSuiteRunners(TestNG.java:808)<br />
              org.testng.TestNG.runSuitesLocally(TestNG.java:776)<br />
              org.testng.TestNG.run(TestNG.java:701)<br />
              org.apache.maven.surefire.testng.TestNGExecutor.run(TestNGExecutor.java:74)<br />
              org.apache.maven.surefire.testng.TestNGXmlTestSuite.execute(TestNGXmlTestSuite.java:92)<br />
              org.apache.maven.surefire.Surefire.run(Surefire.java:180)<br />
              sun.reflect.NativeMethodAccessorImpl.invoke0(Native Method)<br />
              sun.reflect.NativeMethodAccessorImpl.invoke(NativeMethodAccessorImpl.java:57)<br />
              sun.reflect.DelegatingMethodAccessorImpl.invoke(DelegatingMethodAccessorImpl.java:43)<br />
              java.lang.reflect.Method.invoke(Method.java:606)<br />
              org.apache.maven.surefire.booter.SurefireBooter.runSuitesInProcess(SurefireBooter.java:350)<br />
              org.apache.maven.surefire.booter.SurefireBooter.main(SurefireBooter.java:1021)<br />
                    <b>Caused by: </b> <a href="javascript:toggleElement('exception-8', 'block')" title="Click to expand/collapse">org.openqa.selenium.NoSuchElementException: no such element<br/>
&nbsp; (Session info: chrome=37.0.2062.124)<br/>
&nbsp; (Driver info: chromedriver=2.8.241075,platform=Windows NT 6.3 x86_64) (WARNING: The server did not provide any stacktrace information)<br/>
Command duration or timeout: 120.02 seconds<br/>
For documentation on this error, please visit: http://seleniumhq.org/exceptions/no_such_element.html<br/>
Build info: version: &apos;2.39.0&apos;, revision: &apos;14fa800511cc5d66d426e08b0b2ab926c7ed7398&apos;, time: &apos;2013-12-16 13:18:38&apos;<br/>
System info: host: &apos;BRICAWL-9JDVVY1&apos;, ip: &apos;192.168.1.17&apos;, os.name: &apos;Windows 8&apos;, os.arch: &apos;amd64&apos;, os.version: &apos;6.2&apos;, java.version: &apos;1.7.0_51&apos;<br/>
Session ID: b9da62cde95021c2e086797362998167<br/>
Driver info: org.openqa.selenium.chrome.ChromeDriver<br/>
Capabilities [{platform=WIN8, acceptSslCerts=true, javascriptEnabled=true, browserName=chrome, chrome={userDataDir=C:\Users\ubasaja\AppData\Local\Temp\scoped_dir8448_11499}, rotatable=false, locationContextEnabled=true, version=37.0.2062.124, takesHeapSnapshot=true, cssSelectorsEnabled=true, databaseEnabled=false, handlesAlerts=true, browserConnectionEnabled=false, nativeEvents=true, webStorageEnabled=true, applicationCacheEnabled=false, takesScreenshot=true}]</a><br />
        <div class="stackTrace" id="exception-8">
                      sun.reflect.GeneratedConstructorAccessor16.newInstance(Unknown Source)<br />
                      sun.reflect.DelegatingConstructorAccessorImpl.newInstance(DelegatingConstructorAccessorImpl.java:45)<br />
                      java.lang.reflect.Constructor.newInstance(Constructor.java:526)<br />
                      org.openqa.selenium.remote.ErrorHandler.createThrowable(ErrorHandler.java:193)<br />
                      org.openqa.selenium.remote.ErrorHandler.throwIfResponseFailed(ErrorHandler.java:145)<br />
                      org.openqa.selenium.remote.RemoteWebDriver.execute(RemoteWebDriver.java:554)<br />
                      org.openqa.selenium.remote.RemoteWebDriver.findElement(RemoteWebDriver.java:307)<br />
                      org.openqa.selenium.remote.RemoteWebDriver.findElementById(RemoteWebDriver.java:348)<br />
                      org.openqa.selenium.By$ById.findElement(By.java:220)<br />
                      org.openqa.selenium.remote.RemoteWebDriver.findElement(RemoteWebDriver.java:299)<br />
                      org.openqa.selenium.support.ui.ExpectedConditions.findElement(ExpectedConditions.java:730)<br />
                      org.openqa.selenium.support.ui.ExpectedConditions.access$000(ExpectedConditions.java:39)<br />
                      org.openqa.selenium.support.ui.ExpectedConditions$3.apply(ExpectedConditions.java:106)<br />
                      org.openqa.selenium.support.ui.ExpectedConditions$3.apply(ExpectedConditions.java:103)<br />
                      org.openqa.selenium.support.ui.FluentWait.until(FluentWait.java:208)<br />
                      com.pearson.piltg.ngmelII.util.UtilityCommon.waitForElementPresent(UtilityCommon.java:193)<br />
                      com.pearson.piltg.ngmelII.common.Common.loginToPlatform(Common.java:72)<br />
                      com.pearson.piltg.ngmelII.RegressionNMELIII.AssignAndUpdate_ActivitiesCycle.studentsAttemptsPractiseActivity(AssignAndUpdate_ActivitiesCycle.java:870)<br />
                      sun.reflect.NativeMethodAccessorImpl.invoke0(Native Method)<br />
                      sun.reflect.NativeMethodAccessorImpl.invoke(NativeMethodAccessorImpl.java:57)<br />
                      sun.reflect.DelegatingMethodAccessorImpl.invoke(DelegatingMethodAccessorImpl.java:43)<br />
                      java.lang.reflect.Method.invoke(Method.java:606)<br />
                      org.testng.internal.MethodHelper.invokeMethod(MethodHelper.java:580)<br />
                      org.testng.internal.Invoker.invokeMethod(Invoker.java:478)<br />
                      org.testng.internal.Invoker.invokeTestMethod(Invoker.java:607)<br />
                      org.testng.internal.Invoker.invokeTestMethods(Invoker.java:874)<br />
                      org.testng.internal.TestMethodWorker.invokeTestMethods(TestMethodWorker.java:125)<br />
                      org.testng.internal.TestMethodWorker.run(TestMethodWorker.java:109)<br />
                      org.testng.TestRunner.runWorkers(TestRunner.java:689)<br />
                      org.testng.TestRunner.privateRun(TestRunner.java:566)<br />
                      org.testng.TestRunner.run(TestRunner.java:466)<br />
                      org.testng.SuiteRunner.runTest(SuiteRunner.java:301)<br />
                      org.testng.SuiteRunner.runSequentially(SuiteRunner.java:296)<br />
                      org.testng.SuiteRunner.privateRun(SuiteRunner.java:276)<br />
                      org.testng.SuiteRunner.run(SuiteRunner.java:191)<br />
                      org.testng.TestNG.createAndRunSuiteRunners(TestNG.java:808)<br />
                      org.testng.TestNG.runSuitesLocally(TestNG.java:776)<br />
                      org.testng.TestNG.run(TestNG.java:701)<br />
                      org.apache.maven.surefire.testng.TestNGExecutor.run(TestNGExecutor.java:74)<br />
                      org.apache.maven.surefire.testng.TestNGXmlTestSuite.execute(TestNGXmlTestSuite.java:92)<br />
                      org.apache.maven.surefire.Surefire.run(Surefire.java:180)<br />
                      sun.reflect.NativeMethodAccessorImpl.invoke0(Native Method)<br />
                      sun.reflect.NativeMethodAccessorImpl.invoke(NativeMethodAccessorImpl.java:57)<br />
                      sun.reflect.DelegatingMethodAccessorImpl.invoke(DelegatingMethodAccessorImpl.java:43)<br />
                      java.lang.reflect.Method.invoke(Method.java:606)<br />
                      org.apache.maven.surefire.booter.SurefireBooter.runSuitesInProcess(SurefireBooter.java:350)<br />
                      org.apache.maven.surefire.booter.SurefireBooter.main(SurefireBooter.java:1021)<br />
                  </div>
          </div>
      </td>
</tr>
          <tr>
        <td colspan="3" class="group">com.pearson.piltg.ngmelII.RegressionNMELIII.DeleteMessage</td>
      </tr>
            
<tr>
  <td class="method">
                  <span class="description" title="NEWNGMEL-1683_3, NEWNGMEL-1683_4">studentDelete</span>
      </td>
  <td class="duration">
    150.628s
  </td>
  <td class="result">
        
    
            <div class="testOutput">
                        <br><b>Test method: NEWNGMEL-1683_3, NEWNGMEL-1683_4.</b></br>
                                Current Tab selected isMessage
                  </div>
    

        <a href="javascript:toggleElement('exception-9', 'block')" title="Click to expand/collapse"><b>org.openqa.selenium.TimeoutException: Timed out after 120 seconds waiting for presence of element located by: By.selector: a.icon.new<br/>
Build info: version: &apos;2.39.0&apos;, revision: &apos;14fa800511cc5d66d426e08b0b2ab926c7ed7398&apos;, time: &apos;2013-12-16 13:18:38&apos;<br/>
System info: host: &apos;BRICAWL-9JDVVY1&apos;, ip: &apos;192.168.1.17&apos;, os.name: &apos;Windows 8&apos;, os.arch: &apos;amd64&apos;, os.version: &apos;6.2&apos;, java.version: &apos;1.7.0_51&apos;<br/>
Driver info: driver.version: unknown</b></a><br />
    <div class="stackTrace" id="exception-9">
              org.openqa.selenium.support.ui.FluentWait.timeoutException(FluentWait.java:259)<br />
              org.openqa.selenium.support.ui.FluentWait.until(FluentWait.java:228)<br />
              com.pearson.piltg.ngmelII.util.UtilityCommon.waitForElementPresent(UtilityCommon.java:193)<br />
              com.pearson.piltg.ngmelII.message.page.MessageCommon.selectMessageSubTab(MessageCommon.java:32)<br />
              com.pearson.piltg.ngmelII.message.page.MessageCommon.createMessage(MessageCommon.java:113)<br />
              com.pearson.piltg.ngmelII.RegressionNMELIII.DeleteMessage.studentDelete(DeleteMessage.java:125)<br />
              sun.reflect.NativeMethodAccessorImpl.invoke0(Native Method)<br />
              sun.reflect.NativeMethodAccessorImpl.invoke(NativeMethodAccessorImpl.java:57)<br />
              sun.reflect.DelegatingMethodAccessorImpl.invoke(DelegatingMethodAccessorImpl.java:43)<br />
              java.lang.reflect.Method.invoke(Method.java:606)<br />
              org.testng.internal.MethodHelper.invokeMethod(MethodHelper.java:580)<br />
              org.testng.internal.Invoker.invokeMethod(Invoker.java:478)<br />
              org.testng.internal.Invoker.invokeTestMethod(Invoker.java:607)<br />
              org.testng.internal.Invoker.invokeTestMethods(Invoker.java:874)<br />
              org.testng.internal.TestMethodWorker.invokeTestMethods(TestMethodWorker.java:125)<br />
              org.testng.internal.TestMethodWorker.run(TestMethodWorker.java:109)<br />
              org.testng.TestRunner.runWorkers(TestRunner.java:689)<br />
              org.testng.TestRunner.privateRun(TestRunner.java:566)<br />
              org.testng.TestRunner.run(TestRunner.java:466)<br />
              org.testng.SuiteRunner.runTest(SuiteRunner.java:301)<br />
              org.testng.SuiteRunner.runSequentially(SuiteRunner.java:296)<br />
              org.testng.SuiteRunner.privateRun(SuiteRunner.java:276)<br />
              org.testng.SuiteRunner.run(SuiteRunner.java:191)<br />
              org.testng.TestNG.createAndRunSuiteRunners(TestNG.java:808)<br />
              org.testng.TestNG.runSuitesLocally(TestNG.java:776)<br />
              org.testng.TestNG.run(TestNG.java:701)<br />
              org.apache.maven.surefire.testng.TestNGExecutor.run(TestNGExecutor.java:74)<br />
              org.apache.maven.surefire.testng.TestNGXmlTestSuite.execute(TestNGXmlTestSuite.java:92)<br />
              org.apache.maven.surefire.Surefire.run(Surefire.java:180)<br />
              sun.reflect.NativeMethodAccessorImpl.invoke0(Native Method)<br />
              sun.reflect.NativeMethodAccessorImpl.invoke(NativeMethodAccessorImpl.java:57)<br />
              sun.reflect.DelegatingMethodAccessorImpl.invoke(DelegatingMethodAccessorImpl.java:43)<br />
              java.lang.reflect.Method.invoke(Method.java:606)<br />
              org.apache.maven.surefire.booter.SurefireBooter.runSuitesInProcess(SurefireBooter.java:350)<br />
              org.apache.maven.surefire.booter.SurefireBooter.main(SurefireBooter.java:1021)<br />
                    <b>Caused by: </b> <a href="javascript:toggleElement('exception-10', 'block')" title="Click to expand/collapse">org.openqa.selenium.NoSuchElementException: no such element<br/>
&nbsp; (Session info: chrome=37.0.2062.124)<br/>
&nbsp; (Driver info: chromedriver=2.8.241075,platform=Windows NT 6.3 x86_64) (WARNING: The server did not provide any stacktrace information)<br/>
Command duration or timeout: 7 milliseconds<br/>
For documentation on this error, please visit: http://seleniumhq.org/exceptions/no_such_element.html<br/>
Build info: version: &apos;2.39.0&apos;, revision: &apos;14fa800511cc5d66d426e08b0b2ab926c7ed7398&apos;, time: &apos;2013-12-16 13:18:38&apos;<br/>
System info: host: &apos;BRICAWL-9JDVVY1&apos;, ip: &apos;192.168.1.17&apos;, os.name: &apos;Windows 8&apos;, os.arch: &apos;amd64&apos;, os.version: &apos;6.2&apos;, java.version: &apos;1.7.0_51&apos;<br/>
Session ID: 091b8ff27b6b3ba27a748deffb0f2682<br/>
Driver info: org.openqa.selenium.chrome.ChromeDriver<br/>
Capabilities [{platform=WIN8, acceptSslCerts=true, javascriptEnabled=true, browserName=chrome, chrome={userDataDir=C:\Users\ubasaja\AppData\Local\Temp\scoped_dir5232_24603}, rotatable=false, locationContextEnabled=true, version=37.0.2062.124, takesHeapSnapshot=true, cssSelectorsEnabled=true, databaseEnabled=false, handlesAlerts=true, browserConnectionEnabled=false, nativeEvents=true, webStorageEnabled=true, applicationCacheEnabled=false, takesScreenshot=true}]</a><br />
        <div class="stackTrace" id="exception-10">
                      sun.reflect.GeneratedConstructorAccessor16.newInstance(Unknown Source)<br />
                      sun.reflect.DelegatingConstructorAccessorImpl.newInstance(DelegatingConstructorAccessorImpl.java:45)<br />
                      java.lang.reflect.Constructor.newInstance(Constructor.java:526)<br />
                      org.openqa.selenium.remote.ErrorHandler.createThrowable(ErrorHandler.java:193)<br />
                      org.openqa.selenium.remote.ErrorHandler.throwIfResponseFailed(ErrorHandler.java:145)<br />
                      org.openqa.selenium.remote.RemoteWebDriver.execute(RemoteWebDriver.java:554)<br />
                      org.openqa.selenium.remote.RemoteWebDriver.findElement(RemoteWebDriver.java:307)<br />
                      org.openqa.selenium.remote.RemoteWebDriver.findElementByCssSelector(RemoteWebDriver.java:396)<br />
                      org.openqa.selenium.By$ByCssSelector.findElement(By.java:431)<br />
                      org.openqa.selenium.remote.RemoteWebDriver.findElement(RemoteWebDriver.java:299)<br />
                      org.openqa.selenium.support.ui.ExpectedConditions.findElement(ExpectedConditions.java:730)<br />
                      org.openqa.selenium.support.ui.ExpectedConditions.access$000(ExpectedConditions.java:39)<br />
                      org.openqa.selenium.support.ui.ExpectedConditions$3.apply(ExpectedConditions.java:106)<br />
                      org.openqa.selenium.support.ui.ExpectedConditions$3.apply(ExpectedConditions.java:103)<br />
                      org.openqa.selenium.support.ui.FluentWait.until(FluentWait.java:208)<br />
                      com.pearson.piltg.ngmelII.util.UtilityCommon.waitForElementPresent(UtilityCommon.java:193)<br />
                      com.pearson.piltg.ngmelII.message.page.MessageCommon.selectMessageSubTab(MessageCommon.java:32)<br />
                      com.pearson.piltg.ngmelII.message.page.MessageCommon.createMessage(MessageCommon.java:113)<br />
                      com.pearson.piltg.ngmelII.RegressionNMELIII.DeleteMessage.studentDelete(DeleteMessage.java:125)<br />
                      sun.reflect.NativeMethodAccessorImpl.invoke0(Native Method)<br />
                      sun.reflect.NativeMethodAccessorImpl.invoke(NativeMethodAccessorImpl.java:57)<br />
                      sun.reflect.DelegatingMethodAccessorImpl.invoke(DelegatingMethodAccessorImpl.java:43)<br />
                      java.lang.reflect.Method.invoke(Method.java:606)<br />
                      org.testng.internal.MethodHelper.invokeMethod(MethodHelper.java:580)<br />
                      org.testng.internal.Invoker.invokeMethod(Invoker.java:478)<br />
                      org.testng.internal.Invoker.invokeTestMethod(Invoker.java:607)<br />
                      org.testng.internal.Invoker.invokeTestMethods(Invoker.java:874)<br />
                      org.testng.internal.TestMethodWorker.invokeTestMethods(TestMethodWorker.java:125)<br />
                      org.testng.internal.TestMethodWorker.run(TestMethodWorker.java:109)<br />
                      org.testng.TestRunner.runWorkers(TestRunner.java:689)<br />
                      org.testng.TestRunner.privateRun(TestRunner.java:566)<br />
                      org.testng.TestRunner.run(TestRunner.java:466)<br />
                      org.testng.SuiteRunner.runTest(SuiteRunner.java:301)<br />
                      org.testng.SuiteRunner.runSequentially(SuiteRunner.java:296)<br />
                      org.testng.SuiteRunner.privateRun(SuiteRunner.java:276)<br />
                      org.testng.SuiteRunner.run(SuiteRunner.java:191)<br />
                      org.testng.TestNG.createAndRunSuiteRunners(TestNG.java:808)<br />
                      org.testng.TestNG.runSuitesLocally(TestNG.java:776)<br />
                      org.testng.TestNG.run(TestNG.java:701)<br />
                      org.apache.maven.surefire.testng.TestNGExecutor.run(TestNGExecutor.java:74)<br />
                      org.apache.maven.surefire.testng.TestNGXmlTestSuite.execute(TestNGXmlTestSuite.java:92)<br />
                      org.apache.maven.surefire.Surefire.run(Surefire.java:180)<br />
                      sun.reflect.NativeMethodAccessorImpl.invoke0(Native Method)<br />
                      sun.reflect.NativeMethodAccessorImpl.invoke(NativeMethodAccessorImpl.java:57)<br />
                      sun.reflect.DelegatingMethodAccessorImpl.invoke(DelegatingMethodAccessorImpl.java:43)<br />
                      java.lang.reflect.Method.invoke(Method.java:606)<br />
                      org.apache.maven.surefire.booter.SurefireBooter.runSuitesInProcess(SurefireBooter.java:350)<br />
                      org.apache.maven.surefire.booter.SurefireBooter.main(SurefireBooter.java:1021)<br />
                  </div>
          </div>
      </td>
</tr>
<tr>
  <td class="method">
                  <span class="description" title="NEWNGMEL-1683_1, NEWNGMEL-1683_2">teacherDelete</span>
      </td>
  <td class="duration">
    120.281s
  </td>
  <td class="result">
        
    
            <div class="testOutput">
                        <br><b>Test method: NEWNGMEL-1683_1, NEWNGMEL-1683_2.</b></br>
                  </div>
    

        <a href="javascript:toggleElement('exception-11', 'block')" title="Click to expand/collapse"><b>org.openqa.selenium.TimeoutException: Timed out after 120 seconds waiting for presence of element located by: By.id: username<br/>
Build info: version: &apos;2.39.0&apos;, revision: &apos;14fa800511cc5d66d426e08b0b2ab926c7ed7398&apos;, time: &apos;2013-12-16 13:18:38&apos;<br/>
System info: host: &apos;BRICAWL-9JDVVY1&apos;, ip: &apos;192.168.1.17&apos;, os.name: &apos;Windows 8&apos;, os.arch: &apos;amd64&apos;, os.version: &apos;6.2&apos;, java.version: &apos;1.7.0_51&apos;<br/>
Driver info: driver.version: unknown</b></a><br />
    <div class="stackTrace" id="exception-11">
              org.openqa.selenium.support.ui.FluentWait.timeoutException(FluentWait.java:259)<br />
              org.openqa.selenium.support.ui.FluentWait.until(FluentWait.java:228)<br />
              com.pearson.piltg.ngmelII.util.UtilityCommon.waitForElementPresent(UtilityCommon.java:193)<br />
              com.pearson.piltg.ngmelII.message.page.MessageCommon.createMessage(MessageCommon.java:108)<br />
              com.pearson.piltg.ngmelII.RegressionNMELIII.DeleteMessage.teacherDelete(DeleteMessage.java:34)<br />
              sun.reflect.NativeMethodAccessorImpl.invoke0(Native Method)<br />
              sun.reflect.NativeMethodAccessorImpl.invoke(NativeMethodAccessorImpl.java:57)<br />
              sun.reflect.DelegatingMethodAccessorImpl.invoke(DelegatingMethodAccessorImpl.java:43)<br />
              java.lang.reflect.Method.invoke(Method.java:606)<br />
              org.testng.internal.MethodHelper.invokeMethod(MethodHelper.java:580)<br />
              org.testng.internal.Invoker.invokeMethod(Invoker.java:478)<br />
              org.testng.internal.Invoker.invokeTestMethod(Invoker.java:607)<br />
              org.testng.internal.Invoker.invokeTestMethods(Invoker.java:874)<br />
              org.testng.internal.TestMethodWorker.invokeTestMethods(TestMethodWorker.java:125)<br />
              org.testng.internal.TestMethodWorker.run(TestMethodWorker.java:109)<br />
              org.testng.TestRunner.runWorkers(TestRunner.java:689)<br />
              org.testng.TestRunner.privateRun(TestRunner.java:566)<br />
              org.testng.TestRunner.run(TestRunner.java:466)<br />
              org.testng.SuiteRunner.runTest(SuiteRunner.java:301)<br />
              org.testng.SuiteRunner.runSequentially(SuiteRunner.java:296)<br />
              org.testng.SuiteRunner.privateRun(SuiteRunner.java:276)<br />
              org.testng.SuiteRunner.run(SuiteRunner.java:191)<br />
              org.testng.TestNG.createAndRunSuiteRunners(TestNG.java:808)<br />
              org.testng.TestNG.runSuitesLocally(TestNG.java:776)<br />
              org.testng.TestNG.run(TestNG.java:701)<br />
              org.apache.maven.surefire.testng.TestNGExecutor.run(TestNGExecutor.java:74)<br />
              org.apache.maven.surefire.testng.TestNGXmlTestSuite.execute(TestNGXmlTestSuite.java:92)<br />
              org.apache.maven.surefire.Surefire.run(Surefire.java:180)<br />
              sun.reflect.NativeMethodAccessorImpl.invoke0(Native Method)<br />
              sun.reflect.NativeMethodAccessorImpl.invoke(NativeMethodAccessorImpl.java:57)<br />
              sun.reflect.DelegatingMethodAccessorImpl.invoke(DelegatingMethodAccessorImpl.java:43)<br />
              java.lang.reflect.Method.invoke(Method.java:606)<br />
              org.apache.maven.surefire.booter.SurefireBooter.runSuitesInProcess(SurefireBooter.java:350)<br />
              org.apache.maven.surefire.booter.SurefireBooter.main(SurefireBooter.java:1021)<br />
                    <b>Caused by: </b> <a href="javascript:toggleElement('exception-12', 'block')" title="Click to expand/collapse">org.openqa.selenium.NoSuchElementException: no such element<br/>
&nbsp; (Session info: chrome=37.0.2062.124)<br/>
&nbsp; (Driver info: chromedriver=2.8.241075,platform=Windows NT 6.3 x86_64) (WARNING: The server did not provide any stacktrace information)<br/>
Command duration or timeout: 9 milliseconds<br/>
For documentation on this error, please visit: http://seleniumhq.org/exceptions/no_such_element.html<br/>
Build info: version: &apos;2.39.0&apos;, revision: &apos;14fa800511cc5d66d426e08b0b2ab926c7ed7398&apos;, time: &apos;2013-12-16 13:18:38&apos;<br/>
System info: host: &apos;BRICAWL-9JDVVY1&apos;, ip: &apos;192.168.1.17&apos;, os.name: &apos;Windows 8&apos;, os.arch: &apos;amd64&apos;, os.version: &apos;6.2&apos;, java.version: &apos;1.7.0_51&apos;<br/>
Session ID: 091b8ff27b6b3ba27a748deffb0f2682<br/>
Driver info: org.openqa.selenium.chrome.ChromeDriver<br/>
Capabilities [{platform=WIN8, acceptSslCerts=true, javascriptEnabled=true, browserName=chrome, chrome={userDataDir=C:\Users\ubasaja\AppData\Local\Temp\scoped_dir5232_24603}, rotatable=false, locationContextEnabled=true, version=37.0.2062.124, takesHeapSnapshot=true, cssSelectorsEnabled=true, databaseEnabled=false, handlesAlerts=true, browserConnectionEnabled=false, nativeEvents=true, webStorageEnabled=true, applicationCacheEnabled=false, takesScreenshot=true}]</a><br />
        <div class="stackTrace" id="exception-12">
                      sun.reflect.GeneratedConstructorAccessor16.newInstance(Unknown Source)<br />
                      sun.reflect.DelegatingConstructorAccessorImpl.newInstance(DelegatingConstructorAccessorImpl.java:45)<br />
                      java.lang.reflect.Constructor.newInstance(Constructor.java:526)<br />
                      org.openqa.selenium.remote.ErrorHandler.createThrowable(ErrorHandler.java:193)<br />
                      org.openqa.selenium.remote.ErrorHandler.throwIfResponseFailed(ErrorHandler.java:145)<br />
                      org.openqa.selenium.remote.RemoteWebDriver.execute(RemoteWebDriver.java:554)<br />
                      org.openqa.selenium.remote.RemoteWebDriver.findElement(RemoteWebDriver.java:307)<br />
                      org.openqa.selenium.remote.RemoteWebDriver.findElementById(RemoteWebDriver.java:348)<br />
                      org.openqa.selenium.By$ById.findElement(By.java:220)<br />
                      org.openqa.selenium.remote.RemoteWebDriver.findElement(RemoteWebDriver.java:299)<br />
                      org.openqa.selenium.support.ui.ExpectedConditions.findElement(ExpectedConditions.java:730)<br />
                      org.openqa.selenium.support.ui.ExpectedConditions.access$000(ExpectedConditions.java:39)<br />
                      org.openqa.selenium.support.ui.ExpectedConditions$3.apply(ExpectedConditions.java:106)<br />
                      org.openqa.selenium.support.ui.ExpectedConditions$3.apply(ExpectedConditions.java:103)<br />
                      org.openqa.selenium.support.ui.FluentWait.until(FluentWait.java:208)<br />
                      com.pearson.piltg.ngmelII.util.UtilityCommon.waitForElementPresent(UtilityCommon.java:193)<br />
                      com.pearson.piltg.ngmelII.message.page.MessageCommon.createMessage(MessageCommon.java:108)<br />
                      com.pearson.piltg.ngmelII.RegressionNMELIII.DeleteMessage.teacherDelete(DeleteMessage.java:34)<br />
                      sun.reflect.NativeMethodAccessorImpl.invoke0(Native Method)<br />
                      sun.reflect.NativeMethodAccessorImpl.invoke(NativeMethodAccessorImpl.java:57)<br />
                      sun.reflect.DelegatingMethodAccessorImpl.invoke(DelegatingMethodAccessorImpl.java:43)<br />
                      java.lang.reflect.Method.invoke(Method.java:606)<br />
                      org.testng.internal.MethodHelper.invokeMethod(MethodHelper.java:580)<br />
                      org.testng.internal.Invoker.invokeMethod(Invoker.java:478)<br />
                      org.testng.internal.Invoker.invokeTestMethod(Invoker.java:607)<br />
                      org.testng.internal.Invoker.invokeTestMethods(Invoker.java:874)<br />
                      org.testng.internal.TestMethodWorker.invokeTestMethods(TestMethodWorker.java:125)<br />
                      org.testng.internal.TestMethodWorker.run(TestMethodWorker.java:109)<br />
                      org.testng.TestRunner.runWorkers(TestRunner.java:689)<br />
                      org.testng.TestRunner.privateRun(TestRunner.java:566)<br />
                      org.testng.TestRunner.run(TestRunner.java:466)<br />
                      org.testng.SuiteRunner.runTest(SuiteRunner.java:301)<br />
                      org.testng.SuiteRunner.runSequentially(SuiteRunner.java:296)<br />
                      org.testng.SuiteRunner.privateRun(SuiteRunner.java:276)<br />
                      org.testng.SuiteRunner.run(SuiteRunner.java:191)<br />
                      org.testng.TestNG.createAndRunSuiteRunners(TestNG.java:808)<br />
                      org.testng.TestNG.runSuitesLocally(TestNG.java:776)<br />
                      org.testng.TestNG.run(TestNG.java:701)<br />
                      org.apache.maven.surefire.testng.TestNGExecutor.run(TestNGExecutor.java:74)<br />
                      org.apache.maven.surefire.testng.TestNGXmlTestSuite.execute(TestNGXmlTestSuite.java:92)<br />
                      org.apache.maven.surefire.Surefire.run(Surefire.java:180)<br />
                      sun.reflect.NativeMethodAccessorImpl.invoke0(Native Method)<br />
                      sun.reflect.NativeMethodAccessorImpl.invoke(NativeMethodAccessorImpl.java:57)<br />
                      sun.reflect.DelegatingMethodAccessorImpl.invoke(DelegatingMethodAccessorImpl.java:43)<br />
                      java.lang.reflect.Method.invoke(Method.java:606)<br />
                      org.apache.maven.surefire.booter.SurefireBooter.runSuitesInProcess(SurefireBooter.java:350)<br />
                      org.apache.maven.surefire.booter.SurefireBooter.main(SurefireBooter.java:1021)<br />
                  </div>
          </div>
      </td>
</tr>
          <tr>
        <td colspan="3" class="group">com.pearson.piltg.ngmelII.RegressionNMELIII.HomepageTabEnhancements</td>
      </tr>
            
<tr>
  <td class="method">
                  <span class="description" title="NEWNGMEL-2475_17">recentActivityEnhancementsStudent</span>
      </td>
  <td class="duration">
    128.751s
  </td>
  <td class="result">
        
    
            <div class="testOutput">
                        <br><b>Test method: NEWNGMEL-2475_17</b></br>
                                <br><b><font color='red'> Test Case NEWNGMEL-2475_17 Fail</b><br>
                  </div>
    

        <a href="javascript:toggleElement('exception-13', 'block')" title="Click to expand/collapse"><b>org.openqa.selenium.WebDriverException: unknown error: Element is not clickable at point (1075, 22). Other element would receive the click: &lt;li class=&quot;flash-notice expiredCourses&quot;&gt;...&lt;/li&gt;<br/>
&nbsp; (Session info: chrome=37.0.2062.124)<br/>
&nbsp; (Driver info: chromedriver=2.8.241075,platform=Windows NT 6.3 x86_64) (WARNING: The server did not provide any stacktrace information)<br/>
Command duration or timeout: 27 milliseconds<br/>
Build info: version: &apos;2.39.0&apos;, revision: &apos;14fa800511cc5d66d426e08b0b2ab926c7ed7398&apos;, time: &apos;2013-12-16 13:18:38&apos;<br/>
System info: host: &apos;BRICAWL-9JDVVY1&apos;, ip: &apos;192.168.1.17&apos;, os.name: &apos;Windows 8&apos;, os.arch: &apos;amd64&apos;, os.version: &apos;6.2&apos;, java.version: &apos;1.7.0_51&apos;<br/>
Session ID: cfdfafb960dfbb86e87b11778b6eeeae<br/>
Driver info: org.openqa.selenium.chrome.ChromeDriver<br/>
Capabilities [{platform=WIN8, acceptSslCerts=true, javascriptEnabled=true, browserName=chrome, chrome={userDataDir=C:\Users\ubasaja\AppData\Local\Temp\scoped_dir9748_6108}, rotatable=false, locationContextEnabled=true, version=37.0.2062.124, takesHeapSnapshot=true, cssSelectorsEnabled=true, databaseEnabled=false, handlesAlerts=true, browserConnectionEnabled=false, nativeEvents=true, webStorageEnabled=true, applicationCacheEnabled=false, takesScreenshot=true}]</b></a><br />
    <div class="stackTrace" id="exception-13">
              sun.reflect.NativeConstructorAccessorImpl.newInstance0(Native Method)<br />
              sun.reflect.NativeConstructorAccessorImpl.newInstance(NativeConstructorAccessorImpl.java:57)<br />
              sun.reflect.DelegatingConstructorAccessorImpl.newInstance(DelegatingConstructorAccessorImpl.java:45)<br />
              java.lang.reflect.Constructor.newInstance(Constructor.java:526)<br />
              org.openqa.selenium.remote.ErrorHandler.createThrowable(ErrorHandler.java:193)<br />
              org.openqa.selenium.remote.ErrorHandler.throwIfResponseFailed(ErrorHandler.java:145)<br />
              org.openqa.selenium.remote.RemoteWebDriver.execute(RemoteWebDriver.java:554)<br />
              org.openqa.selenium.remote.RemoteWebElement.execute(RemoteWebElement.java:268)<br />
              org.openqa.selenium.remote.RemoteWebElement.click(RemoteWebElement.java:79)<br />
              com.pearson.piltg.ngmelII.util.UtilityCommon.clickAndWait(UtilityCommon.java:431)<br />
              com.pearson.piltg.ngmelII.common.Common.logoutFromTheApplication(Common.java:199)<br />
              com.pearson.piltg.ngmelII.RegressionNMELIII.HomepageTabEnhancements.recentActivityEnhancementsStudent(HomepageTabEnhancements.java:143)<br />
              sun.reflect.NativeMethodAccessorImpl.invoke0(Native Method)<br />
              sun.reflect.NativeMethodAccessorImpl.invoke(NativeMethodAccessorImpl.java:57)<br />
              sun.reflect.DelegatingMethodAccessorImpl.invoke(DelegatingMethodAccessorImpl.java:43)<br />
              java.lang.reflect.Method.invoke(Method.java:606)<br />
              org.testng.internal.MethodHelper.invokeMethod(MethodHelper.java:580)<br />
              org.testng.internal.Invoker.invokeMethod(Invoker.java:478)<br />
              org.testng.internal.Invoker.invokeTestMethod(Invoker.java:607)<br />
              org.testng.internal.Invoker.invokeTestMethods(Invoker.java:874)<br />
              org.testng.internal.TestMethodWorker.invokeTestMethods(TestMethodWorker.java:125)<br />
              org.testng.internal.TestMethodWorker.run(TestMethodWorker.java:109)<br />
              org.testng.TestRunner.runWorkers(TestRunner.java:689)<br />
              org.testng.TestRunner.privateRun(TestRunner.java:566)<br />
              org.testng.TestRunner.run(TestRunner.java:466)<br />
              org.testng.SuiteRunner.runTest(SuiteRunner.java:301)<br />
              org.testng.SuiteRunner.runSequentially(SuiteRunner.java:296)<br />
              org.testng.SuiteRunner.privateRun(SuiteRunner.java:276)<br />
              org.testng.SuiteRunner.run(SuiteRunner.java:191)<br />
              org.testng.TestNG.createAndRunSuiteRunners(TestNG.java:808)<br />
              org.testng.TestNG.runSuitesLocally(TestNG.java:776)<br />
              org.testng.TestNG.run(TestNG.java:701)<br />
              org.apache.maven.surefire.testng.TestNGExecutor.run(TestNGExecutor.java:74)<br />
              org.apache.maven.surefire.testng.TestNGXmlTestSuite.execute(TestNGXmlTestSuite.java:92)<br />
              org.apache.maven.surefire.Surefire.run(Surefire.java:180)<br />
              sun.reflect.NativeMethodAccessorImpl.invoke0(Native Method)<br />
              sun.reflect.NativeMethodAccessorImpl.invoke(NativeMethodAccessorImpl.java:57)<br />
              sun.reflect.DelegatingMethodAccessorImpl.invoke(DelegatingMethodAccessorImpl.java:43)<br />
              java.lang.reflect.Method.invoke(Method.java:606)<br />
              org.apache.maven.surefire.booter.SurefireBooter.runSuitesInProcess(SurefireBooter.java:350)<br />
              org.apache.maven.surefire.booter.SurefireBooter.main(SurefireBooter.java:1021)<br />
                </div>
      </td>
</tr>
<tr>
  <td class="method">
                  <span class="description" title="NEWNGMEL-2475_21">toDoAssignmentDisappearStudent</span>
      </td>
  <td class="duration">
    169.051s
  </td>
  <td class="result">
        
    
            <div class="testOutput">
                        <br><b>Test method: NEWNGMEL-2475_21</b></br>
                                Current Tab selected isCOURSE
                                Selected a Course Options
                                <br><b><font color='red'> Test Case NEWNGMEL-2475_21 Fail</b><br>
                  </div>
    

        <a href="javascript:toggleElement('exception-14', 'block')" title="Click to expand/collapse"><b>org.openqa.selenium.WebDriverException: unknown error: Element is not clickable at point (1075, 22). Other element would receive the click: &lt;li class=&quot;flash-notice expiredCourses&quot;&gt;...&lt;/li&gt;<br/>
&nbsp; (Session info: chrome=37.0.2062.124)<br/>
&nbsp; (Driver info: chromedriver=2.8.241075,platform=Windows NT 6.3 x86_64) (WARNING: The server did not provide any stacktrace information)<br/>
Command duration or timeout: 27 milliseconds<br/>
Build info: version: &apos;2.39.0&apos;, revision: &apos;14fa800511cc5d66d426e08b0b2ab926c7ed7398&apos;, time: &apos;2013-12-16 13:18:38&apos;<br/>
System info: host: &apos;BRICAWL-9JDVVY1&apos;, ip: &apos;192.168.1.17&apos;, os.name: &apos;Windows 8&apos;, os.arch: &apos;amd64&apos;, os.version: &apos;6.2&apos;, java.version: &apos;1.7.0_51&apos;<br/>
Session ID: cfdfafb960dfbb86e87b11778b6eeeae<br/>
Driver info: org.openqa.selenium.chrome.ChromeDriver<br/>
Capabilities [{platform=WIN8, acceptSslCerts=true, javascriptEnabled=true, browserName=chrome, chrome={userDataDir=C:\Users\ubasaja\AppData\Local\Temp\scoped_dir9748_6108}, rotatable=false, locationContextEnabled=true, version=37.0.2062.124, takesHeapSnapshot=true, cssSelectorsEnabled=true, databaseEnabled=false, handlesAlerts=true, browserConnectionEnabled=false, nativeEvents=true, webStorageEnabled=true, applicationCacheEnabled=false, takesScreenshot=true}]</b></a><br />
    <div class="stackTrace" id="exception-14">
              sun.reflect.NativeConstructorAccessorImpl.newInstance0(Native Method)<br />
              sun.reflect.NativeConstructorAccessorImpl.newInstance(NativeConstructorAccessorImpl.java:57)<br />
              sun.reflect.DelegatingConstructorAccessorImpl.newInstance(DelegatingConstructorAccessorImpl.java:45)<br />
              java.lang.reflect.Constructor.newInstance(Constructor.java:526)<br />
              org.openqa.selenium.remote.ErrorHandler.createThrowable(ErrorHandler.java:193)<br />
              org.openqa.selenium.remote.ErrorHandler.throwIfResponseFailed(ErrorHandler.java:145)<br />
              org.openqa.selenium.remote.RemoteWebDriver.execute(RemoteWebDriver.java:554)<br />
              org.openqa.selenium.remote.RemoteWebElement.execute(RemoteWebElement.java:268)<br />
              org.openqa.selenium.remote.RemoteWebElement.click(RemoteWebElement.java:79)<br />
              com.pearson.piltg.ngmelII.util.UtilityCommon.clickAndWait(UtilityCommon.java:431)<br />
              com.pearson.piltg.ngmelII.common.Common.logoutFromTheApplication(Common.java:199)<br />
              com.pearson.piltg.ngmelII.RegressionNMELIII.HomepageTabEnhancements.toDoAssignmentDisappearStudent(HomepageTabEnhancements.java:321)<br />
              sun.reflect.NativeMethodAccessorImpl.invoke0(Native Method)<br />
              sun.reflect.NativeMethodAccessorImpl.invoke(NativeMethodAccessorImpl.java:57)<br />
              sun.reflect.DelegatingMethodAccessorImpl.invoke(DelegatingMethodAccessorImpl.java:43)<br />
              java.lang.reflect.Method.invoke(Method.java:606)<br />
              org.testng.internal.MethodHelper.invokeMethod(MethodHelper.java:580)<br />
              org.testng.internal.Invoker.invokeMethod(Invoker.java:478)<br />
              org.testng.internal.Invoker.invokeTestMethod(Invoker.java:607)<br />
              org.testng.internal.Invoker.invokeTestMethods(Invoker.java:874)<br />
              org.testng.internal.TestMethodWorker.invokeTestMethods(TestMethodWorker.java:125)<br />
              org.testng.internal.TestMethodWorker.run(TestMethodWorker.java:109)<br />
              org.testng.TestRunner.runWorkers(TestRunner.java:689)<br />
              org.testng.TestRunner.privateRun(TestRunner.java:566)<br />
              org.testng.TestRunner.run(TestRunner.java:466)<br />
              org.testng.SuiteRunner.runTest(SuiteRunner.java:301)<br />
              org.testng.SuiteRunner.runSequentially(SuiteRunner.java:296)<br />
              org.testng.SuiteRunner.privateRun(SuiteRunner.java:276)<br />
              org.testng.SuiteRunner.run(SuiteRunner.java:191)<br />
              org.testng.TestNG.createAndRunSuiteRunners(TestNG.java:808)<br />
              org.testng.TestNG.runSuitesLocally(TestNG.java:776)<br />
              org.testng.TestNG.run(TestNG.java:701)<br />
              org.apache.maven.surefire.testng.TestNGExecutor.run(TestNGExecutor.java:74)<br />
              org.apache.maven.surefire.testng.TestNGXmlTestSuite.execute(TestNGXmlTestSuite.java:92)<br />
              org.apache.maven.surefire.Surefire.run(Surefire.java:180)<br />
              sun.reflect.NativeMethodAccessorImpl.invoke0(Native Method)<br />
              sun.reflect.NativeMethodAccessorImpl.invoke(NativeMethodAccessorImpl.java:57)<br />
              sun.reflect.DelegatingMethodAccessorImpl.invoke(DelegatingMethodAccessorImpl.java:43)<br />
              java.lang.reflect.Method.invoke(Method.java:606)<br />
              org.apache.maven.surefire.booter.SurefireBooter.runSuitesInProcess(SurefireBooter.java:350)<br />
              org.apache.maven.surefire.booter.SurefireBooter.main(SurefireBooter.java:1021)<br />
                </div>
      </td>
</tr>
<tr>
  <td class="method">
                  <span class="description" title="NEWNGMEL-2475_5,NEWNGMEL-126_1(Grading scenario)">toDoEnhancementsTeacher</span>
      </td>
  <td class="duration">
    128.929s
  </td>
  <td class="result">
        
    
            <div class="testOutput">
                        <br><b>Test method: NEWNGMEL-2475_5,NEWNGMEL-126_1(Grading scenario).</b></br>
                  </div>
    

        <a href="javascript:toggleElement('exception-15', 'block')" title="Click to expand/collapse"><b>org.openqa.selenium.WebDriverException: unknown error: Element is not clickable at point (1075, 22). Other element would receive the click: &lt;li class=&quot;flash-notice expiredCourses&quot;&gt;...&lt;/li&gt;<br/>
&nbsp; (Session info: chrome=37.0.2062.124)<br/>
&nbsp; (Driver info: chromedriver=2.8.241075,platform=Windows NT 6.3 x86_64) (WARNING: The server did not provide any stacktrace information)<br/>
Command duration or timeout: 27 milliseconds<br/>
Build info: version: &apos;2.39.0&apos;, revision: &apos;14fa800511cc5d66d426e08b0b2ab926c7ed7398&apos;, time: &apos;2013-12-16 13:18:38&apos;<br/>
System info: host: &apos;BRICAWL-9JDVVY1&apos;, ip: &apos;192.168.1.17&apos;, os.name: &apos;Windows 8&apos;, os.arch: &apos;amd64&apos;, os.version: &apos;6.2&apos;, java.version: &apos;1.7.0_51&apos;<br/>
Session ID: cfdfafb960dfbb86e87b11778b6eeeae<br/>
Driver info: org.openqa.selenium.chrome.ChromeDriver<br/>
Capabilities [{platform=WIN8, acceptSslCerts=true, javascriptEnabled=true, browserName=chrome, chrome={userDataDir=C:\Users\ubasaja\AppData\Local\Temp\scoped_dir9748_6108}, rotatable=false, locationContextEnabled=true, version=37.0.2062.124, takesHeapSnapshot=true, cssSelectorsEnabled=true, databaseEnabled=false, handlesAlerts=true, browserConnectionEnabled=false, nativeEvents=true, webStorageEnabled=true, applicationCacheEnabled=false, takesScreenshot=true}]</b></a><br />
    <div class="stackTrace" id="exception-15">
              sun.reflect.NativeConstructorAccessorImpl.newInstance0(Native Method)<br />
              sun.reflect.NativeConstructorAccessorImpl.newInstance(NativeConstructorAccessorImpl.java:57)<br />
              sun.reflect.DelegatingConstructorAccessorImpl.newInstance(DelegatingConstructorAccessorImpl.java:45)<br />
              java.lang.reflect.Constructor.newInstance(Constructor.java:526)<br />
              org.openqa.selenium.remote.ErrorHandler.createThrowable(ErrorHandler.java:193)<br />
              org.openqa.selenium.remote.ErrorHandler.throwIfResponseFailed(ErrorHandler.java:145)<br />
              org.openqa.selenium.remote.RemoteWebDriver.execute(RemoteWebDriver.java:554)<br />
              org.openqa.selenium.remote.RemoteWebElement.execute(RemoteWebElement.java:268)<br />
              org.openqa.selenium.remote.RemoteWebElement.click(RemoteWebElement.java:79)<br />
              com.pearson.piltg.ngmelII.util.UtilityCommon.clickAndWait(UtilityCommon.java:431)<br />
              com.pearson.piltg.ngmelII.common.Common.logoutFromTheApplication(Common.java:199)<br />
              com.pearson.piltg.ngmelII.RegressionNMELIII.HomepageTabEnhancements.toDoEnhancementsTeacher(HomepageTabEnhancements.java:120)<br />
              sun.reflect.NativeMethodAccessorImpl.invoke0(Native Method)<br />
              sun.reflect.NativeMethodAccessorImpl.invoke(NativeMethodAccessorImpl.java:57)<br />
              sun.reflect.DelegatingMethodAccessorImpl.invoke(DelegatingMethodAccessorImpl.java:43)<br />
              java.lang.reflect.Method.invoke(Method.java:606)<br />
              org.testng.internal.MethodHelper.invokeMethod(MethodHelper.java:580)<br />
              org.testng.internal.Invoker.invokeMethod(Invoker.java:478)<br />
              org.testng.internal.Invoker.invokeTestMethod(Invoker.java:607)<br />
              org.testng.internal.Invoker.invokeTestMethods(Invoker.java:874)<br />
              org.testng.internal.TestMethodWorker.invokeTestMethods(TestMethodWorker.java:125)<br />
              org.testng.internal.TestMethodWorker.run(TestMethodWorker.java:109)<br />
              org.testng.TestRunner.runWorkers(TestRunner.java:689)<br />
              org.testng.TestRunner.privateRun(TestRunner.java:566)<br />
              org.testng.TestRunner.run(TestRunner.java:466)<br />
              org.testng.SuiteRunner.runTest(SuiteRunner.java:301)<br />
              org.testng.SuiteRunner.runSequentially(SuiteRunner.java:296)<br />
              org.testng.SuiteRunner.privateRun(SuiteRunner.java:276)<br />
              org.testng.SuiteRunner.run(SuiteRunner.java:191)<br />
              org.testng.TestNG.createAndRunSuiteRunners(TestNG.java:808)<br />
              org.testng.TestNG.runSuitesLocally(TestNG.java:776)<br />
              org.testng.TestNG.run(TestNG.java:701)<br />
              org.apache.maven.surefire.testng.TestNGExecutor.run(TestNGExecutor.java:74)<br />
              org.apache.maven.surefire.testng.TestNGXmlTestSuite.execute(TestNGXmlTestSuite.java:92)<br />
              org.apache.maven.surefire.Surefire.run(Surefire.java:180)<br />
              sun.reflect.NativeMethodAccessorImpl.invoke0(Native Method)<br />
              sun.reflect.NativeMethodAccessorImpl.invoke(NativeMethodAccessorImpl.java:57)<br />
              sun.reflect.DelegatingMethodAccessorImpl.invoke(DelegatingMethodAccessorImpl.java:43)<br />
              java.lang.reflect.Method.invoke(Method.java:606)<br />
              org.apache.maven.surefire.booter.SurefireBooter.runSuitesInProcess(SurefireBooter.java:350)<br />
              org.apache.maven.surefire.booter.SurefireBooter.main(SurefireBooter.java:1021)<br />
                </div>
      </td>
</tr>
          <tr>
        <td colspan="3" class="group">com.pearson.piltg.ngmelII.RegressionNMELIII.ReplyMessage</td>
      </tr>
            
<tr>
  <td class="method">
                  <span class="description" title="NEWNGMEL-1681_1,NEWNGMEL-1681_2.">replyMessage</span>
      </td>
  <td class="duration">
    31.387s
  </td>
  <td class="result">
        
    
            <div class="testOutput">
                        <br>Test method: NEWNGMEL-1681_1,NEWNGMEL-1681_2.</br>
                                Current Tab selected isMessage
                  </div>
    

        <a href="javascript:toggleElement('exception-16', 'block')" title="Click to expand/collapse"><b>org.openqa.selenium.NoSuchElementException: no such element<br/>
&nbsp; (Session info: chrome=37.0.2062.124)<br/>
&nbsp; (Driver info: chromedriver=2.8.241075,platform=Windows NT 6.3 x86_64) (WARNING: The server did not provide any stacktrace information)<br/>
Command duration or timeout: 29 milliseconds<br/>
For documentation on this error, please visit: http://seleniumhq.org/exceptions/no_such_element.html<br/>
Build info: version: &apos;2.39.0&apos;, revision: &apos;14fa800511cc5d66d426e08b0b2ab926c7ed7398&apos;, time: &apos;2013-12-16 13:18:38&apos;<br/>
System info: host: &apos;BRICAWL-9JDVVY1&apos;, ip: &apos;192.168.1.17&apos;, os.name: &apos;Windows 8&apos;, os.arch: &apos;amd64&apos;, os.version: &apos;6.2&apos;, java.version: &apos;1.7.0_51&apos;<br/>
Session ID: a05900cce64eeeae748caa71b2b29425<br/>
Driver info: org.openqa.selenium.chrome.ChromeDriver<br/>
Capabilities [{platform=WIN8, acceptSslCerts=true, javascriptEnabled=true, browserName=chrome, chrome={userDataDir=C:\Users\ubasaja\AppData\Local\Temp\scoped_dir11948_12714}, rotatable=false, locationContextEnabled=true, version=37.0.2062.124, takesHeapSnapshot=true, cssSelectorsEnabled=true, databaseEnabled=false, handlesAlerts=true, browserConnectionEnabled=false, nativeEvents=true, webStorageEnabled=true, applicationCacheEnabled=false, takesScreenshot=true}]</b></a><br />
    <div class="stackTrace" id="exception-16">
              sun.reflect.GeneratedConstructorAccessor16.newInstance(Unknown Source)<br />
              sun.reflect.DelegatingConstructorAccessorImpl.newInstance(DelegatingConstructorAccessorImpl.java:45)<br />
              java.lang.reflect.Constructor.newInstance(Constructor.java:526)<br />
              org.openqa.selenium.remote.ErrorHandler.createThrowable(ErrorHandler.java:193)<br />
              org.openqa.selenium.remote.ErrorHandler.throwIfResponseFailed(ErrorHandler.java:145)<br />
              org.openqa.selenium.remote.RemoteWebDriver.execute(RemoteWebDriver.java:554)<br />
              org.openqa.selenium.remote.RemoteWebDriver.findElement(RemoteWebDriver.java:307)<br />
              org.openqa.selenium.remote.RemoteWebDriver.findElementByCssSelector(RemoteWebDriver.java:396)<br />
              org.openqa.selenium.By$ByCssSelector.findElement(By.java:431)<br />
              org.openqa.selenium.remote.RemoteWebDriver.findElement(RemoteWebDriver.java:299)<br />
              com.pearson.piltg.ngmelII.util.UtilityCommon.waitForPageToLoadUsingParameter(UtilityCommon.java:391)<br />
              com.pearson.piltg.ngmelII.message.page.MessageCommon.deleteInboxMessage(MessageCommon.java:349)<br />
              com.pearson.piltg.ngmelII.RegressionNMELIII.ReplyMessage.replyMessage(ReplyMessage.java:35)<br />
              sun.reflect.NativeMethodAccessorImpl.invoke0(Native Method)<br />
              sun.reflect.NativeMethodAccessorImpl.invoke(NativeMethodAccessorImpl.java:57)<br />
              sun.reflect.DelegatingMethodAccessorImpl.invoke(DelegatingMethodAccessorImpl.java:43)<br />
              java.lang.reflect.Method.invoke(Method.java:606)<br />
              org.testng.internal.MethodHelper.invokeMethod(MethodHelper.java:580)<br />
              org.testng.internal.Invoker.invokeMethod(Invoker.java:478)<br />
              org.testng.internal.Invoker.invokeTestMethod(Invoker.java:607)<br />
              org.testng.internal.Invoker.invokeTestMethods(Invoker.java:874)<br />
              org.testng.internal.TestMethodWorker.invokeTestMethods(TestMethodWorker.java:125)<br />
              org.testng.internal.TestMethodWorker.run(TestMethodWorker.java:109)<br />
              org.testng.TestRunner.runWorkers(TestRunner.java:689)<br />
              org.testng.TestRunner.privateRun(TestRunner.java:566)<br />
              org.testng.TestRunner.run(TestRunner.java:466)<br />
              org.testng.SuiteRunner.runTest(SuiteRunner.java:301)<br />
              org.testng.SuiteRunner.runSequentially(SuiteRunner.java:296)<br />
              org.testng.SuiteRunner.privateRun(SuiteRunner.java:276)<br />
              org.testng.SuiteRunner.run(SuiteRunner.java:191)<br />
              org.testng.TestNG.createAndRunSuiteRunners(TestNG.java:808)<br />
              org.testng.TestNG.runSuitesLocally(TestNG.java:776)<br />
              org.testng.TestNG.run(TestNG.java:701)<br />
              org.apache.maven.surefire.testng.TestNGExecutor.run(TestNGExecutor.java:74)<br />
              org.apache.maven.surefire.testng.TestNGXmlTestSuite.execute(TestNGXmlTestSuite.java:92)<br />
              org.apache.maven.surefire.Surefire.run(Surefire.java:180)<br />
              sun.reflect.NativeMethodAccessorImpl.invoke0(Native Method)<br />
              sun.reflect.NativeMethodAccessorImpl.invoke(NativeMethodAccessorImpl.java:57)<br />
              sun.reflect.DelegatingMethodAccessorImpl.invoke(DelegatingMethodAccessorImpl.java:43)<br />
              java.lang.reflect.Method.invoke(Method.java:606)<br />
              org.apache.maven.surefire.booter.SurefireBooter.runSuitesInProcess(SurefireBooter.java:350)<br />
              org.apache.maven.surefire.booter.SurefireBooter.main(SurefireBooter.java:1021)<br />
                </div>
      </td>
</tr>
      </table>

  <table class="resultsTable" width="100%">
    <tr><th colspan="3" class="header skipped">Skipped Tests</th></tr>
          <tr>
        <td colspan="3" class="group">com.pearson.piltg.ngmelII.RegressionNMELIII.AssignAndUpdate_ActivitiesCycle</td>
      </tr>
            
<tr>
  <td class="method">
                  <span class="description" title="NEWNGMEL_113_1,NEWNGMEL_113_2,NEWNGMEL_113_3,NEWNGMEL_113_5,NEWNGMEL_1873_1,NEWNGMEL-2037_11,NEWNGMEL-2037_12">assignAssignmentExpertMode</span>
      </td>
  <td class="duration">
    0.000s
  </td>
  <td class="result">
                             <i>Depends on method(s): </i>
        <span class="dependency">com.pearson.piltg.ngmelII.RegressionNMELIII.AssignAndUpdate_ActivitiesCycle.assignAssignmentDefaultSettingExpertMode</span>
          
    
        

      </td>
</tr>
<tr>
  <td class="method">
                  <span class="description" title="NEWNGMEL_113_6">studentAttemptAssignAssignmentExpertMode</span>
      </td>
  <td class="duration">
    0.001s
  </td>
  <td class="result">
                             <i>Depends on method(s): </i>
        <span class="dependency">com.pearson.piltg.ngmelII.RegressionNMELIII.AssignAndUpdate_ActivitiesCycle.assignAssignmentExpertMode</span>
          
    
        

      </td>
</tr>
      </table>

  
</body>
</html>
