<html>
<head>
<title>TestNG:  Regression Tests 2</title>
<link href="../testng.css" rel="stylesheet" type="text/css" />
<link href="../my-testng.css" rel="stylesheet" type="text/css" />

<style type="text/css">
.log { display: none;} 
.stack-trace { display: none;} 
</style>
<script type="text/javascript">
<!--
function flip(e) {
  current = e.style.display;
  if (current == 'block') {
    e.style.display = 'none';
    return 0;
  }
  else {
    e.style.display = 'block';
    return 1;
  }
}

function toggleBox(szDivId, elem, msg1, msg2)
{
  var res = -1;  if (document.getElementById) {
    res = flip(document.getElementById(szDivId));
  }
  else if (document.all) {
    // this is the way old msie versions work
    res = flip(document.all[szDivId]);
  }
  if(elem) {
    if(res == 0) elem.innerHTML = msg1; else elem.innerHTML = msg2;
  }

}

function toggleAllBoxes() {
  if (document.getElementsByTagName) {
    d = document.getElementsByTagName('div');
    for (i = 0; i < d.length; i++) {
      if (d[i].className == 'log') {
        flip(d[i]);
      }
    }
  }
}

// -->
</script>

</head>
<body>
<h2 align='center'>Regression Tests 2</h2><table border='1' align="center">
<tr>
<td>Tests passed/Failed/Skipped:</td><td>12/6/0</td>
</tr><tr>
<td>Started on:</td><td>Fri Oct 10 10:43:22 PDT 2014</td>
</tr>
<tr><td>Total time:</td><td>3412 seconds (3412206 ms)</td>
</tr><tr>
<td>Included groups:</td><td></td>
</tr><tr>
<td>Excluded groups:</td><td></td>
</tr>
</table><p/>
<small><i>(Hover the method name to see the test class name)</i></small><p/>
<table width='100%' border='1' class='invocation-failed'>
<tr><td colspan='3' align='center'><b>FAILED TESTS</b></td></tr>
<tr><td><b>Test method</b></td>
<td width="10%"><b>Time (seconds)</b></td>
<td width="30%"><b>Exception</b></td>
</tr>
<tr>
<td title='com.pearson.piltg.ngmelII.RegressionNMELIII.Message_Teacher.inboxMessageNotification()'>inboxMessageNotification<br/><b>NEWNGMEL-189_1, NEWNGMEL-189_2, NEWNGMEL-189_3, NEWNGMEL-189_4</b><br/>
<a href="#Output-669455866" onClick='toggleBox("Output-669455866", this, "Show output", "Hide output");'>Show output</a>

<a href="#Output-669455866" onClick="toggleAllBoxes();">Show all outputs</a>
<div class='log' id="Output-669455866">
<br><b>Test method: NEWNGMEL-189_1, NEWNGMEL-189_2, NEWNGMEL-189_3, NEWNGMEL-189_4.</b></br><br/>
Current Tab selected isMessage<br/>
Current Tab selected isMessage<br/>
Recipients are added from contact list<br/>
Recipients are displayed in Recipients field.<br/>
</div>
</td>
<td>104</td>
<td><div><pre>org.openqa.selenium.NoSuchElementException: no such element
  (Session info: chrome=37.0.2062.124)
  (Driver info: chromedriver=2.8.241075,platform=Windows NT 6.3 x86_64) (WARNING: The server did not provide any stacktrace information)
Command duration or timeout: 18 milliseconds
For documentation on this error, please visit: http://seleniumhq.org/exceptions/no_such_element.html
Build info: version: '2.39.0', revision: '14fa800511cc5d66d426e08b0b2ab926c7ed7398', time: '2013-12-16 13:18:38'
System info: host: 'BRICAWL-9JDVVY1', ip: '10.105.226.68', os.name: 'Windows 8', os.arch: 'amd64', os.version: '6.2', java.version: '1.7.0_51'
Session ID: b15ec8461d27190913958f186f9f4955
Driver info: org.openqa.selenium.chrome.ChromeDriver
Capabilities [{platform=WIN8, acceptSslCerts=true, javascriptEnabled=true, browserName=chrome, chrome={userDataDir=C:\Users\ubasaja\AppData\Local\Temp\scoped_dir15504_14217}, rotatable=false, locationContextEnabled=true, version=37.0.2062.124, takesHeapSnapshot=true, cssSelectorsEnabled=true, databaseEnabled=false, handlesAlerts=true, browserConnectionEnabled=false, nativeEvents=true, webStorageEnabled=true, applicationCacheEnabled=false, takesScreenshot=true}]
	at org.openqa.selenium.remote.ErrorHandler.createThrowable(ErrorHandler.java:193)
	at org.openqa.selenium.remote.ErrorHandler.throwIfResponseFailed(ErrorHandler.java:145)
	at org.openqa.selenium.remote.RemoteWebDriver.execute(RemoteWebDriver.java:554)
	at org.openqa.selenium.remote.RemoteWebDriver.findElement(RemoteWebDriver.java:307)
	at org.openqa.selenium.remote.RemoteWebDriver.findElementByCssSelector(RemoteWebDriver.java:396)
	at org.openqa.selenium.By$ByCssSelector.findElement(By.java:431)
	at org.openqa.selenium.remote.RemoteWebDriver.findElement(RemoteWebDriver.java:299)
	at com.pearson.piltg.ngmelII.util.UtilityCommon.waitForPageToLoadUsingParameter(UtilityCommon.java:391)
	at com.pearson.piltg.ngmelII.message.page.MessageCommon.createMessageStudent(MessageCommon.java:253)
	at com.pearson.piltg.ngmelII.RegressionNMELIII.Message_Teacher.inboxMessageNotification(Message_Teacher.java:627)
	at org.apache.maven.surefire.testng.TestNGExecutor.run(TestNGExecutor.java:74)
	at org.apache.maven.surefire.testng.TestNGXmlTestSuite.execute(TestNGXmlTestSuite.java:92)
	at org.apache.maven.surefire.Surefire.run(Surefire.java:180)
	at org.apache.maven.surefire.booter.SurefireBooter.runSuitesInProcess(SurefireBooter.java:350)
	at org.apache.maven.surefire.booter.SurefireBooter.main(SurefireBooter.java:1021)
... Removed 27 stack frames</pre></div><a href='#' onClick='toggleBox("stack-trace669455866", this, "Click to show all stack frames", "Click to hide stack frames")'>Click to show all stack frames</a>
<div class='stack-trace' id='stack-trace669455866'><pre>org.openqa.selenium.NoSuchElementException: no such element
  (Session info: chrome=37.0.2062.124)
  (Driver info: chromedriver=2.8.241075,platform=Windows NT 6.3 x86_64) (WARNING: The server did not provide any stacktrace information)
Command duration or timeout: 18 milliseconds
For documentation on this error, please visit: http://seleniumhq.org/exceptions/no_such_element.html
Build info: version: '2.39.0', revision: '14fa800511cc5d66d426e08b0b2ab926c7ed7398', time: '2013-12-16 13:18:38'
System info: host: 'BRICAWL-9JDVVY1', ip: '10.105.226.68', os.name: 'Windows 8', os.arch: 'amd64', os.version: '6.2', java.version: '1.7.0_51'
Session ID: b15ec8461d27190913958f186f9f4955
Driver info: org.openqa.selenium.chrome.ChromeDriver
Capabilities [{platform=WIN8, acceptSslCerts=true, javascriptEnabled=true, browserName=chrome, chrome={userDataDir=C:\Users\ubasaja\AppData\Local\Temp\scoped_dir15504_14217}, rotatable=false, locationContextEnabled=true, version=37.0.2062.124, takesHeapSnapshot=true, cssSelectorsEnabled=true, databaseEnabled=false, handlesAlerts=true, browserConnectionEnabled=false, nativeEvents=true, webStorageEnabled=true, applicationCacheEnabled=false, takesScreenshot=true}]
	at sun.reflect.GeneratedConstructorAccessor16.newInstance(Unknown Source)
	at sun.reflect.DelegatingConstructorAccessorImpl.newInstance(DelegatingConstructorAccessorImpl.java:45)
	at java.lang.reflect.Constructor.newInstance(Constructor.java:526)
	at org.openqa.selenium.remote.ErrorHandler.createThrowable(ErrorHandler.java:193)
	at org.openqa.selenium.remote.ErrorHandler.throwIfResponseFailed(ErrorHandler.java:145)
	at org.openqa.selenium.remote.RemoteWebDriver.execute(RemoteWebDriver.java:554)
	at org.openqa.selenium.remote.RemoteWebDriver.findElement(RemoteWebDriver.java:307)
	at org.openqa.selenium.remote.RemoteWebDriver.findElementByCssSelector(RemoteWebDriver.java:396)
	at org.openqa.selenium.By$ByCssSelector.findElement(By.java:431)
	at org.openqa.selenium.remote.RemoteWebDriver.findElement(RemoteWebDriver.java:299)
	at com.pearson.piltg.ngmelII.util.UtilityCommon.waitForPageToLoadUsingParameter(UtilityCommon.java:391)
	at com.pearson.piltg.ngmelII.message.page.MessageCommon.createMessageStudent(MessageCommon.java:253)
	at com.pearson.piltg.ngmelII.RegressionNMELIII.Message_Teacher.inboxMessageNotification(Message_Teacher.java:627)
	at sun.reflect.NativeMethodAccessorImpl.invoke0(Native Method)
	at sun.reflect.NativeMethodAccessorImpl.invoke(NativeMethodAccessorImpl.java:57)
	at sun.reflect.DelegatingMethodAccessorImpl.invoke(DelegatingMethodAccessorImpl.java:43)
	at java.lang.reflect.Method.invoke(Method.java:606)
	at org.testng.internal.MethodHelper.invokeMethod(MethodHelper.java:580)
	at org.testng.internal.Invoker.invokeMethod(Invoker.java:478)
	at org.testng.internal.Invoker.invokeTestMethod(Invoker.java:607)
	at org.testng.internal.Invoker.invokeTestMethods(Invoker.java:874)
	at org.testng.internal.TestMethodWorker.invokeTestMethods(TestMethodWorker.java:125)
	at org.testng.internal.TestMethodWorker.run(TestMethodWorker.java:109)
	at org.testng.TestRunner.runWorkers(TestRunner.java:689)
	at org.testng.TestRunner.privateRun(TestRunner.java:566)
	at org.testng.TestRunner.run(TestRunner.java:466)
	at org.testng.SuiteRunner.runTest(SuiteRunner.java:301)
	at org.testng.SuiteRunner.runSequentially(SuiteRunner.java:296)
	at org.testng.SuiteRunner.privateRun(SuiteRunner.java:276)
	at org.testng.SuiteRunner.run(SuiteRunner.java:191)
	at org.testng.TestNG.createAndRunSuiteRunners(TestNG.java:808)
	at org.testng.TestNG.runSuitesLocally(TestNG.java:776)
	at org.testng.TestNG.run(TestNG.java:701)
	at org.apache.maven.surefire.testng.TestNGExecutor.run(TestNGExecutor.java:74)
	at org.apache.maven.surefire.testng.TestNGXmlTestSuite.execute(TestNGXmlTestSuite.java:92)
	at org.apache.maven.surefire.Surefire.run(Surefire.java:180)
	at sun.reflect.NativeMethodAccessorImpl.invoke0(Native Method)
	at sun.reflect.NativeMethodAccessorImpl.invoke(NativeMethodAccessorImpl.java:57)
	at sun.reflect.DelegatingMethodAccessorImpl.invoke(DelegatingMethodAccessorImpl.java:43)
	at java.lang.reflect.Method.invoke(Method.java:606)
	at org.apache.maven.surefire.booter.SurefireBooter.runSuitesInProcess(SurefireBooter.java:350)
	at org.apache.maven.surefire.booter.SurefireBooter.main(SurefireBooter.java:1021)
</pre></div></td>
</tr>
<tr>
<td title='com.pearson.piltg.ngmelII.RegressionNMELIII.Message_Teacher.inboxMessageReadMessage()'>inboxMessageReadMessage<br/><b>NEWNGMEL-189_18, NEWNGMEL-189_21, NEWNGMEL-189_22, NEWNGMEL-189_23, NEWNGMEL-189_24.</b><br/>
<a href="#Output-1295679830" onClick='toggleBox("Output-1295679830", this, "Show output", "Hide output");'>Show output</a>

<a href="#Output-1295679830" onClick="toggleAllBoxes();">Show all outputs</a>
<div class='log' id="Output-1295679830">
<br><b>Test method: NEWNGMEL-189_18, NEWNGMEL-189_21, NEWNGMEL-189_22, NEWNGMEL-189_23, NEWNGMEL-189_24.</b></br><br/>
</div>
</td>
<td>120</td>
<td><div><pre>org.openqa.selenium.TimeoutException: Timed out after 120 seconds waiting for presence of element located by: By.id: username
Build info: version: '2.39.0', revision: '14fa800511cc5d66d426e08b0b2ab926c7ed7398', time: '2013-12-16 13:18:38'
System info: host: 'BRICAWL-9JDVVY1', ip: '10.105.226.68', os.name: 'Windows 8', os.arch: 'amd64', os.version: '6.2', java.version: '1.7.0_51'
Driver info: driver.version: unknown
	at org.openqa.selenium.support.ui.FluentWait.timeoutException(FluentWait.java:259)
	at org.openqa.selenium.support.ui.FluentWait.until(FluentWait.java:228)
	at com.pearson.piltg.ngmelII.util.UtilityCommon.waitForElementPresent(UtilityCommon.java:193)
	at com.pearson.piltg.ngmelII.message.page.MessageCommon.deleteInboxMessage(MessageCommon.java:344)
	at com.pearson.piltg.ngmelII.RegressionNMELIII.Message_Teacher.inboxMessageReadMessage(Message_Teacher.java:757)
	at org.apache.maven.surefire.testng.TestNGExecutor.run(TestNGExecutor.java:74)
	at org.apache.maven.surefire.testng.TestNGXmlTestSuite.execute(TestNGXmlTestSuite.java:92)
	at org.apache.maven.surefire.Surefire.run(Surefire.java:180)
	at org.apache.maven.surefire.booter.SurefireBooter.runSuitesInProcess(SurefireBooter.java:350)
	at org.apache.maven.surefire.booter.SurefireBooter.main(SurefireBooter.java:1021)
Caused by: org.openqa.selenium.NoSuchElementException: no such element
  (Session info: chrome=37.0.2062.124)
  (Driver info: chromedriver=2.8.241075,platform=Windows NT 6.3 x86_64) (WARNING: The server did not provide any stacktrace information)
Command duration or timeout: 23 milliseconds
For documentation on this error, please visit: http://seleniumhq.org/exceptions/no_such_element.html
Build info: version: '2.39.0', revision: '14fa800511cc5d66d426e08b0b2ab926c7ed7398', time: '2013-12-16 13:18:38'
System info: host: 'BRICAWL-9JDVVY1', ip: '10.105.226.68', os.name: 'Windows 8', os.arch: 'amd64', os.version: '6.2', java.version: '1.7.0_51'
Session ID: b15ec8461d27190913958f186f9f4955
Driver info: org.openqa.selenium.chrome.ChromeDriver
Capabilities [{platform=WIN8, acceptSslCerts=true, javascriptEnabled=true, browserName=chrome, chrome={userDataDir=C:\Users\ubasaja\AppData\Local\Temp\scoped_dir15504_14217}, rotatable=false, locationContextEnabled=true, version=37.0.2062.124, takesHeapSnapshot=true, cssSelectorsEnabled=true, databaseEnabled=false, handlesAlerts=true, browserConnectionEnabled=false, nativeEvents=true, webStorageEnabled=true, applicationCacheEnabled=false, takesScreenshot=true}]
	at org.openqa.selenium.remote.ErrorHandler.createThrowable(ErrorHandler.java:193)
	at org.openqa.selenium.remote.ErrorHandler.throwIfResponseFailed(ErrorHandler.java:145)
	at org.openqa.selenium.remote.RemoteWebDriver.execute(RemoteWebDriver.java:554)
	at org.openqa.selenium.remote.RemoteWebDriver.findElement(RemoteWebDriver.java:307)
	at org.openqa.selenium.remote.RemoteWebDriver.findElementById(RemoteWebDriver.java:348)
	at org.openqa.selenium.By$ById.findElement(By.java:220)
	at org.openqa.selenium.remote.RemoteWebDriver.findElement(RemoteWebDriver.java:299)
	at org.openqa.selenium.support.ui.ExpectedConditions.findElement(ExpectedConditions.java:730)
	at org.openqa.selenium.support.ui.ExpectedConditions.access$000(ExpectedConditions.java:39)
	at org.openqa.selenium.support.ui.ExpectedConditions$3.apply(ExpectedConditions.java:106)
	at org.openqa.selenium.support.ui.ExpectedConditions$3.apply(ExpectedConditions.java:103)
	at org.openqa.selenium.support.ui.FluentWait.until(FluentWait.java:208)
	... 32 more
... Removed 27 stack frames</pre></div><a href='#' onClick='toggleBox("stack-trace1295679830", this, "Click to show all stack frames", "Click to hide stack frames")'>Click to show all stack frames</a>
<div class='stack-trace' id='stack-trace1295679830'><pre>org.openqa.selenium.TimeoutException: Timed out after 120 seconds waiting for presence of element located by: By.id: username
Build info: version: '2.39.0', revision: '14fa800511cc5d66d426e08b0b2ab926c7ed7398', time: '2013-12-16 13:18:38'
System info: host: 'BRICAWL-9JDVVY1', ip: '10.105.226.68', os.name: 'Windows 8', os.arch: 'amd64', os.version: '6.2', java.version: '1.7.0_51'
Driver info: driver.version: unknown
	at org.openqa.selenium.support.ui.FluentWait.timeoutException(FluentWait.java:259)
	at org.openqa.selenium.support.ui.FluentWait.until(FluentWait.java:228)
	at com.pearson.piltg.ngmelII.util.UtilityCommon.waitForElementPresent(UtilityCommon.java:193)
	at com.pearson.piltg.ngmelII.message.page.MessageCommon.deleteInboxMessage(MessageCommon.java:344)
	at com.pearson.piltg.ngmelII.RegressionNMELIII.Message_Teacher.inboxMessageReadMessage(Message_Teacher.java:757)
	at sun.reflect.NativeMethodAccessorImpl.invoke0(Native Method)
	at sun.reflect.NativeMethodAccessorImpl.invoke(NativeMethodAccessorImpl.java:57)
	at sun.reflect.DelegatingMethodAccessorImpl.invoke(DelegatingMethodAccessorImpl.java:43)
	at java.lang.reflect.Method.invoke(Method.java:606)
	at org.testng.internal.MethodHelper.invokeMethod(MethodHelper.java:580)
	at org.testng.internal.Invoker.invokeMethod(Invoker.java:478)
	at org.testng.internal.Invoker.invokeTestMethod(Invoker.java:607)
	at org.testng.internal.Invoker.invokeTestMethods(Invoker.java:874)
	at org.testng.internal.TestMethodWorker.invokeTestMethods(TestMethodWorker.java:125)
	at org.testng.internal.TestMethodWorker.run(TestMethodWorker.java:109)
	at org.testng.TestRunner.runWorkers(TestRunner.java:689)
	at org.testng.TestRunner.privateRun(TestRunner.java:566)
	at org.testng.TestRunner.run(TestRunner.java:466)
	at org.testng.SuiteRunner.runTest(SuiteRunner.java:301)
	at org.testng.SuiteRunner.runSequentially(SuiteRunner.java:296)
	at org.testng.SuiteRunner.privateRun(SuiteRunner.java:276)
	at org.testng.SuiteRunner.run(SuiteRunner.java:191)
	at org.testng.TestNG.createAndRunSuiteRunners(TestNG.java:808)
	at org.testng.TestNG.runSuitesLocally(TestNG.java:776)
	at org.testng.TestNG.run(TestNG.java:701)
	at org.apache.maven.surefire.testng.TestNGExecutor.run(TestNGExecutor.java:74)
	at org.apache.maven.surefire.testng.TestNGXmlTestSuite.execute(TestNGXmlTestSuite.java:92)
	at org.apache.maven.surefire.Surefire.run(Surefire.java:180)
	at sun.reflect.NativeMethodAccessorImpl.invoke0(Native Method)
	at sun.reflect.NativeMethodAccessorImpl.invoke(NativeMethodAccessorImpl.java:57)
	at sun.reflect.DelegatingMethodAccessorImpl.invoke(DelegatingMethodAccessorImpl.java:43)
	at java.lang.reflect.Method.invoke(Method.java:606)
	at org.apache.maven.surefire.booter.SurefireBooter.runSuitesInProcess(SurefireBooter.java:350)
	at org.apache.maven.surefire.booter.SurefireBooter.main(SurefireBooter.java:1021)
Caused by: org.openqa.selenium.NoSuchElementException: no such element
  (Session info: chrome=37.0.2062.124)
  (Driver info: chromedriver=2.8.241075,platform=Windows NT 6.3 x86_64) (WARNING: The server did not provide any stacktrace information)
Command duration or timeout: 23 milliseconds
For documentation on this error, please visit: http://seleniumhq.org/exceptions/no_such_element.html
Build info: version: '2.39.0', revision: '14fa800511cc5d66d426e08b0b2ab926c7ed7398', time: '2013-12-16 13:18:38'
System info: host: 'BRICAWL-9JDVVY1', ip: '10.105.226.68', os.name: 'Windows 8', os.arch: 'amd64', os.version: '6.2', java.version: '1.7.0_51'
Session ID: b15ec8461d27190913958f186f9f4955
Driver info: org.openqa.selenium.chrome.ChromeDriver
Capabilities [{platform=WIN8, acceptSslCerts=true, javascriptEnabled=true, browserName=chrome, chrome={userDataDir=C:\Users\ubasaja\AppData\Local\Temp\scoped_dir15504_14217}, rotatable=false, locationContextEnabled=true, version=37.0.2062.124, takesHeapSnapshot=true, cssSelectorsEnabled=true, databaseEnabled=false, handlesAlerts=true, browserConnectionEnabled=false, nativeEvents=true, webStorageEnabled=true, applicationCacheEnabled=false, takesScreenshot=true}]
	at sun.reflect.GeneratedConstructorAccessor16.newInstance(Unknown Source)
	at sun.reflect.DelegatingConstructorAccessorImpl.newInstance(DelegatingConstructorAccessorImpl.java:45)
	at java.lang.reflect.Constructor.newInstance(Constructor.java:526)
	at org.openqa.selenium.remote.ErrorHandler.createThrowable(ErrorHandler.java:193)
	at org.openqa.selenium.remote.ErrorHandler.throwIfResponseFailed(ErrorHandler.java:145)
	at org.openqa.selenium.remote.RemoteWebDriver.execute(RemoteWebDriver.java:554)
	at org.openqa.selenium.remote.RemoteWebDriver.findElement(RemoteWebDriver.java:307)
	at org.openqa.selenium.remote.RemoteWebDriver.findElementById(RemoteWebDriver.java:348)
	at org.openqa.selenium.By$ById.findElement(By.java:220)
	at org.openqa.selenium.remote.RemoteWebDriver.findElement(RemoteWebDriver.java:299)
	at org.openqa.selenium.support.ui.ExpectedConditions.findElement(ExpectedConditions.java:730)
	at org.openqa.selenium.support.ui.ExpectedConditions.access$000(ExpectedConditions.java:39)
	at org.openqa.selenium.support.ui.ExpectedConditions$3.apply(ExpectedConditions.java:106)
	at org.openqa.selenium.support.ui.ExpectedConditions$3.apply(ExpectedConditions.java:103)
	at org.openqa.selenium.support.ui.FluentWait.until(FluentWait.java:208)
	... 32 more
</pre></div></td>
</tr>
<tr>
<td title='com.pearson.piltg.ngmelII.RegressionNMELIII.Message_Teacher.inboxMessageViewAndSort()'>inboxMessageViewAndSort<br/><b>NEWNGMEL-189_7, NEWNGMEL-189_8, NEWNGMEL-189_9, NEWNGMEL-189_10, NEWNGMEL-189_11, NEWNGMEL-189_13, NEWNGMEL-189_15, NEWNGMEL-189_16, NEWNGMEL-189_12.</b><br/>
<a href="#Output-854576072" onClick='toggleBox("Output-854576072", this, "Show output", "Hide output");'>Show output</a>

<a href="#Output-854576072" onClick="toggleAllBoxes();">Show all outputs</a>
<div class='log' id="Output-854576072">
<br><b>Test method: NEWNGMEL-189_7, NEWNGMEL-189_8, NEWNGMEL-189_9, NEWNGMEL-189_10, NEWNGMEL-189_11, NEWNGMEL-189_13, NEWNGMEL-189_15, NEWNGMEL-189_16, NEWNGMEL-189_12.</b></br><br/>
</div>
</td>
<td>120</td>
<td><div><pre>org.openqa.selenium.TimeoutException: Timed out after 120 seconds waiting for presence of element located by: By.id: username
Build info: version: '2.39.0', revision: '14fa800511cc5d66d426e08b0b2ab926c7ed7398', time: '2013-12-16 13:18:38'
System info: host: 'BRICAWL-9JDVVY1', ip: '10.105.226.68', os.name: 'Windows 8', os.arch: 'amd64', os.version: '6.2', java.version: '1.7.0_51'
Driver info: driver.version: unknown
	at org.openqa.selenium.support.ui.FluentWait.timeoutException(FluentWait.java:259)
	at org.openqa.selenium.support.ui.FluentWait.until(FluentWait.java:228)
	at com.pearson.piltg.ngmelII.util.UtilityCommon.waitForElementPresent(UtilityCommon.java:193)
	at com.pearson.piltg.ngmelII.message.page.MessageCommon.deleteInboxMessage(MessageCommon.java:344)
	at com.pearson.piltg.ngmelII.RegressionNMELIII.Message_Teacher.inboxMessageViewAndSort(Message_Teacher.java:915)
	at org.apache.maven.surefire.testng.TestNGExecutor.run(TestNGExecutor.java:74)
	at org.apache.maven.surefire.testng.TestNGXmlTestSuite.execute(TestNGXmlTestSuite.java:92)
	at org.apache.maven.surefire.Surefire.run(Surefire.java:180)
	at org.apache.maven.surefire.booter.SurefireBooter.runSuitesInProcess(SurefireBooter.java:350)
	at org.apache.maven.surefire.booter.SurefireBooter.main(SurefireBooter.java:1021)
Caused by: org.openqa.selenium.NoSuchElementException: no such element
  (Session info: chrome=37.0.2062.124)
  (Driver info: chromedriver=2.8.241075,platform=Windows NT 6.3 x86_64) (WARNING: The server did not provide any stacktrace information)
Command duration or timeout: 21 milliseconds
For documentation on this error, please visit: http://seleniumhq.org/exceptions/no_such_element.html
Build info: version: '2.39.0', revision: '14fa800511cc5d66d426e08b0b2ab926c7ed7398', time: '2013-12-16 13:18:38'
System info: host: 'BRICAWL-9JDVVY1', ip: '10.105.226.68', os.name: 'Windows 8', os.arch: 'amd64', os.version: '6.2', java.version: '1.7.0_51'
Session ID: b15ec8461d27190913958f186f9f4955
Driver info: org.openqa.selenium.chrome.ChromeDriver
Capabilities [{platform=WIN8, acceptSslCerts=true, javascriptEnabled=true, browserName=chrome, chrome={userDataDir=C:\Users\ubasaja\AppData\Local\Temp\scoped_dir15504_14217}, rotatable=false, locationContextEnabled=true, version=37.0.2062.124, takesHeapSnapshot=true, cssSelectorsEnabled=true, databaseEnabled=false, handlesAlerts=true, browserConnectionEnabled=false, nativeEvents=true, webStorageEnabled=true, applicationCacheEnabled=false, takesScreenshot=true}]
	at org.openqa.selenium.remote.ErrorHandler.createThrowable(ErrorHandler.java:193)
	at org.openqa.selenium.remote.ErrorHandler.throwIfResponseFailed(ErrorHandler.java:145)
	at org.openqa.selenium.remote.RemoteWebDriver.execute(RemoteWebDriver.java:554)
	at org.openqa.selenium.remote.RemoteWebDriver.findElement(RemoteWebDriver.java:307)
	at org.openqa.selenium.remote.RemoteWebDriver.findElementById(RemoteWebDriver.java:348)
	at org.openqa.selenium.By$ById.findElement(By.java:220)
	at org.openqa.selenium.remote.RemoteWebDriver.findElement(RemoteWebDriver.java:299)
	at org.openqa.selenium.support.ui.ExpectedConditions.findElement(ExpectedConditions.java:730)
	at org.openqa.selenium.support.ui.ExpectedConditions.access$000(ExpectedConditions.java:39)
	at org.openqa.selenium.support.ui.ExpectedConditions$3.apply(ExpectedConditions.java:106)
	at org.openqa.selenium.support.ui.ExpectedConditions$3.apply(ExpectedConditions.java:103)
	at org.openqa.selenium.support.ui.FluentWait.until(FluentWait.java:208)
	... 32 more
... Removed 27 stack frames</pre></div><a href='#' onClick='toggleBox("stack-trace854576072", this, "Click to show all stack frames", "Click to hide stack frames")'>Click to show all stack frames</a>
<div class='stack-trace' id='stack-trace854576072'><pre>org.openqa.selenium.TimeoutException: Timed out after 120 seconds waiting for presence of element located by: By.id: username
Build info: version: '2.39.0', revision: '14fa800511cc5d66d426e08b0b2ab926c7ed7398', time: '2013-12-16 13:18:38'
System info: host: 'BRICAWL-9JDVVY1', ip: '10.105.226.68', os.name: 'Windows 8', os.arch: 'amd64', os.version: '6.2', java.version: '1.7.0_51'
Driver info: driver.version: unknown
	at org.openqa.selenium.support.ui.FluentWait.timeoutException(FluentWait.java:259)
	at org.openqa.selenium.support.ui.FluentWait.until(FluentWait.java:228)
	at com.pearson.piltg.ngmelII.util.UtilityCommon.waitForElementPresent(UtilityCommon.java:193)
	at com.pearson.piltg.ngmelII.message.page.MessageCommon.deleteInboxMessage(MessageCommon.java:344)
	at com.pearson.piltg.ngmelII.RegressionNMELIII.Message_Teacher.inboxMessageViewAndSort(Message_Teacher.java:915)
	at sun.reflect.NativeMethodAccessorImpl.invoke0(Native Method)
	at sun.reflect.NativeMethodAccessorImpl.invoke(NativeMethodAccessorImpl.java:57)
	at sun.reflect.DelegatingMethodAccessorImpl.invoke(DelegatingMethodAccessorImpl.java:43)
	at java.lang.reflect.Method.invoke(Method.java:606)
	at org.testng.internal.MethodHelper.invokeMethod(MethodHelper.java:580)
	at org.testng.internal.Invoker.invokeMethod(Invoker.java:478)
	at org.testng.internal.Invoker.invokeTestMethod(Invoker.java:607)
	at org.testng.internal.Invoker.invokeTestMethods(Invoker.java:874)
	at org.testng.internal.TestMethodWorker.invokeTestMethods(TestMethodWorker.java:125)
	at org.testng.internal.TestMethodWorker.run(TestMethodWorker.java:109)
	at org.testng.TestRunner.runWorkers(TestRunner.java:689)
	at org.testng.TestRunner.privateRun(TestRunner.java:566)
	at org.testng.TestRunner.run(TestRunner.java:466)
	at org.testng.SuiteRunner.runTest(SuiteRunner.java:301)
	at org.testng.SuiteRunner.runSequentially(SuiteRunner.java:296)
	at org.testng.SuiteRunner.privateRun(SuiteRunner.java:276)
	at org.testng.SuiteRunner.run(SuiteRunner.java:191)
	at org.testng.TestNG.createAndRunSuiteRunners(TestNG.java:808)
	at org.testng.TestNG.runSuitesLocally(TestNG.java:776)
	at org.testng.TestNG.run(TestNG.java:701)
	at org.apache.maven.surefire.testng.TestNGExecutor.run(TestNGExecutor.java:74)
	at org.apache.maven.surefire.testng.TestNGXmlTestSuite.execute(TestNGXmlTestSuite.java:92)
	at org.apache.maven.surefire.Surefire.run(Surefire.java:180)
	at sun.reflect.NativeMethodAccessorImpl.invoke0(Native Method)
	at sun.reflect.NativeMethodAccessorImpl.invoke(NativeMethodAccessorImpl.java:57)
	at sun.reflect.DelegatingMethodAccessorImpl.invoke(DelegatingMethodAccessorImpl.java:43)
	at java.lang.reflect.Method.invoke(Method.java:606)
	at org.apache.maven.surefire.booter.SurefireBooter.runSuitesInProcess(SurefireBooter.java:350)
	at org.apache.maven.surefire.booter.SurefireBooter.main(SurefireBooter.java:1021)
Caused by: org.openqa.selenium.NoSuchElementException: no such element
  (Session info: chrome=37.0.2062.124)
  (Driver info: chromedriver=2.8.241075,platform=Windows NT 6.3 x86_64) (WARNING: The server did not provide any stacktrace information)
Command duration or timeout: 21 milliseconds
For documentation on this error, please visit: http://seleniumhq.org/exceptions/no_such_element.html
Build info: version: '2.39.0', revision: '14fa800511cc5d66d426e08b0b2ab926c7ed7398', time: '2013-12-16 13:18:38'
System info: host: 'BRICAWL-9JDVVY1', ip: '10.105.226.68', os.name: 'Windows 8', os.arch: 'amd64', os.version: '6.2', java.version: '1.7.0_51'
Session ID: b15ec8461d27190913958f186f9f4955
Driver info: org.openqa.selenium.chrome.ChromeDriver
Capabilities [{platform=WIN8, acceptSslCerts=true, javascriptEnabled=true, browserName=chrome, chrome={userDataDir=C:\Users\ubasaja\AppData\Local\Temp\scoped_dir15504_14217}, rotatable=false, locationContextEnabled=true, version=37.0.2062.124, takesHeapSnapshot=true, cssSelectorsEnabled=true, databaseEnabled=false, handlesAlerts=true, browserConnectionEnabled=false, nativeEvents=true, webStorageEnabled=true, applicationCacheEnabled=false, takesScreenshot=true}]
	at sun.reflect.GeneratedConstructorAccessor16.newInstance(Unknown Source)
	at sun.reflect.DelegatingConstructorAccessorImpl.newInstance(DelegatingConstructorAccessorImpl.java:45)
	at java.lang.reflect.Constructor.newInstance(Constructor.java:526)
	at org.openqa.selenium.remote.ErrorHandler.createThrowable(ErrorHandler.java:193)
	at org.openqa.selenium.remote.ErrorHandler.throwIfResponseFailed(ErrorHandler.java:145)
	at org.openqa.selenium.remote.RemoteWebDriver.execute(RemoteWebDriver.java:554)
	at org.openqa.selenium.remote.RemoteWebDriver.findElement(RemoteWebDriver.java:307)
	at org.openqa.selenium.remote.RemoteWebDriver.findElementById(RemoteWebDriver.java:348)
	at org.openqa.selenium.By$ById.findElement(By.java:220)
	at org.openqa.selenium.remote.RemoteWebDriver.findElement(RemoteWebDriver.java:299)
	at org.openqa.selenium.support.ui.ExpectedConditions.findElement(ExpectedConditions.java:730)
	at org.openqa.selenium.support.ui.ExpectedConditions.access$000(ExpectedConditions.java:39)
	at org.openqa.selenium.support.ui.ExpectedConditions$3.apply(ExpectedConditions.java:106)
	at org.openqa.selenium.support.ui.ExpectedConditions$3.apply(ExpectedConditions.java:103)
	at org.openqa.selenium.support.ui.FluentWait.until(FluentWait.java:208)
	... 32 more
</pre></div></td>
</tr>
<tr>
<td title='com.pearson.piltg.ngmelII.RegressionNMELIII.Message_Teacher.messageCreate()'>messageCreate<br/><b>NEWNGMEL-147_5, NEWNGMEL-147_8, NEWNGMEL-147_7, NEWNGMEL-147_4, NEWNGMEL-147_1, NEWNGMEL-147_10</b><br/>
<a href="#Output-1610028911" onClick='toggleBox("Output-1610028911", this, "Show output", "Hide output");'>Show output</a>

<a href="#Output-1610028911" onClick="toggleAllBoxes();">Show all outputs</a>
<div class='log' id="Output-1610028911">
<br><b>Test method: NEWNGMEL-147_5, NEWNGMEL-147_8, NEWNGMEL-147_7, NEWNGMEL-147_4, NEWNGMEL-147_1, NEWNGMEL-147_10.</b></br><br/>
</div>
</td>
<td>127</td>
<td><div><pre>org.openqa.selenium.TimeoutException: Timed out after 120 seconds waiting for presence of element located by: By.id: username
Build info: version: '2.39.0', revision: '14fa800511cc5d66d426e08b0b2ab926c7ed7398', time: '2013-12-16 13:18:38'
System info: host: 'BRICAWL-9JDVVY1', ip: '10.105.226.68', os.name: 'Windows 8', os.arch: 'amd64', os.version: '6.2', java.version: '1.7.0_51'
Driver info: driver.version: unknown
	at org.openqa.selenium.support.ui.FluentWait.timeoutException(FluentWait.java:259)
	at org.openqa.selenium.support.ui.FluentWait.until(FluentWait.java:228)
	at com.pearson.piltg.ngmelII.util.UtilityCommon.waitForElementPresent(UtilityCommon.java:193)
	at com.pearson.piltg.ngmelII.RegressionNMELIII.Message_Teacher.messageCreate(Message_Teacher.java:47)
	at org.apache.maven.surefire.testng.TestNGExecutor.run(TestNGExecutor.java:74)
	at org.apache.maven.surefire.testng.TestNGXmlTestSuite.execute(TestNGXmlTestSuite.java:92)
	at org.apache.maven.surefire.Surefire.run(Surefire.java:180)
	at org.apache.maven.surefire.booter.SurefireBooter.runSuitesInProcess(SurefireBooter.java:350)
	at org.apache.maven.surefire.booter.SurefireBooter.main(SurefireBooter.java:1021)
Caused by: org.openqa.selenium.NoSuchElementException: no such element
  (Session info: chrome=37.0.2062.124)
  (Driver info: chromedriver=2.8.241075,platform=Windows NT 6.3 x86_64) (WARNING: The server did not provide any stacktrace information)
Command duration or timeout: 22 milliseconds
For documentation on this error, please visit: http://seleniumhq.org/exceptions/no_such_element.html
Build info: version: '2.39.0', revision: '14fa800511cc5d66d426e08b0b2ab926c7ed7398', time: '2013-12-16 13:18:38'
System info: host: 'BRICAWL-9JDVVY1', ip: '10.105.226.68', os.name: 'Windows 8', os.arch: 'amd64', os.version: '6.2', java.version: '1.7.0_51'
Session ID: b15ec8461d27190913958f186f9f4955
Driver info: org.openqa.selenium.chrome.ChromeDriver
Capabilities [{platform=WIN8, acceptSslCerts=true, javascriptEnabled=true, browserName=chrome, chrome={userDataDir=C:\Users\ubasaja\AppData\Local\Temp\scoped_dir15504_14217}, rotatable=false, locationContextEnabled=true, version=37.0.2062.124, takesHeapSnapshot=true, cssSelectorsEnabled=true, databaseEnabled=false, handlesAlerts=true, browserConnectionEnabled=false, nativeEvents=true, webStorageEnabled=true, applicationCacheEnabled=false, takesScreenshot=true}]
	at org.openqa.selenium.remote.ErrorHandler.createThrowable(ErrorHandler.java:193)
	at org.openqa.selenium.remote.ErrorHandler.throwIfResponseFailed(ErrorHandler.java:145)
	at org.openqa.selenium.remote.RemoteWebDriver.execute(RemoteWebDriver.java:554)
	at org.openqa.selenium.remote.RemoteWebDriver.findElement(RemoteWebDriver.java:307)
	at org.openqa.selenium.remote.RemoteWebDriver.findElementById(RemoteWebDriver.java:348)
	at org.openqa.selenium.By$ById.findElement(By.java:220)
	at org.openqa.selenium.remote.RemoteWebDriver.findElement(RemoteWebDriver.java:299)
	at org.openqa.selenium.support.ui.ExpectedConditions.findElement(ExpectedConditions.java:730)
	at org.openqa.selenium.support.ui.ExpectedConditions.access$000(ExpectedConditions.java:39)
	at org.openqa.selenium.support.ui.ExpectedConditions$3.apply(ExpectedConditions.java:106)
	at org.openqa.selenium.support.ui.ExpectedConditions$3.apply(ExpectedConditions.java:103)
	at org.openqa.selenium.support.ui.FluentWait.until(FluentWait.java:208)
	... 31 more
... Removed 27 stack frames</pre></div><a href='#' onClick='toggleBox("stack-trace1610028911", this, "Click to show all stack frames", "Click to hide stack frames")'>Click to show all stack frames</a>
<div class='stack-trace' id='stack-trace1610028911'><pre>org.openqa.selenium.TimeoutException: Timed out after 120 seconds waiting for presence of element located by: By.id: username
Build info: version: '2.39.0', revision: '14fa800511cc5d66d426e08b0b2ab926c7ed7398', time: '2013-12-16 13:18:38'
System info: host: 'BRICAWL-9JDVVY1', ip: '10.105.226.68', os.name: 'Windows 8', os.arch: 'amd64', os.version: '6.2', java.version: '1.7.0_51'
Driver info: driver.version: unknown
	at org.openqa.selenium.support.ui.FluentWait.timeoutException(FluentWait.java:259)
	at org.openqa.selenium.support.ui.FluentWait.until(FluentWait.java:228)
	at com.pearson.piltg.ngmelII.util.UtilityCommon.waitForElementPresent(UtilityCommon.java:193)
	at com.pearson.piltg.ngmelII.RegressionNMELIII.Message_Teacher.messageCreate(Message_Teacher.java:47)
	at sun.reflect.NativeMethodAccessorImpl.invoke0(Native Method)
	at sun.reflect.NativeMethodAccessorImpl.invoke(NativeMethodAccessorImpl.java:57)
	at sun.reflect.DelegatingMethodAccessorImpl.invoke(DelegatingMethodAccessorImpl.java:43)
	at java.lang.reflect.Method.invoke(Method.java:606)
	at org.testng.internal.MethodHelper.invokeMethod(MethodHelper.java:580)
	at org.testng.internal.Invoker.invokeMethod(Invoker.java:478)
	at org.testng.internal.Invoker.invokeTestMethod(Invoker.java:607)
	at org.testng.internal.Invoker.invokeTestMethods(Invoker.java:874)
	at org.testng.internal.TestMethodWorker.invokeTestMethods(TestMethodWorker.java:125)
	at org.testng.internal.TestMethodWorker.run(TestMethodWorker.java:109)
	at org.testng.TestRunner.runWorkers(TestRunner.java:689)
	at org.testng.TestRunner.privateRun(TestRunner.java:566)
	at org.testng.TestRunner.run(TestRunner.java:466)
	at org.testng.SuiteRunner.runTest(SuiteRunner.java:301)
	at org.testng.SuiteRunner.runSequentially(SuiteRunner.java:296)
	at org.testng.SuiteRunner.privateRun(SuiteRunner.java:276)
	at org.testng.SuiteRunner.run(SuiteRunner.java:191)
	at org.testng.TestNG.createAndRunSuiteRunners(TestNG.java:808)
	at org.testng.TestNG.runSuitesLocally(TestNG.java:776)
	at org.testng.TestNG.run(TestNG.java:701)
	at org.apache.maven.surefire.testng.TestNGExecutor.run(TestNGExecutor.java:74)
	at org.apache.maven.surefire.testng.TestNGXmlTestSuite.execute(TestNGXmlTestSuite.java:92)
	at org.apache.maven.surefire.Surefire.run(Surefire.java:180)
	at sun.reflect.NativeMethodAccessorImpl.invoke0(Native Method)
	at sun.reflect.NativeMethodAccessorImpl.invoke(NativeMethodAccessorImpl.java:57)
	at sun.reflect.DelegatingMethodAccessorImpl.invoke(DelegatingMethodAccessorImpl.java:43)
	at java.lang.reflect.Method.invoke(Method.java:606)
	at org.apache.maven.surefire.booter.SurefireBooter.runSuitesInProcess(SurefireBooter.java:350)
	at org.apache.maven.surefire.booter.SurefireBooter.main(SurefireBooter.java:1021)
Caused by: org.openqa.selenium.NoSuchElementException: no such element
  (Session info: chrome=37.0.2062.124)
  (Driver info: chromedriver=2.8.241075,platform=Windows NT 6.3 x86_64) (WARNING: The server did not provide any stacktrace information)
Command duration or timeout: 22 milliseconds
For documentation on this error, please visit: http://seleniumhq.org/exceptions/no_such_element.html
Build info: version: '2.39.0', revision: '14fa800511cc5d66d426e08b0b2ab926c7ed7398', time: '2013-12-16 13:18:38'
System info: host: 'BRICAWL-9JDVVY1', ip: '10.105.226.68', os.name: 'Windows 8', os.arch: 'amd64', os.version: '6.2', java.version: '1.7.0_51'
Session ID: b15ec8461d27190913958f186f9f4955
Driver info: org.openqa.selenium.chrome.ChromeDriver
Capabilities [{platform=WIN8, acceptSslCerts=true, javascriptEnabled=true, browserName=chrome, chrome={userDataDir=C:\Users\ubasaja\AppData\Local\Temp\scoped_dir15504_14217}, rotatable=false, locationContextEnabled=true, version=37.0.2062.124, takesHeapSnapshot=true, cssSelectorsEnabled=true, databaseEnabled=false, handlesAlerts=true, browserConnectionEnabled=false, nativeEvents=true, webStorageEnabled=true, applicationCacheEnabled=false, takesScreenshot=true}]
	at sun.reflect.GeneratedConstructorAccessor16.newInstance(Unknown Source)
	at sun.reflect.DelegatingConstructorAccessorImpl.newInstance(DelegatingConstructorAccessorImpl.java:45)
	at java.lang.reflect.Constructor.newInstance(Constructor.java:526)
	at org.openqa.selenium.remote.ErrorHandler.createThrowable(ErrorHandler.java:193)
	at org.openqa.selenium.remote.ErrorHandler.throwIfResponseFailed(ErrorHandler.java:145)
	at org.openqa.selenium.remote.RemoteWebDriver.execute(RemoteWebDriver.java:554)
	at org.openqa.selenium.remote.RemoteWebDriver.findElement(RemoteWebDriver.java:307)
	at org.openqa.selenium.remote.RemoteWebDriver.findElementById(RemoteWebDriver.java:348)
	at org.openqa.selenium.By$ById.findElement(By.java:220)
	at org.openqa.selenium.remote.RemoteWebDriver.findElement(RemoteWebDriver.java:299)
	at org.openqa.selenium.support.ui.ExpectedConditions.findElement(ExpectedConditions.java:730)
	at org.openqa.selenium.support.ui.ExpectedConditions.access$000(ExpectedConditions.java:39)
	at org.openqa.selenium.support.ui.ExpectedConditions$3.apply(ExpectedConditions.java:106)
	at org.openqa.selenium.support.ui.ExpectedConditions$3.apply(ExpectedConditions.java:103)
	at org.openqa.selenium.support.ui.FluentWait.until(FluentWait.java:208)
	... 31 more
</pre></div></td>
</tr>
<tr>
<td title='com.pearson.piltg.ngmelII.RegressionNMELIII.Message_Teacher.sentMessageViewAndSort()'>sentMessageViewAndSort<br/><b>NEWNGMEL-190_1, NEWNGMEL-190_3 , NEWNGMEL-190_5, NEWNGMEL-190_6,  NEWNGMEL-190_7, NEWNGMEL-190_4, NEWNGMEL-190_8.</b><br/>
<a href="#Output-989221180" onClick='toggleBox("Output-989221180", this, "Show output", "Hide output");'>Show output</a>

<a href="#Output-989221180" onClick="toggleAllBoxes();">Show all outputs</a>
<div class='log' id="Output-989221180">
<br><b>Test method: NEWNGMEL-190_1, NEWNGMEL-190_3 , NEWNGMEL-190_5, NEWNGMEL-190_6,  NEWNGMEL-190_7, NEWNGMEL-190_4, NEWNGMEL-190_8.</b></br><br/>
</div>
</td>
<td>120</td>
<td><div><pre>org.openqa.selenium.TimeoutException: Timed out after 120 seconds waiting for presence of element located by: By.id: username
Build info: version: '2.39.0', revision: '14fa800511cc5d66d426e08b0b2ab926c7ed7398', time: '2013-12-16 13:18:38'
System info: host: 'BRICAWL-9JDVVY1', ip: '10.105.226.68', os.name: 'Windows 8', os.arch: 'amd64', os.version: '6.2', java.version: '1.7.0_51'
Driver info: driver.version: unknown
	at org.openqa.selenium.support.ui.FluentWait.timeoutException(FluentWait.java:259)
	at org.openqa.selenium.support.ui.FluentWait.until(FluentWait.java:228)
	at com.pearson.piltg.ngmelII.util.UtilityCommon.waitForElementPresent(UtilityCommon.java:193)
	at com.pearson.piltg.ngmelII.RegressionNMELIII.Message_Teacher.sentMessageViewAndSort(Message_Teacher.java:364)
	at org.apache.maven.surefire.testng.TestNGExecutor.run(TestNGExecutor.java:74)
	at org.apache.maven.surefire.testng.TestNGXmlTestSuite.execute(TestNGXmlTestSuite.java:92)
	at org.apache.maven.surefire.Surefire.run(Surefire.java:180)
	at org.apache.maven.surefire.booter.SurefireBooter.runSuitesInProcess(SurefireBooter.java:350)
	at org.apache.maven.surefire.booter.SurefireBooter.main(SurefireBooter.java:1021)
Caused by: org.openqa.selenium.NoSuchElementException: no such element
  (Session info: chrome=37.0.2062.124)
  (Driver info: chromedriver=2.8.241075,platform=Windows NT 6.3 x86_64) (WARNING: The server did not provide any stacktrace information)
Command duration or timeout: 25 milliseconds
For documentation on this error, please visit: http://seleniumhq.org/exceptions/no_such_element.html
Build info: version: '2.39.0', revision: '14fa800511cc5d66d426e08b0b2ab926c7ed7398', time: '2013-12-16 13:18:38'
System info: host: 'BRICAWL-9JDVVY1', ip: '10.105.226.68', os.name: 'Windows 8', os.arch: 'amd64', os.version: '6.2', java.version: '1.7.0_51'
Session ID: b15ec8461d27190913958f186f9f4955
Driver info: org.openqa.selenium.chrome.ChromeDriver
Capabilities [{platform=WIN8, acceptSslCerts=true, javascriptEnabled=true, browserName=chrome, chrome={userDataDir=C:\Users\ubasaja\AppData\Local\Temp\scoped_dir15504_14217}, rotatable=false, locationContextEnabled=true, version=37.0.2062.124, takesHeapSnapshot=true, cssSelectorsEnabled=true, databaseEnabled=false, handlesAlerts=true, browserConnectionEnabled=false, nativeEvents=true, webStorageEnabled=true, applicationCacheEnabled=false, takesScreenshot=true}]
	at org.openqa.selenium.remote.ErrorHandler.createThrowable(ErrorHandler.java:193)
	at org.openqa.selenium.remote.ErrorHandler.throwIfResponseFailed(ErrorHandler.java:145)
	at org.openqa.selenium.remote.RemoteWebDriver.execute(RemoteWebDriver.java:554)
	at org.openqa.selenium.remote.RemoteWebDriver.findElement(RemoteWebDriver.java:307)
	at org.openqa.selenium.remote.RemoteWebDriver.findElementById(RemoteWebDriver.java:348)
	at org.openqa.selenium.By$ById.findElement(By.java:220)
	at org.openqa.selenium.remote.RemoteWebDriver.findElement(RemoteWebDriver.java:299)
	at org.openqa.selenium.support.ui.ExpectedConditions.findElement(ExpectedConditions.java:730)
	at org.openqa.selenium.support.ui.ExpectedConditions.access$000(ExpectedConditions.java:39)
	at org.openqa.selenium.support.ui.ExpectedConditions$3.apply(ExpectedConditions.java:106)
	at org.openqa.selenium.support.ui.ExpectedConditions$3.apply(ExpectedConditions.java:103)
	at org.openqa.selenium.support.ui.FluentWait.until(FluentWait.java:208)
	... 31 more
... Removed 27 stack frames</pre></div><a href='#' onClick='toggleBox("stack-trace989221180", this, "Click to show all stack frames", "Click to hide stack frames")'>Click to show all stack frames</a>
<div class='stack-trace' id='stack-trace989221180'><pre>org.openqa.selenium.TimeoutException: Timed out after 120 seconds waiting for presence of element located by: By.id: username
Build info: version: '2.39.0', revision: '14fa800511cc5d66d426e08b0b2ab926c7ed7398', time: '2013-12-16 13:18:38'
System info: host: 'BRICAWL-9JDVVY1', ip: '10.105.226.68', os.name: 'Windows 8', os.arch: 'amd64', os.version: '6.2', java.version: '1.7.0_51'
Driver info: driver.version: unknown
	at org.openqa.selenium.support.ui.FluentWait.timeoutException(FluentWait.java:259)
	at org.openqa.selenium.support.ui.FluentWait.until(FluentWait.java:228)
	at com.pearson.piltg.ngmelII.util.UtilityCommon.waitForElementPresent(UtilityCommon.java:193)
	at com.pearson.piltg.ngmelII.RegressionNMELIII.Message_Teacher.sentMessageViewAndSort(Message_Teacher.java:364)
	at sun.reflect.NativeMethodAccessorImpl.invoke0(Native Method)
	at sun.reflect.NativeMethodAccessorImpl.invoke(NativeMethodAccessorImpl.java:57)
	at sun.reflect.DelegatingMethodAccessorImpl.invoke(DelegatingMethodAccessorImpl.java:43)
	at java.lang.reflect.Method.invoke(Method.java:606)
	at org.testng.internal.MethodHelper.invokeMethod(MethodHelper.java:580)
	at org.testng.internal.Invoker.invokeMethod(Invoker.java:478)
	at org.testng.internal.Invoker.invokeTestMethod(Invoker.java:607)
	at org.testng.internal.Invoker.invokeTestMethods(Invoker.java:874)
	at org.testng.internal.TestMethodWorker.invokeTestMethods(TestMethodWorker.java:125)
	at org.testng.internal.TestMethodWorker.run(TestMethodWorker.java:109)
	at org.testng.TestRunner.runWorkers(TestRunner.java:689)
	at org.testng.TestRunner.privateRun(TestRunner.java:566)
	at org.testng.TestRunner.run(TestRunner.java:466)
	at org.testng.SuiteRunner.runTest(SuiteRunner.java:301)
	at org.testng.SuiteRunner.runSequentially(SuiteRunner.java:296)
	at org.testng.SuiteRunner.privateRun(SuiteRunner.java:276)
	at org.testng.SuiteRunner.run(SuiteRunner.java:191)
	at org.testng.TestNG.createAndRunSuiteRunners(TestNG.java:808)
	at org.testng.TestNG.runSuitesLocally(TestNG.java:776)
	at org.testng.TestNG.run(TestNG.java:701)
	at org.apache.maven.surefire.testng.TestNGExecutor.run(TestNGExecutor.java:74)
	at org.apache.maven.surefire.testng.TestNGXmlTestSuite.execute(TestNGXmlTestSuite.java:92)
	at org.apache.maven.surefire.Surefire.run(Surefire.java:180)
	at sun.reflect.NativeMethodAccessorImpl.invoke0(Native Method)
	at sun.reflect.NativeMethodAccessorImpl.invoke(NativeMethodAccessorImpl.java:57)
	at sun.reflect.DelegatingMethodAccessorImpl.invoke(DelegatingMethodAccessorImpl.java:43)
	at java.lang.reflect.Method.invoke(Method.java:606)
	at org.apache.maven.surefire.booter.SurefireBooter.runSuitesInProcess(SurefireBooter.java:350)
	at org.apache.maven.surefire.booter.SurefireBooter.main(SurefireBooter.java:1021)
Caused by: org.openqa.selenium.NoSuchElementException: no such element
  (Session info: chrome=37.0.2062.124)
  (Driver info: chromedriver=2.8.241075,platform=Windows NT 6.3 x86_64) (WARNING: The server did not provide any stacktrace information)
Command duration or timeout: 25 milliseconds
For documentation on this error, please visit: http://seleniumhq.org/exceptions/no_such_element.html
Build info: version: '2.39.0', revision: '14fa800511cc5d66d426e08b0b2ab926c7ed7398', time: '2013-12-16 13:18:38'
System info: host: 'BRICAWL-9JDVVY1', ip: '10.105.226.68', os.name: 'Windows 8', os.arch: 'amd64', os.version: '6.2', java.version: '1.7.0_51'
Session ID: b15ec8461d27190913958f186f9f4955
Driver info: org.openqa.selenium.chrome.ChromeDriver
Capabilities [{platform=WIN8, acceptSslCerts=true, javascriptEnabled=true, browserName=chrome, chrome={userDataDir=C:\Users\ubasaja\AppData\Local\Temp\scoped_dir15504_14217}, rotatable=false, locationContextEnabled=true, version=37.0.2062.124, takesHeapSnapshot=true, cssSelectorsEnabled=true, databaseEnabled=false, handlesAlerts=true, browserConnectionEnabled=false, nativeEvents=true, webStorageEnabled=true, applicationCacheEnabled=false, takesScreenshot=true}]
	at sun.reflect.GeneratedConstructorAccessor16.newInstance(Unknown Source)
	at sun.reflect.DelegatingConstructorAccessorImpl.newInstance(DelegatingConstructorAccessorImpl.java:45)
	at java.lang.reflect.Constructor.newInstance(Constructor.java:526)
	at org.openqa.selenium.remote.ErrorHandler.createThrowable(ErrorHandler.java:193)
	at org.openqa.selenium.remote.ErrorHandler.throwIfResponseFailed(ErrorHandler.java:145)
	at org.openqa.selenium.remote.RemoteWebDriver.execute(RemoteWebDriver.java:554)
	at org.openqa.selenium.remote.RemoteWebDriver.findElement(RemoteWebDriver.java:307)
	at org.openqa.selenium.remote.RemoteWebDriver.findElementById(RemoteWebDriver.java:348)
	at org.openqa.selenium.By$ById.findElement(By.java:220)
	at org.openqa.selenium.remote.RemoteWebDriver.findElement(RemoteWebDriver.java:299)
	at org.openqa.selenium.support.ui.ExpectedConditions.findElement(ExpectedConditions.java:730)
	at org.openqa.selenium.support.ui.ExpectedConditions.access$000(ExpectedConditions.java:39)
	at org.openqa.selenium.support.ui.ExpectedConditions$3.apply(ExpectedConditions.java:106)
	at org.openqa.selenium.support.ui.ExpectedConditions$3.apply(ExpectedConditions.java:103)
	at org.openqa.selenium.support.ui.FluentWait.until(FluentWait.java:208)
	... 31 more
</pre></div></td>
</tr>
<tr>
<td title='com.pearson.piltg.ngmelII.RegressionNMELIII.Message_Teacher.turnOffMessangerAndCreateMessage()'>turnOffMessangerAndCreateMessage<br/><b>NEWNGMEL-147_2, NEWNGMEL-147_3, NEWNGMEL-1681_5, NEWNGMEL-1681_6, NEWNGMEL-153_2.</b><br/>
<a href="#Output-2119657065" onClick='toggleBox("Output-2119657065", this, "Show output", "Hide output");'>Show output</a>

<a href="#Output-2119657065" onClick="toggleAllBoxes();">Show all outputs</a>
<div class='log' id="Output-2119657065">
<br><b>Test method: NEWNGMEL-147_2, NEWNGMEL-147_3, NEWNGMEL-1681_5, NEWNGMEL-1681_6, NEWNGMEL-153_2.</b></br><br/>
</div>
</td>
<td>120</td>
<td><div><pre>org.openqa.selenium.TimeoutException: Timed out after 120 seconds waiting for presence of element located by: By.id: username
Build info: version: '2.39.0', revision: '14fa800511cc5d66d426e08b0b2ab926c7ed7398', time: '2013-12-16 13:18:38'
System info: host: 'BRICAWL-9JDVVY1', ip: '10.105.226.68', os.name: 'Windows 8', os.arch: 'amd64', os.version: '6.2', java.version: '1.7.0_51'
Driver info: driver.version: unknown
	at org.openqa.selenium.support.ui.FluentWait.timeoutException(FluentWait.java:259)
	at org.openqa.selenium.support.ui.FluentWait.until(FluentWait.java:228)
	at com.pearson.piltg.ngmelII.util.UtilityCommon.waitForElementPresent(UtilityCommon.java:193)
	at com.pearson.piltg.ngmelII.message.page.MessageCommon.createMessageStudent(MessageCommon.java:224)
	at com.pearson.piltg.ngmelII.RegressionNMELIII.Message_Teacher.turnOffMessangerAndCreateMessage(Message_Teacher.java:194)
	at org.apache.maven.surefire.testng.TestNGExecutor.run(TestNGExecutor.java:74)
	at org.apache.maven.surefire.testng.TestNGXmlTestSuite.execute(TestNGXmlTestSuite.java:92)
	at org.apache.maven.surefire.Surefire.run(Surefire.java:180)
	at org.apache.maven.surefire.booter.SurefireBooter.runSuitesInProcess(SurefireBooter.java:350)
	at org.apache.maven.surefire.booter.SurefireBooter.main(SurefireBooter.java:1021)
Caused by: org.openqa.selenium.NoSuchElementException: no such element
  (Session info: chrome=37.0.2062.124)
  (Driver info: chromedriver=2.8.241075,platform=Windows NT 6.3 x86_64) (WARNING: The server did not provide any stacktrace information)
Command duration or timeout: 20 milliseconds
For documentation on this error, please visit: http://seleniumhq.org/exceptions/no_such_element.html
Build info: version: '2.39.0', revision: '14fa800511cc5d66d426e08b0b2ab926c7ed7398', time: '2013-12-16 13:18:38'
System info: host: 'BRICAWL-9JDVVY1', ip: '10.105.226.68', os.name: 'Windows 8', os.arch: 'amd64', os.version: '6.2', java.version: '1.7.0_51'
Session ID: b15ec8461d27190913958f186f9f4955
Driver info: org.openqa.selenium.chrome.ChromeDriver
Capabilities [{platform=WIN8, acceptSslCerts=true, javascriptEnabled=true, browserName=chrome, chrome={userDataDir=C:\Users\ubasaja\AppData\Local\Temp\scoped_dir15504_14217}, rotatable=false, locationContextEnabled=true, version=37.0.2062.124, takesHeapSnapshot=true, cssSelectorsEnabled=true, databaseEnabled=false, handlesAlerts=true, browserConnectionEnabled=false, nativeEvents=true, webStorageEnabled=true, applicationCacheEnabled=false, takesScreenshot=true}]
	at org.openqa.selenium.remote.ErrorHandler.createThrowable(ErrorHandler.java:193)
	at org.openqa.selenium.remote.ErrorHandler.throwIfResponseFailed(ErrorHandler.java:145)
	at org.openqa.selenium.remote.RemoteWebDriver.execute(RemoteWebDriver.java:554)
	at org.openqa.selenium.remote.RemoteWebDriver.findElement(RemoteWebDriver.java:307)
	at org.openqa.selenium.remote.RemoteWebDriver.findElementById(RemoteWebDriver.java:348)
	at org.openqa.selenium.By$ById.findElement(By.java:220)
	at org.openqa.selenium.remote.RemoteWebDriver.findElement(RemoteWebDriver.java:299)
	at org.openqa.selenium.support.ui.ExpectedConditions.findElement(ExpectedConditions.java:730)
	at org.openqa.selenium.support.ui.ExpectedConditions.access$000(ExpectedConditions.java:39)
	at org.openqa.selenium.support.ui.ExpectedConditions$3.apply(ExpectedConditions.java:106)
	at org.openqa.selenium.support.ui.ExpectedConditions$3.apply(ExpectedConditions.java:103)
	at org.openqa.selenium.support.ui.FluentWait.until(FluentWait.java:208)
	... 32 more
... Removed 27 stack frames</pre></div><a href='#' onClick='toggleBox("stack-trace2119657065", this, "Click to show all stack frames", "Click to hide stack frames")'>Click to show all stack frames</a>
<div class='stack-trace' id='stack-trace2119657065'><pre>org.openqa.selenium.TimeoutException: Timed out after 120 seconds waiting for presence of element located by: By.id: username
Build info: version: '2.39.0', revision: '14fa800511cc5d66d426e08b0b2ab926c7ed7398', time: '2013-12-16 13:18:38'
System info: host: 'BRICAWL-9JDVVY1', ip: '10.105.226.68', os.name: 'Windows 8', os.arch: 'amd64', os.version: '6.2', java.version: '1.7.0_51'
Driver info: driver.version: unknown
	at org.openqa.selenium.support.ui.FluentWait.timeoutException(FluentWait.java:259)
	at org.openqa.selenium.support.ui.FluentWait.until(FluentWait.java:228)
	at com.pearson.piltg.ngmelII.util.UtilityCommon.waitForElementPresent(UtilityCommon.java:193)
	at com.pearson.piltg.ngmelII.message.page.MessageCommon.createMessageStudent(MessageCommon.java:224)
	at com.pearson.piltg.ngmelII.RegressionNMELIII.Message_Teacher.turnOffMessangerAndCreateMessage(Message_Teacher.java:194)
	at sun.reflect.NativeMethodAccessorImpl.invoke0(Native Method)
	at sun.reflect.NativeMethodAccessorImpl.invoke(NativeMethodAccessorImpl.java:57)
	at sun.reflect.DelegatingMethodAccessorImpl.invoke(DelegatingMethodAccessorImpl.java:43)
	at java.lang.reflect.Method.invoke(Method.java:606)
	at org.testng.internal.MethodHelper.invokeMethod(MethodHelper.java:580)
	at org.testng.internal.Invoker.invokeMethod(Invoker.java:478)
	at org.testng.internal.Invoker.invokeTestMethod(Invoker.java:607)
	at org.testng.internal.Invoker.invokeTestMethods(Invoker.java:874)
	at org.testng.internal.TestMethodWorker.invokeTestMethods(TestMethodWorker.java:125)
	at org.testng.internal.TestMethodWorker.run(TestMethodWorker.java:109)
	at org.testng.TestRunner.runWorkers(TestRunner.java:689)
	at org.testng.TestRunner.privateRun(TestRunner.java:566)
	at org.testng.TestRunner.run(TestRunner.java:466)
	at org.testng.SuiteRunner.runTest(SuiteRunner.java:301)
	at org.testng.SuiteRunner.runSequentially(SuiteRunner.java:296)
	at org.testng.SuiteRunner.privateRun(SuiteRunner.java:276)
	at org.testng.SuiteRunner.run(SuiteRunner.java:191)
	at org.testng.TestNG.createAndRunSuiteRunners(TestNG.java:808)
	at org.testng.TestNG.runSuitesLocally(TestNG.java:776)
	at org.testng.TestNG.run(TestNG.java:701)
	at org.apache.maven.surefire.testng.TestNGExecutor.run(TestNGExecutor.java:74)
	at org.apache.maven.surefire.testng.TestNGXmlTestSuite.execute(TestNGXmlTestSuite.java:92)
	at org.apache.maven.surefire.Surefire.run(Surefire.java:180)
	at sun.reflect.NativeMethodAccessorImpl.invoke0(Native Method)
	at sun.reflect.NativeMethodAccessorImpl.invoke(NativeMethodAccessorImpl.java:57)
	at sun.reflect.DelegatingMethodAccessorImpl.invoke(DelegatingMethodAccessorImpl.java:43)
	at java.lang.reflect.Method.invoke(Method.java:606)
	at org.apache.maven.surefire.booter.SurefireBooter.runSuitesInProcess(SurefireBooter.java:350)
	at org.apache.maven.surefire.booter.SurefireBooter.main(SurefireBooter.java:1021)
Caused by: org.openqa.selenium.NoSuchElementException: no such element
  (Session info: chrome=37.0.2062.124)
  (Driver info: chromedriver=2.8.241075,platform=Windows NT 6.3 x86_64) (WARNING: The server did not provide any stacktrace information)
Command duration or timeout: 20 milliseconds
For documentation on this error, please visit: http://seleniumhq.org/exceptions/no_such_element.html
Build info: version: '2.39.0', revision: '14fa800511cc5d66d426e08b0b2ab926c7ed7398', time: '2013-12-16 13:18:38'
System info: host: 'BRICAWL-9JDVVY1', ip: '10.105.226.68', os.name: 'Windows 8', os.arch: 'amd64', os.version: '6.2', java.version: '1.7.0_51'
Session ID: b15ec8461d27190913958f186f9f4955
Driver info: org.openqa.selenium.chrome.ChromeDriver
Capabilities [{platform=WIN8, acceptSslCerts=true, javascriptEnabled=true, browserName=chrome, chrome={userDataDir=C:\Users\ubasaja\AppData\Local\Temp\scoped_dir15504_14217}, rotatable=false, locationContextEnabled=true, version=37.0.2062.124, takesHeapSnapshot=true, cssSelectorsEnabled=true, databaseEnabled=false, handlesAlerts=true, browserConnectionEnabled=false, nativeEvents=true, webStorageEnabled=true, applicationCacheEnabled=false, takesScreenshot=true}]
	at sun.reflect.GeneratedConstructorAccessor16.newInstance(Unknown Source)
	at sun.reflect.DelegatingConstructorAccessorImpl.newInstance(DelegatingConstructorAccessorImpl.java:45)
	at java.lang.reflect.Constructor.newInstance(Constructor.java:526)
	at org.openqa.selenium.remote.ErrorHandler.createThrowable(ErrorHandler.java:193)
	at org.openqa.selenium.remote.ErrorHandler.throwIfResponseFailed(ErrorHandler.java:145)
	at org.openqa.selenium.remote.RemoteWebDriver.execute(RemoteWebDriver.java:554)
	at org.openqa.selenium.remote.RemoteWebDriver.findElement(RemoteWebDriver.java:307)
	at org.openqa.selenium.remote.RemoteWebDriver.findElementById(RemoteWebDriver.java:348)
	at org.openqa.selenium.By$ById.findElement(By.java:220)
	at org.openqa.selenium.remote.RemoteWebDriver.findElement(RemoteWebDriver.java:299)
	at org.openqa.selenium.support.ui.ExpectedConditions.findElement(ExpectedConditions.java:730)
	at org.openqa.selenium.support.ui.ExpectedConditions.access$000(ExpectedConditions.java:39)
	at org.openqa.selenium.support.ui.ExpectedConditions$3.apply(ExpectedConditions.java:106)
	at org.openqa.selenium.support.ui.ExpectedConditions$3.apply(ExpectedConditions.java:103)
	at org.openqa.selenium.support.ui.FluentWait.until(FluentWait.java:208)
	... 32 more
</pre></div></td>
</tr>
</table><p>
<table width='100%' border='1' class='invocation-passed'>
<tr><td colspan='3' align='center'><b>PASSED TESTS</b></td></tr>
<tr><td><b>Test method</b></td>
<td width="10%"><b>Time (seconds)</b></td>
<td width="30%"><b>Exception</b></td>
</tr>
<tr>
<td title='com.pearson.piltg.ngmelII.RegressionNMELIII.Homepage_Calender.addEventStudent()'>addEventStudent<br/><b>NEWNGMEL - 150_12, NEWNGMEL - 150_11.</b><br/>
<a href="#Output-653612991" onClick='toggleBox("Output-653612991", this, "Show output", "Hide output");'>Show output</a>

<a href="#Output-653612991" onClick="toggleAllBoxes();">Show all outputs</a>
<div class='log' id="Output-653612991">
<br><b>Student is not able to create a course event.</b></br><br/>
<br><b><font color='red'> Test Case NEWNGMEL - 150_12 Fail</b><br><br/>
<br><b>A course event was not created.</b></br><br/>
General event not created by Student.<br/>
</div>
</td>
<td>192</td>
<td></td>
</tr>
<tr>
<td title='com.pearson.piltg.ngmelII.RegressionNMELIII.Homepage_Calender.calendarAddEventsOnPastDates()'>calendarAddEventsOnPastDates<br/><b>NEWNGMEL - 150_7, NEWNGMEL - 150_8.</b><br/>
<a href="#Output-359007069" onClick='toggleBox("Output-359007069", this, "Show output", "Hide output");'>Show output</a>

<a href="#Output-359007069" onClick="toggleAllBoxes();">Show all outputs</a>
<div class='log' id="Output-359007069">
<br><b>Event was created with past date.</b></br><br/>
<br><b><font color='green'>Test Case NEWNGMEL - 150_7 Pass</b><br><br/>
<br><b>Event was created with past date.</b></br><br/>
<br><b><font color='green'>Test Case NEWNGMEL - 150_8 Pass</b><br><br/>
</div>
</td>
<td>108</td>
<td></td>
</tr>
<tr>
<td title='com.pearson.piltg.ngmelII.RegressionNMELIII.Homepage_Calender.calendarAssignment()'>calendarAssignment<br/><b>NEWNGMEL-2528_3,NEWNGMEL-2528_8, NEWNGMEL-2528_4, NEWNGMEL-2528_5.</b><br/>
<a href="#Output-1271738831" onClick='toggleBox("Output-1271738831", this, "Show output", "Hide output");'>Show output</a>

<a href="#Output-1271738831" onClick="toggleAllBoxes();">Show all outputs</a>
<div class='log' id="Output-1271738831">
<br>Test method: NEWNGMEL-2528_3, NEWNGMEL-2528_8, NEWNGMEL-2528_4, NEWNGMEL-2528_5.</br><br/>
Current Tab selected isCOURSE<br/>
Selected a Course Options<br/>
Tree Structure till unitPast Lives<br/>
Toc Tree structure at sub-unitVocabulary - History<br/>
Exercise 2*is Assigned/Open<br/>
Selected All Students<br/>
Selected a Date<br/>
Clicked Assign button<br/>
X
The assignment has been successfully allocated to your student.<br/>
Teacher_1 logged out<br/>
<br> <font color=green>The expected selected tab is To Do List and the actual selected tab is HOME</font><br/>
The expected selected tab is [Calendar] and the actual selected tab is [Calendar]<br/>
Current Month is selected.<br/>
Current week is selected by default.<br/>
<br>Current Month and week is selected.</br><br/>
</div>
</td>
<td>214</td>
<td></td>
</tr>
<tr>
<td title='com.pearson.piltg.ngmelII.RegressionNMELIII.Homepage_Calender.calendarCourseVerify()'>calendarCourseVerify<br/><b>NEWNGMEL - 150_3, NEWNGMEL - 150_4, NEWNGMEL-978_1, NEWNGMEL-978_5, NEWNGMEL-682_3, NEWNGMEL-978_3, NEWNGMEL-978_7, NEWNGMEL-978_11, NEWNGMEL-978_15, NEWNGMEL-978_13, NEWNGMEL-978_17</b><br/>
<a href="#Output-1614324666" onClick='toggleBox("Output-1614324666", this, "Show output", "Hide output");'>Show output</a>

<a href="#Output-1614324666" onClick="toggleAllBoxes();">Show all outputs</a>
<div class='log' id="Output-1614324666">
<br><b>Test method: NEWNGMEL - 150_3, NEWNGMEL - 150_4, NEWNGMEL-978_1, NEWNGMEL-978_5, NEWNGMEL-682_3, NEWNGMEL-978_3, NEWNGMEL-978_7, NEWNGMEL-978_11, NEWNGMEL-978_15, NEWNGMEL-978_13, NEWNGMEL-978_17.</b></br><br/>
Current Tab selected isHome<br/>
Current Month is selected.<br/>
Current week is selected by default.<br/>
<br>Current Week and month is selected.</br><br/>
<br><b>A course event was created using date picker.</b></br><br/>
<br><b><font color='green'>Test Case NEWNGMEL - 150_3 Pass</b><br><br/>
<br><b>A course event was created by manual date entry. Test case NEWNGMEL - 150_4 passed.</b></br><br/>
<br>Course events checkbox is checked.</br><br/>
<br>Week view is selected by default.</br><br/>
<br>Initially week view is displayed.</br><br/>
<br><b><font color='green'>Test Case NEWNGMEL-978_1 Pass</b><br><br/>
The event type is not displayed.<br/>
The event type is not displayed.<br/>
The event type is not displayed.<br/>
<br>Course events are not displayed when Course events checkbox is unchecked.</br><br/>
<br><b><font color='green'>Test Case NEWNGMEL-978_5 Pass</b><br><br/>
The drop down is successfully set toDay<br/>
<br><b>Day view is displayed.</b></br><br/>
<br><b><font color='green'>Test Case NEWNGMEL-682_3 Pass</b><br><br/>
The event is created and displayed on calendar page<br/>
<br><b>Event is displayed in day view.</b></br><br/>
<br><b><font color='green'>Test Case NEWNGMEL-978_3 Pass</b><br><br/>
<br>Course events are not displayed when Course events checkbox is unchecked.</br><br/>
<br><b><font color='green'>Test Case NEWNGMEL-978_7 Pass</b><br><br/>
The expected selected tab is [To do list] and the actual selected tab is [Calendar]<br/>
Current Month is selected.<br/>
Current week is selected by default.<br/>
<br>Current Week and month is selected.</br><br/>
<br>Course events checkbox is checked.</br><br/>
<br>Week view is selected by default.</br><br/>
<br>Initially week view is displayed.</br><br/>
<br><b><font color='green'>Test Case NEWNGMEL-978_11 Pass</b><br><br/>
The event type is not displayed.<br/>
The event type is not displayed.<br/>
The event type is not displayed.<br/>
<br>Course events are not displayed when Course events checkbox is unchecked.</br><br/>
<br><b><font color='green'>Test Case NEWNGMEL-978_15 Pass</b><br><br/>
The drop down is successfully set toDay<br/>
<br>Day view is displayed.</br><br/>
The event is created and displayed on calendar page<br/>
<br><b>Event is displayed in day view.</b></br><br/>
<br><b><font color='green'>Test Case NEWNGMEL-978_13 Pass</b><br><br/>
<br>Course events are not displayed when Course events checkbox is unchecked.</br><br/>
<br><b><font color='green'>Test Case NEWNGMEL-978_17 Pass</b><br><br/>
</div>
</td>
<td>269</td>
<td></td>
</tr>
<tr>
<td title='com.pearson.piltg.ngmelII.RegressionNMELIII.Homepage_Calender.calendarGeneralEventVerify()'>calendarGeneralEventVerify<br/><b>NEWNGMEL - 150_1, NEWNGMEL - 150_2, NEWNGMEL-978_2, NEWNGMEL-978_4, NEWNGMEL-682_3, NEWNGMEL-978_6, NEWNGMEL-978_8, NEWNGMEL-978_12, NEWNGMEL-978_16, NEWNGMEL-978_14, NEWNGMEL-978_18</b><br/>
<a href="#Output-1555939087" onClick='toggleBox("Output-1555939087", this, "Show output", "Hide output");'>Show output</a>

<a href="#Output-1555939087" onClick="toggleAllBoxes();">Show all outputs</a>
<div class='log' id="Output-1555939087">
<br>Test method: NEWNGMEL - 150_1, NEWNGMEL - 150_2, NEWNGMEL-978_2, NEWNGMEL-978_4, NEWNGMEL-682_3, NEWNGMEL-978_4, NEWNGMEL-978_8, NEWNGMEL-978_12, NEWNGMEL-978_16, NEWNGMEL-978_14, NEWNGMEL-978_18.</br><br/>
The expected selected tab is [Calendar] and the actual selected tab is [Calendar]<br/>
Current Month is selected.<br/>
Current week is selected by default.<br/>
<br>Current Week and month is selected.</br><br/>
<br><b>A general event was created using date picker.</b></br><br/>
<br><b><font color='green'>Test Case NEWNGMEL - 150_1 Pass</b><br><br/>
<br><b>A general event was not created by manual input. Test case NEWNGMEL - 150_2 failed.</b></br><br/>
<br>General events checkbox is checked.</br><br/>
<br>Week view is selected by default.</br><br/>
<br>Initially week view is displayed.</br><br/>
</div>
</td>
<td>229</td>
<td></td>
</tr>
<tr>
<td title='com.pearson.piltg.ngmelII.RegressionNMELIII.ForwardMessage.forwardMessage()'>forwardMessage<br/><b>NEWNGMEL-1682_1,NEWNGMEL-1682_2.</b><br/>
<a href="#Output-1212251259" onClick='toggleBox("Output-1212251259", this, "Show output", "Hide output");'>Show output</a>

<a href="#Output-1212251259" onClick="toggleAllBoxes();">Show all outputs</a>
<div class='log' id="Output-1212251259">
<br><b>Test method: NEWNGMEL-1682_1,NEWNGMEL-1682_2.</b></br><br/>
Current Tab selected isMessage<br/>
Current Tab selected isMessage<br/>
Recipients are added from contact list<br/>
Recipients are displayed in Recipients field.<br/>
Current Tab selected isMessage<br/>
Recipients are added from contact list<br/>
Current Tab selected isMessage<br/>
<br>Teacher messageFw: Subject Test.896is displayed in student inbox.</br><br/>
<br><b><font color='green'>Test Case NEWNGMEL-1682_1 Pass</b><br><br/>
Recipients are added from contact list<br/>
Current Tab selected isMessage<br/>
<br>Student messageFw: Subject Test.896is displayed in teacher inbox.</br><br/>
<br><b><font color='green'>Test Case NEWNGMEL-1682_2 Pass</b><br><br/>
</div>
</td>
<td>264</td>
<td></td>
</tr>
<tr>
<td title='com.pearson.piltg.ngmelII.RegressionNMELIII.ForwardMessage.forwardMessageTurnOff()'>forwardMessageTurnOff<br/><b>NEWNGMEL-1682_5,NEWNGMEL-1682_6.</b><br/>
<a href="#Output-43841585" onClick='toggleBox("Output-43841585", this, "Show output", "Hide output");'>Show output</a>

<a href="#Output-43841585" onClick="toggleAllBoxes();">Show all outputs</a>
<div class='log' id="Output-43841585">
<br>Test cases: NEWNGMEL-1682_5,NEWNGMEL-1682_6.</br><br/>
Current Tab selected isSettings<br/>
<br> Course Management tab is loaded correctly<br/>
Current Tab selected isMessage<br/>
</div>
</td>
<td>125</td>
<td></td>
</tr>
<tr>
<td title='com.pearson.piltg.ngmelII.RegressionNMELIII.Message_Student.inboxMessageReadStudent()'>inboxMessageReadStudent<br/><b>NEWNGMEL-189_42, NEWNGMEL-189_44, NEWNGMEL-189_45, NEWNGMEL-189_46, NEWNGMEL-189_47, NEWNGMEL-189_48.</b><br/>
<a href="#Output-1272141047" onClick='toggleBox("Output-1272141047", this, "Show output", "Hide output");'>Show output</a>

<a href="#Output-1272141047" onClick="toggleAllBoxes();">Show all outputs</a>
<div class='log' id="Output-1272141047">
<br><b>Test method: NEWNGMEL-189_42, NEWNGMEL-189_44, NEWNGMEL-189_45, NEWNGMEL-189_46, NEWNGMEL-189_47, NEWNGMEL-189_48.</b></br><br/>
Current Tab selected isMessage<br/>
Recipients are added from contact list<br/>
Recipients are displayed in Recipients field.<br/>
Current Tab selected isMessage<br/>
<br>Inbox is selected by default	.</br><br/>
<br>Teacher messageSubject Test.235 is displayed in student inbox.</br><br/>
<br><b><font color='green'>Test Case NEWNGMEL-189_42 Pass</b><br><br/>
<br><b><font color='green'>Test Case NEWNGMEL-189_44 Pass</b><br><br/>
<br><b>Student is able to see all the  From (sender name), To (recipient list), Subject (message subject) and the message Content.</b></br><br/>
<br><b><font color='green'>Test Case NEWNGMEL-189_45 Pass</b><br><br/>
<br>Correct data is displayed in the message.</br><br/>
<br>Student is navigated to New Message tab in reply mode.</br><br/>
<br><b>The recipients and the subject are already filled with appropriate values.</b></br><br/>
<br><b><font color='green'>Test Case NEWNGMEL-189_46 Pass</b><br><br/>
<br>Teacher is navigated to New Message tab in forward mode.</br><br/>
<br><b>The recipients field is empty and the subject are already filled.</b></br><br/>
<br><b><font color='green'>Test Case NEWNGMEL-189_47 Pass</b><br><br/>
<br><b>Dialog box for delete confirmation is displayed.</b></br><br/>
<br><b><font color='green'>Test Case NEWNGMEL-189_48 Pass</b><br><br/>
</div>
</td>
<td>195</td>
<td></td>
</tr>
<tr>
<td title='com.pearson.piltg.ngmelII.RegressionNMELIII.Message_Student.inboxViewAndSortStudent()'>inboxViewAndSortStudent<br/><b>NEWNGMEL-189_30, NEWNGMEL-189_31, NEWNGMEL-189_32, NEWNGMEL-189_33, NEWNGMEL-189_34, NEWNGMEL-189_35, NEWNGMEL-189_37, NEWNGMEL-189_38, NEWNGMEL-189_39, NEWNGMEL-189_40, NEWNGMEL-189_36, NEWNGMEL-189_41.</b><br/>
<a href="#Output-1376446358" onClick='toggleBox("Output-1376446358", this, "Show output", "Hide output");'>Show output</a>

<a href="#Output-1376446358" onClick="toggleAllBoxes();">Show all outputs</a>
<div class='log' id="Output-1376446358">
<br><b>Test method: NEWNGMEL-189_30, NEWNGMEL-189_31, NEWNGMEL-189_32, NEWNGMEL-189_33, NEWNGMEL-189_34, NEWNGMEL-189_35, NEWNGMEL-189_37, NEWNGMEL-189_38, NEWNGMEL-189_39, NEWNGMEL-189_40, NEWNGMEL-189_36, NEWNGMEL-189_41.</b><br/>
Current Tab selected isMessage<br/>
Current Tab selected isMessage<br/>
Recipients are added from contact list<br/>
Recipients are displayed in Recipients field.<br/>
Current Tab selected isMessage<br/>
Recipients are added from contact list<br/>
Recipients are displayed in Recipients field.<br/>
Current Tab selected isMessage<br/>
<br><b>Inbox is selected by default.</br><br/>
<br><b>Teacher messageSubject Test.362is displayed in student inbox.</br><br/>
<br><b>Teacher messageSubject Test.146is displayed in student inbox.</br><br/>
<br><b>The message sent by the teacher and column headers are displayed in Inbox tab.</b><br/>
<br><b><font color='green'>Test Case NEWNGMEL-189_30 Pass</b><br><br/>
<br><b>The messages are sorted as per priorities.</b><br/>
<br><b><font color='green'>Test Case NEWNGMEL-189_31 Pass</b><br><br/>
<br><b>The messages are sorted alphabetically for sender type.</b><br/>
<br><b><font color='green'>Test Case NEWNGMEL-189_32 Pass</b><br><br/>
<br><b>The messages are sorted alphabetically for sender.</b></br><br/>
<br><b><font color='green'>Test Case NEWNGMEL-189_33 Pass</b><br><br/>
<br><b>The messages are sorted alphabetically for Subject.</b></br><br/>
<br><b><font color='green'>Test Case NEWNGMEL-189_34 Pass</b><br><br/>
<br><b>The messages are sorted as per the dates.</b></br><br/>
<br><b><font color='green'>Test Case NEWNGMEL-189_35 Pass</b><br><br/>
<br><b>The messages are not displayed as per the dates.</b></br><br/>
<br><b><font color='red'> Test Case NEWNGMEL-189_37 Fail</b><br><br/>
Student is able to display all messages on clicking Show All button.<br/>
<br><b><font color='green'>Test Case NEWNGMEL-189_41 Pass</b><br><br/>
<br><b>The inbox message are displayed for selected sender type.</b></br><br/>
<br><b><font color='green'>Test Case NEWNGMEL-189_38 Pass</b><br><br/>
<br><b>Unread messages are not displayed when filter is set for Read.</b></br><br/>
<br><b><font color='green'>Test Case NEWNGMEL-189_39 Pass</b><br><br/>
<br><b>The messages displayed are not inrange, sent by student and the status is for these messages is Read.</b></br><br/>
<br><b><font color='red'> Test Case NEWNGMEL-189_40 Fail</b><br><br/>
<br><b>The contents are deleted. Test case NEWNGMEL-189_36 passed.</b></br><br/>
<br><b><font color='green'>Test Case NEWNGMEL-189_36 Pass</b><br><br/>
</div>
</td>
<td>400</td>
<td></td>
</tr>
<tr>
<td title='com.pearson.piltg.ngmelII.RegressionNMELIII.Message_Student.messageCreateStudent()'>messageCreateStudent<br/><b> NEWNGMEL-147_14, NEWNGMEL-147_15, NEWNGMEL-147_17, NEWNGMEL-147_16, NEWNGMEL-147_13, NEWNGMEL-147_18, NEWNGMEL-147_11, NEWNGMEL-147_19</b><br/>
<a href="#Output-110162536" onClick='toggleBox("Output-110162536", this, "Show output", "Hide output");'>Show output</a>

<a href="#Output-110162536" onClick="toggleAllBoxes();">Show all outputs</a>
<div class='log' id="Output-110162536">
<br><b>Test method: NEWNGMEL-147_14, NEWNGMEL-147_15, NEWNGMEL-147_17, NEWNGMEL-147_16, NEWNGMEL-147_13, NEWNGMEL-147_18, NEWNGMEL-147_11, NEWNGMEL-147_19.</b><br/>
Current Tab selected isMessage<br/>
<br><b>Error message is displayed for empty recipient list.</b><br/>
<br><b><font color='green'>Test Case NEWNGMEL-147_14 Pass</b><br><br/>
<br><b>Student can enter recipient manually.</b><br/>
<br><b><font color='red'> Test Case NEWNGMEL-147_15 Fail</b><br><br/>
Recipients are added from contact list<br/>
<br><b>Error message is displayed for empty subject line list.</b><br/>
<br><b><font color='green'>Test Case NEWNGMEL-147_17 Pass</b><br><br/>
<br><b>An error message for long subject is displayed.</b><br/>
<br><b><font color='green'>Test Case NEWNGMEL-147_16 Pass</b><br><br/>
Recipients are added from contact list<br/>
<br><b>Recipients are displayed in Recipients field.</b><br/>
<br><b><font color='green'>Test Case NEWNGMEL-147_13 Pass</b><br><br/>
<br><b>By default priority is set to Normal<br/>
<br><b>Student is able to set priority.</b><br/>
<br><b><font color='green'>Test Case NEWNGMEL-147_18 Pass</b><br><br/>
<br><b>Student is able to send message from new message tab.</b><br/>
<br><b><font color='green'>Test Case NEWNGMEL-147_11 Pass</b><br><br/>
The message exists in Sent Items tab<br/>
<br><b>The message sent is displayed in Sent messages tab.</b><br/>
<br><b><font color='green'>Test Case NEWNGMEL-147_19 Pass</b><br><br/>
</div>
</td>
<td>126</td>
<td></td>
</tr>
<tr>
<td title='com.pearson.piltg.ngmelII.RegressionNMELIII.Message_Student.messageInboxNotificationStudent()'>messageInboxNotificationStudent<br/><b>NEWNGMEL-189_25, NEWNGMEL-189_29, NEWNGMEL-189_26,NEWNGMEL-189_27, NEWNGMEL-189_28.</b><br/>
<a href="#Output-8849257" onClick='toggleBox("Output-8849257", this, "Show output", "Hide output");'>Show output</a>

<a href="#Output-8849257" onClick="toggleAllBoxes();">Show all outputs</a>
<div class='log' id="Output-8849257">
<br><b>Test method: NEWNGMEL-189_25, NEWNGMEL-189_29, NEWNGMEL-189_26,NEWNGMEL-189_27, NEWNGMEL-189_28.</b><br/>
Current Tab selected isMessage<br/>
Current Tab selected isMessage<br/>
Recipients are added from contact list<br/>
Recipients are displayed in Recipients field.<br/>
Current Tab selected isMessage<br/>
Recipients are added from contact list<br/>
Recipients are displayed in Recipients field.<br/>
<br><b>Message notification is displayed.</b><br/>
<br><b><font color='green'>Test Case NEWNGMEL-189_25 Pass</b><br><br/>
Current Tab selected isMessage<br/>
<br><b>Inbox is selected by default.</b><br/>
<br><b><font color='green'>Test Case NEWNGMEL-189_29 Pass</b><br><br/>
Current Tab selected isMessage<br/>
<br>Latest messages appear first.</br><br/>
<br><b><font color='green'>Test Case NEWNGMEL-189_26 Pass</b><br><br/>
<br>Teacher messageSubject Test.582is displayed in student inbox.</br><br/>
<br>Teacher messageSubject Test.454is displayed in student inbox.</br><br/>
<br>Message notification is displayed.</br><br/>
<br><b>The notification counter is reduced by 1.</b><br/>
<br><b><font color='green'>Test Case NEWNGMEL-189_27 Pass</b><br><br/>
<br><b>The no notification displayed.</b><br/>
<br><b><font color='green'>Test Case NEWNGMEL-189_28 Pass</b><br><br/>
</div>
</td>
<td>289</td>
<td></td>
</tr>
<tr>
<td title='com.pearson.piltg.ngmelII.RegressionNMELIII.Message_Student.sentMessagesViewAndSortStudent()'>sentMessagesViewAndSortStudent<br/><b>NEWNGMEL-190_11, NEWNGMEL-190_13, NEWNGMEL-190_15, NEWNGMEL-190_16, NEWNGMEL-190_17, NEWNGMEL-190_18</b><br/>
<a href="#Output-114113172" onClick='toggleBox("Output-114113172", this, "Show output", "Hide output");'>Show output</a>

<a href="#Output-114113172" onClick="toggleAllBoxes();">Show all outputs</a>
<div class='log' id="Output-114113172">
<br><b>Test method: NEWNGMEL-190_11, NEWNGMEL-190_13, NEWNGMEL-190_15, NEWNGMEL-190_16, NEWNGMEL-190_17, NEWNGMEL-190_18.</b><br/>
Current Tab selected isMessage<br/>
Current Tab selected isMessage<br/>
Recipients are added from contact list<br/>
Recipients are displayed in Recipients field.<br/>
Current Tab selected isMessage<br/>
<br>Inbox is selected by default.</br><br/>
<br>Sent message tab is displayed.</br><br/>
<br>The table headers exists in Sent Items tab<br/>
<br>Sent messageSubject Test.252is displayed.</br><br/>
<br><b>Most recent messages appear first.</b><br/>
<br><b><font color='green'>Test Case NEWNGMEL-190_11 Pass</b><br><br/>
<br><b>The messages are sorted as per priorities.</b><br/>
<br><b><font color='green'>Test Case NEWNGMEL-190_13 Pass</b><br><br/>
<br><b>The messages are sorted alphabetically for recipeints.</b><br/>
<br><b><font color='green'>Test Case NEWNGMEL-190_14 Pass</b><br><br/>
<br><b>The messages are sorted alphabetically for subject.</b><br/>
<br><b><font color='green'>Test Case NEWNGMEL-190_15 Pass</b><br><br/>
<br><b>The messages are sorted as per the dates.</b><br/>
<br><b><font color='green'>Test Case NEWNGMEL-190_16 Pass</b><br><br/>
<br><b>The messages are displayed as per the dates.</b><br/>
<br><b><font color='green'>Test Case NEWNGMEL-190_18 Pass</b><br><br/>
<br><b>The contents are deleted.</b><br/>
<br><b><font color='green'>Test Case NEWNGMEL-190_17 Pass</b><br><br/>
</div>
</td>
<td>244</td>
<td></td>
</tr>
</table><p>
</body>
</html>