<testng-results>
  <reporter-output>
    <line>
      <![CDATA[Current Tab selected isCourse]]>
    </line>
    <line>
      <![CDATA[Tree Structure till unitThe Big Picture]]>
    </line>
    <line>
      <![CDATA[Toc Tree structure at sub-unitVocabulary - Types of films]]>
    </line>
    <line>
      <![CDATA[Exercise 2**is Open]]>
    </line>
    <line>
      <![CDATA[Current Tab selected isCOURSE]]>
    </line>
    <line>
      <![CDATA[Selected a Course Options]]>
    </line>
    <line>
      <![CDATA[Tree Structure till unitThe Big Picture]]>
    </line>
    <line>
      <![CDATA[Toc Tree structure at sub-unitVocabulary - Types of films]]>
    </line>
    <line>
      <![CDATA[Exercise 3**is Assigned/Open]]>
    </line>
    <line>
      <![CDATA[Selected All Students]]>
    </line>
    <line>
      <![CDATA[Selected a Date]]>
    </line>
    <line>
      <![CDATA[Clicked Assign button]]>
    </line>
    <line>
      <![CDATA[X
The assignment has been successfully allocated to your student.]]>
    </line>
    <line>
      <![CDATA[Teacher_1 logged out]]>
    </line>
    <line>
      <![CDATA[Current Tab selected isGradebook]]>
    </line>
    <line>
      <![CDATA[Current Tab selected isCourse]]>
    </line>
    <line>
      <![CDATA[Tree Structure till unitThe Big Picture]]>
    </line>
    <line>
      <![CDATA[Toc Tree structure at sub-unitVocabulary - Types of films]]>
    </line>
    <line>
      <![CDATA[Exercise 2**is Open]]>
    </line>
    <line>
      <![CDATA[Current Tab selected isGradebook]]>
    </line>
    <line>
      <![CDATA[Tree Structure till unitThe Big Picture]]>
    </line>
    <line>
      <![CDATA[Toc Tree structure at sub-unitThe Big Picture]]>
    </line>
    <line>
      <![CDATA[<br><b><font color='green'>Test Case NEWNGMEL-131_13 Pass</b><br>]]>
    </line>
    <line>
      <![CDATA[Current Tab selected isSettings]]>
    </line>
    <line>
      <![CDATA[<br> PERSONAL PROFILE tab is loaded correctly]]>
    </line>
    <line>
      <![CDATA[<br><b><font color='red'>Exception Occured.</b><br>]]>
    </line>
    <line>
      <![CDATA[Current Tab selected isGradebook]]>
    </line>
    <line>
      <![CDATA[Tree Structure till unitThe Big Picture]]>
    </line>
    <line>
      <![CDATA[The scores are exported as excel.]]>
    </line>
    <line>
      <![CDATA[<br><b><font color='green'>Test Case NEWNGMEL-2205_24 Pass</b><br>]]>
    </line>
    <line>
      <![CDATA[Tree Structure till unitThe Big Picture]]>
    </line>
    <line>
      <![CDATA[The scores are exported as excel.]]>
    </line>
    <line>
      <![CDATA[<br><b><font color='green'>Test Case NEWNGMEL-2205_17 Pass</b><br>]]>
    </line>
    <line>
      <![CDATA[Current Tab selected isCOURSE]]>
    </line>
    <line>
      <![CDATA[Selected a Course Options]]>
    </line>
    <line>
      <![CDATA[Tree Structure till unitPronunciation practice]]>
    </line>
    <line>
      <![CDATA[Toc Tree structure at sub-unitWord stress in adjectives]]>
    </line>
    <line>
      <![CDATA[Exercise 1is Assigned/Open]]>
    </line>
    <line>
      <![CDATA[Selected All Students]]>
    </line>
    <line>
      <![CDATA[Selected a Date]]>
    </line>
    <line>
      <![CDATA[Clicked Assign button]]>
    </line>
    <line>
      <![CDATA[X
The assignment has been successfully allocated to your student.]]>
    </line>
    <line>
      <![CDATA[Teacher_1 logged out]]>
    </line>
    <line>
      <![CDATA[<a href="com.pearson.piltg.ngmelII.RegressionNMELIII.GradeBook_Teacher_withP2.viewScoresAtLevelPracticeActivity.png">Screenshot</a>]]>
    </line>
    <line>
      <![CDATA[Test method: NEWNGMEL-3212_1,NEWNGMEL-3212_2]]>
    </line>
    <line>
      <![CDATA[<br> <font color=green>Home tab is loaded correctly</font>]]>
    </line>
    <line>
      <![CDATA[Home Page is loaded]]>
    </line>
    <line>
      <![CDATA[Current Tab selected isSETTINGS]]>
    </line>
    <line>
      <![CDATA[<br> PERSONAL PROFILE tab is loaded correctly]]>
    </line>
    <line>
      <![CDATA[Teacher is now in Expert mode]]>
    </line>
  </reporter-output>
  <suite name="NMEL-3 Regression Suite">
    <groups>
      <group name="movestudent">
        <method signature="com.pearson.piltg.ngmelII.RegressionNMELIII.GradeBook_Teacher_withP2.preConditionTeacherGradedAssignAndAttempt()" name="preConditionTeacherGradedAssignAndAttempt" class="com.pearson.piltg.ngmelII.RegressionNMELIII.GradeBook_Teacher_withP2"/>
      </group>
      <group name="regression">
        <method signature="com.pearson.piltg.ngmelII.RegressionNMELIII.GradeBook_Teacher_withP2.gradebook()" name="gradebook" class="com.pearson.piltg.ngmelII.RegressionNMELIII.GradeBook_Teacher_withP2"/>
        <method signature="com.pearson.piltg.ngmelII.RegressionNMELIII.GradeBook_Teacher_withP2.gradebookFunctions()" name="gradebookFunctions" class="com.pearson.piltg.ngmelII.RegressionNMELIII.GradeBook_Teacher_withP2"/>
        <method signature="com.pearson.piltg.ngmelII.RegressionNMELIII.GradeBook_Teacher_withP2.gradebookAutoGradedPractice()" name="gradebookAutoGradedPractice" class="com.pearson.piltg.ngmelII.RegressionNMELIII.GradeBook_Teacher_withP2"/>
        <method signature="com.pearson.piltg.ngmelII.RegressionNMELIII.GradeBook_Teacher_withP2.gradeBookExport()" name="gradeBookExport" class="com.pearson.piltg.ngmelII.RegressionNMELIII.GradeBook_Teacher_withP2"/>
        <method signature="com.pearson.piltg.ngmelII.RegressionNMELIII.GradeBook_Teacher_withP2.gradebookTeacherGradedAssignment()" name="gradebookTeacherGradedAssignment" class="com.pearson.piltg.ngmelII.RegressionNMELIII.GradeBook_Teacher_withP2"/>
        <method signature="com.pearson.piltg.ngmelII.RegressionNMELIII.GradeBook_Teacher_withP2.viewScoresAtLevelPracticeActivity()" name="viewScoresAtLevelPracticeActivity" class="com.pearson.piltg.ngmelII.RegressionNMELIII.GradeBook_Teacher_withP2"/>
        <method signature="com.pearson.piltg.ngmelII.RegressionNMELIII.ReAssign.reAssignAssignments()" name="reAssignAssignments" class="com.pearson.piltg.ngmelII.RegressionNMELIII.ReAssign"/>
      </group>
      <group name="autogradedAttempt">
        <method signature="com.pearson.piltg.ngmelII.RegressionNMELIII.GradeBook_Teacher_withP2.preConditionAutogradedAttempt()" name="preConditionAutogradedAttempt" class="com.pearson.piltg.ngmelII.RegressionNMELIII.GradeBook_Teacher_withP2"/>
        <method signature="com.pearson.piltg.ngmelII.RegressionNMELIII.GradeBook_Teacher_withP2.preConditionAutoGradedAssignNAttempt()" name="preConditionAutoGradedAssignNAttempt" class="com.pearson.piltg.ngmelII.RegressionNMELIII.GradeBook_Teacher_withP2"/>
      </group>
    </groups>
    <test name="Regression Tests 4">
      <class name="com.pearson.piltg.ngmelII.RegressionNMELIII.ReAssign">
        <test-method status="PASS" signature="setUp()" name="setUp" is-config="true" duration-ms="7349" started-at="2014-10-04T13:56:57Z" finished-at="2014-10-04T13:57:04Z">
        </test-method>
        <test-method status="PASS" signature="reAssignAssignments()" name="reAssignAssignments" duration-ms="55527" started-at="2014-10-04T13:57:04Z" description="NEWNGMEL-3212_1,NEWNGMEL-3212_2" finished-at="2014-10-04T13:58:00Z">
        </test-method>
        <test-method status="PASS" signature="tearDown()" name="tearDown" is-config="true" duration-ms="2540" started-at="2014-10-04T13:58:00Z" finished-at="2014-10-04T13:58:02Z">
        </test-method>
      </class>
      <class name="com.pearson.piltg.ngmelII.RegressionNMELIII.GradeBook_Teacher_withP2">
        <test-method status="PASS" signature="tearDown()" name="tearDown" is-config="true" duration-ms="2418" started-at="2014-10-04T13:56:54Z" finished-at="2014-10-04T13:56:57Z">
        </test-method>
        <test-method status="PASS" signature="viewScoresAtLevelAutoGradedAssignment()" name="viewScoresAtLevelAutoGradedAssignment" duration-ms="116120" started-at="2014-10-04T13:43:14Z" description="NEWNGMEL-2205_12,NEWNGMEL-2205_13,NEWNGMEL-2205_14,NEWNGMEL-2205_15" depends-on-methods="com.pearson.piltg.ngmelII.RegressionNMELIII.GradeBook_Teacher_withP2.preConditionAutoGradedAssignNAttempt" finished-at="2014-10-04T13:45:10Z">
        </test-method>
        <test-method status="FAIL" signature="preConditionTeacherGradedAssignAndAttempt()" name="preConditionTeacherGradedAssignAndAttempt" duration-ms="307107" started-at="2014-10-04T13:51:47Z" finished-at="2014-10-04T13:56:54Z">
          <exception class="org.openqa.selenium.UnhandledAlertException">
            <message>
              <![CDATA[unexpected alert open
  (Session info: chrome=37.0.2062.124)
  (Driver info: chromedriver=2.8.241075,platform=Windows NT 6.3 x86_64) (WARNING: The server did not provide any stacktrace information)
Command duration or timeout: 3 milliseconds: null
Build info: version: '2.39.0', revision: '14fa800511cc5d66d426e08b0b2ab926c7ed7398', time: '2013-12-16 13:18:38'
System info: host: 'BRICAWL-9JDVVY1', ip: '192.168.1.109', os.name: 'Windows 8', os.arch: 'amd64', os.version: '6.2', java.version: '1.7.0_51'
Session ID: ffb18f4a184a861f3d046990022779b0
Driver info: org.openqa.selenium.chrome.ChromeDriver
Capabilities [{platform=WIN8, acceptSslCerts=true, javascriptEnabled=true, browserName=chrome, chrome={userDataDir=C:\Users\ubasaja\AppData\Local\Temp\scoped_dir11036_13542}, rotatable=false, locationContextEnabled=true, version=37.0.2062.124, takesHeapSnapshot=true, cssSelectorsEnabled=true, databaseEnabled=false, handlesAlerts=true, browserConnectionEnabled=false, nativeEvents=true, webStorageEnabled=true, applicationCacheEnabled=false, takesScreenshot=true}]]]>
            </message>
            <full-stacktrace>
              <![CDATA[org.openqa.selenium.UnhandledAlertException: unexpected alert open
  (Session info: chrome=37.0.2062.124)
  (Driver info: chromedriver=2.8.241075,platform=Windows NT 6.3 x86_64) (WARNING: The server did not provide any stacktrace information)
Command duration or timeout: 3 milliseconds: null
Build info: version: '2.39.0', revision: '14fa800511cc5d66d426e08b0b2ab926c7ed7398', time: '2013-12-16 13:18:38'
System info: host: 'BRICAWL-9JDVVY1', ip: '192.168.1.109', os.name: 'Windows 8', os.arch: 'amd64', os.version: '6.2', java.version: '1.7.0_51'
Session ID: ffb18f4a184a861f3d046990022779b0
Driver info: org.openqa.selenium.chrome.ChromeDriver
Capabilities [{platform=WIN8, acceptSslCerts=true, javascriptEnabled=true, browserName=chrome, chrome={userDataDir=C:\Users\ubasaja\AppData\Local\Temp\scoped_dir11036_13542}, rotatable=false, locationContextEnabled=true, version=37.0.2062.124, takesHeapSnapshot=true, cssSelectorsEnabled=true, databaseEnabled=false, handlesAlerts=true, browserConnectionEnabled=false, nativeEvents=true, webStorageEnabled=true, applicationCacheEnabled=false, takesScreenshot=true}]
	at sun.reflect.NativeConstructorAccessorImpl.newInstance0(Native Method)
	at sun.reflect.NativeConstructorAccessorImpl.newInstance(NativeConstructorAccessorImpl.java:57)
	at sun.reflect.DelegatingConstructorAccessorImpl.newInstance(DelegatingConstructorAccessorImpl.java:45)
	at java.lang.reflect.Constructor.newInstance(Constructor.java:526)
	at org.openqa.selenium.remote.ErrorHandler.createThrowable(ErrorHandler.java:193)
	at org.openqa.selenium.remote.ErrorHandler.throwIfResponseFailed(ErrorHandler.java:151)
	at org.openqa.selenium.remote.RemoteWebDriver.execute(RemoteWebDriver.java:554)
	at org.openqa.selenium.remote.RemoteWebDriver.findElement(RemoteWebDriver.java:307)
	at org.openqa.selenium.remote.RemoteWebDriver.findElementByCssSelector(RemoteWebDriver.java:396)
	at org.openqa.selenium.By$ByCssSelector.findElement(By.java:431)
	at org.openqa.selenium.remote.RemoteWebDriver.findElement(RemoteWebDriver.java:299)
	at org.openqa.selenium.support.ui.ExpectedConditions.findElement(ExpectedConditions.java:730)
	at org.openqa.selenium.support.ui.ExpectedConditions.access$000(ExpectedConditions.java:39)
	at org.openqa.selenium.support.ui.ExpectedConditions$4.apply(ExpectedConditions.java:130)
	at org.openqa.selenium.support.ui.ExpectedConditions$4.apply(ExpectedConditions.java:126)
	at org.openqa.selenium.support.ui.FluentWait.until(FluentWait.java:208)
	at com.pearson.piltg.ngmelII.util.UtilityCommon.waitForElementVisible(UtilityCommon.java:245)
	at com.pearson.piltg.ngmelII.common.Common.logoutFromTheApplication(Common.java:199)
	at com.pearson.piltg.ngmelII.RegressionNMELIII.GradeBook_Teacher_withP2.preConditionTeacherGradedAssignAndAttempt(GradeBook_Teacher_withP2.java:109)
	at sun.reflect.NativeMethodAccessorImpl.invoke0(Native Method)
	at sun.reflect.NativeMethodAccessorImpl.invoke(NativeMethodAccessorImpl.java:57)
	at sun.reflect.DelegatingMethodAccessorImpl.invoke(DelegatingMethodAccessorImpl.java:43)
	at java.lang.reflect.Method.invoke(Method.java:606)
	at org.testng.internal.MethodHelper.invokeMethod(MethodHelper.java:580)
	at org.testng.internal.Invoker.invokeMethod(Invoker.java:478)
	at org.testng.internal.Invoker.invokeTestMethod(Invoker.java:607)
	at org.testng.internal.Invoker.invokeTestMethods(Invoker.java:874)
	at org.testng.internal.TestMethodWorker.invokeTestMethods(TestMethodWorker.java:125)
	at org.testng.internal.TestMethodWorker.run(TestMethodWorker.java:109)
	at org.testng.TestRunner.runWorkers(TestRunner.java:689)
	at org.testng.TestRunner.privateRun(TestRunner.java:566)
	at org.testng.TestRunner.run(TestRunner.java:466)
	at org.testng.SuiteRunner.runTest(SuiteRunner.java:301)
	at org.testng.SuiteRunner.runSequentially(SuiteRunner.java:296)
	at org.testng.SuiteRunner.privateRun(SuiteRunner.java:276)
	at org.testng.SuiteRunner.run(SuiteRunner.java:191)
	at org.testng.TestNG.createAndRunSuiteRunners(TestNG.java:808)
	at org.testng.TestNG.runSuitesLocally(TestNG.java:776)
	at org.testng.TestNG.run(TestNG.java:701)
	at org.apache.maven.surefire.testng.TestNGExecutor.run(TestNGExecutor.java:74)
	at org.apache.maven.surefire.testng.TestNGXmlTestSuite.execute(TestNGXmlTestSuite.java:92)
	at org.apache.maven.surefire.Surefire.run(Surefire.java:180)
	at sun.reflect.NativeMethodAccessorImpl.invoke0(Native Method)
	at sun.reflect.NativeMethodAccessorImpl.invoke(NativeMethodAccessorImpl.java:57)
	at sun.reflect.DelegatingMethodAccessorImpl.invoke(DelegatingMethodAccessorImpl.java:43)
	at java.lang.reflect.Method.invoke(Method.java:606)
	at org.apache.maven.surefire.booter.SurefireBooter.runSuitesInProcess(SurefireBooter.java:350)
	at org.apache.maven.surefire.booter.SurefireBooter.main(SurefireBooter.java:1021)
]]>
            </full-stacktrace>
          </exception>
        </test-method>
        <test-method status="PASS" signature="setUp()" name="setUp" is-config="true" duration-ms="7918" started-at="2014-10-04T13:36:40Z" finished-at="2014-10-04T13:36:48Z">
        </test-method>
        <test-method status="SKIP" signature="gradebookTeacherGradedAssignment()" name="gradebookTeacherGradedAssignment" duration-ms="1" started-at="2014-10-04T13:56:54Z" description="NEWNGMEL-131_2,NEWNGMEL-139_5." depends-on-methods="com.pearson.piltg.ngmelII.RegressionNMELIII.GradeBook_Teacher_withP2.preConditionTeacherGradedAssignAndAttempt" finished-at="2014-10-04T13:56:54Z">
        </test-method>
        <test-method status="FAIL" signature="gradebook()" name="gradebook" duration-ms="3" started-at="2014-10-04T13:56:54Z" description="NEWNGMEL-131_9, NEWNGMEL-131_3, NEWNGMEL-131_4, NEWNGMEL-131_5, NEWNGMEL-131_6, NEWNGMEL-131_7, NEWNGMEL-131_8." finished-at="2014-10-04T13:56:54Z">
          <exception class="org.openqa.selenium.UnhandledAlertException">
            <message>
              <![CDATA[unexpected alert open
  (Session info: chrome=37.0.2062.124)
  (Driver info: chromedriver=2.8.241075,platform=Windows NT 6.3 x86_64) (WARNING: The server did not provide any stacktrace information)
Command duration or timeout: 3 milliseconds: null
Build info: version: '2.39.0', revision: '14fa800511cc5d66d426e08b0b2ab926c7ed7398', time: '2013-12-16 13:18:38'
System info: host: 'BRICAWL-9JDVVY1', ip: '192.168.1.109', os.name: 'Windows 8', os.arch: 'amd64', os.version: '6.2', java.version: '1.7.0_51'
Session ID: ffb18f4a184a861f3d046990022779b0
Driver info: org.openqa.selenium.chrome.ChromeDriver
Capabilities [{platform=WIN8, acceptSslCerts=true, javascriptEnabled=true, browserName=chrome, chrome={userDataDir=C:\Users\ubasaja\AppData\Local\Temp\scoped_dir11036_13542}, rotatable=false, locationContextEnabled=true, version=37.0.2062.124, takesHeapSnapshot=true, cssSelectorsEnabled=true, databaseEnabled=false, handlesAlerts=true, browserConnectionEnabled=false, nativeEvents=true, webStorageEnabled=true, applicationCacheEnabled=false, takesScreenshot=true}]]]>
            </message>
            <full-stacktrace>
              <![CDATA[org.openqa.selenium.UnhandledAlertException: unexpected alert open
  (Session info: chrome=37.0.2062.124)
  (Driver info: chromedriver=2.8.241075,platform=Windows NT 6.3 x86_64) (WARNING: The server did not provide any stacktrace information)
Command duration or timeout: 3 milliseconds: null
Build info: version: '2.39.0', revision: '14fa800511cc5d66d426e08b0b2ab926c7ed7398', time: '2013-12-16 13:18:38'
System info: host: 'BRICAWL-9JDVVY1', ip: '192.168.1.109', os.name: 'Windows 8', os.arch: 'amd64', os.version: '6.2', java.version: '1.7.0_51'
Session ID: ffb18f4a184a861f3d046990022779b0
Driver info: org.openqa.selenium.chrome.ChromeDriver
Capabilities [{platform=WIN8, acceptSslCerts=true, javascriptEnabled=true, browserName=chrome, chrome={userDataDir=C:\Users\ubasaja\AppData\Local\Temp\scoped_dir11036_13542}, rotatable=false, locationContextEnabled=true, version=37.0.2062.124, takesHeapSnapshot=true, cssSelectorsEnabled=true, databaseEnabled=false, handlesAlerts=true, browserConnectionEnabled=false, nativeEvents=true, webStorageEnabled=true, applicationCacheEnabled=false, takesScreenshot=true}]
	at sun.reflect.NativeConstructorAccessorImpl.newInstance0(Native Method)
	at sun.reflect.NativeConstructorAccessorImpl.newInstance(NativeConstructorAccessorImpl.java:57)
	at sun.reflect.DelegatingConstructorAccessorImpl.newInstance(DelegatingConstructorAccessorImpl.java:45)
	at java.lang.reflect.Constructor.newInstance(Constructor.java:526)
	at org.openqa.selenium.remote.ErrorHandler.createThrowable(ErrorHandler.java:193)
	at org.openqa.selenium.remote.ErrorHandler.throwIfResponseFailed(ErrorHandler.java:151)
	at org.openqa.selenium.remote.RemoteWebDriver.execute(RemoteWebDriver.java:554)
	at org.openqa.selenium.remote.RemoteWebDriver.get(RemoteWebDriver.java:276)
	at org.openqa.selenium.remote.RemoteWebDriver$RemoteNavigation.to(RemoteWebDriver.java:800)
	at com.pearson.piltg.ngmelII.common.Common.loginToPlatform(Common.java:73)
	at com.pearson.piltg.ngmelII.RegressionNMELIII.GradeBook_Teacher_withP2.gradebook(GradeBook_Teacher_withP2.java:115)
	at sun.reflect.NativeMethodAccessorImpl.invoke0(Native Method)
	at sun.reflect.NativeMethodAccessorImpl.invoke(NativeMethodAccessorImpl.java:57)
	at sun.reflect.DelegatingMethodAccessorImpl.invoke(DelegatingMethodAccessorImpl.java:43)
	at java.lang.reflect.Method.invoke(Method.java:606)
	at org.testng.internal.MethodHelper.invokeMethod(MethodHelper.java:580)
	at org.testng.internal.Invoker.invokeMethod(Invoker.java:478)
	at org.testng.internal.Invoker.invokeTestMethod(Invoker.java:607)
	at org.testng.internal.Invoker.invokeTestMethods(Invoker.java:874)
	at org.testng.internal.TestMethodWorker.invokeTestMethods(TestMethodWorker.java:125)
	at org.testng.internal.TestMethodWorker.run(TestMethodWorker.java:109)
	at org.testng.TestRunner.runWorkers(TestRunner.java:689)
	at org.testng.TestRunner.privateRun(TestRunner.java:566)
	at org.testng.TestRunner.run(TestRunner.java:466)
	at org.testng.SuiteRunner.runTest(SuiteRunner.java:301)
	at org.testng.SuiteRunner.runSequentially(SuiteRunner.java:296)
	at org.testng.SuiteRunner.privateRun(SuiteRunner.java:276)
	at org.testng.SuiteRunner.run(SuiteRunner.java:191)
	at org.testng.TestNG.createAndRunSuiteRunners(TestNG.java:808)
	at org.testng.TestNG.runSuitesLocally(TestNG.java:776)
	at org.testng.TestNG.run(TestNG.java:701)
	at org.apache.maven.surefire.testng.TestNGExecutor.run(TestNGExecutor.java:74)
	at org.apache.maven.surefire.testng.TestNGXmlTestSuite.execute(TestNGXmlTestSuite.java:92)
	at org.apache.maven.surefire.Surefire.run(Surefire.java:180)
	at sun.reflect.NativeMethodAccessorImpl.invoke0(Native Method)
	at sun.reflect.NativeMethodAccessorImpl.invoke(NativeMethodAccessorImpl.java:57)
	at sun.reflect.DelegatingMethodAccessorImpl.invoke(DelegatingMethodAccessorImpl.java:43)
	at java.lang.reflect.Method.invoke(Method.java:606)
	at org.apache.maven.surefire.booter.SurefireBooter.runSuitesInProcess(SurefireBooter.java:350)
	at org.apache.maven.surefire.booter.SurefireBooter.main(SurefireBooter.java:1021)
]]>
            </full-stacktrace>
          </exception>
        </test-method>
        <test-method status="FAIL" signature="gradebookFunctions()" name="gradebookFunctions" duration-ms="4" started-at="2014-10-04T13:56:54Z" description="NEWNGMEL-1369_5, NEWNGMEL-2029_2, NEWNGMEL-131_10" finished-at="2014-10-04T13:56:54Z">
          <exception class="org.openqa.selenium.UnhandledAlertException">
            <message>
              <![CDATA[unexpected alert open
  (Session info: chrome=37.0.2062.124)
  (Driver info: chromedriver=2.8.241075,platform=Windows NT 6.3 x86_64) (WARNING: The server did not provide any stacktrace information)
Command duration or timeout: 3 milliseconds: null
Build info: version: '2.39.0', revision: '14fa800511cc5d66d426e08b0b2ab926c7ed7398', time: '2013-12-16 13:18:38'
System info: host: 'BRICAWL-9JDVVY1', ip: '192.168.1.109', os.name: 'Windows 8', os.arch: 'amd64', os.version: '6.2', java.version: '1.7.0_51'
Session ID: ffb18f4a184a861f3d046990022779b0
Driver info: org.openqa.selenium.chrome.ChromeDriver
Capabilities [{platform=WIN8, acceptSslCerts=true, javascriptEnabled=true, browserName=chrome, chrome={userDataDir=C:\Users\ubasaja\AppData\Local\Temp\scoped_dir11036_13542}, rotatable=false, locationContextEnabled=true, version=37.0.2062.124, takesHeapSnapshot=true, cssSelectorsEnabled=true, databaseEnabled=false, handlesAlerts=true, browserConnectionEnabled=false, nativeEvents=true, webStorageEnabled=true, applicationCacheEnabled=false, takesScreenshot=true}]]]>
            </message>
            <full-stacktrace>
              <![CDATA[org.openqa.selenium.UnhandledAlertException: unexpected alert open
  (Session info: chrome=37.0.2062.124)
  (Driver info: chromedriver=2.8.241075,platform=Windows NT 6.3 x86_64) (WARNING: The server did not provide any stacktrace information)
Command duration or timeout: 3 milliseconds: null
Build info: version: '2.39.0', revision: '14fa800511cc5d66d426e08b0b2ab926c7ed7398', time: '2013-12-16 13:18:38'
System info: host: 'BRICAWL-9JDVVY1', ip: '192.168.1.109', os.name: 'Windows 8', os.arch: 'amd64', os.version: '6.2', java.version: '1.7.0_51'
Session ID: ffb18f4a184a861f3d046990022779b0
Driver info: org.openqa.selenium.chrome.ChromeDriver
Capabilities [{platform=WIN8, acceptSslCerts=true, javascriptEnabled=true, browserName=chrome, chrome={userDataDir=C:\Users\ubasaja\AppData\Local\Temp\scoped_dir11036_13542}, rotatable=false, locationContextEnabled=true, version=37.0.2062.124, takesHeapSnapshot=true, cssSelectorsEnabled=true, databaseEnabled=false, handlesAlerts=true, browserConnectionEnabled=false, nativeEvents=true, webStorageEnabled=true, applicationCacheEnabled=false, takesScreenshot=true}]
	at sun.reflect.NativeConstructorAccessorImpl.newInstance0(Native Method)
	at sun.reflect.NativeConstructorAccessorImpl.newInstance(NativeConstructorAccessorImpl.java:57)
	at sun.reflect.DelegatingConstructorAccessorImpl.newInstance(DelegatingConstructorAccessorImpl.java:45)
	at java.lang.reflect.Constructor.newInstance(Constructor.java:526)
	at org.openqa.selenium.remote.ErrorHandler.createThrowable(ErrorHandler.java:193)
	at org.openqa.selenium.remote.ErrorHandler.throwIfResponseFailed(ErrorHandler.java:151)
	at org.openqa.selenium.remote.RemoteWebDriver.execute(RemoteWebDriver.java:554)
	at org.openqa.selenium.remote.RemoteWebDriver.get(RemoteWebDriver.java:276)
	at org.openqa.selenium.remote.RemoteWebDriver$RemoteNavigation.to(RemoteWebDriver.java:800)
	at com.pearson.piltg.ngmelII.common.Common.loginToPlatform(Common.java:73)
	at com.pearson.piltg.ngmelII.RegressionNMELIII.GradeBook_Teacher_withP2.gradebookFunctions(GradeBook_Teacher_withP2.java:471)
	at sun.reflect.NativeMethodAccessorImpl.invoke0(Native Method)
	at sun.reflect.NativeMethodAccessorImpl.invoke(NativeMethodAccessorImpl.java:57)
	at sun.reflect.DelegatingMethodAccessorImpl.invoke(DelegatingMethodAccessorImpl.java:43)
	at java.lang.reflect.Method.invoke(Method.java:606)
	at org.testng.internal.MethodHelper.invokeMethod(MethodHelper.java:580)
	at org.testng.internal.Invoker.invokeMethod(Invoker.java:478)
	at org.testng.internal.Invoker.invokeTestMethod(Invoker.java:607)
	at org.testng.internal.Invoker.invokeTestMethods(Invoker.java:874)
	at org.testng.internal.TestMethodWorker.invokeTestMethods(TestMethodWorker.java:125)
	at org.testng.internal.TestMethodWorker.run(TestMethodWorker.java:109)
	at org.testng.TestRunner.runWorkers(TestRunner.java:689)
	at org.testng.TestRunner.privateRun(TestRunner.java:566)
	at org.testng.TestRunner.run(TestRunner.java:466)
	at org.testng.SuiteRunner.runTest(SuiteRunner.java:301)
	at org.testng.SuiteRunner.runSequentially(SuiteRunner.java:296)
	at org.testng.SuiteRunner.privateRun(SuiteRunner.java:276)
	at org.testng.SuiteRunner.run(SuiteRunner.java:191)
	at org.testng.TestNG.createAndRunSuiteRunners(TestNG.java:808)
	at org.testng.TestNG.runSuitesLocally(TestNG.java:776)
	at org.testng.TestNG.run(TestNG.java:701)
	at org.apache.maven.surefire.testng.TestNGExecutor.run(TestNGExecutor.java:74)
	at org.apache.maven.surefire.testng.TestNGXmlTestSuite.execute(TestNGXmlTestSuite.java:92)
	at org.apache.maven.surefire.Surefire.run(Surefire.java:180)
	at sun.reflect.NativeMethodAccessorImpl.invoke0(Native Method)
	at sun.reflect.NativeMethodAccessorImpl.invoke(NativeMethodAccessorImpl.java:57)
	at sun.reflect.DelegatingMethodAccessorImpl.invoke(DelegatingMethodAccessorImpl.java:43)
	at java.lang.reflect.Method.invoke(Method.java:606)
	at org.apache.maven.surefire.booter.SurefireBooter.runSuitesInProcess(SurefireBooter.java:350)
	at org.apache.maven.surefire.booter.SurefireBooter.main(SurefireBooter.java:1021)
]]>
            </full-stacktrace>
          </exception>
        </test-method>
        <test-method status="PASS" signature="preConditionAutogradedAttempt()" name="preConditionAutogradedAttempt" duration-ms="137086" started-at="2014-10-04T13:36:48Z" finished-at="2014-10-04T13:39:05Z">
        </test-method>
        <test-method status="FAIL" signature="viewScoresAtLevelPracticeActivity()" name="viewScoresAtLevelPracticeActivity" duration-ms="6" started-at="2014-10-04T13:56:54Z" description="NEWNGMEL-1369_13, NEWNGMEL-1369_14, NEWNGMEL-1369_15" depends-on-methods="com.pearson.piltg.ngmelII.RegressionNMELIII.GradeBook_Teacher_withP2.preConditionAutogradedAttempt" finished-at="2014-10-04T13:56:54Z">
          <exception class="org.openqa.selenium.UnhandledAlertException">
            <message>
              <![CDATA[unexpected alert open
  (Session info: chrome=37.0.2062.124)
  (Driver info: chromedriver=2.8.241075,platform=Windows NT 6.3 x86_64) (WARNING: The server did not provide any stacktrace information)
Command duration or timeout: 5 milliseconds: null
Build info: version: '2.39.0', revision: '14fa800511cc5d66d426e08b0b2ab926c7ed7398', time: '2013-12-16 13:18:38'
System info: host: 'BRICAWL-9JDVVY1', ip: '192.168.1.109', os.name: 'Windows 8', os.arch: 'amd64', os.version: '6.2', java.version: '1.7.0_51'
Session ID: ffb18f4a184a861f3d046990022779b0
Driver info: org.openqa.selenium.chrome.ChromeDriver
Capabilities [{platform=WIN8, acceptSslCerts=true, javascriptEnabled=true, browserName=chrome, chrome={userDataDir=C:\Users\ubasaja\AppData\Local\Temp\scoped_dir11036_13542}, rotatable=false, locationContextEnabled=true, version=37.0.2062.124, takesHeapSnapshot=true, cssSelectorsEnabled=true, databaseEnabled=false, handlesAlerts=true, browserConnectionEnabled=false, nativeEvents=true, webStorageEnabled=true, applicationCacheEnabled=false, takesScreenshot=true}]]]>
            </message>
            <full-stacktrace>
              <![CDATA[org.openqa.selenium.UnhandledAlertException: unexpected alert open
  (Session info: chrome=37.0.2062.124)
  (Driver info: chromedriver=2.8.241075,platform=Windows NT 6.3 x86_64) (WARNING: The server did not provide any stacktrace information)
Command duration or timeout: 5 milliseconds: null
Build info: version: '2.39.0', revision: '14fa800511cc5d66d426e08b0b2ab926c7ed7398', time: '2013-12-16 13:18:38'
System info: host: 'BRICAWL-9JDVVY1', ip: '192.168.1.109', os.name: 'Windows 8', os.arch: 'amd64', os.version: '6.2', java.version: '1.7.0_51'
Session ID: ffb18f4a184a861f3d046990022779b0
Driver info: org.openqa.selenium.chrome.ChromeDriver
Capabilities [{platform=WIN8, acceptSslCerts=true, javascriptEnabled=true, browserName=chrome, chrome={userDataDir=C:\Users\ubasaja\AppData\Local\Temp\scoped_dir11036_13542}, rotatable=false, locationContextEnabled=true, version=37.0.2062.124, takesHeapSnapshot=true, cssSelectorsEnabled=true, databaseEnabled=false, handlesAlerts=true, browserConnectionEnabled=false, nativeEvents=true, webStorageEnabled=true, applicationCacheEnabled=false, takesScreenshot=true}]
	at sun.reflect.NativeConstructorAccessorImpl.newInstance0(Native Method)
	at sun.reflect.NativeConstructorAccessorImpl.newInstance(NativeConstructorAccessorImpl.java:57)
	at sun.reflect.DelegatingConstructorAccessorImpl.newInstance(DelegatingConstructorAccessorImpl.java:45)
	at java.lang.reflect.Constructor.newInstance(Constructor.java:526)
	at org.openqa.selenium.remote.ErrorHandler.createThrowable(ErrorHandler.java:193)
	at org.openqa.selenium.remote.ErrorHandler.throwIfResponseFailed(ErrorHandler.java:151)
	at org.openqa.selenium.remote.RemoteWebDriver.execute(RemoteWebDriver.java:554)
	at org.openqa.selenium.remote.RemoteWebDriver.get(RemoteWebDriver.java:276)
	at org.openqa.selenium.remote.RemoteWebDriver$RemoteNavigation.to(RemoteWebDriver.java:800)
	at com.pearson.piltg.ngmelII.common.Common.loginToPlatform(Common.java:73)
	at com.pearson.piltg.ngmelII.RegressionNMELIII.GradeBook_Teacher_withP2.viewScoresAtLevelPracticeActivity(GradeBook_Teacher_withP2.java:603)
	at sun.reflect.NativeMethodAccessorImpl.invoke0(Native Method)
	at sun.reflect.NativeMethodAccessorImpl.invoke(NativeMethodAccessorImpl.java:57)
	at sun.reflect.DelegatingMethodAccessorImpl.invoke(DelegatingMethodAccessorImpl.java:43)
	at java.lang.reflect.Method.invoke(Method.java:606)
	at org.testng.internal.MethodHelper.invokeMethod(MethodHelper.java:580)
	at org.testng.internal.Invoker.invokeMethod(Invoker.java:478)
	at org.testng.internal.Invoker.invokeTestMethod(Invoker.java:607)
	at org.testng.internal.Invoker.invokeTestMethods(Invoker.java:874)
	at org.testng.internal.TestMethodWorker.invokeTestMethods(TestMethodWorker.java:125)
	at org.testng.internal.TestMethodWorker.run(TestMethodWorker.java:109)
	at org.testng.TestRunner.runWorkers(TestRunner.java:689)
	at org.testng.TestRunner.privateRun(TestRunner.java:566)
	at org.testng.TestRunner.run(TestRunner.java:466)
	at org.testng.SuiteRunner.runTest(SuiteRunner.java:301)
	at org.testng.SuiteRunner.runSequentially(SuiteRunner.java:296)
	at org.testng.SuiteRunner.privateRun(SuiteRunner.java:276)
	at org.testng.SuiteRunner.run(SuiteRunner.java:191)
	at org.testng.TestNG.createAndRunSuiteRunners(TestNG.java:808)
	at org.testng.TestNG.runSuitesLocally(TestNG.java:776)
	at org.testng.TestNG.run(TestNG.java:701)
	at org.apache.maven.surefire.testng.TestNGExecutor.run(TestNGExecutor.java:74)
	at org.apache.maven.surefire.testng.TestNGXmlTestSuite.execute(TestNGXmlTestSuite.java:92)
	at org.apache.maven.surefire.Surefire.run(Surefire.java:180)
	at sun.reflect.NativeMethodAccessorImpl.invoke0(Native Method)
	at sun.reflect.NativeMethodAccessorImpl.invoke(NativeMethodAccessorImpl.java:57)
	at sun.reflect.DelegatingMethodAccessorImpl.invoke(DelegatingMethodAccessorImpl.java:43)
	at java.lang.reflect.Method.invoke(Method.java:606)
	at org.apache.maven.surefire.booter.SurefireBooter.runSuitesInProcess(SurefireBooter.java:350)
	at org.apache.maven.surefire.booter.SurefireBooter.main(SurefireBooter.java:1021)
]]>
            </full-stacktrace>
          </exception>
        </test-method>
        <test-method status="PASS" signature="preConditionAutoGradedAssignNAttempt()" name="preConditionAutoGradedAssignNAttempt" duration-ms="248997" started-at="2014-10-04T13:39:05Z" finished-at="2014-10-04T13:43:14Z">
        </test-method>
        <test-method status="PASS" signature="assignmentAverage()" name="assignmentAverage" duration-ms="302160" started-at="2014-10-04T13:45:10Z" description="NEWNGMEL-131_13, NEWNGMEL-131_14, NEWNGMEL-131_15" depends-on-methods="com.pearson.piltg.ngmelII.RegressionNMELIII.GradeBook_Teacher_withP2.preConditionAutogradedAttempt" finished-at="2014-10-04T13:50:12Z">
        </test-method>
        <test-method status="FAIL" signature="gradebookAutoGradedPractice()" name="gradebookAutoGradedPractice" duration-ms="4" started-at="2014-10-04T13:56:54Z" description="NEWNGMEL-139_3, NEWNGMEL-131_1, NEWNGMEL_961_10, NEWNGMEL-131_11, NEWNGMEL-131_12." finished-at="2014-10-04T13:56:54Z">
          <exception class="org.openqa.selenium.UnhandledAlertException">
            <message>
              <![CDATA[unexpected alert open
  (Session info: chrome=37.0.2062.124)
  (Driver info: chromedriver=2.8.241075,platform=Windows NT 6.3 x86_64) (WARNING: The server did not provide any stacktrace information)
Command duration or timeout: 3 milliseconds: null
Build info: version: '2.39.0', revision: '14fa800511cc5d66d426e08b0b2ab926c7ed7398', time: '2013-12-16 13:18:38'
System info: host: 'BRICAWL-9JDVVY1', ip: '192.168.1.109', os.name: 'Windows 8', os.arch: 'amd64', os.version: '6.2', java.version: '1.7.0_51'
Session ID: ffb18f4a184a861f3d046990022779b0
Driver info: org.openqa.selenium.chrome.ChromeDriver
Capabilities [{platform=WIN8, acceptSslCerts=true, javascriptEnabled=true, browserName=chrome, chrome={userDataDir=C:\Users\ubasaja\AppData\Local\Temp\scoped_dir11036_13542}, rotatable=false, locationContextEnabled=true, version=37.0.2062.124, takesHeapSnapshot=true, cssSelectorsEnabled=true, databaseEnabled=false, handlesAlerts=true, browserConnectionEnabled=false, nativeEvents=true, webStorageEnabled=true, applicationCacheEnabled=false, takesScreenshot=true}]]]>
            </message>
            <full-stacktrace>
              <![CDATA[org.openqa.selenium.UnhandledAlertException: unexpected alert open
  (Session info: chrome=37.0.2062.124)
  (Driver info: chromedriver=2.8.241075,platform=Windows NT 6.3 x86_64) (WARNING: The server did not provide any stacktrace information)
Command duration or timeout: 3 milliseconds: null
Build info: version: '2.39.0', revision: '14fa800511cc5d66d426e08b0b2ab926c7ed7398', time: '2013-12-16 13:18:38'
System info: host: 'BRICAWL-9JDVVY1', ip: '192.168.1.109', os.name: 'Windows 8', os.arch: 'amd64', os.version: '6.2', java.version: '1.7.0_51'
Session ID: ffb18f4a184a861f3d046990022779b0
Driver info: org.openqa.selenium.chrome.ChromeDriver
Capabilities [{platform=WIN8, acceptSslCerts=true, javascriptEnabled=true, browserName=chrome, chrome={userDataDir=C:\Users\ubasaja\AppData\Local\Temp\scoped_dir11036_13542}, rotatable=false, locationContextEnabled=true, version=37.0.2062.124, takesHeapSnapshot=true, cssSelectorsEnabled=true, databaseEnabled=false, handlesAlerts=true, browserConnectionEnabled=false, nativeEvents=true, webStorageEnabled=true, applicationCacheEnabled=false, takesScreenshot=true}]
	at sun.reflect.NativeConstructorAccessorImpl.newInstance0(Native Method)
	at sun.reflect.NativeConstructorAccessorImpl.newInstance(NativeConstructorAccessorImpl.java:57)
	at sun.reflect.DelegatingConstructorAccessorImpl.newInstance(DelegatingConstructorAccessorImpl.java:45)
	at java.lang.reflect.Constructor.newInstance(Constructor.java:526)
	at org.openqa.selenium.remote.ErrorHandler.createThrowable(ErrorHandler.java:193)
	at org.openqa.selenium.remote.ErrorHandler.throwIfResponseFailed(ErrorHandler.java:151)
	at org.openqa.selenium.remote.RemoteWebDriver.execute(RemoteWebDriver.java:554)
	at org.openqa.selenium.remote.RemoteWebDriver.get(RemoteWebDriver.java:276)
	at org.openqa.selenium.remote.RemoteWebDriver$RemoteNavigation.to(RemoteWebDriver.java:800)
	at com.pearson.piltg.ngmelII.common.Common.loginToPlatform(Common.java:73)
	at com.pearson.piltg.ngmelII.RegressionNMELIII.GradeBook_Teacher_withP2.gradebookAutoGradedPractice(GradeBook_Teacher_withP2.java:235)
	at sun.reflect.NativeMethodAccessorImpl.invoke0(Native Method)
	at sun.reflect.NativeMethodAccessorImpl.invoke(NativeMethodAccessorImpl.java:57)
	at sun.reflect.DelegatingMethodAccessorImpl.invoke(DelegatingMethodAccessorImpl.java:43)
	at java.lang.reflect.Method.invoke(Method.java:606)
	at org.testng.internal.MethodHelper.invokeMethod(MethodHelper.java:580)
	at org.testng.internal.Invoker.invokeMethod(Invoker.java:478)
	at org.testng.internal.Invoker.invokeTestMethod(Invoker.java:607)
	at org.testng.internal.Invoker.invokeTestMethods(Invoker.java:874)
	at org.testng.internal.TestMethodWorker.invokeTestMethods(TestMethodWorker.java:125)
	at org.testng.internal.TestMethodWorker.run(TestMethodWorker.java:109)
	at org.testng.TestRunner.runWorkers(TestRunner.java:689)
	at org.testng.TestRunner.privateRun(TestRunner.java:566)
	at org.testng.TestRunner.run(TestRunner.java:466)
	at org.testng.SuiteRunner.runTest(SuiteRunner.java:301)
	at org.testng.SuiteRunner.runSequentially(SuiteRunner.java:296)
	at org.testng.SuiteRunner.privateRun(SuiteRunner.java:276)
	at org.testng.SuiteRunner.run(SuiteRunner.java:191)
	at org.testng.TestNG.createAndRunSuiteRunners(TestNG.java:808)
	at org.testng.TestNG.runSuitesLocally(TestNG.java:776)
	at org.testng.TestNG.run(TestNG.java:701)
	at org.apache.maven.surefire.testng.TestNGExecutor.run(TestNGExecutor.java:74)
	at org.apache.maven.surefire.testng.TestNGXmlTestSuite.execute(TestNGXmlTestSuite.java:92)
	at org.apache.maven.surefire.Surefire.run(Surefire.java:180)
	at sun.reflect.NativeMethodAccessorImpl.invoke0(Native Method)
	at sun.reflect.NativeMethodAccessorImpl.invoke(NativeMethodAccessorImpl.java:57)
	at sun.reflect.DelegatingMethodAccessorImpl.invoke(DelegatingMethodAccessorImpl.java:43)
	at java.lang.reflect.Method.invoke(Method.java:606)
	at org.apache.maven.surefire.booter.SurefireBooter.runSuitesInProcess(SurefireBooter.java:350)
	at org.apache.maven.surefire.booter.SurefireBooter.main(SurefireBooter.java:1021)
]]>
            </full-stacktrace>
          </exception>
        </test-method>
        <test-method status="PASS" signature="gradeBookExport()" name="gradeBookExport" duration-ms="94854" started-at="2014-10-04T13:50:12Z" description="NEWNGMEL-2205_24, NEWNGMEL-2205_17" depends-on-methods="com.pearson.piltg.ngmelII.RegressionNMELIII.GradeBook_Teacher_withP2.preConditionAutoGradedAssignNAttempt" finished-at="2014-10-04T13:51:47Z">
        </test-method>
        <test-method status="SKIP" signature="viewScoresAtLevelAssignmentTeacherGraded()" name="viewScoresAtLevelAssignmentTeacherGraded" duration-ms="1" started-at="2014-10-04T13:56:54Z" description="NEWNGMEL-2205_7, NEWNGMEL-2205_5, NEWNGMEL-2205_3, NEWNGMEL-2205_1" depends-on-methods="com.pearson.piltg.ngmelII.RegressionNMELIII.GradeBook_Teacher_withP2.preConditionTeacherGradedAssignAndAttempt" finished-at="2014-10-04T13:56:54Z">
        </test-method>
      </class>
    </test>
  </suite>
</testng-results>
