<?xml version="1.0" encoding="utf-8" ?>
<!DOCTYPE html PUBLIC "-//W3C//DTD XHTML 1.0 Strict//EN"
        "http://www.w3.org/TR/xhtml1/DTD/xhtml1-strict.dtd">
<html xmlns="http://www.w3.org/1999/xhtml" xml:lang="" lang="">
<head>
  <title>NMEL Test Report - Regression Tests 6</title>
  <meta http-equiv="Content-Type" content="text/html;charset=utf-8" />
  <meta name="description" content="TestNG unit test results." />
  <link href="reportng.css" rel="stylesheet" type="text/css" />
    <link href="custom.css" rel="stylesheet" type="text/css" />
    <script type="text/javascript" src="reportng.js"></script>
</head>
<body>
<h1>Regression Tests 6</h1>
<p>
  Test duration: 2453.549s
</p>

  <table class="resultsTable configTable">
    <tr><th colspan="3" class="header failedConfig">Failed Configuration</th></tr>
              <tr class="group">
        <td colspan="3">com.pearson.piltg.ngmelII.RegressionNMELIII.GradeBook_Teacher</td>
      </tr>
            
<tr>
  <td class="method">
                  tearDown
      </td>
  <td class="duration">
    0.000s
  </td>
  <td class="result">
        
    
        

        <a href="javascript:toggleElement('exception-0', 'block')" title="Click to expand/collapse"><b>org.openqa.selenium.remote.SessionNotFoundException: Session ID is null<br/>
Build info: version: &apos;2.39.0&apos;, revision: &apos;14fa800511cc5d66d426e08b0b2ab926c7ed7398&apos;, time: &apos;2013-12-16 13:18:38&apos;<br/>
System info: host: &apos;BRICAWL-9JDVVY1&apos;, ip: &apos;10.150.237.110&apos;, os.name: &apos;Windows 8&apos;, os.arch: &apos;amd64&apos;, os.version: &apos;6.2&apos;, java.version: &apos;1.7.0_51&apos;<br/>
Driver info: driver.version: RemoteWebDriver</b></a><br />
    <div class="stackTrace" id="exception-0">
              org.openqa.selenium.remote.HttpCommandExecutor.execute(HttpCommandExecutor.java:276)<br />
              org.openqa.selenium.remote.service.DriverCommandExecutor.execute(DriverCommandExecutor.java:66)<br />
              org.openqa.selenium.remote.RemoteWebDriver.execute(RemoteWebDriver.java:527)<br />
              org.openqa.selenium.remote.RemoteWebDriver.execute(RemoteWebDriver.java:569)<br />
              org.openqa.selenium.remote.RemoteWebDriver.close(RemoteWebDriver.java:418)<br />
              com.pearson.piltg.ngmelII.RegressionNMELIII.GradeBook_Teacher.tearDown(GradeBook_Teacher.java:670)<br />
              sun.reflect.NativeMethodAccessorImpl.invoke0(Native Method)<br />
              sun.reflect.NativeMethodAccessorImpl.invoke(NativeMethodAccessorImpl.java:57)<br />
              sun.reflect.DelegatingMethodAccessorImpl.invoke(DelegatingMethodAccessorImpl.java:43)<br />
              java.lang.reflect.Method.invoke(Method.java:606)<br />
              org.testng.internal.MethodHelper.invokeMethod(MethodHelper.java:580)<br />
              org.testng.internal.Invoker.invokeConfigurationMethod(Invoker.java:398)<br />
              org.testng.internal.Invoker.invokeConfigurations(Invoker.java:145)<br />
              org.testng.internal.Invoker.invokeConfigurations(Invoker.java:82)<br />
              org.testng.internal.TestMethodWorker.invokeAfterClassMethods(TestMethodWorker.java:209)<br />
              org.testng.internal.TestMethodWorker.run(TestMethodWorker.java:112)<br />
              org.testng.TestRunner.runWorkers(TestRunner.java:689)<br />
              org.testng.TestRunner.privateRun(TestRunner.java:566)<br />
              org.testng.TestRunner.run(TestRunner.java:466)<br />
              org.testng.SuiteRunner.runTest(SuiteRunner.java:301)<br />
              org.testng.SuiteRunner.runSequentially(SuiteRunner.java:296)<br />
              org.testng.SuiteRunner.privateRun(SuiteRunner.java:276)<br />
              org.testng.SuiteRunner.run(SuiteRunner.java:191)<br />
              org.testng.TestNG.createAndRunSuiteRunners(TestNG.java:808)<br />
              org.testng.TestNG.runSuitesLocally(TestNG.java:776)<br />
              org.testng.TestNG.run(TestNG.java:701)<br />
              org.apache.maven.surefire.testng.TestNGExecutor.run(TestNGExecutor.java:74)<br />
              org.apache.maven.surefire.testng.TestNGXmlTestSuite.execute(TestNGXmlTestSuite.java:92)<br />
              org.apache.maven.surefire.Surefire.run(Surefire.java:180)<br />
              sun.reflect.NativeMethodAccessorImpl.invoke0(Native Method)<br />
              sun.reflect.NativeMethodAccessorImpl.invoke(NativeMethodAccessorImpl.java:57)<br />
              sun.reflect.DelegatingMethodAccessorImpl.invoke(DelegatingMethodAccessorImpl.java:43)<br />
              java.lang.reflect.Method.invoke(Method.java:606)<br />
              org.apache.maven.surefire.booter.SurefireBooter.runSuitesInProcess(SurefireBooter.java:350)<br />
              org.apache.maven.surefire.booter.SurefireBooter.main(SurefireBooter.java:1021)<br />
                </div>
      </td>
</tr>
    
      </table>


  <table class="resultsTable">
    <tr><th colspan="3" class="header failed">Failed Tests</th></tr>
          <tr>
        <td colspan="3" class="group">com.pearson.piltg.ngmelII.RegressionNMELIII.GradeBook_Teacher</td>
      </tr>
            
<tr>
  <td class="method">
                  <span class="description" title="NEWNGMEL-1369_5,NEWNGMEL-2029_2">gradeboogradebookFunctionskFunctions</span>
      </td>
  <td class="duration">
    0.002s
  </td>
  <td class="result">
        
    
        

        <a href="javascript:toggleElement('exception-1', 'block')" title="Click to expand/collapse"><b>org.openqa.selenium.remote.SessionNotFoundException: Session ID is null<br/>
Build info: version: &apos;2.39.0&apos;, revision: &apos;14fa800511cc5d66d426e08b0b2ab926c7ed7398&apos;, time: &apos;2013-12-16 13:18:38&apos;<br/>
System info: host: &apos;BRICAWL-9JDVVY1&apos;, ip: &apos;10.150.237.110&apos;, os.name: &apos;Windows 8&apos;, os.arch: &apos;amd64&apos;, os.version: &apos;6.2&apos;, java.version: &apos;1.7.0_51&apos;<br/>
Driver info: driver.version: RemoteWebDriver</b></a><br />
    <div class="stackTrace" id="exception-1">
              org.openqa.selenium.remote.HttpCommandExecutor.execute(HttpCommandExecutor.java:276)<br />
              org.openqa.selenium.remote.service.DriverCommandExecutor.execute(DriverCommandExecutor.java:66)<br />
              org.openqa.selenium.remote.RemoteWebDriver.execute(RemoteWebDriver.java:527)<br />
              org.openqa.selenium.remote.RemoteWebDriver.get(RemoteWebDriver.java:276)<br />
              org.openqa.selenium.remote.RemoteWebDriver$RemoteNavigation.to(RemoteWebDriver.java:800)<br />
              com.pearson.piltg.ngmelII.common.Common.loginToPlatform(Common.java:74)<br />
              com.pearson.piltg.ngmelII.RegressionNMELIII.GradeBook_Teacher.gradeboogradebookFunctionskFunctions(GradeBook_Teacher.java:400)<br />
              sun.reflect.NativeMethodAccessorImpl.invoke0(Native Method)<br />
              sun.reflect.NativeMethodAccessorImpl.invoke(NativeMethodAccessorImpl.java:57)<br />
              sun.reflect.DelegatingMethodAccessorImpl.invoke(DelegatingMethodAccessorImpl.java:43)<br />
              java.lang.reflect.Method.invoke(Method.java:606)<br />
              org.testng.internal.MethodHelper.invokeMethod(MethodHelper.java:580)<br />
              org.testng.internal.Invoker.invokeMethod(Invoker.java:478)<br />
              org.testng.internal.Invoker.invokeTestMethod(Invoker.java:607)<br />
              org.testng.internal.Invoker.invokeTestMethods(Invoker.java:874)<br />
              org.testng.internal.TestMethodWorker.invokeTestMethods(TestMethodWorker.java:125)<br />
              org.testng.internal.TestMethodWorker.run(TestMethodWorker.java:109)<br />
              org.testng.TestRunner.runWorkers(TestRunner.java:689)<br />
              org.testng.TestRunner.privateRun(TestRunner.java:566)<br />
              org.testng.TestRunner.run(TestRunner.java:466)<br />
              org.testng.SuiteRunner.runTest(SuiteRunner.java:301)<br />
              org.testng.SuiteRunner.runSequentially(SuiteRunner.java:296)<br />
              org.testng.SuiteRunner.privateRun(SuiteRunner.java:276)<br />
              org.testng.SuiteRunner.run(SuiteRunner.java:191)<br />
              org.testng.TestNG.createAndRunSuiteRunners(TestNG.java:808)<br />
              org.testng.TestNG.runSuitesLocally(TestNG.java:776)<br />
              org.testng.TestNG.run(TestNG.java:701)<br />
              org.apache.maven.surefire.testng.TestNGExecutor.run(TestNGExecutor.java:74)<br />
              org.apache.maven.surefire.testng.TestNGXmlTestSuite.execute(TestNGXmlTestSuite.java:92)<br />
              org.apache.maven.surefire.Surefire.run(Surefire.java:180)<br />
              sun.reflect.NativeMethodAccessorImpl.invoke0(Native Method)<br />
              sun.reflect.NativeMethodAccessorImpl.invoke(NativeMethodAccessorImpl.java:57)<br />
              sun.reflect.DelegatingMethodAccessorImpl.invoke(DelegatingMethodAccessorImpl.java:43)<br />
              java.lang.reflect.Method.invoke(Method.java:606)<br />
              org.apache.maven.surefire.booter.SurefireBooter.runSuitesInProcess(SurefireBooter.java:350)<br />
              org.apache.maven.surefire.booter.SurefireBooter.main(SurefireBooter.java:1021)<br />
                </div>
      </td>
</tr>
<tr>
  <td class="method">
                  <span class="description" title="NEWNGMEL-131_4">gradebook</span>
      </td>
  <td class="duration">
    0.002s
  </td>
  <td class="result">
        
    
        

        <a href="javascript:toggleElement('exception-2', 'block')" title="Click to expand/collapse"><b>org.openqa.selenium.remote.SessionNotFoundException: Session ID is null<br/>
Build info: version: &apos;2.39.0&apos;, revision: &apos;14fa800511cc5d66d426e08b0b2ab926c7ed7398&apos;, time: &apos;2013-12-16 13:18:38&apos;<br/>
System info: host: &apos;BRICAWL-9JDVVY1&apos;, ip: &apos;10.150.237.110&apos;, os.name: &apos;Windows 8&apos;, os.arch: &apos;amd64&apos;, os.version: &apos;6.2&apos;, java.version: &apos;1.7.0_51&apos;<br/>
Driver info: driver.version: RemoteWebDriver</b></a><br />
    <div class="stackTrace" id="exception-2">
              org.openqa.selenium.remote.HttpCommandExecutor.execute(HttpCommandExecutor.java:276)<br />
              org.openqa.selenium.remote.service.DriverCommandExecutor.execute(DriverCommandExecutor.java:66)<br />
              org.openqa.selenium.remote.RemoteWebDriver.execute(RemoteWebDriver.java:527)<br />
              org.openqa.selenium.remote.RemoteWebDriver.get(RemoteWebDriver.java:276)<br />
              org.openqa.selenium.remote.RemoteWebDriver$RemoteNavigation.to(RemoteWebDriver.java:800)<br />
              com.pearson.piltg.ngmelII.common.Common.loginToPlatform(Common.java:74)<br />
              com.pearson.piltg.ngmelII.RegressionNMELIII.GradeBook_Teacher.gradebook(GradeBook_Teacher.java:316)<br />
              sun.reflect.NativeMethodAccessorImpl.invoke0(Native Method)<br />
              sun.reflect.NativeMethodAccessorImpl.invoke(NativeMethodAccessorImpl.java:57)<br />
              sun.reflect.DelegatingMethodAccessorImpl.invoke(DelegatingMethodAccessorImpl.java:43)<br />
              java.lang.reflect.Method.invoke(Method.java:606)<br />
              org.testng.internal.MethodHelper.invokeMethod(MethodHelper.java:580)<br />
              org.testng.internal.Invoker.invokeMethod(Invoker.java:478)<br />
              org.testng.internal.Invoker.invokeTestMethod(Invoker.java:607)<br />
              org.testng.internal.Invoker.invokeTestMethods(Invoker.java:874)<br />
              org.testng.internal.TestMethodWorker.invokeTestMethods(TestMethodWorker.java:125)<br />
              org.testng.internal.TestMethodWorker.run(TestMethodWorker.java:109)<br />
              org.testng.TestRunner.runWorkers(TestRunner.java:689)<br />
              org.testng.TestRunner.privateRun(TestRunner.java:566)<br />
              org.testng.TestRunner.run(TestRunner.java:466)<br />
              org.testng.SuiteRunner.runTest(SuiteRunner.java:301)<br />
              org.testng.SuiteRunner.runSequentially(SuiteRunner.java:296)<br />
              org.testng.SuiteRunner.privateRun(SuiteRunner.java:276)<br />
              org.testng.SuiteRunner.run(SuiteRunner.java:191)<br />
              org.testng.TestNG.createAndRunSuiteRunners(TestNG.java:808)<br />
              org.testng.TestNG.runSuitesLocally(TestNG.java:776)<br />
              org.testng.TestNG.run(TestNG.java:701)<br />
              org.apache.maven.surefire.testng.TestNGExecutor.run(TestNGExecutor.java:74)<br />
              org.apache.maven.surefire.testng.TestNGXmlTestSuite.execute(TestNGXmlTestSuite.java:92)<br />
              org.apache.maven.surefire.Surefire.run(Surefire.java:180)<br />
              sun.reflect.NativeMethodAccessorImpl.invoke0(Native Method)<br />
              sun.reflect.NativeMethodAccessorImpl.invoke(NativeMethodAccessorImpl.java:57)<br />
              sun.reflect.DelegatingMethodAccessorImpl.invoke(DelegatingMethodAccessorImpl.java:43)<br />
              java.lang.reflect.Method.invoke(Method.java:606)<br />
              org.apache.maven.surefire.booter.SurefireBooter.runSuitesInProcess(SurefireBooter.java:350)<br />
              org.apache.maven.surefire.booter.SurefireBooter.main(SurefireBooter.java:1021)<br />
                </div>
      </td>
</tr>
<tr>
  <td class="method">
                  preConditionTeacherGradedAssignAndAttempt
      </td>
  <td class="duration">
    7.000s
  </td>
  <td class="result">
        
    
        

        <a href="javascript:toggleElement('exception-3', 'block')" title="Click to expand/collapse"><b>org.openqa.selenium.remote.SessionNotFoundException: Session ID is null<br/>
Build info: version: &apos;2.39.0&apos;, revision: &apos;14fa800511cc5d66d426e08b0b2ab926c7ed7398&apos;, time: &apos;2013-12-16 13:18:38&apos;<br/>
System info: host: &apos;BRICAWL-9JDVVY1&apos;, ip: &apos;10.150.237.110&apos;, os.name: &apos;Windows 8&apos;, os.arch: &apos;amd64&apos;, os.version: &apos;6.2&apos;, java.version: &apos;1.7.0_51&apos;<br/>
Driver info: driver.version: RemoteWebDriver</b></a><br />
    <div class="stackTrace" id="exception-3">
              org.openqa.selenium.remote.HttpCommandExecutor.execute(HttpCommandExecutor.java:276)<br />
              org.openqa.selenium.remote.service.DriverCommandExecutor.execute(DriverCommandExecutor.java:66)<br />
              org.openqa.selenium.remote.RemoteWebDriver.execute(RemoteWebDriver.java:527)<br />
              org.openqa.selenium.remote.RemoteWebDriver.get(RemoteWebDriver.java:276)<br />
              org.openqa.selenium.remote.RemoteWebDriver$RemoteNavigation.to(RemoteWebDriver.java:800)<br />
              com.pearson.piltg.ngmelII.common.Common.loginToPlatform(Common.java:74)<br />
              com.pearson.piltg.ngmelII.RegressionNMELIII.GradeBook_Teacher.preConditionTeacherGradedAssignAndAttempt(GradeBook_Teacher.java:44)<br />
              sun.reflect.NativeMethodAccessorImpl.invoke0(Native Method)<br />
              sun.reflect.NativeMethodAccessorImpl.invoke(NativeMethodAccessorImpl.java:57)<br />
              sun.reflect.DelegatingMethodAccessorImpl.invoke(DelegatingMethodAccessorImpl.java:43)<br />
              java.lang.reflect.Method.invoke(Method.java:606)<br />
              org.testng.internal.MethodHelper.invokeMethod(MethodHelper.java:580)<br />
              org.testng.internal.Invoker.invokeMethod(Invoker.java:478)<br />
              org.testng.internal.Invoker.invokeTestMethod(Invoker.java:607)<br />
              org.testng.internal.Invoker.invokeTestMethods(Invoker.java:874)<br />
              org.testng.internal.TestMethodWorker.invokeTestMethods(TestMethodWorker.java:125)<br />
              org.testng.internal.TestMethodWorker.run(TestMethodWorker.java:109)<br />
              org.testng.TestRunner.runWorkers(TestRunner.java:689)<br />
              org.testng.TestRunner.privateRun(TestRunner.java:566)<br />
              org.testng.TestRunner.run(TestRunner.java:466)<br />
              org.testng.SuiteRunner.runTest(SuiteRunner.java:301)<br />
              org.testng.SuiteRunner.runSequentially(SuiteRunner.java:296)<br />
              org.testng.SuiteRunner.privateRun(SuiteRunner.java:276)<br />
              org.testng.SuiteRunner.run(SuiteRunner.java:191)<br />
              org.testng.TestNG.createAndRunSuiteRunners(TestNG.java:808)<br />
              org.testng.TestNG.runSuitesLocally(TestNG.java:776)<br />
              org.testng.TestNG.run(TestNG.java:701)<br />
              org.apache.maven.surefire.testng.TestNGExecutor.run(TestNGExecutor.java:74)<br />
              org.apache.maven.surefire.testng.TestNGXmlTestSuite.execute(TestNGXmlTestSuite.java:92)<br />
              org.apache.maven.surefire.Surefire.run(Surefire.java:180)<br />
              sun.reflect.NativeMethodAccessorImpl.invoke0(Native Method)<br />
              sun.reflect.NativeMethodAccessorImpl.invoke(NativeMethodAccessorImpl.java:57)<br />
              sun.reflect.DelegatingMethodAccessorImpl.invoke(DelegatingMethodAccessorImpl.java:43)<br />
              java.lang.reflect.Method.invoke(Method.java:606)<br />
              org.apache.maven.surefire.booter.SurefireBooter.runSuitesInProcess(SurefireBooter.java:350)<br />
              org.apache.maven.surefire.booter.SurefireBooter.main(SurefireBooter.java:1021)<br />
                </div>
      </td>
</tr>
<tr>
  <td class="method">
                  <span class="description" title="NEWNGMEL-1369_13, NEWNGMEL-1369_14, NEWNGMEL-1369_15">viewScoresAtLevelPracticeActivity</span>
      </td>
  <td class="duration">
    0.001s
  </td>
  <td class="result">
        
    
        

        <a href="javascript:toggleElement('exception-4', 'block')" title="Click to expand/collapse"><b>org.openqa.selenium.remote.SessionNotFoundException: Session ID is null<br/>
Build info: version: &apos;2.39.0&apos;, revision: &apos;14fa800511cc5d66d426e08b0b2ab926c7ed7398&apos;, time: &apos;2013-12-16 13:18:38&apos;<br/>
System info: host: &apos;BRICAWL-9JDVVY1&apos;, ip: &apos;10.150.237.110&apos;, os.name: &apos;Windows 8&apos;, os.arch: &apos;amd64&apos;, os.version: &apos;6.2&apos;, java.version: &apos;1.7.0_51&apos;<br/>
Driver info: driver.version: RemoteWebDriver</b></a><br />
    <div class="stackTrace" id="exception-4">
              org.openqa.selenium.remote.HttpCommandExecutor.execute(HttpCommandExecutor.java:276)<br />
              org.openqa.selenium.remote.service.DriverCommandExecutor.execute(DriverCommandExecutor.java:66)<br />
              org.openqa.selenium.remote.RemoteWebDriver.execute(RemoteWebDriver.java:527)<br />
              org.openqa.selenium.remote.RemoteWebDriver.get(RemoteWebDriver.java:276)<br />
              org.openqa.selenium.remote.RemoteWebDriver$RemoteNavigation.to(RemoteWebDriver.java:800)<br />
              com.pearson.piltg.ngmelII.common.Common.loginToPlatform(Common.java:74)<br />
              com.pearson.piltg.ngmelII.RegressionNMELIII.GradeBook_Teacher.viewScoresAtLevelPracticeActivity(GradeBook_Teacher.java:467)<br />
              sun.reflect.NativeMethodAccessorImpl.invoke0(Native Method)<br />
              sun.reflect.NativeMethodAccessorImpl.invoke(NativeMethodAccessorImpl.java:57)<br />
              sun.reflect.DelegatingMethodAccessorImpl.invoke(DelegatingMethodAccessorImpl.java:43)<br />
              java.lang.reflect.Method.invoke(Method.java:606)<br />
              org.testng.internal.MethodHelper.invokeMethod(MethodHelper.java:580)<br />
              org.testng.internal.Invoker.invokeMethod(Invoker.java:478)<br />
              org.testng.internal.Invoker.invokeTestMethod(Invoker.java:607)<br />
              org.testng.internal.Invoker.invokeTestMethods(Invoker.java:874)<br />
              org.testng.internal.TestMethodWorker.invokeTestMethods(TestMethodWorker.java:125)<br />
              org.testng.internal.TestMethodWorker.run(TestMethodWorker.java:109)<br />
              org.testng.TestRunner.runWorkers(TestRunner.java:689)<br />
              org.testng.TestRunner.privateRun(TestRunner.java:566)<br />
              org.testng.TestRunner.run(TestRunner.java:466)<br />
              org.testng.SuiteRunner.runTest(SuiteRunner.java:301)<br />
              org.testng.SuiteRunner.runSequentially(SuiteRunner.java:296)<br />
              org.testng.SuiteRunner.privateRun(SuiteRunner.java:276)<br />
              org.testng.SuiteRunner.run(SuiteRunner.java:191)<br />
              org.testng.TestNG.createAndRunSuiteRunners(TestNG.java:808)<br />
              org.testng.TestNG.runSuitesLocally(TestNG.java:776)<br />
              org.testng.TestNG.run(TestNG.java:701)<br />
              org.apache.maven.surefire.testng.TestNGExecutor.run(TestNGExecutor.java:74)<br />
              org.apache.maven.surefire.testng.TestNGXmlTestSuite.execute(TestNGXmlTestSuite.java:92)<br />
              org.apache.maven.surefire.Surefire.run(Surefire.java:180)<br />
              sun.reflect.NativeMethodAccessorImpl.invoke0(Native Method)<br />
              sun.reflect.NativeMethodAccessorImpl.invoke(NativeMethodAccessorImpl.java:57)<br />
              sun.reflect.DelegatingMethodAccessorImpl.invoke(DelegatingMethodAccessorImpl.java:43)<br />
              java.lang.reflect.Method.invoke(Method.java:606)<br />
              org.apache.maven.surefire.booter.SurefireBooter.runSuitesInProcess(SurefireBooter.java:350)<br />
              org.apache.maven.surefire.booter.SurefireBooter.main(SurefireBooter.java:1021)<br />
                </div>
      </td>
</tr>
      </table>

  <table class="resultsTable" width="100%">
    <tr><th colspan="3" class="header skipped">Skipped Tests</th></tr>
          <tr>
        <td colspan="3" class="group">com.pearson.piltg.ngmelII.RegressionNMELIII.GradeBook_Teacher</td>
      </tr>
            
<tr>
  <td class="method">
                  <span class="description" title="NEWNGMEL-131_2">gradebookTeacherGradedAssignment</span>
      </td>
  <td class="duration">
    0.001s
  </td>
  <td class="result">
                             <i>Depends on method(s): </i>
        <span class="dependency">com.pearson.piltg.ngmelII.RegressionNMELIII.GradeBook_Teacher.preConditionTeacherGradedAssignAndAttempt</span>
          
    
        

      </td>
</tr>
          <tr>
        <td colspan="3" class="group">com.pearson.piltg.ngmelII.RegressionNMELIII.GradeSettings</td>
      </tr>
            
<tr>
  <td class="method">
                  <span class="description" title="NEWNGMEL_1763_1, NEWNGMEL_1763_3">threshold</span>
      </td>
  <td class="duration">
    0.000s
  </td>
  <td class="result">
                       <i>Depends on group(s): </i>
        <span class="dependency">autogradedAttempt</span>
        <br />
                
    
        

      </td>
</tr>
      </table>

  <table class="resultsTable">
    <tr><th colspan="3" class="header passed">Passed Tests</th></tr>
          <tr>
        <td colspan="3" class="group">com.pearson.piltg.ngmelII.RegressionNMELIII.BatchRegistration</td>
      </tr>
            
<tr>
  <td class="method">
                  verifyPendingBatchRegistration
      </td>
  <td class="duration">
    193.860s
  </td>
  <td class="result">
        
    
            <div class="testOutput">
                        Current Tab selected isSETTINGS
                                <br> Course Management tab is loaded correctly
                                <p><b>Pass :Submit link is displayed.Submit link is disabled</b></p>
                                <p><b>Pass :View link is displayed.View link is enabled.</b></p>
                                <p><b>Pass :Discard link is displayed.Discard link is enabled.</b></p>
                                <p><b>Fail :Submit Batch button is disabled.</b></p>
                                <p><b>Pass :No students error is displayed.</b></p>
                                <p><b>Pass :Edit Student successful. TC NML-202_4 Pass </b></p>
                                <p><b>Pass :Student deleted. TC NML-202_3 Pass. </b></p>
                                <p><b>Fail :Teacher able to submit batch. If the Teacher doesn't confirm the batch with legal T'c & C's TC NML-2055_1 Fail. </b></p>
                  </div>
    

      </td>
</tr>
          <tr>
        <td colspan="3" class="group">com.pearson.piltg.ngmelII.RegressionNMELIII.GradeBook_Teacher</td>
      </tr>
            
<tr>
  <td class="method">
                  <span class="description" title="NEWNGMEL-131_13">assignmentAverage</span>
      </td>
  <td class="duration">
    290.949s
  </td>
  <td class="result">
        
    
            <div class="testOutput">
                        Current Tab selected isCourse
                                Tree Structure till unitThe Big Picture
                                Toc Tree structure at sub-unitVocabulary - Types of films
                                Exercise 2**is tried again
                                Current Tab selected isGradebook
                                Tree Structure till unitThe Big Picture
                                Toc Tree structure at sub-unitThe Big Picture
                                <br><b><font color='red'>Exception Occured.</b><br>
                  </div>
    

      </td>
</tr>
<tr>
  <td class="method">
                  <span class="description" title="NEWNGMEL-131_1, NEWNGMEL_961_10,NEWNGMEL-131_11, NEWNGMEL-131_12, NEWNGMEL-1369_6, NEWNGMEL-1369_7.">gradebookAutoGradedPractice</span>
      </td>
  <td class="duration">
    765.859s
  </td>
  <td class="result">
        
    
            <div class="testOutput">
                        Current Tab selected isGradebook
                                Tree Structure till unitThe Big Picture
                                Toc Tree structure at sub-unitThe Big Picture
                                Current Tab selected isCourse
                                Tree Structure till unitThe Big Picture
                                Toc Tree structure at sub-unitVocabulary - Types of films
                                Exercise 2**is tried again
                                Current Tab selected isGradebook
                                Tree Structure till unitThe Big Picture
                                Toc Tree structure at sub-unitThe Big Picture
                                Teacher is not able to view the scores for the student in  gradebook.
                                <br><b><font color='red'> Test Case NEWNGMEL-131_1 Fail</b><br>
                                Teacher is able to view the recorded accumulated number of attempts under Gradebook.
                                <br><b><font color='red'> Test Case NEWNGMEL_961_10 Fail</b><br>
                                Current Tab selected isCourse
                                Tree Structure till unitThe Big Picture
                                Toc Tree structure at sub-unitVocabulary - Types of films
                                Exercise 2**is tried again
                                Current Tab selected isGradebook
                                Tree Structure till unitThe Big Picture
                                Toc Tree structure at sub-unitThe Big Picture
                                Teacher is able to drill down on a student to see the students individual scores.
                                <br><b><font color='green'>Test Case NEWNGMEL-131_12 Pass</b><br>
                                Teacher is able to view the first attempt score/grade results in the Gradebook for practice activity.
                                <br><b><font color='green'>Test Case NEWNGMEL-1369_6 Pass</b><br>
                                Teacher is unable to drill down on a student to see the students individual scores.
                                <br><b><font color='red'> Test Case NEWNGMEL-131_12 Fail</b><br>
                                Teacher is able to view the last attempt score/grade results in the Gradebook for practice activity.
                                <br><b><font color='green'>Test Case NEWNGMEL-1369_7 Pass</b><br>
                                Teacher is unable to view the last attempt score/grade results in the Gradebook for practice activity.
                                <br><b><font color='red'> Test Case NEWNGMEL-1369_7 Fail</b><br>
                                Teacher is not able to toggle between first attempt and last attempt scores.
                                <br><b><font color='red'> Test Case NEWNGMEL-131_11 Fail</b><br>
                  </div>
    

      </td>
</tr>
<tr>
  <td class="method">
                  <span class="description" title="NEWNGMEL-139_3, NEWNGMEL_187_6, NEWNGMEL_187_7">gradebookAutoGradedPracticeStudentLogin</span>
      </td>
  <td class="duration">
    149.018s
  </td>
  <td class="result">
        
    
            <div class="testOutput">
                        Current Tab selected isGradebook
                                Tree Structure till unitThe Big Picture
                                Toc Tree structure at sub-unitThe Big Picture
                                Student is able to see the report window.
                                <br><b><font color='green'>Test Case NEWNGMEL-139_3 Pass</b><br>
                                Student is able to view first attempt scores for autograded practice.
                                <br><b><font color='green'>Test Case NEWNGMEL_187_6 Pass</b><br>
                                Student is able to view last attempt scores for autograded pracrice.
                                <br><b><font color='green'>Test Case NEWNGMEL_187_7 Pass</b><br>
                  </div>
    

      </td>
</tr>
          <tr>
        <td colspan="3" class="group">com.pearson.piltg.ngmelII.RegressionNMELIII.Gradebook_Student</td>
      </tr>
            
<tr>
  <td class="method">
                  verifyFirstAttemptLastAttemptTest
      </td>
  <td class="duration">
    523.236s
  </td>
  <td class="result">
        
    
            <div class="testOutput">
                        <br><b>Test method: NEWNGMEL_187_6.</b></br>
                                Current Tab selected isCOURSE
                                Selected a Course Options
                                Tree Structure till unitProgress Test 1
                                Selected All Students
                                Selected a Date
                                Clicked Assign button
                                X
The assignment has been successfully allocated to your student.
                                Teacher_1 logged out
                                The selected tab [To Do List] is not a valid tab. The valid tabs are [Home, Course, Gradebook, Message, Settings]
                                Current Tab selected isGradebook
                                Tree Structure till unitProgress Test 1
                                Toc Tree structure at sub-unitProgress Test 1
                                Student is able to view the first attempt score/grade results in the Gradebook for Test activity.
                                <br><b><font color='green'>Test Case NEWNGMEL_187_6 Pass</b><br>
                  </div>
    

      </td>
</tr>
          <tr>
        <td colspan="3" class="group">com.pearson.piltg.ngmelII.RegressionNMELIII.Help</td>
      </tr>
            
<tr>
  <td class="method">
                  <span class="description" title="NEWNGMEL-194_1, NEWNGMEL-194_2">studentHelp</span>
      </td>
  <td class="duration">
    81.927s
  </td>
  <td class="result">
        
    
            <div class="testOutput">
                        <br><b><font color='green'>Test Case NEWNGMEL-194_1 Pass</b><br>
                                <br><b><font color='green'>Test Case NEWNGMEL-194_2 Pass</b><br>
                  </div>
    

      </td>
</tr>
<tr>
  <td class="method">
                  <span class="description" title="NEWNGMEL-152_1, NEWNGMEL-152_2">teacherHelp</span>
      </td>
  <td class="duration">
    77.125s
  </td>
  <td class="result">
        
    
            <div class="testOutput">
                        <br><b><font color='green'>Test Case NEWNGMEL-152_1 Pass</b><br>
                                <br><b><font color='green'>Test Case NEWNGMEL-152_2 Pass</b><br>
                  </div>
    

      </td>
</tr>
          <tr>
        <td colspan="3" class="group">com.pearson.piltg.ngmelII.RegressionNMELIII.Miscellaneous</td>
      </tr>
            
<tr>
  <td class="method">
                  <span class="description" title="NEWNGMEL_1063_2,NEWNGMEL_332_2,NEWNGMEL-2966_1, NEWNGMEL-2966_2, NEWNGMEL-2966_3">userLanguage_Breadcrum_FooterBarVerification</span>
      </td>
  <td class="duration">
    126.321s
  </td>
  <td class="result">
        
    
            <div class="testOutput">
                        Test Methods : NEWNGMEL_1063_2,NEWNGMEL_332_2,NEWNGMEL-2966_1, NEWNGMEL-2966_2, NEWNGMEL-2966_3 
                                <br><b>Language set is Italiano.</b></br>
                                <br><b><font color='green'>Test Case NEWNGMEL_1063_2 Pass</b><br>
                                The footer contains copyright, my english lab url and terms and condition.
                                <br><b><font color='green'>Test Case NEWNGMEL-2966_1 Pass</b><br>
                                Pop up window is displayed.
                                PDF window is displayed. 
                                <br><b><font color='green'>Test Case NEWNGMEL-2966_3 Pass</b><br>
                  </div>
    

      </td>
</tr>
          <tr>
        <td colspan="3" class="group">com.pearson.piltg.ngmelII.RegressionNMELIII.RemoveStudent</td>
      </tr>
            
<tr>
  <td class="method">
                  <span class="description" title="NEWNGMEL-107_1,NEWNGMEL-107_3 ">removeStudents</span>
      </td>
  <td class="duration">
    153.239s
  </td>
  <td class="result">
        
    
            <div class="testOutput">
                        Test method: NEWNGMEL-107_1,NEWNGMEL-107_3
                                <br> <font color=green>Home tab is loaded correctly</font>
                                Home Page is loaded
                                Current Tab selected isSETTINGS
                                <br> Course Management tab is loaded correctly
                                X
Selected students have been removed from course.
                                Current Tab selected isGRADEBOOK
                                <br> <font color=green>Home tab is loaded correctly</font>
                                Home Page is loaded
                                <br><b><font color='red'> Test Case NEWNGMEL-107_1 Fail</b><br>
                  </div>
    

      </td>
</tr>
      </table>
  
</body>
</html>
