-------------------------------------------------------------------------------
Test set: TestSuite
-------------------------------------------------------------------------------
Tests run: 1, Failures: 1, Errors: 0, Skipped: 0, Time elapsed: 13.65 sec <<< FAILURE!
ProgramAdminTest(com.pearson.piltg.ngmelII.RegressionNMELIII.ProgramAdmin)  Time elapsed: 0.134 sec  <<< FAILURE!
java.lang.Error: Unresolved compilation problem: 
	Duplicate local variable jse

	at com.pearson.piltg.ngmelII.RegressionNMELIII.ProgramAdmin.ProgramAdminTest(ProgramAdmin.java:192)

sSelector(RemoteWebDriver.java:400)
	at org.openqa.selenium.By$ByCssSelector.findElements(By.java:442)
	at org.openqa.selenium.remote.RemoteWebDriver.findElements(RemoteWebDriver.java:295)
	at com.pearson.piltg.ngmelII.util.UtilityCommon.isElementPresent(UtilityCommon.java:359)
	at com.pearson.piltg.ngmelII.common.Common.logoutFromTheApplication(Common.java:200)
	at com.pearson.piltg.ngmelII.RegressionNMELIII.ProgramAdmin.ProgramAdminTest(ProgramAdmin.java:215)

tearDown(com.pearson.piltg.ngmelII.RegressionNMELIII.ProgramAdmin)  Time elapsed: 364.159 sec  <<< FAILURE!
org.openqa.selenium.WebDriverException: chrome not reachable
  (Session info: chrome=37.0.2062.124)
  (Driver info: chromedriver=2.8.241075,platform=Windows NT 6.3 x86_64) (WARNING: The server did not provide any stacktrace information)
Command duration or timeout: 1.01 seconds
Build info: version: '2.39.0', revision: '14fa800511cc5d66d426e08b0b2ab926c7ed7398', time: '2013-12-16 13:18:38'
System info: host: 'BRICAWL-9JDVVY1', ip: '192.168.1.109', os.name: 'Windows 8', os.arch: 'amd64', os.version: '6.2', java.version: '1.7.0_51'
Session ID: 8863489afff5531b4fa7edd0d2258ca6
Driver info: org.openqa.selenium.chrome.ChromeDriver
Capabilities [{platform=WIN8, acceptSslCerts=true, javascriptEnabled=true, browserName=chrome, chrome={userDataDir=C:\Users\ubasaja\AppData\Local\Temp\scoped_dir8132_10938}, rotatable=false, locationContextEnabled=true, version=37.0.2062.124, takesHeapSnapshot=true, cssSelectorsEnabled=true, databaseEnabled=false, handlesAlerts=true, browserConnectionEnabled=false, nativeEvents=true, webStorageEnabled=true, applicationCacheEnabled=false, takesScreenshot=true}]
	at sun.reflect.NativeConstructorAccessorImpl.newInstance0(Native Method)
	at sun.reflect.NativeConstructorAccessorImpl.newInstance(NativeConstructorAccessorImpl.java:57)
	at sun.reflect.DelegatingConstructorAccessorImpl.newInstance(DelegatingConstructorAccessorImpl.java:45)
	at java.lang.reflect.Constructor.newInstance(Constructor.java:526)
	at org.openqa.selenium.remote.ErrorHandler.createThrowable(ErrorHandler.java:193)
	at org.openqa.selenium.remote.ErrorHandler.throwIfResponseFailed(ErrorHandler.java:145)
	at org.openqa.selenium.remote.RemoteWebDriver.execute(RemoteWebDriver.java:554)
	at org.openqa.selenium.remote.RemoteWebDriver.execute(RemoteWebDriver.java:569)
	at org.openqa.selenium.remote.RemoteWebDriver.close(RemoteWebDriver.java:418)
	at com.pearson.piltg.ngmelII.RegressionNMELIII.ProgramAdmin.tearDown(ProgramAdmin.java:225)

