<?xml version="1.0" encoding="utf-8" ?>
<!DOCTYPE html PUBLIC "-//W3C//DTD XHTML 1.0 Strict//EN"
        "http://www.w3.org/TR/xhtml1/DTD/xhtml1-strict.dtd">
<html xmlns="http://www.w3.org/1999/xhtml" xml:lang="" lang="">
<head>
  <title>NMEL Test Report - Regression Tests Deepika</title>
  <meta http-equiv="Content-Type" content="text/html;charset=utf-8" />
  <meta name="description" content="TestNG unit test results." />
  <link href="reportng.css" rel="stylesheet" type="text/css" />
    <link href="custom.css" rel="stylesheet" type="text/css" />
    <script type="text/javascript" src="reportng.js"></script>
</head>
<body>
<h1>Regression Tests Deepika</h1>
<p>
  Test duration: 569.893s
</p>



  <table class="resultsTable">
    <tr><th colspan="3" class="header failed">Failed Tests</th></tr>
          <tr>
        <td colspan="3" class="group">com.pearson.piltg.ngmelII.RegressionNMELIII.Hompage_RecentActivity</td>
      </tr>
            
<tr>
  <td class="method">
                  <span class="description" title="NEWNGMEL-38_8, NEWNGMEL-38_12, NEWNGMEL-38_9, NEWNGMEL-38_10, NEWNGMEL-38_11.">filterActivitesTeacher</span>
      </td>
  <td class="duration">
    210.627s
  </td>
  <td class="result">
        
    
            <div class="testOutput">
                        <br>View more button is disable
                                getRecentActivityTableContents  is done
                                est [Today, New event Event251450698dtPick has been added at 14 Oct 2014, 2:11 AM by Teacher_, Teacher_20141013040058
General, New event Event251450698dtPick has been added at 14 Oct 2014, 2:10 AM by Teacher_, Teacher_20141013040058
Course_20141013040331 - Next Move 2, Edit
See report
Assignment UNIT 1, Play The Game!, Grammar - Present simple, Exercise 1* has been sent 14 Oct 2014, 2:08 AM by Teacher_, Teacher_20141013040058
Course_20141013040331 - Next Move 2, Today, New event Event251450698dtPick has been added at 14 Oct 2014, 2:11 AM by Teacher_, Teacher_20141013040058
General, New event Event251450698dtPick has been added at 14 Oct 2014, 2:10 AM by Teacher_, Teacher_20141013040058
Course_20141013040331 - Next Move 2, Edit
See report
Assignment UNIT 1, Play The Game!, Grammar - Present simple, Exercise 1* has been sent 14 Oct 2014, 2:08 AM by Teacher_, Teacher_20141013040058
Course_20141013040331 - Next Move 2, Edit
See report
Assignment UNIT 9, Pronunciation practice, Schwa /?/, Exercise 1 has been sent 14 Oct 2014, 1:59 AM by Teacher_, Teacher_20141013040058
Course_20141013040331 - Next Move 2, Assignment UNIT 1, Play The Game!, Reading (2), Exercise 2 has been deleted 14 Oct 2014, 1:56 AM by Teacher_, Teacher_20141013040058
Course_20141013040331 - Next Move 2, Assignment UNIT 1, Play The Game!, Reading (2), Exercise 2 has been deleted 14 Oct 2014, 1:49 AM by Teacher_, Teacher_20141013040058
Course_20141013040331 - Next Move 2, Today, New event Event251450698dtPick has been added at 14 Oct 2014, 2:11 AM by Teacher_, Teacher_20141013040058
General, New event Event251450698dtPick has been added at 14 Oct 2014, 2:10 AM by Teacher_, Teacher_20141013040058
Course_20141013040331 - Next Move 2, Edit
See report
Assignment UNIT 1, Play The Game!, Grammar - Present simple, Exercise 1* has been sent 14 Oct 2014, 2:08 AM by Teacher_, Teacher_20141013040058
Course_20141013040331 - Next Move 2, Edit
See report
Assignment UNIT 9, Pronunciation practice, Schwa /?/, Exercise 1 has been sent 14 Oct 2014, 1:59 AM by Teacher_, Teacher_20141013040058
Course_20141013040331 - Next Move 2, Assignment UNIT 1, Play The Game!, Reading (2), Exercise 2 has been deleted 14 Oct 2014, 1:56 AM by Teacher_, Teacher_20141013040058
Course_20141013040331 - Next Move 2, Assignment UNIT 1, Play The Game!, Reading (2), Exercise 2 has been deleted 14 Oct 2014, 1:49 AM by Teacher_, Teacher_20141013040058
Course_20141013040331 - Next Move 2]
                                <br><b><font color='green'>Test Case NEWNGMEL-38_8 Pass</b><br>
                                Current Tab selected isHome
                                <p><b>By default,the filter is set to Everything under Recent activity tab.</b></p></br>
                                <br><b><font color='green'>Test Case NEWNGMEL-38_12 Pass</b><br>
                                <p><b>Teacher is able to filter Recent activity tab by assignments only.</b></p></br>
                                <br><b><font color='green'>Test Case NEWNGMEL-38_9 Pass</b><br>
                                <p><b>Teacher is able to filter Recent activity tab by general events only.</b></p></br>
                                <br><b><font color='green'>Test Case NEWNGMEL-38_10 Pass</b><br>
                                <p><b>Teacher is able to filter Recent activity tab by course events only.</b></p></br>
                                <br><b><font color='green'>Test Case NEWNGMEL-38_11 Pass</b><br>
                                Completed filterActivitesTeacher
                  </div>
    

        <a href="javascript:toggleElement('exception-0', 'block')" title="Click to expand/collapse"><b>org.openqa.selenium.TimeoutException: Timed out after 120 seconds waiting for visibility of element located by By.selector: div#headerContents&gt;ul&gt;li:nth-child(2)&gt;a<br/>
Build info: version: &apos;2.39.0&apos;, revision: &apos;14fa800511cc5d66d426e08b0b2ab926c7ed7398&apos;, time: &apos;2013-12-16 13:18:38&apos;<br/>
System info: host: &apos;BRICAWL-9JDVVY1&apos;, ip: &apos;192.168.1.109&apos;, os.name: &apos;Windows 8&apos;, os.arch: &apos;amd64&apos;, os.version: &apos;6.2&apos;, java.version: &apos;1.7.0_51&apos;<br/>
Driver info: driver.version: unknown</b></a><br />
    <div class="stackTrace" id="exception-0">
              org.openqa.selenium.support.ui.FluentWait.timeoutException(FluentWait.java:259)<br />
              org.openqa.selenium.support.ui.FluentWait.until(FluentWait.java:228)<br />
              com.pearson.piltg.ngmelII.util.UtilityCommon.waitForElementVisible(UtilityCommon.java:251)<br />
              com.pearson.piltg.ngmelII.common.Common.logoutFromTheApplication(Common.java:204)<br />
              com.pearson.piltg.ngmelII.RegressionNMELIII.Hompage_RecentActivity.filterActivitesTeacher(Hompage_RecentActivity.java:354)<br />
              sun.reflect.NativeMethodAccessorImpl.invoke0(Native Method)<br />
              sun.reflect.NativeMethodAccessorImpl.invoke(NativeMethodAccessorImpl.java:57)<br />
              sun.reflect.DelegatingMethodAccessorImpl.invoke(DelegatingMethodAccessorImpl.java:43)<br />
              java.lang.reflect.Method.invoke(Method.java:606)<br />
              org.testng.internal.MethodHelper.invokeMethod(MethodHelper.java:580)<br />
              org.testng.internal.Invoker.invokeMethod(Invoker.java:478)<br />
              org.testng.internal.Invoker.invokeTestMethod(Invoker.java:607)<br />
              org.testng.internal.Invoker.invokeTestMethods(Invoker.java:874)<br />
              org.testng.internal.TestMethodWorker.invokeTestMethods(TestMethodWorker.java:125)<br />
              org.testng.internal.TestMethodWorker.run(TestMethodWorker.java:109)<br />
              org.testng.TestRunner.runWorkers(TestRunner.java:689)<br />
              org.testng.TestRunner.privateRun(TestRunner.java:566)<br />
              org.testng.TestRunner.run(TestRunner.java:466)<br />
              org.testng.SuiteRunner.runTest(SuiteRunner.java:301)<br />
              org.testng.SuiteRunner.runSequentially(SuiteRunner.java:296)<br />
              org.testng.SuiteRunner.privateRun(SuiteRunner.java:276)<br />
              org.testng.SuiteRunner.run(SuiteRunner.java:191)<br />
              org.testng.TestNG.createAndRunSuiteRunners(TestNG.java:808)<br />
              org.testng.TestNG.runSuitesLocally(TestNG.java:776)<br />
              org.testng.TestNG.run(TestNG.java:701)<br />
              org.apache.maven.surefire.testng.TestNGExecutor.run(TestNGExecutor.java:74)<br />
              org.apache.maven.surefire.testng.TestNGXmlTestSuite.execute(TestNGXmlTestSuite.java:92)<br />
              org.apache.maven.surefire.Surefire.run(Surefire.java:180)<br />
              sun.reflect.NativeMethodAccessorImpl.invoke0(Native Method)<br />
              sun.reflect.NativeMethodAccessorImpl.invoke(NativeMethodAccessorImpl.java:57)<br />
              sun.reflect.DelegatingMethodAccessorImpl.invoke(DelegatingMethodAccessorImpl.java:43)<br />
              java.lang.reflect.Method.invoke(Method.java:606)<br />
              org.apache.maven.surefire.booter.SurefireBooter.runSuitesInProcess(SurefireBooter.java:350)<br />
              org.apache.maven.surefire.booter.SurefireBooter.main(SurefireBooter.java:1021)<br />
                    <b>Caused by: </b> <a href="javascript:toggleElement('exception-1', 'block')" title="Click to expand/collapse">org.openqa.selenium.NoSuchElementException: no such element<br/>
&nbsp; (Session info: chrome=37.0.2062.124)<br/>
&nbsp; (Driver info: chromedriver=2.8.241075,platform=Windows NT 6.3 x86_64) (WARNING: The server did not provide any stacktrace information)<br/>
Command duration or timeout: 19 milliseconds<br/>
For documentation on this error, please visit: http://seleniumhq.org/exceptions/no_such_element.html<br/>
Build info: version: &apos;2.39.0&apos;, revision: &apos;14fa800511cc5d66d426e08b0b2ab926c7ed7398&apos;, time: &apos;2013-12-16 13:18:38&apos;<br/>
System info: host: &apos;BRICAWL-9JDVVY1&apos;, ip: &apos;192.168.1.109&apos;, os.name: &apos;Windows 8&apos;, os.arch: &apos;amd64&apos;, os.version: &apos;6.2&apos;, java.version: &apos;1.7.0_51&apos;<br/>
Session ID: 918e92b8ca17b8b50567c06b720abe47<br/>
Driver info: org.openqa.selenium.chrome.ChromeDriver<br/>
Capabilities [{platform=WIN8, acceptSslCerts=true, javascriptEnabled=true, browserName=chrome, chrome={userDataDir=C:\Users\ubasaja\AppData\Local\Temp\scoped_dir3400_16595}, rotatable=false, locationContextEnabled=true, version=37.0.2062.124, takesHeapSnapshot=true, cssSelectorsEnabled=true, databaseEnabled=false, handlesAlerts=true, browserConnectionEnabled=false, nativeEvents=true, webStorageEnabled=true, applicationCacheEnabled=false, takesScreenshot=true}]</a><br />
        <div class="stackTrace" id="exception-1">
                      sun.reflect.GeneratedConstructorAccessor16.newInstance(Unknown Source)<br />
                      sun.reflect.DelegatingConstructorAccessorImpl.newInstance(DelegatingConstructorAccessorImpl.java:45)<br />
                      java.lang.reflect.Constructor.newInstance(Constructor.java:526)<br />
                      org.openqa.selenium.remote.ErrorHandler.createThrowable(ErrorHandler.java:193)<br />
                      org.openqa.selenium.remote.ErrorHandler.throwIfResponseFailed(ErrorHandler.java:145)<br />
                      org.openqa.selenium.remote.RemoteWebDriver.execute(RemoteWebDriver.java:554)<br />
                      org.openqa.selenium.remote.RemoteWebDriver.findElement(RemoteWebDriver.java:307)<br />
                      org.openqa.selenium.remote.RemoteWebDriver.findElementByCssSelector(RemoteWebDriver.java:396)<br />
                      org.openqa.selenium.By$ByCssSelector.findElement(By.java:431)<br />
                      org.openqa.selenium.remote.RemoteWebDriver.findElement(RemoteWebDriver.java:299)<br />
                      org.openqa.selenium.support.ui.ExpectedConditions.findElement(ExpectedConditions.java:730)<br />
                      org.openqa.selenium.support.ui.ExpectedConditions.access$000(ExpectedConditions.java:39)<br />
                      org.openqa.selenium.support.ui.ExpectedConditions$4.apply(ExpectedConditions.java:130)<br />
                      org.openqa.selenium.support.ui.ExpectedConditions$4.apply(ExpectedConditions.java:126)<br />
                      org.openqa.selenium.support.ui.FluentWait.until(FluentWait.java:208)<br />
                      com.pearson.piltg.ngmelII.util.UtilityCommon.waitForElementVisible(UtilityCommon.java:251)<br />
                      com.pearson.piltg.ngmelII.common.Common.logoutFromTheApplication(Common.java:204)<br />
                      com.pearson.piltg.ngmelII.RegressionNMELIII.Hompage_RecentActivity.filterActivitesTeacher(Hompage_RecentActivity.java:354)<br />
                      sun.reflect.NativeMethodAccessorImpl.invoke0(Native Method)<br />
                      sun.reflect.NativeMethodAccessorImpl.invoke(NativeMethodAccessorImpl.java:57)<br />
                      sun.reflect.DelegatingMethodAccessorImpl.invoke(DelegatingMethodAccessorImpl.java:43)<br />
                      java.lang.reflect.Method.invoke(Method.java:606)<br />
                      org.testng.internal.MethodHelper.invokeMethod(MethodHelper.java:580)<br />
                      org.testng.internal.Invoker.invokeMethod(Invoker.java:478)<br />
                      org.testng.internal.Invoker.invokeTestMethod(Invoker.java:607)<br />
                      org.testng.internal.Invoker.invokeTestMethods(Invoker.java:874)<br />
                      org.testng.internal.TestMethodWorker.invokeTestMethods(TestMethodWorker.java:125)<br />
                      org.testng.internal.TestMethodWorker.run(TestMethodWorker.java:109)<br />
                      org.testng.TestRunner.runWorkers(TestRunner.java:689)<br />
                      org.testng.TestRunner.privateRun(TestRunner.java:566)<br />
                      org.testng.TestRunner.run(TestRunner.java:466)<br />
                      org.testng.SuiteRunner.runTest(SuiteRunner.java:301)<br />
                      org.testng.SuiteRunner.runSequentially(SuiteRunner.java:296)<br />
                      org.testng.SuiteRunner.privateRun(SuiteRunner.java:276)<br />
                      org.testng.SuiteRunner.run(SuiteRunner.java:191)<br />
                      org.testng.TestNG.createAndRunSuiteRunners(TestNG.java:808)<br />
                      org.testng.TestNG.runSuitesLocally(TestNG.java:776)<br />
                      org.testng.TestNG.run(TestNG.java:701)<br />
                      org.apache.maven.surefire.testng.TestNGExecutor.run(TestNGExecutor.java:74)<br />
                      org.apache.maven.surefire.testng.TestNGXmlTestSuite.execute(TestNGXmlTestSuite.java:92)<br />
                      org.apache.maven.surefire.Surefire.run(Surefire.java:180)<br />
                      sun.reflect.NativeMethodAccessorImpl.invoke0(Native Method)<br />
                      sun.reflect.NativeMethodAccessorImpl.invoke(NativeMethodAccessorImpl.java:57)<br />
                      sun.reflect.DelegatingMethodAccessorImpl.invoke(DelegatingMethodAccessorImpl.java:43)<br />
                      java.lang.reflect.Method.invoke(Method.java:606)<br />
                      org.apache.maven.surefire.booter.SurefireBooter.runSuitesInProcess(SurefireBooter.java:350)<br />
                      org.apache.maven.surefire.booter.SurefireBooter.main(SurefireBooter.java:1021)<br />
                  </div>
          </div>
      </td>
</tr>
      </table>

  <table class="resultsTable" width="100%">
    <tr><th colspan="3" class="header skipped">Skipped Tests</th></tr>
          <tr>
        <td colspan="3" class="group">com.pearson.piltg.ngmelII.RegressionNMELIII.Hompage_RecentActivity</td>
      </tr>
            
<tr>
  <td class="method">
                  <span class="description" title="NEWNGMEL-37_8, NEWNGMEL-37_12, NEWNGMEL-37_9, NEWNGMEL-37_10, NEWNGMEL-37_11.">filterActivitesStudent</span>
      </td>
  <td class="duration">
    0.000s
  </td>
  <td class="result">
                             <i>Depends on method(s): </i>
        <span class="dependency">com.pearson.piltg.ngmelII.RegressionNMELIII.Hompage_RecentActivity.filterActivitesTeacher</span>
          
    
        

      </td>
</tr>
<tr>
  <td class="method">
                  <span class="description" title="NEWNGMEL_117_4, NEWNGMEL_117_3, NEWNGMEL-2039_11, NEWNGMEL_117_6.">recentActivityTest</span>
      </td>
  <td class="duration">
    0.000s
  </td>
  <td class="result">
                             <i>Depends on method(s): </i>
        <span class="dependency">com.pearson.piltg.ngmelII.RegressionNMELIII.Hompage_RecentActivity.filterActivitesStudent</span>
          
    
        

      </td>
</tr>
      </table>

  <table class="resultsTable">
    <tr><th colspan="3" class="header passed">Passed Tests</th></tr>
          <tr>
        <td colspan="3" class="group">com.pearson.piltg.ngmelII.RegressionNMELIII.Hompage_RecentActivity</td>
      </tr>
            
<tr>
  <td class="method">
                  preCondition
      </td>
  <td class="duration">
    342.248s
  </td>
  <td class="result">
        
    
            <div class="testOutput">
                        Current Tab selected isCOURSE
                                Selected a Course Options
                                Tree Structure till unitPlay The Game!
                                Toc Tree structure at sub-unitGrammar - Present simple
                                Exercise 1*is Assigned/Open
                                Selected All Students
                                Selected a Date
                                Clicked Assign button
                                X
The assignment has been successfully allocated to your student.
                                Teacher_1 logged out
                  </div>
    

      </td>
</tr>
      </table>
  
</body>
</html>
