<?xml version="1.0" encoding="utf-8" ?>
<!DOCTYPE html PUBLIC "-//W3C//DTD XHTML 1.0 Strict//EN"
        "http://www.w3.org/TR/xhtml1/DTD/xhtml1-strict.dtd">
<html xmlns="http://www.w3.org/1999/xhtml" xml:lang="" lang="">
<head>
  <title>NMEL Test Report - Regression Tests 3</title>
  <meta http-equiv="Content-Type" content="text/html;charset=utf-8" />
  <meta name="description" content="TestNG unit test results." />
  <link href="reportng.css" rel="stylesheet" type="text/css" />
    <link href="custom.css" rel="stylesheet" type="text/css" />
    <script type="text/javascript" src="reportng.js"></script>
</head>
<body>
<h1>Regression Tests 3</h1>
<p>
  Test duration: 2202.471s
</p>



  <table class="resultsTable">
    <tr><th colspan="3" class="header failed">Failed Tests</th></tr>
          <tr>
        <td colspan="3" class="group">com.pearson.piltg.ngmelII.RegressionNMELIII.DeleteMessage</td>
      </tr>
            
<tr>
  <td class="method">
                  <span class="description" title="NEWNGMEL-1683_3, NEWNGMEL-1683_4">studentDelete</span>
      </td>
  <td class="duration">
    138.741s
  </td>
  <td class="result">
        
    
            <div class="testOutput">
                        <br><b>Test method: NEWNGMEL-1683_3, NEWNGMEL-1683_4.</b></br>
                  </div>
    

        <a href="javascript:toggleElement('exception-0', 'block')" title="Click to expand/collapse"><b>org.openqa.selenium.TimeoutException: Timed out after 120 seconds waiting for presence of element located by: By.id: menuFourth<br/>
Build info: version: &apos;2.39.0&apos;, revision: &apos;14fa800511cc5d66d426e08b0b2ab926c7ed7398&apos;, time: &apos;2013-12-16 13:18:38&apos;<br/>
System info: host: &apos;BRICAWL-9JDVVY1&apos;, ip: &apos;192.168.1.109&apos;, os.name: &apos;Windows 8&apos;, os.arch: &apos;amd64&apos;, os.version: &apos;6.2&apos;, java.version: &apos;1.7.0_51&apos;<br/>
Driver info: driver.version: unknown</b></a><br />
    <div class="stackTrace" id="exception-0">
              org.openqa.selenium.support.ui.FluentWait.timeoutException(FluentWait.java:259)<br />
              org.openqa.selenium.support.ui.FluentWait.until(FluentWait.java:228)<br />
              com.pearson.piltg.ngmelII.util.UtilityCommon.waitForElementPresent(UtilityCommon.java:193)<br />
              com.pearson.piltg.ngmelII.home.page.HomePageCommon.selectTab(HomePageCommon.java:84)<br />
              com.pearson.piltg.ngmelII.message.page.MessageCommon.createMessage(MessageCommon.java:111)<br />
              com.pearson.piltg.ngmelII.RegressionNMELIII.DeleteMessage.studentDelete(DeleteMessage.java:125)<br />
              sun.reflect.NativeMethodAccessorImpl.invoke0(Native Method)<br />
              sun.reflect.NativeMethodAccessorImpl.invoke(NativeMethodAccessorImpl.java:57)<br />
              sun.reflect.DelegatingMethodAccessorImpl.invoke(DelegatingMethodAccessorImpl.java:43)<br />
              java.lang.reflect.Method.invoke(Method.java:606)<br />
              org.testng.internal.MethodHelper.invokeMethod(MethodHelper.java:580)<br />
              org.testng.internal.Invoker.invokeMethod(Invoker.java:478)<br />
              org.testng.internal.Invoker.invokeTestMethod(Invoker.java:607)<br />
              org.testng.internal.Invoker.invokeTestMethods(Invoker.java:874)<br />
              org.testng.internal.TestMethodWorker.invokeTestMethods(TestMethodWorker.java:125)<br />
              org.testng.internal.TestMethodWorker.run(TestMethodWorker.java:109)<br />
              org.testng.TestRunner.runWorkers(TestRunner.java:689)<br />
              org.testng.TestRunner.privateRun(TestRunner.java:566)<br />
              org.testng.TestRunner.run(TestRunner.java:466)<br />
              org.testng.SuiteRunner.runTest(SuiteRunner.java:301)<br />
              org.testng.SuiteRunner.runSequentially(SuiteRunner.java:296)<br />
              org.testng.SuiteRunner.privateRun(SuiteRunner.java:276)<br />
              org.testng.SuiteRunner.run(SuiteRunner.java:191)<br />
              org.testng.TestNG.createAndRunSuiteRunners(TestNG.java:808)<br />
              org.testng.TestNG.runSuitesLocally(TestNG.java:776)<br />
              org.testng.TestNG.run(TestNG.java:701)<br />
              org.apache.maven.surefire.testng.TestNGExecutor.run(TestNGExecutor.java:74)<br />
              org.apache.maven.surefire.testng.TestNGXmlTestSuite.execute(TestNGXmlTestSuite.java:92)<br />
              org.apache.maven.surefire.Surefire.run(Surefire.java:180)<br />
              sun.reflect.NativeMethodAccessorImpl.invoke0(Native Method)<br />
              sun.reflect.NativeMethodAccessorImpl.invoke(NativeMethodAccessorImpl.java:57)<br />
              sun.reflect.DelegatingMethodAccessorImpl.invoke(DelegatingMethodAccessorImpl.java:43)<br />
              java.lang.reflect.Method.invoke(Method.java:606)<br />
              org.apache.maven.surefire.booter.SurefireBooter.runSuitesInProcess(SurefireBooter.java:350)<br />
              org.apache.maven.surefire.booter.SurefireBooter.main(SurefireBooter.java:1021)<br />
                    <b>Caused by: </b> <a href="javascript:toggleElement('exception-1', 'block')" title="Click to expand/collapse">org.openqa.selenium.NoSuchElementException: no such element<br/>
&nbsp; (Session info: chrome=37.0.2062.124)<br/>
&nbsp; (Driver info: chromedriver=2.8.241075,platform=Windows NT 6.3 x86_64) (WARNING: The server did not provide any stacktrace information)<br/>
Command duration or timeout: 20 milliseconds<br/>
For documentation on this error, please visit: http://seleniumhq.org/exceptions/no_such_element.html<br/>
Build info: version: &apos;2.39.0&apos;, revision: &apos;14fa800511cc5d66d426e08b0b2ab926c7ed7398&apos;, time: &apos;2013-12-16 13:18:38&apos;<br/>
System info: host: &apos;BRICAWL-9JDVVY1&apos;, ip: &apos;192.168.1.109&apos;, os.name: &apos;Windows 8&apos;, os.arch: &apos;amd64&apos;, os.version: &apos;6.2&apos;, java.version: &apos;1.7.0_51&apos;<br/>
Session ID: 772ded219f5b55b2c57e19ac47f81415<br/>
Driver info: org.openqa.selenium.chrome.ChromeDriver<br/>
Capabilities [{platform=WIN8, acceptSslCerts=true, javascriptEnabled=true, browserName=chrome, chrome={userDataDir=C:\Users\ubasaja\AppData\Local\Temp\scoped_dir11580_12000}, rotatable=false, locationContextEnabled=true, version=37.0.2062.124, takesHeapSnapshot=true, cssSelectorsEnabled=true, databaseEnabled=false, handlesAlerts=true, browserConnectionEnabled=false, nativeEvents=true, webStorageEnabled=true, applicationCacheEnabled=false, takesScreenshot=true}]</a><br />
        <div class="stackTrace" id="exception-1">
                      sun.reflect.GeneratedConstructorAccessor16.newInstance(Unknown Source)<br />
                      sun.reflect.DelegatingConstructorAccessorImpl.newInstance(DelegatingConstructorAccessorImpl.java:45)<br />
                      java.lang.reflect.Constructor.newInstance(Constructor.java:526)<br />
                      org.openqa.selenium.remote.ErrorHandler.createThrowable(ErrorHandler.java:193)<br />
                      org.openqa.selenium.remote.ErrorHandler.throwIfResponseFailed(ErrorHandler.java:145)<br />
                      org.openqa.selenium.remote.RemoteWebDriver.execute(RemoteWebDriver.java:554)<br />
                      org.openqa.selenium.remote.RemoteWebDriver.findElement(RemoteWebDriver.java:307)<br />
                      org.openqa.selenium.remote.RemoteWebDriver.findElementById(RemoteWebDriver.java:348)<br />
                      org.openqa.selenium.By$ById.findElement(By.java:220)<br />
                      org.openqa.selenium.remote.RemoteWebDriver.findElement(RemoteWebDriver.java:299)<br />
                      org.openqa.selenium.support.ui.ExpectedConditions.findElement(ExpectedConditions.java:730)<br />
                      org.openqa.selenium.support.ui.ExpectedConditions.access$000(ExpectedConditions.java:39)<br />
                      org.openqa.selenium.support.ui.ExpectedConditions$3.apply(ExpectedConditions.java:106)<br />
                      org.openqa.selenium.support.ui.ExpectedConditions$3.apply(ExpectedConditions.java:103)<br />
                      org.openqa.selenium.support.ui.FluentWait.until(FluentWait.java:208)<br />
                      com.pearson.piltg.ngmelII.util.UtilityCommon.waitForElementPresent(UtilityCommon.java:193)<br />
                      com.pearson.piltg.ngmelII.home.page.HomePageCommon.selectTab(HomePageCommon.java:84)<br />
                      com.pearson.piltg.ngmelII.message.page.MessageCommon.createMessage(MessageCommon.java:111)<br />
                      com.pearson.piltg.ngmelII.RegressionNMELIII.DeleteMessage.studentDelete(DeleteMessage.java:125)<br />
                      sun.reflect.NativeMethodAccessorImpl.invoke0(Native Method)<br />
                      sun.reflect.NativeMethodAccessorImpl.invoke(NativeMethodAccessorImpl.java:57)<br />
                      sun.reflect.DelegatingMethodAccessorImpl.invoke(DelegatingMethodAccessorImpl.java:43)<br />
                      java.lang.reflect.Method.invoke(Method.java:606)<br />
                      org.testng.internal.MethodHelper.invokeMethod(MethodHelper.java:580)<br />
                      org.testng.internal.Invoker.invokeMethod(Invoker.java:478)<br />
                      org.testng.internal.Invoker.invokeTestMethod(Invoker.java:607)<br />
                      org.testng.internal.Invoker.invokeTestMethods(Invoker.java:874)<br />
                      org.testng.internal.TestMethodWorker.invokeTestMethods(TestMethodWorker.java:125)<br />
                      org.testng.internal.TestMethodWorker.run(TestMethodWorker.java:109)<br />
                      org.testng.TestRunner.runWorkers(TestRunner.java:689)<br />
                      org.testng.TestRunner.privateRun(TestRunner.java:566)<br />
                      org.testng.TestRunner.run(TestRunner.java:466)<br />
                      org.testng.SuiteRunner.runTest(SuiteRunner.java:301)<br />
                      org.testng.SuiteRunner.runSequentially(SuiteRunner.java:296)<br />
                      org.testng.SuiteRunner.privateRun(SuiteRunner.java:276)<br />
                      org.testng.SuiteRunner.run(SuiteRunner.java:191)<br />
                      org.testng.TestNG.createAndRunSuiteRunners(TestNG.java:808)<br />
                      org.testng.TestNG.runSuitesLocally(TestNG.java:776)<br />
                      org.testng.TestNG.run(TestNG.java:701)<br />
                      org.apache.maven.surefire.testng.TestNGExecutor.run(TestNGExecutor.java:74)<br />
                      org.apache.maven.surefire.testng.TestNGXmlTestSuite.execute(TestNGXmlTestSuite.java:92)<br />
                      org.apache.maven.surefire.Surefire.run(Surefire.java:180)<br />
                      sun.reflect.NativeMethodAccessorImpl.invoke0(Native Method)<br />
                      sun.reflect.NativeMethodAccessorImpl.invoke(NativeMethodAccessorImpl.java:57)<br />
                      sun.reflect.DelegatingMethodAccessorImpl.invoke(DelegatingMethodAccessorImpl.java:43)<br />
                      java.lang.reflect.Method.invoke(Method.java:606)<br />
                      org.apache.maven.surefire.booter.SurefireBooter.runSuitesInProcess(SurefireBooter.java:350)<br />
                      org.apache.maven.surefire.booter.SurefireBooter.main(SurefireBooter.java:1021)<br />
                  </div>
          </div>
      </td>
</tr>
<tr>
  <td class="method">
                  <span class="description" title="NEWNGMEL-1683_1, NEWNGMEL-1683_2">teacherDelete</span>
      </td>
  <td class="duration">
    120.206s
  </td>
  <td class="result">
        
    
            <div class="testOutput">
                        <br><b>Test method: NEWNGMEL-1683_1, NEWNGMEL-1683_2.</b></br>
                  </div>
    

        <a href="javascript:toggleElement('exception-2', 'block')" title="Click to expand/collapse"><b>org.openqa.selenium.TimeoutException: Timed out after 120 seconds waiting for presence of element located by: By.id: username<br/>
Build info: version: &apos;2.39.0&apos;, revision: &apos;14fa800511cc5d66d426e08b0b2ab926c7ed7398&apos;, time: &apos;2013-12-16 13:18:38&apos;<br/>
System info: host: &apos;BRICAWL-9JDVVY1&apos;, ip: &apos;192.168.1.109&apos;, os.name: &apos;Windows 8&apos;, os.arch: &apos;amd64&apos;, os.version: &apos;6.2&apos;, java.version: &apos;1.7.0_51&apos;<br/>
Driver info: driver.version: unknown</b></a><br />
    <div class="stackTrace" id="exception-2">
              org.openqa.selenium.support.ui.FluentWait.timeoutException(FluentWait.java:259)<br />
              org.openqa.selenium.support.ui.FluentWait.until(FluentWait.java:228)<br />
              com.pearson.piltg.ngmelII.util.UtilityCommon.waitForElementPresent(UtilityCommon.java:193)<br />
              com.pearson.piltg.ngmelII.message.page.MessageCommon.createMessage(MessageCommon.java:108)<br />
              com.pearson.piltg.ngmelII.RegressionNMELIII.DeleteMessage.teacherDelete(DeleteMessage.java:34)<br />
              sun.reflect.NativeMethodAccessorImpl.invoke0(Native Method)<br />
              sun.reflect.NativeMethodAccessorImpl.invoke(NativeMethodAccessorImpl.java:57)<br />
              sun.reflect.DelegatingMethodAccessorImpl.invoke(DelegatingMethodAccessorImpl.java:43)<br />
              java.lang.reflect.Method.invoke(Method.java:606)<br />
              org.testng.internal.MethodHelper.invokeMethod(MethodHelper.java:580)<br />
              org.testng.internal.Invoker.invokeMethod(Invoker.java:478)<br />
              org.testng.internal.Invoker.invokeTestMethod(Invoker.java:607)<br />
              org.testng.internal.Invoker.invokeTestMethods(Invoker.java:874)<br />
              org.testng.internal.TestMethodWorker.invokeTestMethods(TestMethodWorker.java:125)<br />
              org.testng.internal.TestMethodWorker.run(TestMethodWorker.java:109)<br />
              org.testng.TestRunner.runWorkers(TestRunner.java:689)<br />
              org.testng.TestRunner.privateRun(TestRunner.java:566)<br />
              org.testng.TestRunner.run(TestRunner.java:466)<br />
              org.testng.SuiteRunner.runTest(SuiteRunner.java:301)<br />
              org.testng.SuiteRunner.runSequentially(SuiteRunner.java:296)<br />
              org.testng.SuiteRunner.privateRun(SuiteRunner.java:276)<br />
              org.testng.SuiteRunner.run(SuiteRunner.java:191)<br />
              org.testng.TestNG.createAndRunSuiteRunners(TestNG.java:808)<br />
              org.testng.TestNG.runSuitesLocally(TestNG.java:776)<br />
              org.testng.TestNG.run(TestNG.java:701)<br />
              org.apache.maven.surefire.testng.TestNGExecutor.run(TestNGExecutor.java:74)<br />
              org.apache.maven.surefire.testng.TestNGXmlTestSuite.execute(TestNGXmlTestSuite.java:92)<br />
              org.apache.maven.surefire.Surefire.run(Surefire.java:180)<br />
              sun.reflect.NativeMethodAccessorImpl.invoke0(Native Method)<br />
              sun.reflect.NativeMethodAccessorImpl.invoke(NativeMethodAccessorImpl.java:57)<br />
              sun.reflect.DelegatingMethodAccessorImpl.invoke(DelegatingMethodAccessorImpl.java:43)<br />
              java.lang.reflect.Method.invoke(Method.java:606)<br />
              org.apache.maven.surefire.booter.SurefireBooter.runSuitesInProcess(SurefireBooter.java:350)<br />
              org.apache.maven.surefire.booter.SurefireBooter.main(SurefireBooter.java:1021)<br />
                    <b>Caused by: </b> <a href="javascript:toggleElement('exception-3', 'block')" title="Click to expand/collapse">org.openqa.selenium.NoSuchElementException: no such element<br/>
&nbsp; (Session info: chrome=37.0.2062.124)<br/>
&nbsp; (Driver info: chromedriver=2.8.241075,platform=Windows NT 6.3 x86_64) (WARNING: The server did not provide any stacktrace information)<br/>
Command duration or timeout: 21 milliseconds<br/>
For documentation on this error, please visit: http://seleniumhq.org/exceptions/no_such_element.html<br/>
Build info: version: &apos;2.39.0&apos;, revision: &apos;14fa800511cc5d66d426e08b0b2ab926c7ed7398&apos;, time: &apos;2013-12-16 13:18:38&apos;<br/>
System info: host: &apos;BRICAWL-9JDVVY1&apos;, ip: &apos;192.168.1.109&apos;, os.name: &apos;Windows 8&apos;, os.arch: &apos;amd64&apos;, os.version: &apos;6.2&apos;, java.version: &apos;1.7.0_51&apos;<br/>
Session ID: 772ded219f5b55b2c57e19ac47f81415<br/>
Driver info: org.openqa.selenium.chrome.ChromeDriver<br/>
Capabilities [{platform=WIN8, acceptSslCerts=true, javascriptEnabled=true, browserName=chrome, chrome={userDataDir=C:\Users\ubasaja\AppData\Local\Temp\scoped_dir11580_12000}, rotatable=false, locationContextEnabled=true, version=37.0.2062.124, takesHeapSnapshot=true, cssSelectorsEnabled=true, databaseEnabled=false, handlesAlerts=true, browserConnectionEnabled=false, nativeEvents=true, webStorageEnabled=true, applicationCacheEnabled=false, takesScreenshot=true}]</a><br />
        <div class="stackTrace" id="exception-3">
                      sun.reflect.GeneratedConstructorAccessor16.newInstance(Unknown Source)<br />
                      sun.reflect.DelegatingConstructorAccessorImpl.newInstance(DelegatingConstructorAccessorImpl.java:45)<br />
                      java.lang.reflect.Constructor.newInstance(Constructor.java:526)<br />
                      org.openqa.selenium.remote.ErrorHandler.createThrowable(ErrorHandler.java:193)<br />
                      org.openqa.selenium.remote.ErrorHandler.throwIfResponseFailed(ErrorHandler.java:145)<br />
                      org.openqa.selenium.remote.RemoteWebDriver.execute(RemoteWebDriver.java:554)<br />
                      org.openqa.selenium.remote.RemoteWebDriver.findElement(RemoteWebDriver.java:307)<br />
                      org.openqa.selenium.remote.RemoteWebDriver.findElementById(RemoteWebDriver.java:348)<br />
                      org.openqa.selenium.By$ById.findElement(By.java:220)<br />
                      org.openqa.selenium.remote.RemoteWebDriver.findElement(RemoteWebDriver.java:299)<br />
                      org.openqa.selenium.support.ui.ExpectedConditions.findElement(ExpectedConditions.java:730)<br />
                      org.openqa.selenium.support.ui.ExpectedConditions.access$000(ExpectedConditions.java:39)<br />
                      org.openqa.selenium.support.ui.ExpectedConditions$3.apply(ExpectedConditions.java:106)<br />
                      org.openqa.selenium.support.ui.ExpectedConditions$3.apply(ExpectedConditions.java:103)<br />
                      org.openqa.selenium.support.ui.FluentWait.until(FluentWait.java:208)<br />
                      com.pearson.piltg.ngmelII.util.UtilityCommon.waitForElementPresent(UtilityCommon.java:193)<br />
                      com.pearson.piltg.ngmelII.message.page.MessageCommon.createMessage(MessageCommon.java:108)<br />
                      com.pearson.piltg.ngmelII.RegressionNMELIII.DeleteMessage.teacherDelete(DeleteMessage.java:34)<br />
                      sun.reflect.NativeMethodAccessorImpl.invoke0(Native Method)<br />
                      sun.reflect.NativeMethodAccessorImpl.invoke(NativeMethodAccessorImpl.java:57)<br />
                      sun.reflect.DelegatingMethodAccessorImpl.invoke(DelegatingMethodAccessorImpl.java:43)<br />
                      java.lang.reflect.Method.invoke(Method.java:606)<br />
                      org.testng.internal.MethodHelper.invokeMethod(MethodHelper.java:580)<br />
                      org.testng.internal.Invoker.invokeMethod(Invoker.java:478)<br />
                      org.testng.internal.Invoker.invokeTestMethod(Invoker.java:607)<br />
                      org.testng.internal.Invoker.invokeTestMethods(Invoker.java:874)<br />
                      org.testng.internal.TestMethodWorker.invokeTestMethods(TestMethodWorker.java:125)<br />
                      org.testng.internal.TestMethodWorker.run(TestMethodWorker.java:109)<br />
                      org.testng.TestRunner.runWorkers(TestRunner.java:689)<br />
                      org.testng.TestRunner.privateRun(TestRunner.java:566)<br />
                      org.testng.TestRunner.run(TestRunner.java:466)<br />
                      org.testng.SuiteRunner.runTest(SuiteRunner.java:301)<br />
                      org.testng.SuiteRunner.runSequentially(SuiteRunner.java:296)<br />
                      org.testng.SuiteRunner.privateRun(SuiteRunner.java:276)<br />
                      org.testng.SuiteRunner.run(SuiteRunner.java:191)<br />
                      org.testng.TestNG.createAndRunSuiteRunners(TestNG.java:808)<br />
                      org.testng.TestNG.runSuitesLocally(TestNG.java:776)<br />
                      org.testng.TestNG.run(TestNG.java:701)<br />
                      org.apache.maven.surefire.testng.TestNGExecutor.run(TestNGExecutor.java:74)<br />
                      org.apache.maven.surefire.testng.TestNGXmlTestSuite.execute(TestNGXmlTestSuite.java:92)<br />
                      org.apache.maven.surefire.Surefire.run(Surefire.java:180)<br />
                      sun.reflect.NativeMethodAccessorImpl.invoke0(Native Method)<br />
                      sun.reflect.NativeMethodAccessorImpl.invoke(NativeMethodAccessorImpl.java:57)<br />
                      sun.reflect.DelegatingMethodAccessorImpl.invoke(DelegatingMethodAccessorImpl.java:43)<br />
                      java.lang.reflect.Method.invoke(Method.java:606)<br />
                      org.apache.maven.surefire.booter.SurefireBooter.runSuitesInProcess(SurefireBooter.java:350)<br />
                      org.apache.maven.surefire.booter.SurefireBooter.main(SurefireBooter.java:1021)<br />
                  </div>
          </div>
      </td>
</tr>
      </table>


  <table class="resultsTable">
    <tr><th colspan="3" class="header passed">Passed Tests</th></tr>
          <tr>
        <td colspan="3" class="group">com.pearson.piltg.ngmelII.RegressionNMELIII.AssignAndUpdate_ActivitiesCycle</td>
      </tr>
            
<tr>
  <td class="method">
                  assignActivityBasicMode
      </td>
  <td class="duration">
    55.424s
  </td>
  <td class="result">
        
    
            <div class="testOutput">
                        Test method: NEWNGMEL_336_2,NEWNGMEL_336_3,NEWNGMEL_336_4,NEWNGMEL_336_5.
                                <br> <font color=red>Home tab is NOT loaded correctly; current tab is [Calendar]</font>
                                The Home tab did not load appropriatly.
                                Current Tab selected isSETTINGS
                                <br> PERSONAL PROFILE tab is loaded correctly
                                Teacher is now in Basic mode
                                <br><b><font color='red'> Test Case NEWNGMEL_336_3 Fail</b><br>
                  </div>
    

      </td>
</tr>
<tr>
  <td class="method">
                  <span class="description" title="NEWNGMEL_113_3">assignAssignmentDefaultSettingExpertMode</span>
      </td>
  <td class="duration">
    107.963s
  </td>
  <td class="result">
        
    
            <div class="testOutput">
                        Test method: NEWNGMEL_113_3
                                <br> <font color=red>Home tab is NOT loaded correctly; current tab is [Calendar]</font>
                                The Home tab did not load appropriatly.
                                Current Tab selected isSETTINGS
                                <br> PERSONAL PROFILE tab is loaded correctly
                                Teacher is in Expert mode
                                <br> Course Management tab is loaded correctly
                                <br> Course Management tab is loaded correctly
                                Loaded TabCOURSE SETTINGS
                                Default value for score to gradebookUnlimited
                                Default value for score to gradebookUnlimited
                                Default value for score to gradebook1
                                <br><b><font color='red'> Test Case NEWNGMEL_1873_1 Fail</b><br>
                                Error In the Page
                                Student_20141003105526logged out
                  </div>
    

      </td>
</tr>
<tr>
  <td class="method">
                  <span class="description" title="NEWNGMEL_113_1,NEWNGMEL_113_2,NEWNGMEL_113_3,NEWNGMEL_113_5,NEWNGMEL_1873_1,NEWNGMEL-2037_11,NEWNGMEL-2037_12">assignAssignmentExpertMode</span>
      </td>
  <td class="duration">
    114.871s
  </td>
  <td class="result">
        
    
            <div class="testOutput">
                        Test method: NEWNGMEL_113_1,NEWNGMEL_113_2,NEWNGMEL_113_3,NEWNGMEL_113_5,NEWNGMEL_113_6,NEWNGMEL_1873_1,NEWNGMEL-2037_11,NEWNGMEL-2037_12
                                <br> <font color=red>Home tab is NOT loaded correctly; current tab is [Calendar]</font>
                                The Home tab did not load appropriatly.
                                Current Tab selected isSETTINGS
                                <br> PERSONAL PROFILE tab is loaded correctly
                                Teacher is in Expert mode
                                <br> Course Management tab is loaded correctly
                                <br> Course Management tab is loaded correctly
                                Loaded TabCOURSE SETTINGS
                                 new vaule selected is4
                                 new vaule selected is4
                                X
The updated course settings have been saved
                                <br><b><font color='green'>Test Case NEWNGMEL_1873_1 Pass</b><br>
                                Teacher_20141003104801 logged out
                  </div>
    

      </td>
</tr>
<tr>
  <td class="method">
                  assignTestBasicModeDueDateTimer
      </td>
  <td class="duration">
    54.777s
  </td>
  <td class="result">
        
    
            <div class="testOutput">
                        Test method: NEWNGMEL_336_7,NEWNGMEL_336_9,NEWNGMEL_336_10,NEWNGMEL_336_12,Toc-Student NEWNGMEL-2269_1
                                <br> <font color=red>Home tab is NOT loaded correctly; current tab is [Calendar]</font>
                                The Home tab did not load appropriatly.
                                Current Tab selected isSETTINGS
                                <br> PERSONAL PROFILE tab is loaded correctly
                                Teacher is now in Basic mode
                                <br><b><font color='red'> Test Case NEWNGMEL_336_7 Fail</b><br>
                                <br><b><font color='red'> Test Case NEWNGMEL_336_12 Fail</b><br>
                  </div>
    

      </td>
</tr>
<tr>
  <td class="method">
                  <span class="description" title="NEWNGMEL-2037_10">sendAssignmentPageVerificationForCourseEndDateGreaterExpertMode</span>
      </td>
  <td class="duration">
    52.903s
  </td>
  <td class="result">
        
    
            <div class="testOutput">
                        Test method: NEWNGMEL-2037_10.
                                <br> <font color=red>Home tab is NOT loaded correctly; current tab is [Calendar]</font>
                                The Home tab did not load appropriately.
                                Current Tab selected isSETTINGS
                                <br> PERSONAL PROFILE tab is loaded correctly
                                Teacher is now in Expert mode
                  </div>
    

      </td>
</tr>
<tr>
  <td class="method">
                  <span class="description" title="NEWNGMEL_113_6">studentAttemptAssignAssignmentExpertMode</span>
      </td>
  <td class="duration">
    276.289s
  </td>
  <td class="result">
        
    
            <div class="testOutput">
                        Test method: NEWNGMEL_113_6
                                <br> <font color=red>Home tab is NOT loaded correctly; current tab is [Calendar]</font>
                                The Home tab did not load appropriately.
                                View more button is disable
                  </div>
    

      </td>
</tr>
<tr>
  <td class="method">
                  <span class="description" title="NEWNGMEL_1873_2,NEWNGMEL_1873_3">studentsAttemptsPractiseActivity</span>
      </td>
  <td class="duration">
    50.474s
  </td>
  <td class="result">
        
    
            <div class="testOutput">
                        Test method: NEWNGMEL_1873_2,NEWNGMEL_1873_3
                                Current Tab selected isSETTINGS
                                <br> PERSONAL PROFILE tab is loaded correctly
                                Teacher is now in Expert mode
                  </div>
    

      </td>
</tr>
          <tr>
        <td colspan="3" class="group">com.pearson.piltg.ngmelII.RegressionNMELIII.HomepageTabEnhancements</td>
      </tr>
            
<tr>
  <td class="method">
                  <span class="description" title="NEWNGMEL-2475_17">recentActivityEnhancementsStudent</span>
      </td>
  <td class="duration">
    192.566s
  </td>
  <td class="result">
        
    
            <div class="testOutput">
                        <br><b>Test method: NEWNGMEL-2475_17</b></br>
                                Current Tab selected isCOURSE
                                Selected a Course Options
                                Tree Structure till unitSpeaking and listening
                                Toc Tree structure at sub-unitSpeaking - Opinions
                                Exercise 1is Assigned/Open
                                Selected All Students
                                Selected a Date
                                Clicked Assign button
                                X
The assignment has been successfully allocated to your student.
                                Teacher_1 logged out
                                <br><b><font color='green'>Test Case NEWNGMEL-2475_17 Pass</b><br>
                  </div>
    

      </td>
</tr>
<tr>
  <td class="method">
                  <span class="description" title="NEWNGMEL-2475_21">toDoAssignmentDisappearStudent</span>
      </td>
  <td class="duration">
    413.104s
  </td>
  <td class="result">
        
    
            <div class="testOutput">
                        <br><b>Test method: NEWNGMEL-2475_21</b></br>
                                Current Tab selected isCOURSE
                                Selected a Course Options
                                Tree Structure till unitPronunciation practice
                                Toc Tree structure at sub-unitSchwa /?/
                                Exercise 1is Assign again
                                Selected All Students
                                Selected a Date
                                Clicked Assign button
                                X
The assignment has been successfully allocated to your student.
                                Teacher_1 logged out
                                <br><b>Mark link does not exists. Hence teacher is not able to see the number of assignments that have been submitted.</b></br>
                                <br><b><font color='red'> Test Case NEWNGMEL-2475_3 Fail</b><br>
                                <br><b><font color='red'> Test Case NEWNGMEL-2475_21 Fail</b><br>
                  </div>
    

      </td>
</tr>
<tr>
  <td class="method">
                  <span class="description" title="NEWNGMEL-2475_5,NEWNGMEL-126_1(Grading scenario)">toDoEnhancementsTeacher</span>
      </td>
  <td class="duration">
    339.272s
  </td>
  <td class="result">
        
    
            <div class="testOutput">
                        <br><b>Test method: NEWNGMEL-2475_5,NEWNGMEL-126_1(Grading scenario).</b></br>
                                Current Tab selected isCOURSE
                                Selected a Course Options
                                Tree Structure till unitPronunciation practice
                                Toc Tree structure at sub-unitIntonation in questions and answers
                                Exercise 1is Assigned/Open
                                Selected All Students
                                Selected a Date
                                Clicked Assign button
                                X
The assignment has been successfully allocated to your student.
                                Teacher_1 logged out
                                <br><b>Mark link exists. Hence teacher is able to see the number of assignments that have been submitted.</br>
                                Teacher is allowed to add textual comments along with the mark while grading the assignment. Grading test case.
                                <br><b><font color='green'>Test Case NEWNGMEL-126_1 Pass</b><br>
                                <br><b><font color='green'>Test Case NEWNGMEL-2475_5 Pass</b><br>
                  </div>
    

      </td>
</tr>
          <tr>
        <td colspan="3" class="group">com.pearson.piltg.ngmelII.RegressionNMELIII.ReplyMessage</td>
      </tr>
            
<tr>
  <td class="method">
                  <span class="description" title="NEWNGMEL-1681_1,NEWNGMEL-1681_2.">replyMessage</span>
      </td>
  <td class="duration">
    248.178s
  </td>
  <td class="result">
        
    
            <div class="testOutput">
                        <br>Test method: NEWNGMEL-1681_1,NEWNGMEL-1681_2.</br>
                                Current Tab selected isMessage
                                Current Tab selected isMessage
                                Recipients are added from contact list
                                Recipients are displayed in Recipients field.
                                Current Tab selected isMessage
                                Current Tab selected isMessage
                                <br>Teacher reply messageRe: Subject Test.168is displayed in student inbox.</br>
                                <br><b><font color='green'>Test Case NEWNGMEL-1681_1 Pass</b><br>
                                Current Tab selected isMessage
                                <br>Student reply messageRe: Subject Test.168is displayed in teacher inbox.</br>
                                <br><b><font color='green'>Test Case NEWNGMEL-1681_2 Pass</b><br>
                  </div>
    

      </td>
</tr>
      </table>
  
</body>
</html>
