<testng-results>
  <reporter-output>
    <line>
      <![CDATA[<br><b>Test method: NEWNGMEL_160_3, NEWNGMEL_160_4.</b></br>]]>
    </line>
    <line>
      <![CDATA[<br>The course is loaded.</br>]]>
    </line>
    <line>
      <![CDATA[<br><b>The student has access to the Teacher led courses.</b></br>]]>
    </line>
    <line>
      <![CDATA[<br><b><font color='green'>Test Case NEWNGMEL_160_3 Pass</b><br>]]>
    </line>
    <line>
      <![CDATA[Current Tab selected isHome]]>
    </line>
    <line>
      <![CDATA[Current Tab selected isCourse]]>
    </line>
    <line>
      <![CDATA[<br>The course is loaded.</br>]]>
    </line>
    <line>
      <![CDATA[<br><b>The student has access to the Teacher led courses.</b></br>]]>
    </line>
    <line>
      <![CDATA[<br><b><font color='green'>Test Case NEWNGMEL_160_4 Pass</b><br>]]>
    </line>
    <line>
      <![CDATA[<br><b>Test method: NEWNGMEL-2586_4, NEWNGMEL-2586_7.</b></br>]]>
    </line>
    <line>
      <![CDATA[Current Tab selected isCourse]]>
    </line>
    <line>
      <![CDATA[Tree Structure till unitPlay The Game!]]>
    </line>
    <line>
      <![CDATA[Toc Tree structure at sub-unitReading (2)]]>
    </line>
    <line>
      <![CDATA[Exercise 2is tried again]]>
    </line>
    <line>
      <![CDATA[<br>Wrong answer is displayed and Blank answers are displayed.</br>]]>
    </line>
    <line>
      <![CDATA[<br><b><font color='green'>Test Case NEWNGMEL-2586_4 Pass</b><br>]]>
    </line>
    <line>
      <![CDATA[<br><b><font color='green'>Test Case NEWNGMEL-2586_7 Pass</b><br>]]>
    </line>
    <line>
      <![CDATA[Current Tab selected isCOURSE]]>
    </line>
    <line>
      <![CDATA[Selected a Course Options]]>
    </line>
    <line>
      <![CDATA[Tree Structure till unitPlay The Game!]]>
    </line>
    <line>
      <![CDATA[Toc Tree structure at sub-unitGrammar - Present simple]]>
    </line>
    <line>
      <![CDATA[Exercise 1*is Assign again]]>
    </line>
    <line>
      <![CDATA[Selected All Students]]>
    </line>
    <line>
      <![CDATA[Selected a Date]]>
    </line>
    <line>
      <![CDATA[Clicked Assign button]]>
    </line>
    <line>
      <![CDATA[Teacher_1 logged out]]>
    </line>
    <line>
      <![CDATA[<br>View more button is disable]]>
    </line>
    <line>
      <![CDATA[exception occured]]>
    </line>
    <line>
      <![CDATA[<br><b>Test method: NEWNGMEL_168_5, NEWNGMEL_168_1, NEWNGMEL_168_2, NEWNGMEL_167_3, NEWNGMEL_168_6, NEWNGMEL-1741_1,NEWNGMEL-1741_2, NEWNGMEL_117_8.</b></br>]]>
    </line>
    <line>
      <![CDATA[Current Tab selected isCOURSE]]>
    </line>
    <line>
      <![CDATA[Selected a Course Options]]>
    </line>
    <line>
      <![CDATA[Tree Structure till unitPlay The Game!]]>
    </line>
    <line>
      <![CDATA[Toc Tree structure at sub-unitReading (2)]]>
    </line>
    <line>
      <![CDATA[Exercise 2is Assigned/Open]]>
    </line>
    <line>
      <![CDATA[Selected All Students]]>
    </line>
    <line>
      <![CDATA[Selected a Date]]>
    </line>
    <line>
      <![CDATA[Clicked Assign button]]>
    </line>
    <line>
      <![CDATA[X
The assignment has been successfully allocated to your student.]]>
    </line>
    <line>
      <![CDATA[Teacher_1 logged out]]>
    </line>
    <line>
      <![CDATA[Current Tab selected isHome]]>
    </line>
    <line>
      <![CDATA[The selected tab [To Do List] is not a valid tab. The valid tabs are [Home, Course, Gradebook, Message, Settings]]]>
    </line>
    <line>
      <![CDATA[<br><b>Assignments exists on the page..</b></br>]]>
    </line>
    <line>
      <![CDATA[<br><b><font color='green'>Test Case NEWNGMEL_168_1 Pass</b><br>]]>
    </line>
    <line>
      <![CDATA[<br>Immediate activities appear as per due date]]>
    </line>
    <line>
      <![CDATA[<br>Immediate activities appear as per due date]]>
    </line>
    <line>
      <![CDATA[<br>Immediate activities appear as per due date]]>
    </line>
    <line>
      <![CDATA[<br><b><font color='green'>Test Case NEWNGMEL_168_5 Pass</b><br>]]>
    </line>
    <line>
      <![CDATA[<br><b><font color='green'>Test Case NEWNGMEL-1741_1 Pass</b><br>]]>
    </line>
    <line>
      <![CDATA[<br><b>Due date is greater than or equal to current date.Hence due date has not passed.</b></br>]]>
    </line>
    <line>
      <![CDATA[<br><b>Due date is greater than or equal to current date.Hence due date has not passed.</b></br>]]>
    </line>
    <line>
      <![CDATA[<br><b>Due date is greater than or equal to current date.Hence due date has not passed.</b></br>]]>
    </line>
    <line>
      <![CDATA[The list in To Do tab is expanded and all the assignments are displayed.]]>
    </line>
    <line>
      <![CDATA[<br><b><font color='green'>Test Case NEWNGMEL_168_2 Pass</b><br>]]>
    </line>
    <line>
      <![CDATA[UNIT 1, Play The Game!, Reading (2), Exercise 2 found.]]>
    </line>
    <line>
      <![CDATA[<br><b><font color='green'>Test Case NEWNGMEL_167_3 Pass</b><br>]]>
    </line>
    <line>
      <![CDATA[<br>Student was able to click the open link to launch the activity.</br>]]>
    </line>
    <line>
      <![CDATA[<br><b><font color='green'>Test Case NEWNGMEL_168_6 Pass</b><br>]]>
    </line>
    <line>
      <![CDATA[<br><b>The assignmentUNIT 1, Play The Game!, Reading (2), Exercise 2still exits on the ToDo list.</b></br>]]>
    </line>
    <line>
      <![CDATA[<br><b><font color='green'>Test Case NEWNGMEL-1741_2 Pass</b><br>]]>
    </line>
    <line>
      <![CDATA[View more button is disable]]>
    </line>
    <line>
      <![CDATA[<br><b>Assignment UNIT 1, Play The Game!, Reading (2), Exercise 2is deleted.</b></br>]]>
    </line>
    <line>
      <![CDATA[<br><b><font color='green'>Test Case NEWNGMEL_117_8 Pass</b><br>]]>
    </line>
    <line>
      <![CDATA[View more button is disable]]>
    </line>
    <line>
      <![CDATA[<br><b>Test method: NEWNGMEL-2586_3, NEWNGMEL-2586_6, NEWNGMEL-2586_9.</b></br>]]>
    </line>
    <line>
      <![CDATA[Current Tab selected isCOURSE]]>
    </line>
    <line>
      <![CDATA[Selected a Course Options]]>
    </line>
    <line>
      <![CDATA[Tree Structure till unitPlay The Game!]]>
    </line>
    <line>
      <![CDATA[Toc Tree structure at sub-unitReading (2)]]>
    </line>
    <line>
      <![CDATA[Exercise 2is Assigned/Open]]>
    </line>
    <line>
      <![CDATA[Selected All Students]]>
    </line>
    <line>
      <![CDATA[Selected a Date]]>
    </line>
    <line>
      <![CDATA[Clicked Assign button]]>
    </line>
    <line>
      <![CDATA[X
The assignment has been successfully allocated to your student.]]>
    </line>
    <line>
      <![CDATA[Teacher_1 logged out]]>
    </line>
    <line>
      <![CDATA[The selected tab [To Do List] is not a valid tab. The valid tabs are [Home, Course, Gradebook, Message, Settings]]]>
    </line>
    <line>
      <![CDATA[<br><b>Wrong answer is displayed and Blank answers are displayed.</b></br>]]>
    </line>
    <line>
      <![CDATA[<br><b><font color='green'>Test Case NEWNGMEL-2586_3 Pass</b><br>]]>
    </line>
    <line>
      <![CDATA[<br><b><font color='green'>Test Case NEWNGMEL-2586_6 Pass</b><br>]]>
    </line>
    <line>
      <![CDATA[<br><b>Previuos incorrect and blank fields are displayed blank.]]>
    </line>
    <line>
      <![CDATA[<br><b><font color='green'>Test Case NEWNGMEL-2586_9 Pass</b><br>]]>
    </line>
  </reporter-output>
  <suite name="NMEL-3 Regression Suite">
    <groups>
      <group name="regression">
        <method signature="com.pearson.piltg.ngmelII.RegressionNMELIII.HomePage_Student_ToDoList.selfStudy()" name="selfStudy" class="com.pearson.piltg.ngmelII.RegressionNMELIII.HomePage_Student_ToDoList"/>
        <method signature="com.pearson.piltg.ngmelII.RegressionNMELIII.HomePage_Student_ToDoList.verifyBlankAndIncorrectForPractise()" name="verifyBlankAndIncorrectForPractise" class="com.pearson.piltg.ngmelII.RegressionNMELIII.HomePage_Student_ToDoList"/>
        <method signature="com.pearson.piltg.ngmelII.RegressionNMELIII.Hompage_RecentActivity.filterActivitesTeacher()" name="filterActivitesTeacher" class="com.pearson.piltg.ngmelII.RegressionNMELIII.Hompage_RecentActivity"/>
        <method signature="com.pearson.piltg.ngmelII.RegressionNMELIII.HomePage_Student_ToDoList.verifyAndAttemptActivity()" name="verifyAndAttemptActivity" class="com.pearson.piltg.ngmelII.RegressionNMELIII.HomePage_Student_ToDoList"/>
        <method signature="com.pearson.piltg.ngmelII.RegressionNMELIII.HomePage_Student_ToDoList.verifyBlankAndIncorrectForAutograded()" name="verifyBlankAndIncorrectForAutograded" class="com.pearson.piltg.ngmelII.RegressionNMELIII.HomePage_Student_ToDoList"/>
        <method signature="com.pearson.piltg.ngmelII.RegressionNMELIII.Hompage_RecentActivity.filterActivitesStudent()" name="filterActivitesStudent" class="com.pearson.piltg.ngmelII.RegressionNMELIII.Hompage_RecentActivity"/>
        <method signature="com.pearson.piltg.ngmelII.RegressionNMELIII.Hompage_RecentActivity.recentActivityTest()" name="recentActivityTest" class="com.pearson.piltg.ngmelII.RegressionNMELIII.Hompage_RecentActivity"/>
      </group>
    </groups>
    <test name="Regression Tests 1">
      <class name="com.pearson.piltg.ngmelII.RegressionNMELIII.Hompage_RecentActivity">
        <test-method status="SKIP" signature="recentActivityTest()" name="recentActivityTest" duration-ms="1" started-at="2014-10-03T15:37:02Z" description="NEWNGMEL_117_4, NEWNGMEL_117_3, NEWNGMEL-2039_11, NEWNGMEL_117_6." depends-on-methods="com.pearson.piltg.ngmelII.RegressionNMELIII.Hompage_RecentActivity.filterActivitesStudent" finished-at="2014-10-03T15:37:02Z">
        </test-method>
        <test-method status="PASS" signature="filterActivitesTeacher()" name="filterActivitesTeacher" duration-ms="95157" started-at="2014-10-03T15:22:56Z" description="NEWNGMEL-38_8, NEWNGMEL-38_12, NEWNGMEL-38_9, NEWNGMEL-38_10, NEWNGMEL-38_11." depends-on-methods="com.pearson.piltg.ngmelII.RegressionNMELIII.Hompage_RecentActivity.preCondition" finished-at="2014-10-03T15:24:31Z">
        </test-method>
        <test-method status="PASS" signature="setUp()" name="setUp" is-config="true" duration-ms="7027" started-at="2014-10-03T15:17:53Z" finished-at="2014-10-03T15:18:00Z">
        </test-method>
        <test-method status="FAIL" signature="tearDown()" name="tearDown" is-config="true" duration-ms="0" started-at="2014-10-03T15:37:02Z" finished-at="2014-10-03T15:37:02Z">
          <exception class="org.openqa.selenium.remote.SessionNotFoundException">
            <message>
              <![CDATA[Session ID is null
Build info: version: '2.39.0', revision: '14fa800511cc5d66d426e08b0b2ab926c7ed7398', time: '2013-12-16 13:18:38'
System info: host: 'BRICAWL-9JDVVY1', ip: '10.105.226.68', os.name: 'Windows 8', os.arch: 'amd64', os.version: '6.2', java.version: '1.7.0_51'
Driver info: driver.version: RemoteWebDriver]]>
            </message>
            <full-stacktrace>
              <![CDATA[org.openqa.selenium.remote.SessionNotFoundException: Session ID is null
Build info: version: '2.39.0', revision: '14fa800511cc5d66d426e08b0b2ab926c7ed7398', time: '2013-12-16 13:18:38'
System info: host: 'BRICAWL-9JDVVY1', ip: '10.105.226.68', os.name: 'Windows 8', os.arch: 'amd64', os.version: '6.2', java.version: '1.7.0_51'
Driver info: driver.version: RemoteWebDriver
	at org.openqa.selenium.remote.HttpCommandExecutor.execute(HttpCommandExecutor.java:276)
	at org.openqa.selenium.remote.service.DriverCommandExecutor.execute(DriverCommandExecutor.java:66)
	at org.openqa.selenium.remote.RemoteWebDriver.execute(RemoteWebDriver.java:527)
	at org.openqa.selenium.remote.RemoteWebDriver.execute(RemoteWebDriver.java:569)
	at org.openqa.selenium.remote.RemoteWebDriver.close(RemoteWebDriver.java:418)
	at com.pearson.piltg.ngmelII.RegressionNMELIII.Hompage_RecentActivity.tearDown(Hompage_RecentActivity.java:485)
	at sun.reflect.NativeMethodAccessorImpl.invoke0(Native Method)
	at sun.reflect.NativeMethodAccessorImpl.invoke(NativeMethodAccessorImpl.java:57)
	at sun.reflect.DelegatingMethodAccessorImpl.invoke(DelegatingMethodAccessorImpl.java:43)
	at java.lang.reflect.Method.invoke(Method.java:606)
	at org.testng.internal.MethodHelper.invokeMethod(MethodHelper.java:580)
	at org.testng.internal.Invoker.invokeConfigurationMethod(Invoker.java:398)
	at org.testng.internal.Invoker.invokeConfigurations(Invoker.java:145)
	at org.testng.internal.Invoker.invokeConfigurations(Invoker.java:82)
	at org.testng.internal.TestMethodWorker.invokeAfterClassMethods(TestMethodWorker.java:209)
	at org.testng.internal.TestMethodWorker.run(TestMethodWorker.java:112)
	at org.testng.TestRunner.runWorkers(TestRunner.java:689)
	at org.testng.TestRunner.privateRun(TestRunner.java:566)
	at org.testng.TestRunner.run(TestRunner.java:466)
	at org.testng.SuiteRunner.runTest(SuiteRunner.java:301)
	at org.testng.SuiteRunner.runSequentially(SuiteRunner.java:296)
	at org.testng.SuiteRunner.privateRun(SuiteRunner.java:276)
	at org.testng.SuiteRunner.run(SuiteRunner.java:191)
	at org.testng.TestNG.createAndRunSuiteRunners(TestNG.java:808)
	at org.testng.TestNG.runSuitesLocally(TestNG.java:776)
	at org.testng.TestNG.run(TestNG.java:701)
	at org.apache.maven.surefire.testng.TestNGExecutor.run(TestNGExecutor.java:74)
	at org.apache.maven.surefire.testng.TestNGXmlTestSuite.execute(TestNGXmlTestSuite.java:92)
	at org.apache.maven.surefire.Surefire.run(Surefire.java:180)
	at sun.reflect.NativeMethodAccessorImpl.invoke0(Native Method)
	at sun.reflect.NativeMethodAccessorImpl.invoke(NativeMethodAccessorImpl.java:57)
	at sun.reflect.DelegatingMethodAccessorImpl.invoke(DelegatingMethodAccessorImpl.java:43)
	at java.lang.reflect.Method.invoke(Method.java:606)
	at org.apache.maven.surefire.booter.SurefireBooter.runSuitesInProcess(SurefireBooter.java:350)
	at org.apache.maven.surefire.booter.SurefireBooter.main(SurefireBooter.java:1021)
]]>
            </full-stacktrace>
          </exception>
        </test-method>
        <test-method status="FAIL" signature="filterActivitesStudent()" name="filterActivitesStudent" duration-ms="1" started-at="2014-10-03T15:37:02Z" description="NEWNGMEL-37_8, NEWNGMEL-37_12, NEWNGMEL-37_9, NEWNGMEL-37_10, NEWNGMEL-37_11." depends-on-methods="com.pearson.piltg.ngmelII.RegressionNMELIII.Hompage_RecentActivity.filterActivitesTeacher" finished-at="2014-10-03T15:37:02Z">
          <exception class="org.openqa.selenium.remote.SessionNotFoundException">
            <message>
              <![CDATA[Session ID is null
Build info: version: '2.39.0', revision: '14fa800511cc5d66d426e08b0b2ab926c7ed7398', time: '2013-12-16 13:18:38'
System info: host: 'BRICAWL-9JDVVY1', ip: '10.105.226.68', os.name: 'Windows 8', os.arch: 'amd64', os.version: '6.2', java.version: '1.7.0_51'
Driver info: driver.version: RemoteWebDriver]]>
            </message>
            <full-stacktrace>
              <![CDATA[org.openqa.selenium.remote.SessionNotFoundException: Session ID is null
Build info: version: '2.39.0', revision: '14fa800511cc5d66d426e08b0b2ab926c7ed7398', time: '2013-12-16 13:18:38'
System info: host: 'BRICAWL-9JDVVY1', ip: '10.105.226.68', os.name: 'Windows 8', os.arch: 'amd64', os.version: '6.2', java.version: '1.7.0_51'
Driver info: driver.version: RemoteWebDriver
	at org.openqa.selenium.remote.HttpCommandExecutor.execute(HttpCommandExecutor.java:276)
	at org.openqa.selenium.remote.service.DriverCommandExecutor.execute(DriverCommandExecutor.java:66)
	at org.openqa.selenium.remote.RemoteWebDriver.execute(RemoteWebDriver.java:527)
	at org.openqa.selenium.remote.RemoteWebDriver.get(RemoteWebDriver.java:276)
	at org.openqa.selenium.remote.RemoteWebDriver$RemoteNavigation.to(RemoteWebDriver.java:800)
	at com.pearson.piltg.ngmelII.common.Common.loginToPlatform(Common.java:73)
	at com.pearson.piltg.ngmelII.RegressionNMELIII.Hompage_RecentActivity.filterActivitesStudent(Hompage_RecentActivity.java:345)
	at sun.reflect.NativeMethodAccessorImpl.invoke0(Native Method)
	at sun.reflect.NativeMethodAccessorImpl.invoke(NativeMethodAccessorImpl.java:57)
	at sun.reflect.DelegatingMethodAccessorImpl.invoke(DelegatingMethodAccessorImpl.java:43)
	at java.lang.reflect.Method.invoke(Method.java:606)
	at org.testng.internal.MethodHelper.invokeMethod(MethodHelper.java:580)
	at org.testng.internal.Invoker.invokeMethod(Invoker.java:478)
	at org.testng.internal.Invoker.invokeTestMethod(Invoker.java:607)
	at org.testng.internal.Invoker.invokeTestMethods(Invoker.java:874)
	at org.testng.internal.TestMethodWorker.invokeTestMethods(TestMethodWorker.java:125)
	at org.testng.internal.TestMethodWorker.run(TestMethodWorker.java:109)
	at org.testng.TestRunner.runWorkers(TestRunner.java:689)
	at org.testng.TestRunner.privateRun(TestRunner.java:566)
	at org.testng.TestRunner.run(TestRunner.java:466)
	at org.testng.SuiteRunner.runTest(SuiteRunner.java:301)
	at org.testng.SuiteRunner.runSequentially(SuiteRunner.java:296)
	at org.testng.SuiteRunner.privateRun(SuiteRunner.java:276)
	at org.testng.SuiteRunner.run(SuiteRunner.java:191)
	at org.testng.TestNG.createAndRunSuiteRunners(TestNG.java:808)
	at org.testng.TestNG.runSuitesLocally(TestNG.java:776)
	at org.testng.TestNG.run(TestNG.java:701)
	at org.apache.maven.surefire.testng.TestNGExecutor.run(TestNGExecutor.java:74)
	at org.apache.maven.surefire.testng.TestNGXmlTestSuite.execute(TestNGXmlTestSuite.java:92)
	at org.apache.maven.surefire.Surefire.run(Surefire.java:180)
	at sun.reflect.NativeMethodAccessorImpl.invoke0(Native Method)
	at sun.reflect.NativeMethodAccessorImpl.invoke(NativeMethodAccessorImpl.java:57)
	at sun.reflect.DelegatingMethodAccessorImpl.invoke(DelegatingMethodAccessorImpl.java:43)
	at java.lang.reflect.Method.invoke(Method.java:606)
	at org.apache.maven.surefire.booter.SurefireBooter.runSuitesInProcess(SurefireBooter.java:350)
	at org.apache.maven.surefire.booter.SurefireBooter.main(SurefireBooter.java:1021)
]]>
            </full-stacktrace>
          </exception>
        </test-method>
        <test-method status="PASS" signature="preCondition()" name="preCondition" duration-ms="295803" started-at="2014-10-03T15:18:00Z" finished-at="2014-10-03T15:22:56Z">
        </test-method>
      </class>
      <class name="com.pearson.piltg.ngmelII.RegressionNMELIII.HomePage_Student_ToDoList">
        <test-method status="PASS" signature="tearDown()" name="tearDown" is-config="true" duration-ms="1321" started-at="2014-10-03T15:37:01Z" finished-at="2014-10-03T15:37:02Z">
        </test-method>
        <test-method status="PASS" signature="setUp()" name="setUp" is-config="true" duration-ms="7774" started-at="2014-10-03T15:13:26Z" finished-at="2014-10-03T15:13:33Z">
        </test-method>
        <test-method status="PASS" signature="verifyBlankAndIncorrectForPractise()" name="verifyBlankAndIncorrectForPractise" duration-ms="140126" started-at="2014-10-03T15:15:33Z" description="NEWNGMEL-2586_4, NEWNGMEL-2586_7." depends-on-methods="com.pearson.piltg.ngmelII.RegressionNMELIII.HomePage_Student_ToDoList.selfStudy" finished-at="2014-10-03T15:17:53Z">
        </test-method>
        <test-method status="PASS" signature="verifyAndAttemptActivity()" name="verifyAndAttemptActivity" duration-ms="439844" started-at="2014-10-03T15:24:31Z" description="NEWNGMEL_168_5, NEWNGMEL_168_1, NEWNGMEL_168_2, NEWNGMEL_167_3, NEWNGMEL_168_6, NEWNGMEL-1741_1, NEWNGMEL-4793_1, NEWNGMEL_117_8" depends-on-methods="com.pearson.piltg.ngmelII.RegressionNMELIII.HomePage_Student_ToDoList.verifyBlankAndIncorrectForPractise" finished-at="2014-10-03T15:31:51Z">
        </test-method>
        <test-method status="PASS" signature="selfStudy()" name="selfStudy" duration-ms="119619" started-at="2014-10-03T15:13:33Z" description="NEWNGMEL_160_3, NEWNGMEL_160_4.</br>" finished-at="2014-10-03T15:15:33Z">
        </test-method>
        <test-method status="PASS" signature="verifyBlankAndIncorrectForAutograded()" name="verifyBlankAndIncorrectForAutograded" duration-ms="309913" started-at="2014-10-03T15:31:51Z" description="NEWNGMEL-2586_3, NEWNGMEL-2586_6, NEWNGMEL-2586_9" depends-on-methods="com.pearson.piltg.ngmelII.RegressionNMELIII.HomePage_Student_ToDoList.verifyAndAttemptActivity" finished-at="2014-10-03T15:37:01Z">
        </test-method>
      </class>
    </test>
  </suite>
</testng-results>
