<html>
<head>
<title>TestNG:  Regression Tests 4</title>
<link href="../testng.css" rel="stylesheet" type="text/css" />
<link href="../my-testng.css" rel="stylesheet" type="text/css" />

<style type="text/css">
.log { display: none;} 
.stack-trace { display: none;} 
</style>
<script type="text/javascript">
<!--
function flip(e) {
  current = e.style.display;
  if (current == 'block') {
    e.style.display = 'none';
    return 0;
  }
  else {
    e.style.display = 'block';
    return 1;
  }
}

function toggleBox(szDivId, elem, msg1, msg2)
{
  var res = -1;  if (document.getElementById) {
    res = flip(document.getElementById(szDivId));
  }
  else if (document.all) {
    // this is the way old msie versions work
    res = flip(document.all[szDivId]);
  }
  if(elem) {
    if(res == 0) elem.innerHTML = msg1; else elem.innerHTML = msg2;
  }

}

function toggleAllBoxes() {
  if (document.getElementsByTagName) {
    d = document.getElementsByTagName('div');
    for (i = 0; i < d.length; i++) {
      if (d[i].className == 'log') {
        flip(d[i]);
      }
    }
  }
}

// -->
</script>

</head>
<body>
<h2 align='center'>Regression Tests 4</h2><table border='1' align="center">
<tr>
<td>Tests passed/Failed/Skipped:</td><td>0/7/6</td>
</tr><tr>
<td>Started on:</td><td>Thu Sep 25 15:16:02 PDT 2014</td>
</tr>
<tr><td>Total time:</td><td>1306 seconds (1306245 ms)</td>
</tr><tr>
<td>Included groups:</td><td></td>
</tr><tr>
<td>Excluded groups:</td><td></td>
</tr>
</table><p/>
<small><i>(Hover the method name to see the test class name)</i></small><p/>
<table width='100%' border='1' class='invocation-failed'>
<tr><td colspan='3' align='center'><b>FAILED TESTS</b></td></tr>
<tr><td><b>Test method</b></td>
<td width="10%"><b>Time (seconds)</b></td>
<td width="30%"><b>Exception</b></td>
</tr>
<tr>
<td title='com.pearson.piltg.ngmelII.RegressionNMELIII.GradeBook_Teacher_withP2.gradebook()'>gradebook<br/><b>NEWNGMEL-131_9, NEWNGMEL-131_3, NEWNGMEL-131_4, NEWNGMEL-131_5, NEWNGMEL-131_6, NEWNGMEL-131_7, NEWNGMEL-131_8.</b></td>
<td>121</td>
<td><div><pre>org.openqa.selenium.TimeoutException: Timed out after 120 seconds waiting for presence of element located by: By.id: username
Build info: version: '2.39.0', revision: '14fa800511cc5d66d426e08b0b2ab926c7ed7398', time: '2013-12-16 13:18:38'
System info: host: 'BRICAWL-9JDVVY1', ip: '192.168.1.17', os.name: 'Windows 8', os.arch: 'amd64', os.version: '6.2', java.version: '1.7.0_51'
Driver info: driver.version: unknown
	at org.openqa.selenium.support.ui.FluentWait.timeoutException(FluentWait.java:259)
	at org.openqa.selenium.support.ui.FluentWait.until(FluentWait.java:228)
	at com.pearson.piltg.ngmelII.util.UtilityCommon.waitForElementPresent(UtilityCommon.java:193)
	at com.pearson.piltg.ngmelII.common.Common.loginToPlatform(Common.java:72)
	at com.pearson.piltg.ngmelII.RegressionNMELIII.GradeBook_Teacher_withP2.gradebook(GradeBook_Teacher_withP2.java:115)
	at org.apache.maven.surefire.testng.TestNGExecutor.run(TestNGExecutor.java:74)
	at org.apache.maven.surefire.testng.TestNGXmlTestSuite.execute(TestNGXmlTestSuite.java:92)
	at org.apache.maven.surefire.Surefire.run(Surefire.java:180)
	at org.apache.maven.surefire.booter.SurefireBooter.runSuitesInProcess(SurefireBooter.java:350)
	at org.apache.maven.surefire.booter.SurefireBooter.main(SurefireBooter.java:1021)
Caused by: org.openqa.selenium.NoSuchElementException: no such element
  (Session info: chrome=37.0.2062.124)
  (Driver info: chromedriver=2.8.241075,platform=Windows NT 6.3 x86_64) (WARNING: The server did not provide any stacktrace information)
Command duration or timeout: 20 milliseconds
For documentation on this error, please visit: http://seleniumhq.org/exceptions/no_such_element.html
Build info: version: '2.39.0', revision: '14fa800511cc5d66d426e08b0b2ab926c7ed7398', time: '2013-12-16 13:18:38'
System info: host: 'BRICAWL-9JDVVY1', ip: '192.168.1.17', os.name: 'Windows 8', os.arch: 'amd64', os.version: '6.2', java.version: '1.7.0_51'
Session ID: d78c214c2902bbd7b4be66ed13e4f2e3
Driver info: org.openqa.selenium.chrome.ChromeDriver
Capabilities [{platform=WIN8, acceptSslCerts=true, javascriptEnabled=true, browserName=chrome, chrome={userDataDir=C:\Users\ubasaja\AppData\Local\Temp\scoped_dir6648_7487}, rotatable=false, locationContextEnabled=true, version=37.0.2062.124, takesHeapSnapshot=true, cssSelectorsEnabled=true, databaseEnabled=false, handlesAlerts=true, browserConnectionEnabled=false, nativeEvents=true, webStorageEnabled=true, applicationCacheEnabled=false, takesScreenshot=true}]
	at org.openqa.selenium.remote.ErrorHandler.createThrowable(ErrorHandler.java:193)
	at org.openqa.selenium.remote.ErrorHandler.throwIfResponseFailed(ErrorHandler.java:145)
	at org.openqa.selenium.remote.RemoteWebDriver.execute(RemoteWebDriver.java:554)
	at org.openqa.selenium.remote.RemoteWebDriver.findElement(RemoteWebDriver.java:307)
	at org.openqa.selenium.remote.RemoteWebDriver.findElementById(RemoteWebDriver.java:348)
	at org.openqa.selenium.By$ById.findElement(By.java:220)
	at org.openqa.selenium.remote.RemoteWebDriver.findElement(RemoteWebDriver.java:299)
	at org.openqa.selenium.support.ui.ExpectedConditions.findElement(ExpectedConditions.java:730)
	at org.openqa.selenium.support.ui.ExpectedConditions.access$000(ExpectedConditions.java:39)
	at org.openqa.selenium.support.ui.ExpectedConditions$3.apply(ExpectedConditions.java:106)
	at org.openqa.selenium.support.ui.ExpectedConditions$3.apply(ExpectedConditions.java:103)
	at org.openqa.selenium.support.ui.FluentWait.until(FluentWait.java:208)
	... 32 more
... Removed 27 stack frames</pre></div><a href='#' onClick='toggleBox("stack-trace373941710", this, "Click to show all stack frames", "Click to hide stack frames")'>Click to show all stack frames</a>
<div class='stack-trace' id='stack-trace373941710'><pre>org.openqa.selenium.TimeoutException: Timed out after 120 seconds waiting for presence of element located by: By.id: username
Build info: version: '2.39.0', revision: '14fa800511cc5d66d426e08b0b2ab926c7ed7398', time: '2013-12-16 13:18:38'
System info: host: 'BRICAWL-9JDVVY1', ip: '192.168.1.17', os.name: 'Windows 8', os.arch: 'amd64', os.version: '6.2', java.version: '1.7.0_51'
Driver info: driver.version: unknown
	at org.openqa.selenium.support.ui.FluentWait.timeoutException(FluentWait.java:259)
	at org.openqa.selenium.support.ui.FluentWait.until(FluentWait.java:228)
	at com.pearson.piltg.ngmelII.util.UtilityCommon.waitForElementPresent(UtilityCommon.java:193)
	at com.pearson.piltg.ngmelII.common.Common.loginToPlatform(Common.java:72)
	at com.pearson.piltg.ngmelII.RegressionNMELIII.GradeBook_Teacher_withP2.gradebook(GradeBook_Teacher_withP2.java:115)
	at sun.reflect.NativeMethodAccessorImpl.invoke0(Native Method)
	at sun.reflect.NativeMethodAccessorImpl.invoke(NativeMethodAccessorImpl.java:57)
	at sun.reflect.DelegatingMethodAccessorImpl.invoke(DelegatingMethodAccessorImpl.java:43)
	at java.lang.reflect.Method.invoke(Method.java:606)
	at org.testng.internal.MethodHelper.invokeMethod(MethodHelper.java:580)
	at org.testng.internal.Invoker.invokeMethod(Invoker.java:478)
	at org.testng.internal.Invoker.invokeTestMethod(Invoker.java:607)
	at org.testng.internal.Invoker.invokeTestMethods(Invoker.java:874)
	at org.testng.internal.TestMethodWorker.invokeTestMethods(TestMethodWorker.java:125)
	at org.testng.internal.TestMethodWorker.run(TestMethodWorker.java:109)
	at org.testng.TestRunner.runWorkers(TestRunner.java:689)
	at org.testng.TestRunner.privateRun(TestRunner.java:566)
	at org.testng.TestRunner.run(TestRunner.java:466)
	at org.testng.SuiteRunner.runTest(SuiteRunner.java:301)
	at org.testng.SuiteRunner.runSequentially(SuiteRunner.java:296)
	at org.testng.SuiteRunner.privateRun(SuiteRunner.java:276)
	at org.testng.SuiteRunner.run(SuiteRunner.java:191)
	at org.testng.TestNG.createAndRunSuiteRunners(TestNG.java:808)
	at org.testng.TestNG.runSuitesLocally(TestNG.java:776)
	at org.testng.TestNG.run(TestNG.java:701)
	at org.apache.maven.surefire.testng.TestNGExecutor.run(TestNGExecutor.java:74)
	at org.apache.maven.surefire.testng.TestNGXmlTestSuite.execute(TestNGXmlTestSuite.java:92)
	at org.apache.maven.surefire.Surefire.run(Surefire.java:180)
	at sun.reflect.NativeMethodAccessorImpl.invoke0(Native Method)
	at sun.reflect.NativeMethodAccessorImpl.invoke(NativeMethodAccessorImpl.java:57)
	at sun.reflect.DelegatingMethodAccessorImpl.invoke(DelegatingMethodAccessorImpl.java:43)
	at java.lang.reflect.Method.invoke(Method.java:606)
	at org.apache.maven.surefire.booter.SurefireBooter.runSuitesInProcess(SurefireBooter.java:350)
	at org.apache.maven.surefire.booter.SurefireBooter.main(SurefireBooter.java:1021)
Caused by: org.openqa.selenium.NoSuchElementException: no such element
  (Session info: chrome=37.0.2062.124)
  (Driver info: chromedriver=2.8.241075,platform=Windows NT 6.3 x86_64) (WARNING: The server did not provide any stacktrace information)
Command duration or timeout: 20 milliseconds
For documentation on this error, please visit: http://seleniumhq.org/exceptions/no_such_element.html
Build info: version: '2.39.0', revision: '14fa800511cc5d66d426e08b0b2ab926c7ed7398', time: '2013-12-16 13:18:38'
System info: host: 'BRICAWL-9JDVVY1', ip: '192.168.1.17', os.name: 'Windows 8', os.arch: 'amd64', os.version: '6.2', java.version: '1.7.0_51'
Session ID: d78c214c2902bbd7b4be66ed13e4f2e3
Driver info: org.openqa.selenium.chrome.ChromeDriver
Capabilities [{platform=WIN8, acceptSslCerts=true, javascriptEnabled=true, browserName=chrome, chrome={userDataDir=C:\Users\ubasaja\AppData\Local\Temp\scoped_dir6648_7487}, rotatable=false, locationContextEnabled=true, version=37.0.2062.124, takesHeapSnapshot=true, cssSelectorsEnabled=true, databaseEnabled=false, handlesAlerts=true, browserConnectionEnabled=false, nativeEvents=true, webStorageEnabled=true, applicationCacheEnabled=false, takesScreenshot=true}]
	at sun.reflect.GeneratedConstructorAccessor16.newInstance(Unknown Source)
	at sun.reflect.DelegatingConstructorAccessorImpl.newInstance(DelegatingConstructorAccessorImpl.java:45)
	at java.lang.reflect.Constructor.newInstance(Constructor.java:526)
	at org.openqa.selenium.remote.ErrorHandler.createThrowable(ErrorHandler.java:193)
	at org.openqa.selenium.remote.ErrorHandler.throwIfResponseFailed(ErrorHandler.java:145)
	at org.openqa.selenium.remote.RemoteWebDriver.execute(RemoteWebDriver.java:554)
	at org.openqa.selenium.remote.RemoteWebDriver.findElement(RemoteWebDriver.java:307)
	at org.openqa.selenium.remote.RemoteWebDriver.findElementById(RemoteWebDriver.java:348)
	at org.openqa.selenium.By$ById.findElement(By.java:220)
	at org.openqa.selenium.remote.RemoteWebDriver.findElement(RemoteWebDriver.java:299)
	at org.openqa.selenium.support.ui.ExpectedConditions.findElement(ExpectedConditions.java:730)
	at org.openqa.selenium.support.ui.ExpectedConditions.access$000(ExpectedConditions.java:39)
	at org.openqa.selenium.support.ui.ExpectedConditions$3.apply(ExpectedConditions.java:106)
	at org.openqa.selenium.support.ui.ExpectedConditions$3.apply(ExpectedConditions.java:103)
	at org.openqa.selenium.support.ui.FluentWait.until(FluentWait.java:208)
	... 32 more
</pre></div></td>
</tr>
<tr>
<td title='com.pearson.piltg.ngmelII.RegressionNMELIII.GradeBook_Teacher_withP2.gradebookAutoGradedPractice()'>gradebookAutoGradedPractice<br/><b>NEWNGMEL-139_3, NEWNGMEL-131_1, NEWNGMEL_961_10, NEWNGMEL-131_11, NEWNGMEL-131_12.</b></td>
<td>121</td>
<td><div><pre>org.openqa.selenium.TimeoutException: Timed out after 120 seconds waiting for presence of element located by: By.id: username
Build info: version: '2.39.0', revision: '14fa800511cc5d66d426e08b0b2ab926c7ed7398', time: '2013-12-16 13:18:38'
System info: host: 'BRICAWL-9JDVVY1', ip: '192.168.1.17', os.name: 'Windows 8', os.arch: 'amd64', os.version: '6.2', java.version: '1.7.0_51'
Driver info: driver.version: unknown
	at org.openqa.selenium.support.ui.FluentWait.timeoutException(FluentWait.java:259)
	at org.openqa.selenium.support.ui.FluentWait.until(FluentWait.java:228)
	at com.pearson.piltg.ngmelII.util.UtilityCommon.waitForElementPresent(UtilityCommon.java:193)
	at com.pearson.piltg.ngmelII.common.Common.loginToPlatform(Common.java:72)
	at com.pearson.piltg.ngmelII.RegressionNMELIII.GradeBook_Teacher_withP2.gradebookAutoGradedPractice(GradeBook_Teacher_withP2.java:235)
	at org.apache.maven.surefire.testng.TestNGExecutor.run(TestNGExecutor.java:74)
	at org.apache.maven.surefire.testng.TestNGXmlTestSuite.execute(TestNGXmlTestSuite.java:92)
	at org.apache.maven.surefire.Surefire.run(Surefire.java:180)
	at org.apache.maven.surefire.booter.SurefireBooter.runSuitesInProcess(SurefireBooter.java:350)
	at org.apache.maven.surefire.booter.SurefireBooter.main(SurefireBooter.java:1021)
Caused by: org.openqa.selenium.NoSuchElementException: no such element
  (Session info: chrome=37.0.2062.124)
  (Driver info: chromedriver=2.8.241075,platform=Windows NT 6.3 x86_64) (WARNING: The server did not provide any stacktrace information)
Command duration or timeout: 46 milliseconds
For documentation on this error, please visit: http://seleniumhq.org/exceptions/no_such_element.html
Build info: version: '2.39.0', revision: '14fa800511cc5d66d426e08b0b2ab926c7ed7398', time: '2013-12-16 13:18:38'
System info: host: 'BRICAWL-9JDVVY1', ip: '192.168.1.17', os.name: 'Windows 8', os.arch: 'amd64', os.version: '6.2', java.version: '1.7.0_51'
Session ID: d78c214c2902bbd7b4be66ed13e4f2e3
Driver info: org.openqa.selenium.chrome.ChromeDriver
Capabilities [{platform=WIN8, acceptSslCerts=true, javascriptEnabled=true, browserName=chrome, chrome={userDataDir=C:\Users\ubasaja\AppData\Local\Temp\scoped_dir6648_7487}, rotatable=false, locationContextEnabled=true, version=37.0.2062.124, takesHeapSnapshot=true, cssSelectorsEnabled=true, databaseEnabled=false, handlesAlerts=true, browserConnectionEnabled=false, nativeEvents=true, webStorageEnabled=true, applicationCacheEnabled=false, takesScreenshot=true}]
	at org.openqa.selenium.remote.ErrorHandler.createThrowable(ErrorHandler.java:193)
	at org.openqa.selenium.remote.ErrorHandler.throwIfResponseFailed(ErrorHandler.java:145)
	at org.openqa.selenium.remote.RemoteWebDriver.execute(RemoteWebDriver.java:554)
	at org.openqa.selenium.remote.RemoteWebDriver.findElement(RemoteWebDriver.java:307)
	at org.openqa.selenium.remote.RemoteWebDriver.findElementById(RemoteWebDriver.java:348)
	at org.openqa.selenium.By$ById.findElement(By.java:220)
	at org.openqa.selenium.remote.RemoteWebDriver.findElement(RemoteWebDriver.java:299)
	at org.openqa.selenium.support.ui.ExpectedConditions.findElement(ExpectedConditions.java:730)
	at org.openqa.selenium.support.ui.ExpectedConditions.access$000(ExpectedConditions.java:39)
	at org.openqa.selenium.support.ui.ExpectedConditions$3.apply(ExpectedConditions.java:106)
	at org.openqa.selenium.support.ui.ExpectedConditions$3.apply(ExpectedConditions.java:103)
	at org.openqa.selenium.support.ui.FluentWait.until(FluentWait.java:208)
	... 32 more
... Removed 27 stack frames</pre></div><a href='#' onClick='toggleBox("stack-trace1094458380", this, "Click to show all stack frames", "Click to hide stack frames")'>Click to show all stack frames</a>
<div class='stack-trace' id='stack-trace1094458380'><pre>org.openqa.selenium.TimeoutException: Timed out after 120 seconds waiting for presence of element located by: By.id: username
Build info: version: '2.39.0', revision: '14fa800511cc5d66d426e08b0b2ab926c7ed7398', time: '2013-12-16 13:18:38'
System info: host: 'BRICAWL-9JDVVY1', ip: '192.168.1.17', os.name: 'Windows 8', os.arch: 'amd64', os.version: '6.2', java.version: '1.7.0_51'
Driver info: driver.version: unknown
	at org.openqa.selenium.support.ui.FluentWait.timeoutException(FluentWait.java:259)
	at org.openqa.selenium.support.ui.FluentWait.until(FluentWait.java:228)
	at com.pearson.piltg.ngmelII.util.UtilityCommon.waitForElementPresent(UtilityCommon.java:193)
	at com.pearson.piltg.ngmelII.common.Common.loginToPlatform(Common.java:72)
	at com.pearson.piltg.ngmelII.RegressionNMELIII.GradeBook_Teacher_withP2.gradebookAutoGradedPractice(GradeBook_Teacher_withP2.java:235)
	at sun.reflect.NativeMethodAccessorImpl.invoke0(Native Method)
	at sun.reflect.NativeMethodAccessorImpl.invoke(NativeMethodAccessorImpl.java:57)
	at sun.reflect.DelegatingMethodAccessorImpl.invoke(DelegatingMethodAccessorImpl.java:43)
	at java.lang.reflect.Method.invoke(Method.java:606)
	at org.testng.internal.MethodHelper.invokeMethod(MethodHelper.java:580)
	at org.testng.internal.Invoker.invokeMethod(Invoker.java:478)
	at org.testng.internal.Invoker.invokeTestMethod(Invoker.java:607)
	at org.testng.internal.Invoker.invokeTestMethods(Invoker.java:874)
	at org.testng.internal.TestMethodWorker.invokeTestMethods(TestMethodWorker.java:125)
	at org.testng.internal.TestMethodWorker.run(TestMethodWorker.java:109)
	at org.testng.TestRunner.runWorkers(TestRunner.java:689)
	at org.testng.TestRunner.privateRun(TestRunner.java:566)
	at org.testng.TestRunner.run(TestRunner.java:466)
	at org.testng.SuiteRunner.runTest(SuiteRunner.java:301)
	at org.testng.SuiteRunner.runSequentially(SuiteRunner.java:296)
	at org.testng.SuiteRunner.privateRun(SuiteRunner.java:276)
	at org.testng.SuiteRunner.run(SuiteRunner.java:191)
	at org.testng.TestNG.createAndRunSuiteRunners(TestNG.java:808)
	at org.testng.TestNG.runSuitesLocally(TestNG.java:776)
	at org.testng.TestNG.run(TestNG.java:701)
	at org.apache.maven.surefire.testng.TestNGExecutor.run(TestNGExecutor.java:74)
	at org.apache.maven.surefire.testng.TestNGXmlTestSuite.execute(TestNGXmlTestSuite.java:92)
	at org.apache.maven.surefire.Surefire.run(Surefire.java:180)
	at sun.reflect.NativeMethodAccessorImpl.invoke0(Native Method)
	at sun.reflect.NativeMethodAccessorImpl.invoke(NativeMethodAccessorImpl.java:57)
	at sun.reflect.DelegatingMethodAccessorImpl.invoke(DelegatingMethodAccessorImpl.java:43)
	at java.lang.reflect.Method.invoke(Method.java:606)
	at org.apache.maven.surefire.booter.SurefireBooter.runSuitesInProcess(SurefireBooter.java:350)
	at org.apache.maven.surefire.booter.SurefireBooter.main(SurefireBooter.java:1021)
Caused by: org.openqa.selenium.NoSuchElementException: no such element
  (Session info: chrome=37.0.2062.124)
  (Driver info: chromedriver=2.8.241075,platform=Windows NT 6.3 x86_64) (WARNING: The server did not provide any stacktrace information)
Command duration or timeout: 46 milliseconds
For documentation on this error, please visit: http://seleniumhq.org/exceptions/no_such_element.html
Build info: version: '2.39.0', revision: '14fa800511cc5d66d426e08b0b2ab926c7ed7398', time: '2013-12-16 13:18:38'
System info: host: 'BRICAWL-9JDVVY1', ip: '192.168.1.17', os.name: 'Windows 8', os.arch: 'amd64', os.version: '6.2', java.version: '1.7.0_51'
Session ID: d78c214c2902bbd7b4be66ed13e4f2e3
Driver info: org.openqa.selenium.chrome.ChromeDriver
Capabilities [{platform=WIN8, acceptSslCerts=true, javascriptEnabled=true, browserName=chrome, chrome={userDataDir=C:\Users\ubasaja\AppData\Local\Temp\scoped_dir6648_7487}, rotatable=false, locationContextEnabled=true, version=37.0.2062.124, takesHeapSnapshot=true, cssSelectorsEnabled=true, databaseEnabled=false, handlesAlerts=true, browserConnectionEnabled=false, nativeEvents=true, webStorageEnabled=true, applicationCacheEnabled=false, takesScreenshot=true}]
	at sun.reflect.GeneratedConstructorAccessor16.newInstance(Unknown Source)
	at sun.reflect.DelegatingConstructorAccessorImpl.newInstance(DelegatingConstructorAccessorImpl.java:45)
	at java.lang.reflect.Constructor.newInstance(Constructor.java:526)
	at org.openqa.selenium.remote.ErrorHandler.createThrowable(ErrorHandler.java:193)
	at org.openqa.selenium.remote.ErrorHandler.throwIfResponseFailed(ErrorHandler.java:145)
	at org.openqa.selenium.remote.RemoteWebDriver.execute(RemoteWebDriver.java:554)
	at org.openqa.selenium.remote.RemoteWebDriver.findElement(RemoteWebDriver.java:307)
	at org.openqa.selenium.remote.RemoteWebDriver.findElementById(RemoteWebDriver.java:348)
	at org.openqa.selenium.By$ById.findElement(By.java:220)
	at org.openqa.selenium.remote.RemoteWebDriver.findElement(RemoteWebDriver.java:299)
	at org.openqa.selenium.support.ui.ExpectedConditions.findElement(ExpectedConditions.java:730)
	at org.openqa.selenium.support.ui.ExpectedConditions.access$000(ExpectedConditions.java:39)
	at org.openqa.selenium.support.ui.ExpectedConditions$3.apply(ExpectedConditions.java:106)
	at org.openqa.selenium.support.ui.ExpectedConditions$3.apply(ExpectedConditions.java:103)
	at org.openqa.selenium.support.ui.FluentWait.until(FluentWait.java:208)
	... 32 more
</pre></div></td>
</tr>
<tr>
<td title='com.pearson.piltg.ngmelII.RegressionNMELIII.GradeBook_Teacher_withP2.gradebookFunctions()'>gradebookFunctions<br/><b>NEWNGMEL-1369_5, NEWNGMEL-2029_2, NEWNGMEL-131_10</b></td>
<td>121</td>
<td><div><pre>org.openqa.selenium.TimeoutException: Timed out after 120 seconds waiting for presence of element located by: By.id: username
Build info: version: '2.39.0', revision: '14fa800511cc5d66d426e08b0b2ab926c7ed7398', time: '2013-12-16 13:18:38'
System info: host: 'BRICAWL-9JDVVY1', ip: '192.168.1.17', os.name: 'Windows 8', os.arch: 'amd64', os.version: '6.2', java.version: '1.7.0_51'
Driver info: driver.version: unknown
	at org.openqa.selenium.support.ui.FluentWait.timeoutException(FluentWait.java:259)
	at org.openqa.selenium.support.ui.FluentWait.until(FluentWait.java:228)
	at com.pearson.piltg.ngmelII.util.UtilityCommon.waitForElementPresent(UtilityCommon.java:193)
	at com.pearson.piltg.ngmelII.common.Common.loginToPlatform(Common.java:72)
	at com.pearson.piltg.ngmelII.RegressionNMELIII.GradeBook_Teacher_withP2.gradebookFunctions(GradeBook_Teacher_withP2.java:471)
	at org.apache.maven.surefire.testng.TestNGExecutor.run(TestNGExecutor.java:74)
	at org.apache.maven.surefire.testng.TestNGXmlTestSuite.execute(TestNGXmlTestSuite.java:92)
	at org.apache.maven.surefire.Surefire.run(Surefire.java:180)
	at org.apache.maven.surefire.booter.SurefireBooter.runSuitesInProcess(SurefireBooter.java:350)
	at org.apache.maven.surefire.booter.SurefireBooter.main(SurefireBooter.java:1021)
Caused by: org.openqa.selenium.NoSuchElementException: no such element
  (Session info: chrome=37.0.2062.124)
  (Driver info: chromedriver=2.8.241075,platform=Windows NT 6.3 x86_64) (WARNING: The server did not provide any stacktrace information)
Command duration or timeout: 17 milliseconds
For documentation on this error, please visit: http://seleniumhq.org/exceptions/no_such_element.html
Build info: version: '2.39.0', revision: '14fa800511cc5d66d426e08b0b2ab926c7ed7398', time: '2013-12-16 13:18:38'
System info: host: 'BRICAWL-9JDVVY1', ip: '192.168.1.17', os.name: 'Windows 8', os.arch: 'amd64', os.version: '6.2', java.version: '1.7.0_51'
Session ID: d78c214c2902bbd7b4be66ed13e4f2e3
Driver info: org.openqa.selenium.chrome.ChromeDriver
Capabilities [{platform=WIN8, acceptSslCerts=true, javascriptEnabled=true, browserName=chrome, chrome={userDataDir=C:\Users\ubasaja\AppData\Local\Temp\scoped_dir6648_7487}, rotatable=false, locationContextEnabled=true, version=37.0.2062.124, takesHeapSnapshot=true, cssSelectorsEnabled=true, databaseEnabled=false, handlesAlerts=true, browserConnectionEnabled=false, nativeEvents=true, webStorageEnabled=true, applicationCacheEnabled=false, takesScreenshot=true}]
	at org.openqa.selenium.remote.ErrorHandler.createThrowable(ErrorHandler.java:193)
	at org.openqa.selenium.remote.ErrorHandler.throwIfResponseFailed(ErrorHandler.java:145)
	at org.openqa.selenium.remote.RemoteWebDriver.execute(RemoteWebDriver.java:554)
	at org.openqa.selenium.remote.RemoteWebDriver.findElement(RemoteWebDriver.java:307)
	at org.openqa.selenium.remote.RemoteWebDriver.findElementById(RemoteWebDriver.java:348)
	at org.openqa.selenium.By$ById.findElement(By.java:220)
	at org.openqa.selenium.remote.RemoteWebDriver.findElement(RemoteWebDriver.java:299)
	at org.openqa.selenium.support.ui.ExpectedConditions.findElement(ExpectedConditions.java:730)
	at org.openqa.selenium.support.ui.ExpectedConditions.access$000(ExpectedConditions.java:39)
	at org.openqa.selenium.support.ui.ExpectedConditions$3.apply(ExpectedConditions.java:106)
	at org.openqa.selenium.support.ui.ExpectedConditions$3.apply(ExpectedConditions.java:103)
	at org.openqa.selenium.support.ui.FluentWait.until(FluentWait.java:208)
	... 32 more
... Removed 27 stack frames</pre></div><a href='#' onClick='toggleBox("stack-trace318858780", this, "Click to show all stack frames", "Click to hide stack frames")'>Click to show all stack frames</a>
<div class='stack-trace' id='stack-trace318858780'><pre>org.openqa.selenium.TimeoutException: Timed out after 120 seconds waiting for presence of element located by: By.id: username
Build info: version: '2.39.0', revision: '14fa800511cc5d66d426e08b0b2ab926c7ed7398', time: '2013-12-16 13:18:38'
System info: host: 'BRICAWL-9JDVVY1', ip: '192.168.1.17', os.name: 'Windows 8', os.arch: 'amd64', os.version: '6.2', java.version: '1.7.0_51'
Driver info: driver.version: unknown
	at org.openqa.selenium.support.ui.FluentWait.timeoutException(FluentWait.java:259)
	at org.openqa.selenium.support.ui.FluentWait.until(FluentWait.java:228)
	at com.pearson.piltg.ngmelII.util.UtilityCommon.waitForElementPresent(UtilityCommon.java:193)
	at com.pearson.piltg.ngmelII.common.Common.loginToPlatform(Common.java:72)
	at com.pearson.piltg.ngmelII.RegressionNMELIII.GradeBook_Teacher_withP2.gradebookFunctions(GradeBook_Teacher_withP2.java:471)
	at sun.reflect.NativeMethodAccessorImpl.invoke0(Native Method)
	at sun.reflect.NativeMethodAccessorImpl.invoke(NativeMethodAccessorImpl.java:57)
	at sun.reflect.DelegatingMethodAccessorImpl.invoke(DelegatingMethodAccessorImpl.java:43)
	at java.lang.reflect.Method.invoke(Method.java:606)
	at org.testng.internal.MethodHelper.invokeMethod(MethodHelper.java:580)
	at org.testng.internal.Invoker.invokeMethod(Invoker.java:478)
	at org.testng.internal.Invoker.invokeTestMethod(Invoker.java:607)
	at org.testng.internal.Invoker.invokeTestMethods(Invoker.java:874)
	at org.testng.internal.TestMethodWorker.invokeTestMethods(TestMethodWorker.java:125)
	at org.testng.internal.TestMethodWorker.run(TestMethodWorker.java:109)
	at org.testng.TestRunner.runWorkers(TestRunner.java:689)
	at org.testng.TestRunner.privateRun(TestRunner.java:566)
	at org.testng.TestRunner.run(TestRunner.java:466)
	at org.testng.SuiteRunner.runTest(SuiteRunner.java:301)
	at org.testng.SuiteRunner.runSequentially(SuiteRunner.java:296)
	at org.testng.SuiteRunner.privateRun(SuiteRunner.java:276)
	at org.testng.SuiteRunner.run(SuiteRunner.java:191)
	at org.testng.TestNG.createAndRunSuiteRunners(TestNG.java:808)
	at org.testng.TestNG.runSuitesLocally(TestNG.java:776)
	at org.testng.TestNG.run(TestNG.java:701)
	at org.apache.maven.surefire.testng.TestNGExecutor.run(TestNGExecutor.java:74)
	at org.apache.maven.surefire.testng.TestNGXmlTestSuite.execute(TestNGXmlTestSuite.java:92)
	at org.apache.maven.surefire.Surefire.run(Surefire.java:180)
	at sun.reflect.NativeMethodAccessorImpl.invoke0(Native Method)
	at sun.reflect.NativeMethodAccessorImpl.invoke(NativeMethodAccessorImpl.java:57)
	at sun.reflect.DelegatingMethodAccessorImpl.invoke(DelegatingMethodAccessorImpl.java:43)
	at java.lang.reflect.Method.invoke(Method.java:606)
	at org.apache.maven.surefire.booter.SurefireBooter.runSuitesInProcess(SurefireBooter.java:350)
	at org.apache.maven.surefire.booter.SurefireBooter.main(SurefireBooter.java:1021)
Caused by: org.openqa.selenium.NoSuchElementException: no such element
  (Session info: chrome=37.0.2062.124)
  (Driver info: chromedriver=2.8.241075,platform=Windows NT 6.3 x86_64) (WARNING: The server did not provide any stacktrace information)
Command duration or timeout: 17 milliseconds
For documentation on this error, please visit: http://seleniumhq.org/exceptions/no_such_element.html
Build info: version: '2.39.0', revision: '14fa800511cc5d66d426e08b0b2ab926c7ed7398', time: '2013-12-16 13:18:38'
System info: host: 'BRICAWL-9JDVVY1', ip: '192.168.1.17', os.name: 'Windows 8', os.arch: 'amd64', os.version: '6.2', java.version: '1.7.0_51'
Session ID: d78c214c2902bbd7b4be66ed13e4f2e3
Driver info: org.openqa.selenium.chrome.ChromeDriver
Capabilities [{platform=WIN8, acceptSslCerts=true, javascriptEnabled=true, browserName=chrome, chrome={userDataDir=C:\Users\ubasaja\AppData\Local\Temp\scoped_dir6648_7487}, rotatable=false, locationContextEnabled=true, version=37.0.2062.124, takesHeapSnapshot=true, cssSelectorsEnabled=true, databaseEnabled=false, handlesAlerts=true, browserConnectionEnabled=false, nativeEvents=true, webStorageEnabled=true, applicationCacheEnabled=false, takesScreenshot=true}]
	at sun.reflect.GeneratedConstructorAccessor16.newInstance(Unknown Source)
	at sun.reflect.DelegatingConstructorAccessorImpl.newInstance(DelegatingConstructorAccessorImpl.java:45)
	at java.lang.reflect.Constructor.newInstance(Constructor.java:526)
	at org.openqa.selenium.remote.ErrorHandler.createThrowable(ErrorHandler.java:193)
	at org.openqa.selenium.remote.ErrorHandler.throwIfResponseFailed(ErrorHandler.java:145)
	at org.openqa.selenium.remote.RemoteWebDriver.execute(RemoteWebDriver.java:554)
	at org.openqa.selenium.remote.RemoteWebDriver.findElement(RemoteWebDriver.java:307)
	at org.openqa.selenium.remote.RemoteWebDriver.findElementById(RemoteWebDriver.java:348)
	at org.openqa.selenium.By$ById.findElement(By.java:220)
	at org.openqa.selenium.remote.RemoteWebDriver.findElement(RemoteWebDriver.java:299)
	at org.openqa.selenium.support.ui.ExpectedConditions.findElement(ExpectedConditions.java:730)
	at org.openqa.selenium.support.ui.ExpectedConditions.access$000(ExpectedConditions.java:39)
	at org.openqa.selenium.support.ui.ExpectedConditions$3.apply(ExpectedConditions.java:106)
	at org.openqa.selenium.support.ui.ExpectedConditions$3.apply(ExpectedConditions.java:103)
	at org.openqa.selenium.support.ui.FluentWait.until(FluentWait.java:208)
	... 32 more
</pre></div></td>
</tr>
<tr>
<td title='com.pearson.piltg.ngmelII.RegressionNMELIII.GradeBook_Teacher_withP2.preConditionAutoGradedAssignNAttempt()'>preConditionAutoGradedAssignNAttempt</td>
<td>126</td>
<td><div><pre>org.openqa.selenium.TimeoutException: Timed out after 120 seconds waiting for presence of element located by: By.id: username
Build info: version: '2.39.0', revision: '14fa800511cc5d66d426e08b0b2ab926c7ed7398', time: '2013-12-16 13:18:38'
System info: host: 'BRICAWL-9JDVVY1', ip: '192.168.1.17', os.name: 'Windows 8', os.arch: 'amd64', os.version: '6.2', java.version: '1.7.0_51'
Driver info: driver.version: unknown
	at org.openqa.selenium.support.ui.FluentWait.timeoutException(FluentWait.java:259)
	at org.openqa.selenium.support.ui.FluentWait.until(FluentWait.java:228)
	at com.pearson.piltg.ngmelII.util.UtilityCommon.waitForElementPresent(UtilityCommon.java:193)
	at com.pearson.piltg.ngmelII.common.Common.loginToPlatform(Common.java:72)
	at com.pearson.piltg.ngmelII.common.Common.assignActivity(Common.java:530)
	at com.pearson.piltg.ngmelII.RegressionNMELIII.GradeBook_Teacher_withP2.preConditionAutoGradedAssignNAttempt(GradeBook_Teacher_withP2.java:48)
	at org.apache.maven.surefire.testng.TestNGExecutor.run(TestNGExecutor.java:74)
	at org.apache.maven.surefire.testng.TestNGXmlTestSuite.execute(TestNGXmlTestSuite.java:92)
	at org.apache.maven.surefire.Surefire.run(Surefire.java:180)
	at org.apache.maven.surefire.booter.SurefireBooter.runSuitesInProcess(SurefireBooter.java:350)
	at org.apache.maven.surefire.booter.SurefireBooter.main(SurefireBooter.java:1021)
Caused by: org.openqa.selenium.NoSuchElementException: no such element
  (Session info: chrome=37.0.2062.124)
  (Driver info: chromedriver=2.8.241075,platform=Windows NT 6.3 x86_64) (WARNING: The server did not provide any stacktrace information)
Command duration or timeout: 8 milliseconds
For documentation on this error, please visit: http://seleniumhq.org/exceptions/no_such_element.html
Build info: version: '2.39.0', revision: '14fa800511cc5d66d426e08b0b2ab926c7ed7398', time: '2013-12-16 13:18:38'
System info: host: 'BRICAWL-9JDVVY1', ip: '192.168.1.17', os.name: 'Windows 8', os.arch: 'amd64', os.version: '6.2', java.version: '1.7.0_51'
Session ID: d78c214c2902bbd7b4be66ed13e4f2e3
Driver info: org.openqa.selenium.chrome.ChromeDriver
Capabilities [{platform=WIN8, acceptSslCerts=true, javascriptEnabled=true, browserName=chrome, chrome={userDataDir=C:\Users\ubasaja\AppData\Local\Temp\scoped_dir6648_7487}, rotatable=false, locationContextEnabled=true, version=37.0.2062.124, takesHeapSnapshot=true, cssSelectorsEnabled=true, databaseEnabled=false, handlesAlerts=true, browserConnectionEnabled=false, nativeEvents=true, webStorageEnabled=true, applicationCacheEnabled=false, takesScreenshot=true}]
	at org.openqa.selenium.remote.ErrorHandler.createThrowable(ErrorHandler.java:193)
	at org.openqa.selenium.remote.ErrorHandler.throwIfResponseFailed(ErrorHandler.java:145)
	at org.openqa.selenium.remote.RemoteWebDriver.execute(RemoteWebDriver.java:554)
	at org.openqa.selenium.remote.RemoteWebDriver.findElement(RemoteWebDriver.java:307)
	at org.openqa.selenium.remote.RemoteWebDriver.findElementById(RemoteWebDriver.java:348)
	at org.openqa.selenium.By$ById.findElement(By.java:220)
	at org.openqa.selenium.remote.RemoteWebDriver.findElement(RemoteWebDriver.java:299)
	at org.openqa.selenium.support.ui.ExpectedConditions.findElement(ExpectedConditions.java:730)
	at org.openqa.selenium.support.ui.ExpectedConditions.access$000(ExpectedConditions.java:39)
	at org.openqa.selenium.support.ui.ExpectedConditions$3.apply(ExpectedConditions.java:106)
	at org.openqa.selenium.support.ui.ExpectedConditions$3.apply(ExpectedConditions.java:103)
	at org.openqa.selenium.support.ui.FluentWait.until(FluentWait.java:208)
	... 33 more
... Removed 27 stack frames</pre></div><a href='#' onClick='toggleBox("stack-trace1555405328", this, "Click to show all stack frames", "Click to hide stack frames")'>Click to show all stack frames</a>
<div class='stack-trace' id='stack-trace1555405328'><pre>org.openqa.selenium.TimeoutException: Timed out after 120 seconds waiting for presence of element located by: By.id: username
Build info: version: '2.39.0', revision: '14fa800511cc5d66d426e08b0b2ab926c7ed7398', time: '2013-12-16 13:18:38'
System info: host: 'BRICAWL-9JDVVY1', ip: '192.168.1.17', os.name: 'Windows 8', os.arch: 'amd64', os.version: '6.2', java.version: '1.7.0_51'
Driver info: driver.version: unknown
	at org.openqa.selenium.support.ui.FluentWait.timeoutException(FluentWait.java:259)
	at org.openqa.selenium.support.ui.FluentWait.until(FluentWait.java:228)
	at com.pearson.piltg.ngmelII.util.UtilityCommon.waitForElementPresent(UtilityCommon.java:193)
	at com.pearson.piltg.ngmelII.common.Common.loginToPlatform(Common.java:72)
	at com.pearson.piltg.ngmelII.common.Common.assignActivity(Common.java:530)
	at com.pearson.piltg.ngmelII.RegressionNMELIII.GradeBook_Teacher_withP2.preConditionAutoGradedAssignNAttempt(GradeBook_Teacher_withP2.java:48)
	at sun.reflect.NativeMethodAccessorImpl.invoke0(Native Method)
	at sun.reflect.NativeMethodAccessorImpl.invoke(NativeMethodAccessorImpl.java:57)
	at sun.reflect.DelegatingMethodAccessorImpl.invoke(DelegatingMethodAccessorImpl.java:43)
	at java.lang.reflect.Method.invoke(Method.java:606)
	at org.testng.internal.MethodHelper.invokeMethod(MethodHelper.java:580)
	at org.testng.internal.Invoker.invokeMethod(Invoker.java:478)
	at org.testng.internal.Invoker.invokeTestMethod(Invoker.java:607)
	at org.testng.internal.Invoker.invokeTestMethods(Invoker.java:874)
	at org.testng.internal.TestMethodWorker.invokeTestMethods(TestMethodWorker.java:125)
	at org.testng.internal.TestMethodWorker.run(TestMethodWorker.java:109)
	at org.testng.TestRunner.runWorkers(TestRunner.java:689)
	at org.testng.TestRunner.privateRun(TestRunner.java:566)
	at org.testng.TestRunner.run(TestRunner.java:466)
	at org.testng.SuiteRunner.runTest(SuiteRunner.java:301)
	at org.testng.SuiteRunner.runSequentially(SuiteRunner.java:296)
	at org.testng.SuiteRunner.privateRun(SuiteRunner.java:276)
	at org.testng.SuiteRunner.run(SuiteRunner.java:191)
	at org.testng.TestNG.createAndRunSuiteRunners(TestNG.java:808)
	at org.testng.TestNG.runSuitesLocally(TestNG.java:776)
	at org.testng.TestNG.run(TestNG.java:701)
	at org.apache.maven.surefire.testng.TestNGExecutor.run(TestNGExecutor.java:74)
	at org.apache.maven.surefire.testng.TestNGXmlTestSuite.execute(TestNGXmlTestSuite.java:92)
	at org.apache.maven.surefire.Surefire.run(Surefire.java:180)
	at sun.reflect.NativeMethodAccessorImpl.invoke0(Native Method)
	at sun.reflect.NativeMethodAccessorImpl.invoke(NativeMethodAccessorImpl.java:57)
	at sun.reflect.DelegatingMethodAccessorImpl.invoke(DelegatingMethodAccessorImpl.java:43)
	at java.lang.reflect.Method.invoke(Method.java:606)
	at org.apache.maven.surefire.booter.SurefireBooter.runSuitesInProcess(SurefireBooter.java:350)
	at org.apache.maven.surefire.booter.SurefireBooter.main(SurefireBooter.java:1021)
Caused by: org.openqa.selenium.NoSuchElementException: no such element
  (Session info: chrome=37.0.2062.124)
  (Driver info: chromedriver=2.8.241075,platform=Windows NT 6.3 x86_64) (WARNING: The server did not provide any stacktrace information)
Command duration or timeout: 8 milliseconds
For documentation on this error, please visit: http://seleniumhq.org/exceptions/no_such_element.html
Build info: version: '2.39.0', revision: '14fa800511cc5d66d426e08b0b2ab926c7ed7398', time: '2013-12-16 13:18:38'
System info: host: 'BRICAWL-9JDVVY1', ip: '192.168.1.17', os.name: 'Windows 8', os.arch: 'amd64', os.version: '6.2', java.version: '1.7.0_51'
Session ID: d78c214c2902bbd7b4be66ed13e4f2e3
Driver info: org.openqa.selenium.chrome.ChromeDriver
Capabilities [{platform=WIN8, acceptSslCerts=true, javascriptEnabled=true, browserName=chrome, chrome={userDataDir=C:\Users\ubasaja\AppData\Local\Temp\scoped_dir6648_7487}, rotatable=false, locationContextEnabled=true, version=37.0.2062.124, takesHeapSnapshot=true, cssSelectorsEnabled=true, databaseEnabled=false, handlesAlerts=true, browserConnectionEnabled=false, nativeEvents=true, webStorageEnabled=true, applicationCacheEnabled=false, takesScreenshot=true}]
	at sun.reflect.GeneratedConstructorAccessor16.newInstance(Unknown Source)
	at sun.reflect.DelegatingConstructorAccessorImpl.newInstance(DelegatingConstructorAccessorImpl.java:45)
	at java.lang.reflect.Constructor.newInstance(Constructor.java:526)
	at org.openqa.selenium.remote.ErrorHandler.createThrowable(ErrorHandler.java:193)
	at org.openqa.selenium.remote.ErrorHandler.throwIfResponseFailed(ErrorHandler.java:145)
	at org.openqa.selenium.remote.RemoteWebDriver.execute(RemoteWebDriver.java:554)
	at org.openqa.selenium.remote.RemoteWebDriver.findElement(RemoteWebDriver.java:307)
	at org.openqa.selenium.remote.RemoteWebDriver.findElementById(RemoteWebDriver.java:348)
	at org.openqa.selenium.By$ById.findElement(By.java:220)
	at org.openqa.selenium.remote.RemoteWebDriver.findElement(RemoteWebDriver.java:299)
	at org.openqa.selenium.support.ui.ExpectedConditions.findElement(ExpectedConditions.java:730)
	at org.openqa.selenium.support.ui.ExpectedConditions.access$000(ExpectedConditions.java:39)
	at org.openqa.selenium.support.ui.ExpectedConditions$3.apply(ExpectedConditions.java:106)
	at org.openqa.selenium.support.ui.ExpectedConditions$3.apply(ExpectedConditions.java:103)
	at org.openqa.selenium.support.ui.FluentWait.until(FluentWait.java:208)
	... 33 more
</pre></div></td>
</tr>
<tr>
<td title='com.pearson.piltg.ngmelII.RegressionNMELIII.GradeBook_Teacher_withP2.preConditionAutogradedAttempt()'>preConditionAutogradedAttempt<br/>
<a href="#Output-1325812125" onClick='toggleBox("Output-1325812125", this, "Show output", "Hide output");'>Show output</a>

<a href="#Output-1325812125" onClick="toggleAllBoxes();">Show all outputs</a>
<div class='log' id="Output-1325812125">
Current Tab selected isCourse<br/>
</div>
</td>
<td>150</td>
<td><div><pre>org.openqa.selenium.WebDriverException: unknown error: Element is not clickable at point (502, 283). Other element would receive the click: &lt;div class="chzn-drop" style="left: 0px; width: 298px; top: 27px;"&gt;...&lt;/div&gt;
  (Session info: chrome=37.0.2062.124)
  (Driver info: chromedriver=2.8.241075,platform=Windows NT 6.3 x86_64) (WARNING: The server did not provide any stacktrace information)
Command duration or timeout: 26 milliseconds
Build info: version: '2.39.0', revision: '14fa800511cc5d66d426e08b0b2ab926c7ed7398', time: '2013-12-16 13:18:38'
System info: host: 'BRICAWL-9JDVVY1', ip: '192.168.1.17', os.name: 'Windows 8', os.arch: 'amd64', os.version: '6.2', java.version: '1.7.0_51'
Session ID: d78c214c2902bbd7b4be66ed13e4f2e3
Driver info: org.openqa.selenium.chrome.ChromeDriver
Capabilities [{platform=WIN8, acceptSslCerts=true, javascriptEnabled=true, browserName=chrome, chrome={userDataDir=C:\Users\ubasaja\AppData\Local\Temp\scoped_dir6648_7487}, rotatable=false, locationContextEnabled=true, version=37.0.2062.124, takesHeapSnapshot=true, cssSelectorsEnabled=true, databaseEnabled=false, handlesAlerts=true, browserConnectionEnabled=false, nativeEvents=true, webStorageEnabled=true, applicationCacheEnabled=false, takesScreenshot=true}]
	at org.openqa.selenium.remote.ErrorHandler.createThrowable(ErrorHandler.java:193)
	at org.openqa.selenium.remote.ErrorHandler.throwIfResponseFailed(ErrorHandler.java:145)
	at org.openqa.selenium.remote.RemoteWebDriver.execute(RemoteWebDriver.java:554)
	at org.openqa.selenium.remote.RemoteWebElement.execute(RemoteWebElement.java:268)
	at org.openqa.selenium.remote.RemoteWebElement.click(RemoteWebElement.java:79)
	at com.pearson.piltg.ngmelII.util.UtilityCommon.clickAndWait(UtilityCommon.java:431)
	at com.pearson.piltg.ngmelII.course.page.CoursePageCommon.unitBucketsUnitsubUnitAssignmentsAssignStudent(CoursePageCommon.java:959)
	at com.pearson.piltg.ngmelII.course.page.CoursePageCommon.studentAttemptBigPictureVocabularyExercise2Practice(CoursePageCommon.java:1075)
	at com.pearson.piltg.ngmelII.RegressionNMELIII.GradeBook_Teacher_withP2.preConditionAutogradedAttempt(GradeBook_Teacher_withP2.java:67)
	at org.apache.maven.surefire.testng.TestNGExecutor.run(TestNGExecutor.java:74)
	at org.apache.maven.surefire.testng.TestNGXmlTestSuite.execute(TestNGXmlTestSuite.java:92)
	at org.apache.maven.surefire.Surefire.run(Surefire.java:180)
	at org.apache.maven.surefire.booter.SurefireBooter.runSuitesInProcess(SurefireBooter.java:350)
	at org.apache.maven.surefire.booter.SurefireBooter.main(SurefireBooter.java:1021)
... Removed 28 stack frames</pre></div><a href='#' onClick='toggleBox("stack-trace1325812125", this, "Click to show all stack frames", "Click to hide stack frames")'>Click to show all stack frames</a>
<div class='stack-trace' id='stack-trace1325812125'><pre>org.openqa.selenium.WebDriverException: unknown error: Element is not clickable at point (502, 283). Other element would receive the click: &lt;div class="chzn-drop" style="left: 0px; width: 298px; top: 27px;"&gt;...&lt;/div&gt;
  (Session info: chrome=37.0.2062.124)
  (Driver info: chromedriver=2.8.241075,platform=Windows NT 6.3 x86_64) (WARNING: The server did not provide any stacktrace information)
Command duration or timeout: 26 milliseconds
Build info: version: '2.39.0', revision: '14fa800511cc5d66d426e08b0b2ab926c7ed7398', time: '2013-12-16 13:18:38'
System info: host: 'BRICAWL-9JDVVY1', ip: '192.168.1.17', os.name: 'Windows 8', os.arch: 'amd64', os.version: '6.2', java.version: '1.7.0_51'
Session ID: d78c214c2902bbd7b4be66ed13e4f2e3
Driver info: org.openqa.selenium.chrome.ChromeDriver
Capabilities [{platform=WIN8, acceptSslCerts=true, javascriptEnabled=true, browserName=chrome, chrome={userDataDir=C:\Users\ubasaja\AppData\Local\Temp\scoped_dir6648_7487}, rotatable=false, locationContextEnabled=true, version=37.0.2062.124, takesHeapSnapshot=true, cssSelectorsEnabled=true, databaseEnabled=false, handlesAlerts=true, browserConnectionEnabled=false, nativeEvents=true, webStorageEnabled=true, applicationCacheEnabled=false, takesScreenshot=true}]
	at sun.reflect.NativeConstructorAccessorImpl.newInstance0(Native Method)
	at sun.reflect.NativeConstructorAccessorImpl.newInstance(NativeConstructorAccessorImpl.java:57)
	at sun.reflect.DelegatingConstructorAccessorImpl.newInstance(DelegatingConstructorAccessorImpl.java:45)
	at java.lang.reflect.Constructor.newInstance(Constructor.java:526)
	at org.openqa.selenium.remote.ErrorHandler.createThrowable(ErrorHandler.java:193)
	at org.openqa.selenium.remote.ErrorHandler.throwIfResponseFailed(ErrorHandler.java:145)
	at org.openqa.selenium.remote.RemoteWebDriver.execute(RemoteWebDriver.java:554)
	at org.openqa.selenium.remote.RemoteWebElement.execute(RemoteWebElement.java:268)
	at org.openqa.selenium.remote.RemoteWebElement.click(RemoteWebElement.java:79)
	at com.pearson.piltg.ngmelII.util.UtilityCommon.clickAndWait(UtilityCommon.java:431)
	at com.pearson.piltg.ngmelII.course.page.CoursePageCommon.unitBucketsUnitsubUnitAssignmentsAssignStudent(CoursePageCommon.java:959)
	at com.pearson.piltg.ngmelII.course.page.CoursePageCommon.studentAttemptBigPictureVocabularyExercise2Practice(CoursePageCommon.java:1075)
	at com.pearson.piltg.ngmelII.RegressionNMELIII.GradeBook_Teacher_withP2.preConditionAutogradedAttempt(GradeBook_Teacher_withP2.java:67)
	at sun.reflect.NativeMethodAccessorImpl.invoke0(Native Method)
	at sun.reflect.NativeMethodAccessorImpl.invoke(NativeMethodAccessorImpl.java:57)
	at sun.reflect.DelegatingMethodAccessorImpl.invoke(DelegatingMethodAccessorImpl.java:43)
	at java.lang.reflect.Method.invoke(Method.java:606)
	at org.testng.internal.MethodHelper.invokeMethod(MethodHelper.java:580)
	at org.testng.internal.Invoker.invokeMethod(Invoker.java:478)
	at org.testng.internal.Invoker.invokeTestMethod(Invoker.java:607)
	at org.testng.internal.Invoker.invokeTestMethods(Invoker.java:874)
	at org.testng.internal.TestMethodWorker.invokeTestMethods(TestMethodWorker.java:125)
	at org.testng.internal.TestMethodWorker.run(TestMethodWorker.java:109)
	at org.testng.TestRunner.runWorkers(TestRunner.java:689)
	at org.testng.TestRunner.privateRun(TestRunner.java:566)
	at org.testng.TestRunner.run(TestRunner.java:466)
	at org.testng.SuiteRunner.runTest(SuiteRunner.java:301)
	at org.testng.SuiteRunner.runSequentially(SuiteRunner.java:296)
	at org.testng.SuiteRunner.privateRun(SuiteRunner.java:276)
	at org.testng.SuiteRunner.run(SuiteRunner.java:191)
	at org.testng.TestNG.createAndRunSuiteRunners(TestNG.java:808)
	at org.testng.TestNG.runSuitesLocally(TestNG.java:776)
	at org.testng.TestNG.run(TestNG.java:701)
	at org.apache.maven.surefire.testng.TestNGExecutor.run(TestNGExecutor.java:74)
	at org.apache.maven.surefire.testng.TestNGXmlTestSuite.execute(TestNGXmlTestSuite.java:92)
	at org.apache.maven.surefire.Surefire.run(Surefire.java:180)
	at sun.reflect.NativeMethodAccessorImpl.invoke0(Native Method)
	at sun.reflect.NativeMethodAccessorImpl.invoke(NativeMethodAccessorImpl.java:57)
	at sun.reflect.DelegatingMethodAccessorImpl.invoke(DelegatingMethodAccessorImpl.java:43)
	at java.lang.reflect.Method.invoke(Method.java:606)
	at org.apache.maven.surefire.booter.SurefireBooter.runSuitesInProcess(SurefireBooter.java:350)
	at org.apache.maven.surefire.booter.SurefireBooter.main(SurefireBooter.java:1021)
</pre></div></td>
</tr>
<tr>
<td title='com.pearson.piltg.ngmelII.RegressionNMELIII.GradeBook_Teacher_withP2.preConditionTeacherGradedAssignAndAttempt()'>preConditionTeacherGradedAssignAndAttempt</td>
<td>126</td>
<td><div><pre>org.openqa.selenium.TimeoutException: Timed out after 120 seconds waiting for presence of element located by: By.id: username
Build info: version: '2.39.0', revision: '14fa800511cc5d66d426e08b0b2ab926c7ed7398', time: '2013-12-16 13:18:38'
System info: host: 'BRICAWL-9JDVVY1', ip: '192.168.1.17', os.name: 'Windows 8', os.arch: 'amd64', os.version: '6.2', java.version: '1.7.0_51'
Driver info: driver.version: unknown
	at org.openqa.selenium.support.ui.FluentWait.timeoutException(FluentWait.java:259)
	at org.openqa.selenium.support.ui.FluentWait.until(FluentWait.java:228)
	at com.pearson.piltg.ngmelII.util.UtilityCommon.waitForElementPresent(UtilityCommon.java:193)
	at com.pearson.piltg.ngmelII.common.Common.loginToPlatform(Common.java:72)
	at com.pearson.piltg.ngmelII.common.Common.assignActivity(Common.java:530)
	at com.pearson.piltg.ngmelII.RegressionNMELIII.GradeBook_Teacher_withP2.preConditionTeacherGradedAssignAndAttempt(GradeBook_Teacher_withP2.java:74)
	at org.apache.maven.surefire.testng.TestNGExecutor.run(TestNGExecutor.java:74)
	at org.apache.maven.surefire.testng.TestNGXmlTestSuite.execute(TestNGXmlTestSuite.java:92)
	at org.apache.maven.surefire.Surefire.run(Surefire.java:180)
	at org.apache.maven.surefire.booter.SurefireBooter.runSuitesInProcess(SurefireBooter.java:350)
	at org.apache.maven.surefire.booter.SurefireBooter.main(SurefireBooter.java:1021)
Caused by: org.openqa.selenium.NoSuchElementException: no such element
  (Session info: chrome=37.0.2062.124)
  (Driver info: chromedriver=2.8.241075,platform=Windows NT 6.3 x86_64) (WARNING: The server did not provide any stacktrace information)
Command duration or timeout: 20 milliseconds
For documentation on this error, please visit: http://seleniumhq.org/exceptions/no_such_element.html
Build info: version: '2.39.0', revision: '14fa800511cc5d66d426e08b0b2ab926c7ed7398', time: '2013-12-16 13:18:38'
System info: host: 'BRICAWL-9JDVVY1', ip: '192.168.1.17', os.name: 'Windows 8', os.arch: 'amd64', os.version: '6.2', java.version: '1.7.0_51'
Session ID: d78c214c2902bbd7b4be66ed13e4f2e3
Driver info: org.openqa.selenium.chrome.ChromeDriver
Capabilities [{platform=WIN8, acceptSslCerts=true, javascriptEnabled=true, browserName=chrome, chrome={userDataDir=C:\Users\ubasaja\AppData\Local\Temp\scoped_dir6648_7487}, rotatable=false, locationContextEnabled=true, version=37.0.2062.124, takesHeapSnapshot=true, cssSelectorsEnabled=true, databaseEnabled=false, handlesAlerts=true, browserConnectionEnabled=false, nativeEvents=true, webStorageEnabled=true, applicationCacheEnabled=false, takesScreenshot=true}]
	at org.openqa.selenium.remote.ErrorHandler.createThrowable(ErrorHandler.java:193)
	at org.openqa.selenium.remote.ErrorHandler.throwIfResponseFailed(ErrorHandler.java:145)
	at org.openqa.selenium.remote.RemoteWebDriver.execute(RemoteWebDriver.java:554)
	at org.openqa.selenium.remote.RemoteWebDriver.findElement(RemoteWebDriver.java:307)
	at org.openqa.selenium.remote.RemoteWebDriver.findElementById(RemoteWebDriver.java:348)
	at org.openqa.selenium.By$ById.findElement(By.java:220)
	at org.openqa.selenium.remote.RemoteWebDriver.findElement(RemoteWebDriver.java:299)
	at org.openqa.selenium.support.ui.ExpectedConditions.findElement(ExpectedConditions.java:730)
	at org.openqa.selenium.support.ui.ExpectedConditions.access$000(ExpectedConditions.java:39)
	at org.openqa.selenium.support.ui.ExpectedConditions$3.apply(ExpectedConditions.java:106)
	at org.openqa.selenium.support.ui.ExpectedConditions$3.apply(ExpectedConditions.java:103)
	at org.openqa.selenium.support.ui.FluentWait.until(FluentWait.java:208)
	... 33 more
... Removed 27 stack frames</pre></div><a href='#' onClick='toggleBox("stack-trace640494662", this, "Click to show all stack frames", "Click to hide stack frames")'>Click to show all stack frames</a>
<div class='stack-trace' id='stack-trace640494662'><pre>org.openqa.selenium.TimeoutException: Timed out after 120 seconds waiting for presence of element located by: By.id: username
Build info: version: '2.39.0', revision: '14fa800511cc5d66d426e08b0b2ab926c7ed7398', time: '2013-12-16 13:18:38'
System info: host: 'BRICAWL-9JDVVY1', ip: '192.168.1.17', os.name: 'Windows 8', os.arch: 'amd64', os.version: '6.2', java.version: '1.7.0_51'
Driver info: driver.version: unknown
	at org.openqa.selenium.support.ui.FluentWait.timeoutException(FluentWait.java:259)
	at org.openqa.selenium.support.ui.FluentWait.until(FluentWait.java:228)
	at com.pearson.piltg.ngmelII.util.UtilityCommon.waitForElementPresent(UtilityCommon.java:193)
	at com.pearson.piltg.ngmelII.common.Common.loginToPlatform(Common.java:72)
	at com.pearson.piltg.ngmelII.common.Common.assignActivity(Common.java:530)
	at com.pearson.piltg.ngmelII.RegressionNMELIII.GradeBook_Teacher_withP2.preConditionTeacherGradedAssignAndAttempt(GradeBook_Teacher_withP2.java:74)
	at sun.reflect.NativeMethodAccessorImpl.invoke0(Native Method)
	at sun.reflect.NativeMethodAccessorImpl.invoke(NativeMethodAccessorImpl.java:57)
	at sun.reflect.DelegatingMethodAccessorImpl.invoke(DelegatingMethodAccessorImpl.java:43)
	at java.lang.reflect.Method.invoke(Method.java:606)
	at org.testng.internal.MethodHelper.invokeMethod(MethodHelper.java:580)
	at org.testng.internal.Invoker.invokeMethod(Invoker.java:478)
	at org.testng.internal.Invoker.invokeTestMethod(Invoker.java:607)
	at org.testng.internal.Invoker.invokeTestMethods(Invoker.java:874)
	at org.testng.internal.TestMethodWorker.invokeTestMethods(TestMethodWorker.java:125)
	at org.testng.internal.TestMethodWorker.run(TestMethodWorker.java:109)
	at org.testng.TestRunner.runWorkers(TestRunner.java:689)
	at org.testng.TestRunner.privateRun(TestRunner.java:566)
	at org.testng.TestRunner.run(TestRunner.java:466)
	at org.testng.SuiteRunner.runTest(SuiteRunner.java:301)
	at org.testng.SuiteRunner.runSequentially(SuiteRunner.java:296)
	at org.testng.SuiteRunner.privateRun(SuiteRunner.java:276)
	at org.testng.SuiteRunner.run(SuiteRunner.java:191)
	at org.testng.TestNG.createAndRunSuiteRunners(TestNG.java:808)
	at org.testng.TestNG.runSuitesLocally(TestNG.java:776)
	at org.testng.TestNG.run(TestNG.java:701)
	at org.apache.maven.surefire.testng.TestNGExecutor.run(TestNGExecutor.java:74)
	at org.apache.maven.surefire.testng.TestNGXmlTestSuite.execute(TestNGXmlTestSuite.java:92)
	at org.apache.maven.surefire.Surefire.run(Surefire.java:180)
	at sun.reflect.NativeMethodAccessorImpl.invoke0(Native Method)
	at sun.reflect.NativeMethodAccessorImpl.invoke(NativeMethodAccessorImpl.java:57)
	at sun.reflect.DelegatingMethodAccessorImpl.invoke(DelegatingMethodAccessorImpl.java:43)
	at java.lang.reflect.Method.invoke(Method.java:606)
	at org.apache.maven.surefire.booter.SurefireBooter.runSuitesInProcess(SurefireBooter.java:350)
	at org.apache.maven.surefire.booter.SurefireBooter.main(SurefireBooter.java:1021)
Caused by: org.openqa.selenium.NoSuchElementException: no such element
  (Session info: chrome=37.0.2062.124)
  (Driver info: chromedriver=2.8.241075,platform=Windows NT 6.3 x86_64) (WARNING: The server did not provide any stacktrace information)
Command duration or timeout: 20 milliseconds
For documentation on this error, please visit: http://seleniumhq.org/exceptions/no_such_element.html
Build info: version: '2.39.0', revision: '14fa800511cc5d66d426e08b0b2ab926c7ed7398', time: '2013-12-16 13:18:38'
System info: host: 'BRICAWL-9JDVVY1', ip: '192.168.1.17', os.name: 'Windows 8', os.arch: 'amd64', os.version: '6.2', java.version: '1.7.0_51'
Session ID: d78c214c2902bbd7b4be66ed13e4f2e3
Driver info: org.openqa.selenium.chrome.ChromeDriver
Capabilities [{platform=WIN8, acceptSslCerts=true, javascriptEnabled=true, browserName=chrome, chrome={userDataDir=C:\Users\ubasaja\AppData\Local\Temp\scoped_dir6648_7487}, rotatable=false, locationContextEnabled=true, version=37.0.2062.124, takesHeapSnapshot=true, cssSelectorsEnabled=true, databaseEnabled=false, handlesAlerts=true, browserConnectionEnabled=false, nativeEvents=true, webStorageEnabled=true, applicationCacheEnabled=false, takesScreenshot=true}]
	at sun.reflect.GeneratedConstructorAccessor16.newInstance(Unknown Source)
	at sun.reflect.DelegatingConstructorAccessorImpl.newInstance(DelegatingConstructorAccessorImpl.java:45)
	at java.lang.reflect.Constructor.newInstance(Constructor.java:526)
	at org.openqa.selenium.remote.ErrorHandler.createThrowable(ErrorHandler.java:193)
	at org.openqa.selenium.remote.ErrorHandler.throwIfResponseFailed(ErrorHandler.java:145)
	at org.openqa.selenium.remote.RemoteWebDriver.execute(RemoteWebDriver.java:554)
	at org.openqa.selenium.remote.RemoteWebDriver.findElement(RemoteWebDriver.java:307)
	at org.openqa.selenium.remote.RemoteWebDriver.findElementById(RemoteWebDriver.java:348)
	at org.openqa.selenium.By$ById.findElement(By.java:220)
	at org.openqa.selenium.remote.RemoteWebDriver.findElement(RemoteWebDriver.java:299)
	at org.openqa.selenium.support.ui.ExpectedConditions.findElement(ExpectedConditions.java:730)
	at org.openqa.selenium.support.ui.ExpectedConditions.access$000(ExpectedConditions.java:39)
	at org.openqa.selenium.support.ui.ExpectedConditions$3.apply(ExpectedConditions.java:106)
	at org.openqa.selenium.support.ui.ExpectedConditions$3.apply(ExpectedConditions.java:103)
	at org.openqa.selenium.support.ui.FluentWait.until(FluentWait.java:208)
	... 33 more
</pre></div></td>
</tr>
<tr>
<td title='com.pearson.piltg.ngmelII.RegressionNMELIII.ReAssign.reAssignAssignments()'>reAssignAssignments<br/><b>NEWNGMEL-3212_1,NEWNGMEL-3212_2</b><br/>
<a href="#Output-685369471" onClick='toggleBox("Output-685369471", this, "Show output", "Hide output");'>Show output</a>

<a href="#Output-685369471" onClick="toggleAllBoxes();">Show all outputs</a>
<div class='log' id="Output-685369471">
Test method: NEWNGMEL-3212_1,NEWNGMEL-3212_2<br/>
<br> <font color=green>Home tab is loaded correctly</font><br/>
Home Page is loaded<br/>
Current Tab selected isSETTINGS<br/>
<br> PERSONAL PROFILE tab is loaded correctly<br/>
Teacher is in Expert mode<br/>
Current Tab selected isCOURSE<br/>
Selected a Course Options<br/>
</div>
</td>
<td>518</td>
<td><div><pre>org.openqa.selenium.WebDriverException: unknown error: Element is not clickable at point (1075, 22). Other element would receive the click: &lt;li class="flash-notice expiredCourses"&gt;...&lt;/li&gt;
  (Session info: chrome=37.0.2062.124)
  (Driver info: chromedriver=2.8.241075,platform=Windows NT 6.3 x86_64) (WARNING: The server did not provide any stacktrace information)
Command duration or timeout: 27 milliseconds
Build info: version: '2.39.0', revision: '14fa800511cc5d66d426e08b0b2ab926c7ed7398', time: '2013-12-16 13:18:38'
System info: host: 'BRICAWL-9JDVVY1', ip: '192.168.1.17', os.name: 'Windows 8', os.arch: 'amd64', os.version: '6.2', java.version: '1.7.0_51'
Session ID: 53f13df3912ad8429e257a74321893ed
Driver info: org.openqa.selenium.chrome.ChromeDriver
Capabilities [{platform=WIN8, acceptSslCerts=true, javascriptEnabled=true, browserName=chrome, chrome={userDataDir=C:\Users\ubasaja\AppData\Local\Temp\scoped_dir3572_27012}, rotatable=false, locationContextEnabled=true, version=37.0.2062.124, takesHeapSnapshot=true, cssSelectorsEnabled=true, databaseEnabled=false, handlesAlerts=true, browserConnectionEnabled=false, nativeEvents=true, webStorageEnabled=true, applicationCacheEnabled=false, takesScreenshot=true}]
	at org.openqa.selenium.remote.ErrorHandler.createThrowable(ErrorHandler.java:193)
	at org.openqa.selenium.remote.ErrorHandler.throwIfResponseFailed(ErrorHandler.java:145)
	at org.openqa.selenium.remote.RemoteWebDriver.execute(RemoteWebDriver.java:554)
	at org.openqa.selenium.remote.RemoteWebElement.execute(RemoteWebElement.java:268)
	at org.openqa.selenium.remote.RemoteWebElement.click(RemoteWebElement.java:79)
	at com.pearson.piltg.ngmelII.util.UtilityCommon.clickAndWait(UtilityCommon.java:431)
	at com.pearson.piltg.ngmelII.common.Common.logoutFromTheApplication(Common.java:199)
	at com.pearson.piltg.ngmelII.RegressionNMELIII.ReAssign.reAssignAssignments(ReAssign.java:168)
	at org.apache.maven.surefire.testng.TestNGExecutor.run(TestNGExecutor.java:74)
	at org.apache.maven.surefire.testng.TestNGXmlTestSuite.execute(TestNGXmlTestSuite.java:92)
	at org.apache.maven.surefire.Surefire.run(Surefire.java:180)
	at org.apache.maven.surefire.booter.SurefireBooter.runSuitesInProcess(SurefireBooter.java:350)
	at org.apache.maven.surefire.booter.SurefireBooter.main(SurefireBooter.java:1021)
... Removed 28 stack frames</pre></div><a href='#' onClick='toggleBox("stack-trace685369471", this, "Click to show all stack frames", "Click to hide stack frames")'>Click to show all stack frames</a>
<div class='stack-trace' id='stack-trace685369471'><pre>org.openqa.selenium.WebDriverException: unknown error: Element is not clickable at point (1075, 22). Other element would receive the click: &lt;li class="flash-notice expiredCourses"&gt;...&lt;/li&gt;
  (Session info: chrome=37.0.2062.124)
  (Driver info: chromedriver=2.8.241075,platform=Windows NT 6.3 x86_64) (WARNING: The server did not provide any stacktrace information)
Command duration or timeout: 27 milliseconds
Build info: version: '2.39.0', revision: '14fa800511cc5d66d426e08b0b2ab926c7ed7398', time: '2013-12-16 13:18:38'
System info: host: 'BRICAWL-9JDVVY1', ip: '192.168.1.17', os.name: 'Windows 8', os.arch: 'amd64', os.version: '6.2', java.version: '1.7.0_51'
Session ID: 53f13df3912ad8429e257a74321893ed
Driver info: org.openqa.selenium.chrome.ChromeDriver
Capabilities [{platform=WIN8, acceptSslCerts=true, javascriptEnabled=true, browserName=chrome, chrome={userDataDir=C:\Users\ubasaja\AppData\Local\Temp\scoped_dir3572_27012}, rotatable=false, locationContextEnabled=true, version=37.0.2062.124, takesHeapSnapshot=true, cssSelectorsEnabled=true, databaseEnabled=false, handlesAlerts=true, browserConnectionEnabled=false, nativeEvents=true, webStorageEnabled=true, applicationCacheEnabled=false, takesScreenshot=true}]
	at sun.reflect.NativeConstructorAccessorImpl.newInstance0(Native Method)
	at sun.reflect.NativeConstructorAccessorImpl.newInstance(NativeConstructorAccessorImpl.java:57)
	at sun.reflect.DelegatingConstructorAccessorImpl.newInstance(DelegatingConstructorAccessorImpl.java:45)
	at java.lang.reflect.Constructor.newInstance(Constructor.java:526)
	at org.openqa.selenium.remote.ErrorHandler.createThrowable(ErrorHandler.java:193)
	at org.openqa.selenium.remote.ErrorHandler.throwIfResponseFailed(ErrorHandler.java:145)
	at org.openqa.selenium.remote.RemoteWebDriver.execute(RemoteWebDriver.java:554)
	at org.openqa.selenium.remote.RemoteWebElement.execute(RemoteWebElement.java:268)
	at org.openqa.selenium.remote.RemoteWebElement.click(RemoteWebElement.java:79)
	at com.pearson.piltg.ngmelII.util.UtilityCommon.clickAndWait(UtilityCommon.java:431)
	at com.pearson.piltg.ngmelII.common.Common.logoutFromTheApplication(Common.java:199)
	at com.pearson.piltg.ngmelII.RegressionNMELIII.ReAssign.reAssignAssignments(ReAssign.java:168)
	at sun.reflect.NativeMethodAccessorImpl.invoke0(Native Method)
	at sun.reflect.NativeMethodAccessorImpl.invoke(NativeMethodAccessorImpl.java:57)
	at sun.reflect.DelegatingMethodAccessorImpl.invoke(DelegatingMethodAccessorImpl.java:43)
	at java.lang.reflect.Method.invoke(Method.java:606)
	at org.testng.internal.MethodHelper.invokeMethod(MethodHelper.java:580)
	at org.testng.internal.Invoker.invokeMethod(Invoker.java:478)
	at org.testng.internal.Invoker.invokeTestMethod(Invoker.java:607)
	at org.testng.internal.Invoker.invokeTestMethods(Invoker.java:874)
	at org.testng.internal.TestMethodWorker.invokeTestMethods(TestMethodWorker.java:125)
	at org.testng.internal.TestMethodWorker.run(TestMethodWorker.java:109)
	at org.testng.TestRunner.runWorkers(TestRunner.java:689)
	at org.testng.TestRunner.privateRun(TestRunner.java:566)
	at org.testng.TestRunner.run(TestRunner.java:466)
	at org.testng.SuiteRunner.runTest(SuiteRunner.java:301)
	at org.testng.SuiteRunner.runSequentially(SuiteRunner.java:296)
	at org.testng.SuiteRunner.privateRun(SuiteRunner.java:276)
	at org.testng.SuiteRunner.run(SuiteRunner.java:191)
	at org.testng.TestNG.createAndRunSuiteRunners(TestNG.java:808)
	at org.testng.TestNG.runSuitesLocally(TestNG.java:776)
	at org.testng.TestNG.run(TestNG.java:701)
	at org.apache.maven.surefire.testng.TestNGExecutor.run(TestNGExecutor.java:74)
	at org.apache.maven.surefire.testng.TestNGXmlTestSuite.execute(TestNGXmlTestSuite.java:92)
	at org.apache.maven.surefire.Surefire.run(Surefire.java:180)
	at sun.reflect.NativeMethodAccessorImpl.invoke0(Native Method)
	at sun.reflect.NativeMethodAccessorImpl.invoke(NativeMethodAccessorImpl.java:57)
	at sun.reflect.DelegatingMethodAccessorImpl.invoke(DelegatingMethodAccessorImpl.java:43)
	at java.lang.reflect.Method.invoke(Method.java:606)
	at org.apache.maven.surefire.booter.SurefireBooter.runSuitesInProcess(SurefireBooter.java:350)
	at org.apache.maven.surefire.booter.SurefireBooter.main(SurefireBooter.java:1021)
</pre></div></td>
</tr>
</table><p>
<table width='100%' border='1' class='invocation-skipped'>
<tr><td colspan='3' align='center'><b>SKIPPED TESTS</b></td></tr>
<tr><td><b>Test method</b></td>
<td width="10%"><b>Time (seconds)</b></td>
<td width="30%"><b>Exception</b></td>
</tr>
<tr>
<td title='com.pearson.piltg.ngmelII.RegressionNMELIII.GradeBook_Teacher_withP2.assignmentAverage()'>assignmentAverage<br/><b>NEWNGMEL-131_13, NEWNGMEL-131_14, NEWNGMEL-131_15</b></td>
<td>0</td>
<td></td>
</tr>
<tr>
<td title='com.pearson.piltg.ngmelII.RegressionNMELIII.GradeBook_Teacher_withP2.gradeBookExport()'>gradeBookExport<br/><b>NEWNGMEL-2205_24, NEWNGMEL-2205_17</b></td>
<td>0</td>
<td></td>
</tr>
<tr>
<td title='com.pearson.piltg.ngmelII.RegressionNMELIII.GradeBook_Teacher_withP2.gradebookTeacherGradedAssignment()'>gradebookTeacherGradedAssignment<br/><b>NEWNGMEL-131_2,NEWNGMEL-139_5.</b></td>
<td>0</td>
<td></td>
</tr>
<tr>
<td title='com.pearson.piltg.ngmelII.RegressionNMELIII.GradeBook_Teacher_withP2.viewScoresAtLevelAssignmentTeacherGraded()'>viewScoresAtLevelAssignmentTeacherGraded<br/><b>NEWNGMEL-2205_7, NEWNGMEL-2205_5, NEWNGMEL-2205_3, NEWNGMEL-2205_1</b></td>
<td>0</td>
<td></td>
</tr>
<tr>
<td title='com.pearson.piltg.ngmelII.RegressionNMELIII.GradeBook_Teacher_withP2.viewScoresAtLevelAutoGradedAssignment()'>viewScoresAtLevelAutoGradedAssignment<br/><b>NEWNGMEL-2205_12,NEWNGMEL-2205_13,NEWNGMEL-2205_14,NEWNGMEL-2205_15</b></td>
<td>0</td>
<td></td>
</tr>
<tr>
<td title='com.pearson.piltg.ngmelII.RegressionNMELIII.GradeBook_Teacher_withP2.viewScoresAtLevelPracticeActivity()'>viewScoresAtLevelPracticeActivity<br/><b>NEWNGMEL-1369_13, NEWNGMEL-1369_14, NEWNGMEL-1369_15</b></td>
<td>0</td>
<td></td>
</tr>
</table><p>
</body>
</html>