<testng-results>
  <reporter-output>
    <line>
      <![CDATA[Test method: NEWNGMEL_113_3]]>
    </line>
    <line>
      <![CDATA[<br> <font color=red>Home tab is NOT loaded correctly; current tab is [Calendar]</font>]]>
    </line>
    <line>
      <![CDATA[The Home tab did not load appropriatly.]]>
    </line>
    <line>
      <![CDATA[Current Tab selected isSETTINGS]]>
    </line>
    <line>
      <![CDATA[<br> PERSONAL PROFILE tab is loaded correctly]]>
    </line>
    <line>
      <![CDATA[Teacher is in Expert mode]]>
    </line>
    <line>
      <![CDATA[<br> Course Management tab is loaded correctly]]>
    </line>
    <line>
      <![CDATA[<br> Course Management tab is loaded correctly]]>
    </line>
    <line>
      <![CDATA[Loaded TabCOURSE SETTINGS]]>
    </line>
    <line>
      <![CDATA[Default value for score to gradebookUnlimited]]>
    </line>
    <line>
      <![CDATA[Default value for score to gradebookUnlimited]]>
    </line>
    <line>
      <![CDATA[Default value for score to gradebook1]]>
    </line>
    <line>
      <![CDATA[<br><b><font color='red'> Test Case NEWNGMEL_1873_1 Fail</b><br>]]>
    </line>
    <line>
      <![CDATA[Error In the Page]]>
    </line>
    <line>
      <![CDATA[Student_20141003105526logged out]]>
    </line>
    <line>
      <![CDATA[Test method: NEWNGMEL_113_1,NEWNGMEL_113_2,NEWNGMEL_113_3,NEWNGMEL_113_5,NEWNGMEL_113_6,NEWNGMEL_1873_1,NEWNGMEL-2037_11,NEWNGMEL-2037_12]]>
    </line>
    <line>
      <![CDATA[<br> <font color=red>Home tab is NOT loaded correctly; current tab is [Calendar]</font>]]>
    </line>
    <line>
      <![CDATA[The Home tab did not load appropriatly.]]>
    </line>
    <line>
      <![CDATA[Current Tab selected isSETTINGS]]>
    </line>
    <line>
      <![CDATA[<br> PERSONAL PROFILE tab is loaded correctly]]>
    </line>
    <line>
      <![CDATA[Teacher is in Expert mode]]>
    </line>
    <line>
      <![CDATA[<br> Course Management tab is loaded correctly]]>
    </line>
    <line>
      <![CDATA[<br> Course Management tab is loaded correctly]]>
    </line>
    <line>
      <![CDATA[Loaded TabCOURSE SETTINGS]]>
    </line>
    <line>
      <![CDATA[ new vaule selected is4]]>
    </line>
    <line>
      <![CDATA[ new vaule selected is4]]>
    </line>
    <line>
      <![CDATA[X
The updated course settings have been saved]]>
    </line>
    <line>
      <![CDATA[<br><b><font color='green'>Test Case NEWNGMEL_1873_1 Pass</b><br>]]>
    </line>
    <line>
      <![CDATA[Teacher_20141003104801 logged out]]>
    </line>
    <line>
      <![CDATA[Test method: NEWNGMEL_113_6]]>
    </line>
    <line>
      <![CDATA[<br> <font color=red>Home tab is NOT loaded correctly; current tab is [Calendar]</font>]]>
    </line>
    <line>
      <![CDATA[The Home tab did not load appropriately.]]>
    </line>
    <line>
      <![CDATA[View more button is disable]]>
    </line>
    <line>
      <![CDATA[Test method: NEWNGMEL_336_7,NEWNGMEL_336_9,NEWNGMEL_336_10,NEWNGMEL_336_12,Toc-Student NEWNGMEL-2269_1]]>
    </line>
    <line>
      <![CDATA[<br> <font color=red>Home tab is NOT loaded correctly; current tab is [Calendar]</font>]]>
    </line>
    <line>
      <![CDATA[The Home tab did not load appropriatly.]]>
    </line>
    <line>
      <![CDATA[Current Tab selected isSETTINGS]]>
    </line>
    <line>
      <![CDATA[<br> PERSONAL PROFILE tab is loaded correctly]]>
    </line>
    <line>
      <![CDATA[Teacher is now in Basic mode]]>
    </line>
    <line>
      <![CDATA[<br><b><font color='red'> Test Case NEWNGMEL_336_7 Fail</b><br>]]>
    </line>
    <line>
      <![CDATA[<br><b><font color='red'> Test Case NEWNGMEL_336_12 Fail</b><br>]]>
    </line>
    <line>
      <![CDATA[Test method: NEWNGMEL-2037_10.]]>
    </line>
    <line>
      <![CDATA[<br> <font color=red>Home tab is NOT loaded correctly; current tab is [Calendar]</font>]]>
    </line>
    <line>
      <![CDATA[The Home tab did not load appropriately.]]>
    </line>
    <line>
      <![CDATA[Current Tab selected isSETTINGS]]>
    </line>
    <line>
      <![CDATA[<br> PERSONAL PROFILE tab is loaded correctly]]>
    </line>
    <line>
      <![CDATA[Teacher is now in Expert mode]]>
    </line>
    <line>
      <![CDATA[Test method: NEWNGMEL_336_2,NEWNGMEL_336_3,NEWNGMEL_336_4,NEWNGMEL_336_5.]]>
    </line>
    <line>
      <![CDATA[<br> <font color=red>Home tab is NOT loaded correctly; current tab is [Calendar]</font>]]>
    </line>
    <line>
      <![CDATA[The Home tab did not load appropriatly.]]>
    </line>
    <line>
      <![CDATA[Current Tab selected isSETTINGS]]>
    </line>
    <line>
      <![CDATA[<br> PERSONAL PROFILE tab is loaded correctly]]>
    </line>
    <line>
      <![CDATA[Teacher is now in Basic mode]]>
    </line>
    <line>
      <![CDATA[<br><b><font color='red'> Test Case NEWNGMEL_336_3 Fail</b><br>]]>
    </line>
    <line>
      <![CDATA[Test method: NEWNGMEL_1873_2,NEWNGMEL_1873_3]]>
    </line>
    <line>
      <![CDATA[Current Tab selected isSETTINGS]]>
    </line>
    <line>
      <![CDATA[<br> PERSONAL PROFILE tab is loaded correctly]]>
    </line>
    <line>
      <![CDATA[Teacher is now in Expert mode]]>
    </line>
    <line>
      <![CDATA[<br><b>Test method: NEWNGMEL-1683_3, NEWNGMEL-1683_4.</b></br>]]>
    </line>
    <line>
      <![CDATA[<br><b>Test method: NEWNGMEL-1683_1, NEWNGMEL-1683_2.</b></br>]]>
    </line>
    <line>
      <![CDATA[<br><b>Test method: NEWNGMEL-2475_21</b></br>]]>
    </line>
    <line>
      <![CDATA[Current Tab selected isCOURSE]]>
    </line>
    <line>
      <![CDATA[Selected a Course Options]]>
    </line>
    <line>
      <![CDATA[Tree Structure till unitPronunciation practice]]>
    </line>
    <line>
      <![CDATA[Toc Tree structure at sub-unitSchwa /É™/]]>
    </line>
    <line>
      <![CDATA[Exercise 1is Assign again]]>
    </line>
    <line>
      <![CDATA[Selected All Students]]>
    </line>
    <line>
      <![CDATA[Selected a Date]]>
    </line>
    <line>
      <![CDATA[Clicked Assign button]]>
    </line>
    <line>
      <![CDATA[X
The assignment has been successfully allocated to your student.]]>
    </line>
    <line>
      <![CDATA[Teacher_1 logged out]]>
    </line>
    <line>
      <![CDATA[<br><b>Mark link does not exists. Hence teacher is not able to see the number of assignments that have been submitted.</b></br>]]>
    </line>
    <line>
      <![CDATA[<br><b><font color='red'> Test Case NEWNGMEL-2475_3 Fail</b><br>]]>
    </line>
    <line>
      <![CDATA[<br><b><font color='red'> Test Case NEWNGMEL-2475_21 Fail</b><br>]]>
    </line>
    <line>
      <![CDATA[<br><b>Test method: NEWNGMEL-2475_5,NEWNGMEL-126_1(Grading scenario).</b></br>]]>
    </line>
    <line>
      <![CDATA[Current Tab selected isCOURSE]]>
    </line>
    <line>
      <![CDATA[Selected a Course Options]]>
    </line>
    <line>
      <![CDATA[Tree Structure till unitPronunciation practice]]>
    </line>
    <line>
      <![CDATA[Toc Tree structure at sub-unitIntonation in questions and answers]]>
    </line>
    <line>
      <![CDATA[Exercise 1is Assigned/Open]]>
    </line>
    <line>
      <![CDATA[Selected All Students]]>
    </line>
    <line>
      <![CDATA[Selected a Date]]>
    </line>
    <line>
      <![CDATA[Clicked Assign button]]>
    </line>
    <line>
      <![CDATA[X
The assignment has been successfully allocated to your student.]]>
    </line>
    <line>
      <![CDATA[Teacher_1 logged out]]>
    </line>
    <line>
      <![CDATA[<br><b>Mark link exists. Hence teacher is able to see the number of assignments that have been submitted.</br>]]>
    </line>
    <line>
      <![CDATA[Teacher is allowed to add textual comments along with the mark while grading the assignment. Grading test case.]]>
    </line>
    <line>
      <![CDATA[<br><b><font color='green'>Test Case NEWNGMEL-126_1 Pass</b><br>]]>
    </line>
    <line>
      <![CDATA[<br><b><font color='green'>Test Case NEWNGMEL-2475_5 Pass</b><br>]]>
    </line>
    <line>
      <![CDATA[<br><b>Test method: NEWNGMEL-2475_17</b></br>]]>
    </line>
    <line>
      <![CDATA[Current Tab selected isCOURSE]]>
    </line>
    <line>
      <![CDATA[Selected a Course Options]]>
    </line>
    <line>
      <![CDATA[Tree Structure till unitSpeaking and listening]]>
    </line>
    <line>
      <![CDATA[Toc Tree structure at sub-unitSpeaking - Opinions]]>
    </line>
    <line>
      <![CDATA[Exercise 1is Assigned/Open]]>
    </line>
    <line>
      <![CDATA[Selected All Students]]>
    </line>
    <line>
      <![CDATA[Selected a Date]]>
    </line>
    <line>
      <![CDATA[Clicked Assign button]]>
    </line>
    <line>
      <![CDATA[X
The assignment has been successfully allocated to your student.]]>
    </line>
    <line>
      <![CDATA[Teacher_1 logged out]]>
    </line>
    <line>
      <![CDATA[<br><b><font color='green'>Test Case NEWNGMEL-2475_17 Pass</b><br>]]>
    </line>
    <line>
      <![CDATA[<br>Test method: NEWNGMEL-1681_1,NEWNGMEL-1681_2.</br>]]>
    </line>
    <line>
      <![CDATA[Current Tab selected isMessage]]>
    </line>
    <line>
      <![CDATA[Current Tab selected isMessage]]>
    </line>
    <line>
      <![CDATA[Recipients are added from contact list]]>
    </line>
    <line>
      <![CDATA[Recipients are displayed in Recipients field.]]>
    </line>
    <line>
      <![CDATA[Current Tab selected isMessage]]>
    </line>
    <line>
      <![CDATA[Current Tab selected isMessage]]>
    </line>
    <line>
      <![CDATA[<br>Teacher reply messageRe: Subject Test.168is displayed in student inbox.</br>]]>
    </line>
    <line>
      <![CDATA[<br><b><font color='green'>Test Case NEWNGMEL-1681_1 Pass</b><br>]]>
    </line>
    <line>
      <![CDATA[Current Tab selected isMessage]]>
    </line>
    <line>
      <![CDATA[<br>Student reply messageRe: Subject Test.168is displayed in teacher inbox.</br>]]>
    </line>
    <line>
      <![CDATA[<br><b><font color='green'>Test Case NEWNGMEL-1681_2 Pass</b><br>]]>
    </line>
  </reporter-output>
  <suite name="NMEL-3 Regression Suite">
    <groups>
      <group name="regression">
        <method signature="com.pearson.piltg.ngmelII.RegressionNMELIII.DeleteMessage.studentDelete()" name="studentDelete" class="com.pearson.piltg.ngmelII.RegressionNMELIII.DeleteMessage"/>
        <method signature="com.pearson.piltg.ngmelII.RegressionNMELIII.AssignAndUpdate_ActivitiesCycle.assignAssignmentDefaultSettingExpertMode()" name="assignAssignmentDefaultSettingExpertMode" class="com.pearson.piltg.ngmelII.RegressionNMELIII.AssignAndUpdate_ActivitiesCycle"/>
        <method signature="com.pearson.piltg.ngmelII.RegressionNMELIII.AssignAndUpdate_ActivitiesCycle.assignAssignmentExpertMode()" name="assignAssignmentExpertMode" class="com.pearson.piltg.ngmelII.RegressionNMELIII.AssignAndUpdate_ActivitiesCycle"/>
        <method signature="com.pearson.piltg.ngmelII.RegressionNMELIII.AssignAndUpdate_ActivitiesCycle.studentAttemptAssignAssignmentExpertMode()" name="studentAttemptAssignAssignmentExpertMode" class="com.pearson.piltg.ngmelII.RegressionNMELIII.AssignAndUpdate_ActivitiesCycle"/>
        <method signature="com.pearson.piltg.ngmelII.RegressionNMELIII.DeleteMessage.teacherDelete()" name="teacherDelete" class="com.pearson.piltg.ngmelII.RegressionNMELIII.DeleteMessage"/>
        <method signature="com.pearson.piltg.ngmelII.RegressionNMELIII.ReplyMessage.replyMessage()" name="replyMessage" class="com.pearson.piltg.ngmelII.RegressionNMELIII.ReplyMessage"/>
        <method signature="com.pearson.piltg.ngmelII.RegressionNMELIII.AssignAndUpdate_ActivitiesCycle.sendAssignmentPageVerificationForCourseEndDateGreaterExpertMode()" name="sendAssignmentPageVerificationForCourseEndDateGreaterExpertMode" class="com.pearson.piltg.ngmelII.RegressionNMELIII.AssignAndUpdate_ActivitiesCycle"/>
        <method signature="com.pearson.piltg.ngmelII.RegressionNMELIII.AssignAndUpdate_ActivitiesCycle.studentsAttemptsPractiseActivity()" name="studentsAttemptsPractiseActivity" class="com.pearson.piltg.ngmelII.RegressionNMELIII.AssignAndUpdate_ActivitiesCycle"/>
        <method signature="com.pearson.piltg.ngmelII.RegressionNMELIII.HomepageTabEnhancements.toDoAssignmentDisappearStudent()" name="toDoAssignmentDisappearStudent" class="com.pearson.piltg.ngmelII.RegressionNMELIII.HomepageTabEnhancements"/>
        <method signature="com.pearson.piltg.ngmelII.RegressionNMELIII.HomepageTabEnhancements.toDoEnhancementsTeacher()" name="toDoEnhancementsTeacher" class="com.pearson.piltg.ngmelII.RegressionNMELIII.HomepageTabEnhancements"/>
        <method signature="com.pearson.piltg.ngmelII.RegressionNMELIII.HomepageTabEnhancements.recentActivityEnhancementsStudent()" name="recentActivityEnhancementsStudent" class="com.pearson.piltg.ngmelII.RegressionNMELIII.HomepageTabEnhancements"/>
      </group>
    </groups>
    <test name="Regression Tests 3">
      <class name="com.pearson.piltg.ngmelII.RegressionNMELIII.HomepageTabEnhancements">
        <test-method status="PASS" signature="recentActivityEnhancementsStudent()" name="recentActivityEnhancementsStudent" duration-ms="192566" started-at="2014-10-04T12:58:49Z" description="NEWNGMEL-2475_17" finished-at="2014-10-04T13:02:01Z">
        </test-method>
        <test-method status="PASS" signature="tearDown()" name="tearDown" is-config="true" duration-ms="2629" started-at="2014-10-04T13:02:01Z" finished-at="2014-10-04T13:02:04Z">
        </test-method>
        <test-method status="PASS" signature="toDoEnhancementsTeacher()" name="toDoEnhancementsTeacher" duration-ms="339272" started-at="2014-10-04T12:53:09Z" description="NEWNGMEL-2475_5,NEWNGMEL-126_1(Grading scenario)" finished-at="2014-10-04T12:58:49Z">
        </test-method>
        <test-method status="PASS" signature="toDoAssignmentDisappearStudent()" name="toDoAssignmentDisappearStudent" duration-ms="413104" started-at="2014-10-04T12:46:16Z" description="NEWNGMEL-2475_21" finished-at="2014-10-04T12:53:09Z">
        </test-method>
        <test-method status="PASS" signature="setUp()" name="setUp" is-config="true" duration-ms="6801" started-at="2014-10-04T12:46:10Z" finished-at="2014-10-04T12:46:16Z">
        </test-method>
      </class>
      <class name="com.pearson.piltg.ngmelII.RegressionNMELIII.ReplyMessage">
        <test-method status="PASS" signature="tearDown()" name="tearDown" is-config="true" duration-ms="2348" started-at="2014-10-04T13:06:19Z" finished-at="2014-10-04T13:06:21Z">
        </test-method>
        <test-method status="PASS" signature="replyMessage()" name="replyMessage" duration-ms="248178" started-at="2014-10-04T13:02:11Z" description="NEWNGMEL-1681_1,NEWNGMEL-1681_2." finished-at="2014-10-04T13:06:19Z">
        </test-method>
        <test-method status="PASS" signature="setUp()" name="setUp" is-config="true" duration-ms="6821" started-at="2014-10-04T13:02:04Z" finished-at="2014-10-04T13:02:11Z">
        </test-method>
      </class>
      <class name="com.pearson.piltg.ngmelII.RegressionNMELIII.AssignAndUpdate_ActivitiesCycle">
        <test-method status="PASS" signature="sendAssignmentPageVerificationForCourseEndDateGreaterExpertMode()" name="sendAssignmentPageVerificationForCourseEndDateGreaterExpertMode" duration-ms="52903" started-at="2014-10-04T12:39:00Z" description="NEWNGMEL-2037_10" finished-at="2014-10-04T12:39:53Z">
        </test-method>
        <test-method status="PASS" signature="assignActivityBasicMode()" name="assignActivityBasicMode" duration-ms="55424" started-at="2014-10-04T12:39:53Z" finished-at="2014-10-04T12:40:48Z">
        </test-method>
        <test-method status="PASS" signature="assignTestBasicModeDueDateTimer()" name="assignTestBasicModeDueDateTimer" duration-ms="54777" started-at="2014-10-04T12:38:05Z" finished-at="2014-10-04T12:39:00Z">
        </test-method>
        <test-method status="PASS" signature="tearDown()" name="tearDown" is-config="true" duration-ms="1287" started-at="2014-10-04T12:41:39Z" finished-at="2014-10-04T12:41:40Z">
        </test-method>
        <test-method status="PASS" signature="studentAttemptAssignAssignmentExpertMode()" name="studentAttemptAssignAssignmentExpertMode" duration-ms="276289" started-at="2014-10-04T12:33:29Z" description="NEWNGMEL_113_6" depends-on-methods="com.pearson.piltg.ngmelII.RegressionNMELIII.AssignAndUpdate_ActivitiesCycle.assignAssignmentExpertMode" finished-at="2014-10-04T12:38:05Z">
        </test-method>
        <test-method status="PASS" signature="setUp()" name="setUp" is-config="true" duration-ms="7720" started-at="2014-10-04T12:29:38Z" finished-at="2014-10-04T12:29:46Z">
        </test-method>
        <test-method status="PASS" signature="studentsAttemptsPractiseActivity()" name="studentsAttemptsPractiseActivity" duration-ms="50474" started-at="2014-10-04T12:40:48Z" description="NEWNGMEL_1873_2,NEWNGMEL_1873_3" finished-at="2014-10-04T12:41:39Z">
        </test-method>
        <test-method status="PASS" signature="assignAssignmentExpertMode()" name="assignAssignmentExpertMode" duration-ms="114871" started-at="2014-10-04T12:31:34Z" description="NEWNGMEL_113_1,NEWNGMEL_113_2,NEWNGMEL_113_3,NEWNGMEL_113_5,NEWNGMEL_1873_1,NEWNGMEL-2037_11,NEWNGMEL-2037_12" depends-on-methods="com.pearson.piltg.ngmelII.RegressionNMELIII.AssignAndUpdate_ActivitiesCycle.assignAssignmentDefaultSettingExpertMode" finished-at="2014-10-04T12:33:29Z">
        </test-method>
        <test-method status="PASS" signature="assignAssignmentDefaultSettingExpertMode()" name="assignAssignmentDefaultSettingExpertMode" duration-ms="107963" started-at="2014-10-04T12:29:46Z" description="NEWNGMEL_113_3" finished-at="2014-10-04T12:31:34Z">
        </test-method>
      </class>
      <class name="com.pearson.piltg.ngmelII.RegressionNMELIII.DeleteMessage">
        <test-method status="PASS" signature="tearDown()" name="tearDown" is-config="true" duration-ms="2332" started-at="2014-10-04T12:46:07Z" finished-at="2014-10-04T12:46:10Z">
        </test-method>
        <test-method status="PASS" signature="setUp()" name="setUp" is-config="true" duration-ms="7765" started-at="2014-10-04T12:41:40Z" finished-at="2014-10-04T12:41:48Z">
        </test-method>
        <test-method status="FAIL" signature="studentDelete()" name="studentDelete" duration-ms="138741" started-at="2014-10-04T12:41:48Z" description="NEWNGMEL-1683_3, NEWNGMEL-1683_4" finished-at="2014-10-04T12:44:07Z">
          <exception class="org.openqa.selenium.TimeoutException">
            <message>
              <![CDATA[Timed out after 120 seconds waiting for presence of element located by: By.id: menuFourth
Build info: version: '2.39.0', revision: '14fa800511cc5d66d426e08b0b2ab926c7ed7398', time: '2013-12-16 13:18:38'
System info: host: 'BRICAWL-9JDVVY1', ip: '192.168.1.109', os.name: 'Windows 8', os.arch: 'amd64', os.version: '6.2', java.version: '1.7.0_51'
Driver info: driver.version: unknown]]>
            </message>
            <full-stacktrace>
              <![CDATA[org.openqa.selenium.TimeoutException: Timed out after 120 seconds waiting for presence of element located by: By.id: menuFourth
Build info: version: '2.39.0', revision: '14fa800511cc5d66d426e08b0b2ab926c7ed7398', time: '2013-12-16 13:18:38'
System info: host: 'BRICAWL-9JDVVY1', ip: '192.168.1.109', os.name: 'Windows 8', os.arch: 'amd64', os.version: '6.2', java.version: '1.7.0_51'
Driver info: driver.version: unknown
	at org.openqa.selenium.support.ui.FluentWait.timeoutException(FluentWait.java:259)
	at org.openqa.selenium.support.ui.FluentWait.until(FluentWait.java:228)
	at com.pearson.piltg.ngmelII.util.UtilityCommon.waitForElementPresent(UtilityCommon.java:193)
	at com.pearson.piltg.ngmelII.home.page.HomePageCommon.selectTab(HomePageCommon.java:84)
	at com.pearson.piltg.ngmelII.message.page.MessageCommon.createMessage(MessageCommon.java:111)
	at com.pearson.piltg.ngmelII.RegressionNMELIII.DeleteMessage.studentDelete(DeleteMessage.java:125)
	at sun.reflect.NativeMethodAccessorImpl.invoke0(Native Method)
	at sun.reflect.NativeMethodAccessorImpl.invoke(NativeMethodAccessorImpl.java:57)
	at sun.reflect.DelegatingMethodAccessorImpl.invoke(DelegatingMethodAccessorImpl.java:43)
	at java.lang.reflect.Method.invoke(Method.java:606)
	at org.testng.internal.MethodHelper.invokeMethod(MethodHelper.java:580)
	at org.testng.internal.Invoker.invokeMethod(Invoker.java:478)
	at org.testng.internal.Invoker.invokeTestMethod(Invoker.java:607)
	at org.testng.internal.Invoker.invokeTestMethods(Invoker.java:874)
	at org.testng.internal.TestMethodWorker.invokeTestMethods(TestMethodWorker.java:125)
	at org.testng.internal.TestMethodWorker.run(TestMethodWorker.java:109)
	at org.testng.TestRunner.runWorkers(TestRunner.java:689)
	at org.testng.TestRunner.privateRun(TestRunner.java:566)
	at org.testng.TestRunner.run(TestRunner.java:466)
	at org.testng.SuiteRunner.runTest(SuiteRunner.java:301)
	at org.testng.SuiteRunner.runSequentially(SuiteRunner.java:296)
	at org.testng.SuiteRunner.privateRun(SuiteRunner.java:276)
	at org.testng.SuiteRunner.run(SuiteRunner.java:191)
	at org.testng.TestNG.createAndRunSuiteRunners(TestNG.java:808)
	at org.testng.TestNG.runSuitesLocally(TestNG.java:776)
	at org.testng.TestNG.run(TestNG.java:701)
	at org.apache.maven.surefire.testng.TestNGExecutor.run(TestNGExecutor.java:74)
	at org.apache.maven.surefire.testng.TestNGXmlTestSuite.execute(TestNGXmlTestSuite.java:92)
	at org.apache.maven.surefire.Surefire.run(Surefire.java:180)
	at sun.reflect.NativeMethodAccessorImpl.invoke0(Native Method)
	at sun.reflect.NativeMethodAccessorImpl.invoke(NativeMethodAccessorImpl.java:57)
	at sun.reflect.DelegatingMethodAccessorImpl.invoke(DelegatingMethodAccessorImpl.java:43)
	at java.lang.reflect.Method.invoke(Method.java:606)
	at org.apache.maven.surefire.booter.SurefireBooter.runSuitesInProcess(SurefireBooter.java:350)
	at org.apache.maven.surefire.booter.SurefireBooter.main(SurefireBooter.java:1021)
Caused by: org.openqa.selenium.NoSuchElementException: no such element
  (Session info: chrome=37.0.2062.124)
  (Driver info: chromedriver=2.8.241075,platform=Windows NT 6.3 x86_64) (WARNING: The server did not provide any stacktrace information)
Command duration or timeout: 20 milliseconds
For documentation on this error, please visit: http://seleniumhq.org/exceptions/no_such_element.html
Build info: version: '2.39.0', revision: '14fa800511cc5d66d426e08b0b2ab926c7ed7398', time: '2013-12-16 13:18:38'
System info: host: 'BRICAWL-9JDVVY1', ip: '192.168.1.109', os.name: 'Windows 8', os.arch: 'amd64', os.version: '6.2', java.version: '1.7.0_51'
Session ID: 772ded219f5b55b2c57e19ac47f81415
Driver info: org.openqa.selenium.chrome.ChromeDriver
Capabilities [{platform=WIN8, acceptSslCerts=true, javascriptEnabled=true, browserName=chrome, chrome={userDataDir=C:\Users\ubasaja\AppData\Local\Temp\scoped_dir11580_12000}, rotatable=false, locationContextEnabled=true, version=37.0.2062.124, takesHeapSnapshot=true, cssSelectorsEnabled=true, databaseEnabled=false, handlesAlerts=true, browserConnectionEnabled=false, nativeEvents=true, webStorageEnabled=true, applicationCacheEnabled=false, takesScreenshot=true}]
	at sun.reflect.GeneratedConstructorAccessor16.newInstance(Unknown Source)
	at sun.reflect.DelegatingConstructorAccessorImpl.newInstance(DelegatingConstructorAccessorImpl.java:45)
	at java.lang.reflect.Constructor.newInstance(Constructor.java:526)
	at org.openqa.selenium.remote.ErrorHandler.createThrowable(ErrorHandler.java:193)
	at org.openqa.selenium.remote.ErrorHandler.throwIfResponseFailed(ErrorHandler.java:145)
	at org.openqa.selenium.remote.RemoteWebDriver.execute(RemoteWebDriver.java:554)
	at org.openqa.selenium.remote.RemoteWebDriver.findElement(RemoteWebDriver.java:307)
	at org.openqa.selenium.remote.RemoteWebDriver.findElementById(RemoteWebDriver.java:348)
	at org.openqa.selenium.By$ById.findElement(By.java:220)
	at org.openqa.selenium.remote.RemoteWebDriver.findElement(RemoteWebDriver.java:299)
	at org.openqa.selenium.support.ui.ExpectedConditions.findElement(ExpectedConditions.java:730)
	at org.openqa.selenium.support.ui.ExpectedConditions.access$000(ExpectedConditions.java:39)
	at org.openqa.selenium.support.ui.ExpectedConditions$3.apply(ExpectedConditions.java:106)
	at org.openqa.selenium.support.ui.ExpectedConditions$3.apply(ExpectedConditions.java:103)
	at org.openqa.selenium.support.ui.FluentWait.until(FluentWait.java:208)
	... 33 more
]]>
            </full-stacktrace>
          </exception>
        </test-method>
        <test-method status="FAIL" signature="teacherDelete()" name="teacherDelete" duration-ms="120206" started-at="2014-10-04T12:44:07Z" description="NEWNGMEL-1683_1, NEWNGMEL-1683_2" finished-at="2014-10-04T12:46:07Z">
          <exception class="org.openqa.selenium.TimeoutException">
            <message>
              <![CDATA[Timed out after 120 seconds waiting for presence of element located by: By.id: username
Build info: version: '2.39.0', revision: '14fa800511cc5d66d426e08b0b2ab926c7ed7398', time: '2013-12-16 13:18:38'
System info: host: 'BRICAWL-9JDVVY1', ip: '192.168.1.109', os.name: 'Windows 8', os.arch: 'amd64', os.version: '6.2', java.version: '1.7.0_51'
Driver info: driver.version: unknown]]>
            </message>
            <full-stacktrace>
              <![CDATA[org.openqa.selenium.TimeoutException: Timed out after 120 seconds waiting for presence of element located by: By.id: username
Build info: version: '2.39.0', revision: '14fa800511cc5d66d426e08b0b2ab926c7ed7398', time: '2013-12-16 13:18:38'
System info: host: 'BRICAWL-9JDVVY1', ip: '192.168.1.109', os.name: 'Windows 8', os.arch: 'amd64', os.version: '6.2', java.version: '1.7.0_51'
Driver info: driver.version: unknown
	at org.openqa.selenium.support.ui.FluentWait.timeoutException(FluentWait.java:259)
	at org.openqa.selenium.support.ui.FluentWait.until(FluentWait.java:228)
	at com.pearson.piltg.ngmelII.util.UtilityCommon.waitForElementPresent(UtilityCommon.java:193)
	at com.pearson.piltg.ngmelII.message.page.MessageCommon.createMessage(MessageCommon.java:108)
	at com.pearson.piltg.ngmelII.RegressionNMELIII.DeleteMessage.teacherDelete(DeleteMessage.java:34)
	at sun.reflect.NativeMethodAccessorImpl.invoke0(Native Method)
	at sun.reflect.NativeMethodAccessorImpl.invoke(NativeMethodAccessorImpl.java:57)
	at sun.reflect.DelegatingMethodAccessorImpl.invoke(DelegatingMethodAccessorImpl.java:43)
	at java.lang.reflect.Method.invoke(Method.java:606)
	at org.testng.internal.MethodHelper.invokeMethod(MethodHelper.java:580)
	at org.testng.internal.Invoker.invokeMethod(Invoker.java:478)
	at org.testng.internal.Invoker.invokeTestMethod(Invoker.java:607)
	at org.testng.internal.Invoker.invokeTestMethods(Invoker.java:874)
	at org.testng.internal.TestMethodWorker.invokeTestMethods(TestMethodWorker.java:125)
	at org.testng.internal.TestMethodWorker.run(TestMethodWorker.java:109)
	at org.testng.TestRunner.runWorkers(TestRunner.java:689)
	at org.testng.TestRunner.privateRun(TestRunner.java:566)
	at org.testng.TestRunner.run(TestRunner.java:466)
	at org.testng.SuiteRunner.runTest(SuiteRunner.java:301)
	at org.testng.SuiteRunner.runSequentially(SuiteRunner.java:296)
	at org.testng.SuiteRunner.privateRun(SuiteRunner.java:276)
	at org.testng.SuiteRunner.run(SuiteRunner.java:191)
	at org.testng.TestNG.createAndRunSuiteRunners(TestNG.java:808)
	at org.testng.TestNG.runSuitesLocally(TestNG.java:776)
	at org.testng.TestNG.run(TestNG.java:701)
	at org.apache.maven.surefire.testng.TestNGExecutor.run(TestNGExecutor.java:74)
	at org.apache.maven.surefire.testng.TestNGXmlTestSuite.execute(TestNGXmlTestSuite.java:92)
	at org.apache.maven.surefire.Surefire.run(Surefire.java:180)
	at sun.reflect.NativeMethodAccessorImpl.invoke0(Native Method)
	at sun.reflect.NativeMethodAccessorImpl.invoke(NativeMethodAccessorImpl.java:57)
	at sun.reflect.DelegatingMethodAccessorImpl.invoke(DelegatingMethodAccessorImpl.java:43)
	at java.lang.reflect.Method.invoke(Method.java:606)
	at org.apache.maven.surefire.booter.SurefireBooter.runSuitesInProcess(SurefireBooter.java:350)
	at org.apache.maven.surefire.booter.SurefireBooter.main(SurefireBooter.java:1021)
Caused by: org.openqa.selenium.NoSuchElementException: no such element
  (Session info: chrome=37.0.2062.124)
  (Driver info: chromedriver=2.8.241075,platform=Windows NT 6.3 x86_64) (WARNING: The server did not provide any stacktrace information)
Command duration or timeout: 21 milliseconds
For documentation on this error, please visit: http://seleniumhq.org/exceptions/no_such_element.html
Build info: version: '2.39.0', revision: '14fa800511cc5d66d426e08b0b2ab926c7ed7398', time: '2013-12-16 13:18:38'
System info: host: 'BRICAWL-9JDVVY1', ip: '192.168.1.109', os.name: 'Windows 8', os.arch: 'amd64', os.version: '6.2', java.version: '1.7.0_51'
Session ID: 772ded219f5b55b2c57e19ac47f81415
Driver info: org.openqa.selenium.chrome.ChromeDriver
Capabilities [{platform=WIN8, acceptSslCerts=true, javascriptEnabled=true, browserName=chrome, chrome={userDataDir=C:\Users\ubasaja\AppData\Local\Temp\scoped_dir11580_12000}, rotatable=false, locationContextEnabled=true, version=37.0.2062.124, takesHeapSnapshot=true, cssSelectorsEnabled=true, databaseEnabled=false, handlesAlerts=true, browserConnectionEnabled=false, nativeEvents=true, webStorageEnabled=true, applicationCacheEnabled=false, takesScreenshot=true}]
	at sun.reflect.GeneratedConstructorAccessor16.newInstance(Unknown Source)
	at sun.reflect.DelegatingConstructorAccessorImpl.newInstance(DelegatingConstructorAccessorImpl.java:45)
	at java.lang.reflect.Constructor.newInstance(Constructor.java:526)
	at org.openqa.selenium.remote.ErrorHandler.createThrowable(ErrorHandler.java:193)
	at org.openqa.selenium.remote.ErrorHandler.throwIfResponseFailed(ErrorHandler.java:145)
	at org.openqa.selenium.remote.RemoteWebDriver.execute(RemoteWebDriver.java:554)
	at org.openqa.selenium.remote.RemoteWebDriver.findElement(RemoteWebDriver.java:307)
	at org.openqa.selenium.remote.RemoteWebDriver.findElementById(RemoteWebDriver.java:348)
	at org.openqa.selenium.By$ById.findElement(By.java:220)
	at org.openqa.selenium.remote.RemoteWebDriver.findElement(RemoteWebDriver.java:299)
	at org.openqa.selenium.support.ui.ExpectedConditions.findElement(ExpectedConditions.java:730)
	at org.openqa.selenium.support.ui.ExpectedConditions.access$000(ExpectedConditions.java:39)
	at org.openqa.selenium.support.ui.ExpectedConditions$3.apply(ExpectedConditions.java:106)
	at org.openqa.selenium.support.ui.ExpectedConditions$3.apply(ExpectedConditions.java:103)
	at org.openqa.selenium.support.ui.FluentWait.until(FluentWait.java:208)
	... 32 more
]]>
            </full-stacktrace>
          </exception>
        </test-method>
      </class>
    </test>
  </suite>
</testng-results>
