<?xml version="1.0" encoding="utf-8" ?>
<!DOCTYPE html PUBLIC "-//W3C//DTD XHTML 1.0 Strict//EN"
        "http://www.w3.org/TR/xhtml1/DTD/xhtml1-strict.dtd">
<html xmlns="http://www.w3.org/1999/xhtml" xml:lang="" lang="">
<head>
  <title>NMEL Test Report - Regression Tests 5</title>
  <meta http-equiv="Content-Type" content="text/html;charset=utf-8" />
  <meta name="description" content="TestNG unit test results." />
  <link href="reportng.css" rel="stylesheet" type="text/css" />
    <link href="custom.css" rel="stylesheet" type="text/css" />
    <script type="text/javascript" src="reportng.js"></script>
</head>
<body>
<h1>Regression Tests 5</h1>
<p>
  Test duration: 0.002s
</p>

  <table class="resultsTable configTable">
    <tr><th colspan="3" class="header failedConfig">Failed Configuration</th></tr>
              <tr class="group">
        <td colspan="3">com.pearson.piltg.ngmelII.RegressionNMELIII.SettingsCourseSettings</td>
      </tr>
            
<tr>
  <td class="method">
                  setUp
      </td>
  <td class="duration">
    0.000s
  </td>
  <td class="result">
        
    
        

        <a href="javascript:toggleElement('exception-0', 'block')" title="Click to expand/collapse"><b>org.openqa.selenium.WebDriverException: unknown error: cannot get automation extension<br/>
from chrome not reachable<br/>
&nbsp; (Session info: chrome=37.0.2062.124)<br/>
&nbsp; (Driver info: chromedriver=2.8.241075,platform=Windows NT 6.3 x86_64) (WARNING: The server did not provide any stacktrace information)<br/>
Command duration or timeout: 1.08 seconds<br/>
Build info: version: &apos;2.39.0&apos;, revision: &apos;14fa800511cc5d66d426e08b0b2ab926c7ed7398&apos;, time: &apos;2013-12-16 13:18:38&apos;<br/>
System info: host: &apos;BRICAWL-9JDVVY1&apos;, ip: &apos;10.105.226.68&apos;, os.name: &apos;Windows 8&apos;, os.arch: &apos;amd64&apos;, os.version: &apos;6.2&apos;, java.version: &apos;1.7.0_51&apos;<br/>
Session ID: 37c57e94baeccda0c9b0aa7fb107eed4<br/>
Driver info: org.openqa.selenium.chrome.ChromeDriver<br/>
Capabilities [{platform=WIN8, acceptSslCerts=true, javascriptEnabled=true, browserName=chrome, chrome={userDataDir=C:\Users\ubasaja\AppData\Local\Temp\scoped_dir8200_16967}, rotatable=false, locationContextEnabled=true, version=37.0.2062.124, takesHeapSnapshot=true, cssSelectorsEnabled=true, databaseEnabled=false, handlesAlerts=true, browserConnectionEnabled=false, nativeEvents=true, webStorageEnabled=true, applicationCacheEnabled=false, takesScreenshot=true}]</b></a><br />
    <div class="stackTrace" id="exception-0">
              sun.reflect.GeneratedConstructorAccessor17.newInstance(Unknown Source)<br />
              sun.reflect.DelegatingConstructorAccessorImpl.newInstance(DelegatingConstructorAccessorImpl.java:45)<br />
              java.lang.reflect.Constructor.newInstance(Constructor.java:526)<br />
              org.openqa.selenium.remote.ErrorHandler.createThrowable(ErrorHandler.java:193)<br />
              org.openqa.selenium.remote.ErrorHandler.throwIfResponseFailed(ErrorHandler.java:145)<br />
              org.openqa.selenium.remote.RemoteWebDriver.execute(RemoteWebDriver.java:554)<br />
              org.openqa.selenium.remote.RemoteWebDriver$RemoteWebDriverOptions$RemoteWindow.maximize(RemoteWebDriver.java:783)<br />
              com.pearson.piltg.ngmelII.common.Common.setUpCommon(Common.java:295)<br />
              com.pearson.piltg.ngmelII.RegressionNMELIII.SettingsCourseSettings.setUp(SettingsCourseSettings.java:34)<br />
              sun.reflect.NativeMethodAccessorImpl.invoke0(Native Method)<br />
              sun.reflect.NativeMethodAccessorImpl.invoke(NativeMethodAccessorImpl.java:57)<br />
              sun.reflect.DelegatingMethodAccessorImpl.invoke(DelegatingMethodAccessorImpl.java:43)<br />
              java.lang.reflect.Method.invoke(Method.java:606)<br />
              org.testng.internal.MethodHelper.invokeMethod(MethodHelper.java:580)<br />
              org.testng.internal.Invoker.invokeConfigurationMethod(Invoker.java:398)<br />
              org.testng.internal.Invoker.invokeConfigurations(Invoker.java:145)<br />
              org.testng.internal.Invoker.invokeConfigurations(Invoker.java:82)<br />
              org.testng.internal.TestMethodWorker.invokeBeforeClassMethods(TestMethodWorker.java:166)<br />
              org.testng.internal.TestMethodWorker.run(TestMethodWorker.java:103)<br />
              org.testng.TestRunner.runWorkers(TestRunner.java:689)<br />
              org.testng.TestRunner.privateRun(TestRunner.java:566)<br />
              org.testng.TestRunner.run(TestRunner.java:466)<br />
              org.testng.SuiteRunner.runTest(SuiteRunner.java:301)<br />
              org.testng.SuiteRunner.runSequentially(SuiteRunner.java:296)<br />
              org.testng.SuiteRunner.privateRun(SuiteRunner.java:276)<br />
              org.testng.SuiteRunner.run(SuiteRunner.java:191)<br />
              org.testng.TestNG.createAndRunSuiteRunners(TestNG.java:808)<br />
              org.testng.TestNG.runSuitesLocally(TestNG.java:776)<br />
              org.testng.TestNG.run(TestNG.java:701)<br />
              org.apache.maven.surefire.testng.TestNGExecutor.run(TestNGExecutor.java:74)<br />
              org.apache.maven.surefire.testng.TestNGXmlTestSuite.execute(TestNGXmlTestSuite.java:92)<br />
              org.apache.maven.surefire.Surefire.run(Surefire.java:180)<br />
              sun.reflect.NativeMethodAccessorImpl.invoke0(Native Method)<br />
              sun.reflect.NativeMethodAccessorImpl.invoke(NativeMethodAccessorImpl.java:57)<br />
              sun.reflect.DelegatingMethodAccessorImpl.invoke(DelegatingMethodAccessorImpl.java:43)<br />
              java.lang.reflect.Method.invoke(Method.java:606)<br />
              org.apache.maven.surefire.booter.SurefireBooter.runSuitesInProcess(SurefireBooter.java:350)<br />
              org.apache.maven.surefire.booter.SurefireBooter.main(SurefireBooter.java:1021)<br />
                </div>
      </td>
</tr>
          <tr class="group">
        <td colspan="3">com.pearson.piltg.ngmelII.RegressionNMELIII.SettingsPersonalProfile</td>
      </tr>
            
<tr>
  <td class="method">
                  setUp
      </td>
  <td class="duration">
    0.000s
  </td>
  <td class="result">
        
    
        

        <a href="javascript:toggleElement('exception-1', 'block')" title="Click to expand/collapse"><b>org.openqa.selenium.WebDriverException: unknown error: cannot get automation extension<br/>
from chrome not reachable<br/>
&nbsp; (Session info: chrome=37.0.2062.124)<br/>
&nbsp; (Driver info: chromedriver=2.8.241075,platform=Windows NT 6.3 x86_64) (WARNING: The server did not provide any stacktrace information)<br/>
Command duration or timeout: 1.08 seconds<br/>
Build info: version: &apos;2.39.0&apos;, revision: &apos;14fa800511cc5d66d426e08b0b2ab926c7ed7398&apos;, time: &apos;2013-12-16 13:18:38&apos;<br/>
System info: host: &apos;BRICAWL-9JDVVY1&apos;, ip: &apos;10.105.226.68&apos;, os.name: &apos;Windows 8&apos;, os.arch: &apos;amd64&apos;, os.version: &apos;6.2&apos;, java.version: &apos;1.7.0_51&apos;<br/>
Session ID: 7c8d2098add87081693149a8584510b5<br/>
Driver info: org.openqa.selenium.chrome.ChromeDriver<br/>
Capabilities [{platform=WIN8, acceptSslCerts=true, javascriptEnabled=true, browserName=chrome, chrome={userDataDir=C:\Users\ubasaja\AppData\Local\Temp\scoped_dir4304_3713}, rotatable=false, locationContextEnabled=true, version=37.0.2062.124, takesHeapSnapshot=true, cssSelectorsEnabled=true, databaseEnabled=false, handlesAlerts=true, browserConnectionEnabled=false, nativeEvents=true, webStorageEnabled=true, applicationCacheEnabled=false, takesScreenshot=true}]</b></a><br />
    <div class="stackTrace" id="exception-1">
              sun.reflect.GeneratedConstructorAccessor17.newInstance(Unknown Source)<br />
              sun.reflect.DelegatingConstructorAccessorImpl.newInstance(DelegatingConstructorAccessorImpl.java:45)<br />
              java.lang.reflect.Constructor.newInstance(Constructor.java:526)<br />
              org.openqa.selenium.remote.ErrorHandler.createThrowable(ErrorHandler.java:193)<br />
              org.openqa.selenium.remote.ErrorHandler.throwIfResponseFailed(ErrorHandler.java:145)<br />
              org.openqa.selenium.remote.RemoteWebDriver.execute(RemoteWebDriver.java:554)<br />
              org.openqa.selenium.remote.RemoteWebDriver$RemoteWebDriverOptions$RemoteWindow.maximize(RemoteWebDriver.java:783)<br />
              com.pearson.piltg.ngmelII.common.Common.setUpCommon(Common.java:295)<br />
              com.pearson.piltg.ngmelII.RegressionNMELIII.SettingsPersonalProfile.setUp(SettingsPersonalProfile.java:25)<br />
              sun.reflect.NativeMethodAccessorImpl.invoke0(Native Method)<br />
              sun.reflect.NativeMethodAccessorImpl.invoke(NativeMethodAccessorImpl.java:57)<br />
              sun.reflect.DelegatingMethodAccessorImpl.invoke(DelegatingMethodAccessorImpl.java:43)<br />
              java.lang.reflect.Method.invoke(Method.java:606)<br />
              org.testng.internal.MethodHelper.invokeMethod(MethodHelper.java:580)<br />
              org.testng.internal.Invoker.invokeConfigurationMethod(Invoker.java:398)<br />
              org.testng.internal.Invoker.invokeConfigurations(Invoker.java:145)<br />
              org.testng.internal.Invoker.invokeConfigurations(Invoker.java:82)<br />
              org.testng.internal.TestMethodWorker.invokeBeforeClassMethods(TestMethodWorker.java:166)<br />
              org.testng.internal.TestMethodWorker.run(TestMethodWorker.java:103)<br />
              org.testng.TestRunner.runWorkers(TestRunner.java:689)<br />
              org.testng.TestRunner.privateRun(TestRunner.java:566)<br />
              org.testng.TestRunner.run(TestRunner.java:466)<br />
              org.testng.SuiteRunner.runTest(SuiteRunner.java:301)<br />
              org.testng.SuiteRunner.runSequentially(SuiteRunner.java:296)<br />
              org.testng.SuiteRunner.privateRun(SuiteRunner.java:276)<br />
              org.testng.SuiteRunner.run(SuiteRunner.java:191)<br />
              org.testng.TestNG.createAndRunSuiteRunners(TestNG.java:808)<br />
              org.testng.TestNG.runSuitesLocally(TestNG.java:776)<br />
              org.testng.TestNG.run(TestNG.java:701)<br />
              org.apache.maven.surefire.testng.TestNGExecutor.run(TestNGExecutor.java:74)<br />
              org.apache.maven.surefire.testng.TestNGXmlTestSuite.execute(TestNGXmlTestSuite.java:92)<br />
              org.apache.maven.surefire.Surefire.run(Surefire.java:180)<br />
              sun.reflect.NativeMethodAccessorImpl.invoke0(Native Method)<br />
              sun.reflect.NativeMethodAccessorImpl.invoke(NativeMethodAccessorImpl.java:57)<br />
              sun.reflect.DelegatingMethodAccessorImpl.invoke(DelegatingMethodAccessorImpl.java:43)<br />
              java.lang.reflect.Method.invoke(Method.java:606)<br />
              org.apache.maven.surefire.booter.SurefireBooter.runSuitesInProcess(SurefireBooter.java:350)<br />
              org.apache.maven.surefire.booter.SurefireBooter.main(SurefireBooter.java:1021)<br />
                </div>
      </td>
</tr>
          <tr class="group">
        <td colspan="3">com.pearson.piltg.ngmelII.RegressionNMELIII.Show_Hide</td>
      </tr>
            
<tr>
  <td class="method">
                  setUp
      </td>
  <td class="duration">
    0.000s
  </td>
  <td class="result">
        
    
        

        <a href="javascript:toggleElement('exception-2', 'block')" title="Click to expand/collapse"><b>org.openqa.selenium.WebDriverException: unknown error: cannot get automation extension<br/>
from chrome not reachable<br/>
&nbsp; (Session info: chrome=37.0.2062.124)<br/>
&nbsp; (Driver info: chromedriver=2.8.241075,platform=Windows NT 6.3 x86_64) (WARNING: The server did not provide any stacktrace information)<br/>
Command duration or timeout: 1.08 seconds<br/>
Build info: version: &apos;2.39.0&apos;, revision: &apos;14fa800511cc5d66d426e08b0b2ab926c7ed7398&apos;, time: &apos;2013-12-16 13:18:38&apos;<br/>
System info: host: &apos;BRICAWL-9JDVVY1&apos;, ip: &apos;10.105.226.68&apos;, os.name: &apos;Windows 8&apos;, os.arch: &apos;amd64&apos;, os.version: &apos;6.2&apos;, java.version: &apos;1.7.0_51&apos;<br/>
Session ID: dd092a6ccf346f85196266971f1681ce<br/>
Driver info: org.openqa.selenium.chrome.ChromeDriver<br/>
Capabilities [{platform=WIN8, acceptSslCerts=true, javascriptEnabled=true, browserName=chrome, chrome={userDataDir=C:\Users\ubasaja\AppData\Local\Temp\scoped_dir8492_30309}, rotatable=false, locationContextEnabled=true, version=37.0.2062.124, takesHeapSnapshot=true, cssSelectorsEnabled=true, databaseEnabled=false, handlesAlerts=true, browserConnectionEnabled=false, nativeEvents=true, webStorageEnabled=true, applicationCacheEnabled=false, takesScreenshot=true}]</b></a><br />
    <div class="stackTrace" id="exception-2">
              sun.reflect.GeneratedConstructorAccessor17.newInstance(Unknown Source)<br />
              sun.reflect.DelegatingConstructorAccessorImpl.newInstance(DelegatingConstructorAccessorImpl.java:45)<br />
              java.lang.reflect.Constructor.newInstance(Constructor.java:526)<br />
              org.openqa.selenium.remote.ErrorHandler.createThrowable(ErrorHandler.java:193)<br />
              org.openqa.selenium.remote.ErrorHandler.throwIfResponseFailed(ErrorHandler.java:145)<br />
              org.openqa.selenium.remote.RemoteWebDriver.execute(RemoteWebDriver.java:554)<br />
              org.openqa.selenium.remote.RemoteWebDriver$RemoteWebDriverOptions$RemoteWindow.maximize(RemoteWebDriver.java:783)<br />
              com.pearson.piltg.ngmelII.common.Common.setUpCommon(Common.java:295)<br />
              com.pearson.piltg.ngmelII.RegressionNMELIII.Show_Hide.setUp(Show_Hide.java:22)<br />
              sun.reflect.NativeMethodAccessorImpl.invoke0(Native Method)<br />
              sun.reflect.NativeMethodAccessorImpl.invoke(NativeMethodAccessorImpl.java:57)<br />
              sun.reflect.DelegatingMethodAccessorImpl.invoke(DelegatingMethodAccessorImpl.java:43)<br />
              java.lang.reflect.Method.invoke(Method.java:606)<br />
              org.testng.internal.MethodHelper.invokeMethod(MethodHelper.java:580)<br />
              org.testng.internal.Invoker.invokeConfigurationMethod(Invoker.java:398)<br />
              org.testng.internal.Invoker.invokeConfigurations(Invoker.java:145)<br />
              org.testng.internal.Invoker.invokeConfigurations(Invoker.java:82)<br />
              org.testng.internal.TestMethodWorker.invokeBeforeClassMethods(TestMethodWorker.java:166)<br />
              org.testng.internal.TestMethodWorker.run(TestMethodWorker.java:103)<br />
              org.testng.TestRunner.runWorkers(TestRunner.java:689)<br />
              org.testng.TestRunner.privateRun(TestRunner.java:566)<br />
              org.testng.TestRunner.run(TestRunner.java:466)<br />
              org.testng.SuiteRunner.runTest(SuiteRunner.java:301)<br />
              org.testng.SuiteRunner.runSequentially(SuiteRunner.java:296)<br />
              org.testng.SuiteRunner.privateRun(SuiteRunner.java:276)<br />
              org.testng.SuiteRunner.run(SuiteRunner.java:191)<br />
              org.testng.TestNG.createAndRunSuiteRunners(TestNG.java:808)<br />
              org.testng.TestNG.runSuitesLocally(TestNG.java:776)<br />
              org.testng.TestNG.run(TestNG.java:701)<br />
              org.apache.maven.surefire.testng.TestNGExecutor.run(TestNGExecutor.java:74)<br />
              org.apache.maven.surefire.testng.TestNGXmlTestSuite.execute(TestNGXmlTestSuite.java:92)<br />
              org.apache.maven.surefire.Surefire.run(Surefire.java:180)<br />
              sun.reflect.NativeMethodAccessorImpl.invoke0(Native Method)<br />
              sun.reflect.NativeMethodAccessorImpl.invoke(NativeMethodAccessorImpl.java:57)<br />
              sun.reflect.DelegatingMethodAccessorImpl.invoke(DelegatingMethodAccessorImpl.java:43)<br />
              java.lang.reflect.Method.invoke(Method.java:606)<br />
              org.apache.maven.surefire.booter.SurefireBooter.runSuitesInProcess(SurefireBooter.java:350)<br />
              org.apache.maven.surefire.booter.SurefireBooter.main(SurefireBooter.java:1021)<br />
                </div>
      </td>
</tr>
          <tr class="group">
        <td colspan="3">com.pearson.piltg.ngmelII.RegressionNMELIII.Toc_Student</td>
      </tr>
            
<tr>
  <td class="method">
                  setUp
      </td>
  <td class="duration">
    0.000s
  </td>
  <td class="result">
        
    
        

        <a href="javascript:toggleElement('exception-3', 'block')" title="Click to expand/collapse"><b>org.openqa.selenium.WebDriverException: unknown error: cannot get automation extension<br/>
from chrome not reachable<br/>
&nbsp; (Session info: chrome=37.0.2062.124)<br/>
&nbsp; (Driver info: chromedriver=2.8.241075,platform=Windows NT 6.3 x86_64) (WARNING: The server did not provide any stacktrace information)<br/>
Command duration or timeout: 1.09 seconds<br/>
Build info: version: &apos;2.39.0&apos;, revision: &apos;14fa800511cc5d66d426e08b0b2ab926c7ed7398&apos;, time: &apos;2013-12-16 13:18:38&apos;<br/>
System info: host: &apos;BRICAWL-9JDVVY1&apos;, ip: &apos;10.105.226.68&apos;, os.name: &apos;Windows 8&apos;, os.arch: &apos;amd64&apos;, os.version: &apos;6.2&apos;, java.version: &apos;1.7.0_51&apos;<br/>
Session ID: 5b7f683c2aadd681d7183315db06bc13<br/>
Driver info: org.openqa.selenium.chrome.ChromeDriver<br/>
Capabilities [{platform=WIN8, acceptSslCerts=true, javascriptEnabled=true, browserName=chrome, chrome={userDataDir=C:\Users\ubasaja\AppData\Local\Temp\scoped_dir8444_32449}, rotatable=false, locationContextEnabled=true, version=37.0.2062.124, takesHeapSnapshot=true, cssSelectorsEnabled=true, databaseEnabled=false, handlesAlerts=true, browserConnectionEnabled=false, nativeEvents=true, webStorageEnabled=true, applicationCacheEnabled=false, takesScreenshot=true}]</b></a><br />
    <div class="stackTrace" id="exception-3">
              sun.reflect.GeneratedConstructorAccessor17.newInstance(Unknown Source)<br />
              sun.reflect.DelegatingConstructorAccessorImpl.newInstance(DelegatingConstructorAccessorImpl.java:45)<br />
              java.lang.reflect.Constructor.newInstance(Constructor.java:526)<br />
              org.openqa.selenium.remote.ErrorHandler.createThrowable(ErrorHandler.java:193)<br />
              org.openqa.selenium.remote.ErrorHandler.throwIfResponseFailed(ErrorHandler.java:145)<br />
              org.openqa.selenium.remote.RemoteWebDriver.execute(RemoteWebDriver.java:554)<br />
              org.openqa.selenium.remote.RemoteWebDriver$RemoteWebDriverOptions$RemoteWindow.maximize(RemoteWebDriver.java:783)<br />
              com.pearson.piltg.ngmelII.common.Common.setUpCommon(Common.java:295)<br />
              com.pearson.piltg.ngmelII.RegressionNMELIII.Toc_Student.setUp(Toc_Student.java:32)<br />
              sun.reflect.NativeMethodAccessorImpl.invoke0(Native Method)<br />
              sun.reflect.NativeMethodAccessorImpl.invoke(NativeMethodAccessorImpl.java:57)<br />
              sun.reflect.DelegatingMethodAccessorImpl.invoke(DelegatingMethodAccessorImpl.java:43)<br />
              java.lang.reflect.Method.invoke(Method.java:606)<br />
              org.testng.internal.MethodHelper.invokeMethod(MethodHelper.java:580)<br />
              org.testng.internal.Invoker.invokeConfigurationMethod(Invoker.java:398)<br />
              org.testng.internal.Invoker.invokeConfigurations(Invoker.java:145)<br />
              org.testng.internal.Invoker.invokeConfigurations(Invoker.java:82)<br />
              org.testng.internal.TestMethodWorker.invokeBeforeClassMethods(TestMethodWorker.java:166)<br />
              org.testng.internal.TestMethodWorker.run(TestMethodWorker.java:103)<br />
              org.testng.TestRunner.runWorkers(TestRunner.java:689)<br />
              org.testng.TestRunner.privateRun(TestRunner.java:566)<br />
              org.testng.TestRunner.run(TestRunner.java:466)<br />
              org.testng.SuiteRunner.runTest(SuiteRunner.java:301)<br />
              org.testng.SuiteRunner.runSequentially(SuiteRunner.java:296)<br />
              org.testng.SuiteRunner.privateRun(SuiteRunner.java:276)<br />
              org.testng.SuiteRunner.run(SuiteRunner.java:191)<br />
              org.testng.TestNG.createAndRunSuiteRunners(TestNG.java:808)<br />
              org.testng.TestNG.runSuitesLocally(TestNG.java:776)<br />
              org.testng.TestNG.run(TestNG.java:701)<br />
              org.apache.maven.surefire.testng.TestNGExecutor.run(TestNGExecutor.java:74)<br />
              org.apache.maven.surefire.testng.TestNGXmlTestSuite.execute(TestNGXmlTestSuite.java:92)<br />
              org.apache.maven.surefire.Surefire.run(Surefire.java:180)<br />
              sun.reflect.NativeMethodAccessorImpl.invoke0(Native Method)<br />
              sun.reflect.NativeMethodAccessorImpl.invoke(NativeMethodAccessorImpl.java:57)<br />
              sun.reflect.DelegatingMethodAccessorImpl.invoke(DelegatingMethodAccessorImpl.java:43)<br />
              java.lang.reflect.Method.invoke(Method.java:606)<br />
              org.apache.maven.surefire.booter.SurefireBooter.runSuitesInProcess(SurefireBooter.java:350)<br />
              org.apache.maven.surefire.booter.SurefireBooter.main(SurefireBooter.java:1021)<br />
                </div>
      </td>
</tr>
          <tr class="group">
        <td colspan="3">com.pearson.piltg.ngmelII.RegressionNMELIII.Toc_teacher</td>
      </tr>
            
<tr>
  <td class="method">
                  setUp
      </td>
  <td class="duration">
    0.000s
  </td>
  <td class="result">
        
    
        

        <a href="javascript:toggleElement('exception-4', 'block')" title="Click to expand/collapse"><b>org.openqa.selenium.WebDriverException: unknown error: cannot get automation extension<br/>
from chrome not reachable<br/>
&nbsp; (Session info: chrome=37.0.2062.124)<br/>
&nbsp; (Driver info: chromedriver=2.8.241075,platform=Windows NT 6.3 x86_64) (WARNING: The server did not provide any stacktrace information)<br/>
Command duration or timeout: 1.08 seconds<br/>
Build info: version: &apos;2.39.0&apos;, revision: &apos;14fa800511cc5d66d426e08b0b2ab926c7ed7398&apos;, time: &apos;2013-12-16 13:18:38&apos;<br/>
System info: host: &apos;BRICAWL-9JDVVY1&apos;, ip: &apos;10.105.226.68&apos;, os.name: &apos;Windows 8&apos;, os.arch: &apos;amd64&apos;, os.version: &apos;6.2&apos;, java.version: &apos;1.7.0_51&apos;<br/>
Session ID: ed79471b14335a352875bfddfa4ada51<br/>
Driver info: org.openqa.selenium.chrome.ChromeDriver<br/>
Capabilities [{platform=WIN8, acceptSslCerts=true, javascriptEnabled=true, browserName=chrome, chrome={userDataDir=C:\Users\ubasaja\AppData\Local\Temp\scoped_dir9204_2977}, rotatable=false, locationContextEnabled=true, version=37.0.2062.124, takesHeapSnapshot=true, cssSelectorsEnabled=true, databaseEnabled=false, handlesAlerts=true, browserConnectionEnabled=false, nativeEvents=true, webStorageEnabled=true, applicationCacheEnabled=false, takesScreenshot=true}]</b></a><br />
    <div class="stackTrace" id="exception-4">
              sun.reflect.GeneratedConstructorAccessor17.newInstance(Unknown Source)<br />
              sun.reflect.DelegatingConstructorAccessorImpl.newInstance(DelegatingConstructorAccessorImpl.java:45)<br />
              java.lang.reflect.Constructor.newInstance(Constructor.java:526)<br />
              org.openqa.selenium.remote.ErrorHandler.createThrowable(ErrorHandler.java:193)<br />
              org.openqa.selenium.remote.ErrorHandler.throwIfResponseFailed(ErrorHandler.java:145)<br />
              org.openqa.selenium.remote.RemoteWebDriver.execute(RemoteWebDriver.java:554)<br />
              org.openqa.selenium.remote.RemoteWebDriver$RemoteWebDriverOptions$RemoteWindow.maximize(RemoteWebDriver.java:783)<br />
              com.pearson.piltg.ngmelII.common.Common.setUpCommon(Common.java:295)<br />
              com.pearson.piltg.ngmelII.RegressionNMELIII.Toc_teacher.setUp(Toc_teacher.java:23)<br />
              sun.reflect.NativeMethodAccessorImpl.invoke0(Native Method)<br />
              sun.reflect.NativeMethodAccessorImpl.invoke(NativeMethodAccessorImpl.java:57)<br />
              sun.reflect.DelegatingMethodAccessorImpl.invoke(DelegatingMethodAccessorImpl.java:43)<br />
              java.lang.reflect.Method.invoke(Method.java:606)<br />
              org.testng.internal.MethodHelper.invokeMethod(MethodHelper.java:580)<br />
              org.testng.internal.Invoker.invokeConfigurationMethod(Invoker.java:398)<br />
              org.testng.internal.Invoker.invokeConfigurations(Invoker.java:145)<br />
              org.testng.internal.Invoker.invokeConfigurations(Invoker.java:82)<br />
              org.testng.internal.TestMethodWorker.invokeBeforeClassMethods(TestMethodWorker.java:166)<br />
              org.testng.internal.TestMethodWorker.run(TestMethodWorker.java:103)<br />
              org.testng.TestRunner.runWorkers(TestRunner.java:689)<br />
              org.testng.TestRunner.privateRun(TestRunner.java:566)<br />
              org.testng.TestRunner.run(TestRunner.java:466)<br />
              org.testng.SuiteRunner.runTest(SuiteRunner.java:301)<br />
              org.testng.SuiteRunner.runSequentially(SuiteRunner.java:296)<br />
              org.testng.SuiteRunner.privateRun(SuiteRunner.java:276)<br />
              org.testng.SuiteRunner.run(SuiteRunner.java:191)<br />
              org.testng.TestNG.createAndRunSuiteRunners(TestNG.java:808)<br />
              org.testng.TestNG.runSuitesLocally(TestNG.java:776)<br />
              org.testng.TestNG.run(TestNG.java:701)<br />
              org.apache.maven.surefire.testng.TestNGExecutor.run(TestNGExecutor.java:74)<br />
              org.apache.maven.surefire.testng.TestNGXmlTestSuite.execute(TestNGXmlTestSuite.java:92)<br />
              org.apache.maven.surefire.Surefire.run(Surefire.java:180)<br />
              sun.reflect.NativeMethodAccessorImpl.invoke0(Native Method)<br />
              sun.reflect.NativeMethodAccessorImpl.invoke(NativeMethodAccessorImpl.java:57)<br />
              sun.reflect.DelegatingMethodAccessorImpl.invoke(DelegatingMethodAccessorImpl.java:43)<br />
              java.lang.reflect.Method.invoke(Method.java:606)<br />
              org.apache.maven.surefire.booter.SurefireBooter.runSuitesInProcess(SurefireBooter.java:350)<br />
              org.apache.maven.surefire.booter.SurefireBooter.main(SurefireBooter.java:1021)<br />
                </div>
      </td>
</tr>
    
          <tr><td colspan="3">&nbsp;</td></tr>
      <tr><td colspan="3" class="header skippedConfig">Skipped Configuration</td></tr>
                    <tr>
          <td colspan="3" class="group">com.pearson.piltg.ngmelII.RegressionNMELIII.SettingsCourseSettings</td>
        </tr>
                
<tr>
  <td class="method">
                  tearDown
      </td>
  <td class="duration">
    0.000s
  </td>
  <td class="result">
                         
    
        

      </td>
</tr>
              <tr>
          <td colspan="3" class="group">com.pearson.piltg.ngmelII.RegressionNMELIII.SettingsPersonalProfile</td>
        </tr>
                
<tr>
  <td class="method">
                  tearDown
      </td>
  <td class="duration">
    0.000s
  </td>
  <td class="result">
                         
    
        

      </td>
</tr>
              <tr>
          <td colspan="3" class="group">com.pearson.piltg.ngmelII.RegressionNMELIII.Show_Hide</td>
        </tr>
                
<tr>
  <td class="method">
                  tearDown
      </td>
  <td class="duration">
    0.000s
  </td>
  <td class="result">
                         
    
        

      </td>
</tr>
              <tr>
          <td colspan="3" class="group">com.pearson.piltg.ngmelII.RegressionNMELIII.Toc_Student</td>
        </tr>
                
<tr>
  <td class="method">
                  tearDown
      </td>
  <td class="duration">
    0.000s
  </td>
  <td class="result">
                         
    
        

      </td>
</tr>
              <tr>
          <td colspan="3" class="group">com.pearson.piltg.ngmelII.RegressionNMELIII.Toc_teacher</td>
        </tr>
                
<tr>
  <td class="method">
                  tearDown
      </td>
  <td class="duration">
    0.000s
  </td>
  <td class="result">
                         
    
        

      </td>
</tr>
            </table>



  <table class="resultsTable" width="100%">
    <tr><th colspan="3" class="header skipped">Skipped Tests</th></tr>
          <tr>
        <td colspan="3" class="group">com.pearson.piltg.ngmelII.RegressionNMELIII.SettingsCourseSettings</td>
      </tr>
            
<tr>
  <td class="method">
                  <span class="description" title="NEWNGMEL_1063_4">changeDefaultEndDate</span>
      </td>
  <td class="duration">
    0.000s
  </td>
  <td class="result">
                         
    
        

      </td>
</tr>
<tr>
  <td class="method">
                  <span class="description" title="NEWNGMEL_1063_3,NEWNGMEL_1063_5,NEWNGMEL-1770_1,NEWNGMEL-1770_2,NEWNGMEL-1770_3,NEWNGMEL-1770_5,NEWNGMEL-1770_6,NEWNGMEL-1770_7,NEWNGMEL-1973_2,NEWNGMEL-1973_3,NEWNGMEL-1975_1,NEWNGMEL-1975_2,NEWNGMEL-1975_3,NEWNGMEL-1975_5, NEWNGMEL-1770_2">courseSettingValidation</span>
      </td>
  <td class="duration">
    0.000s
  </td>
  <td class="result">
                         
    
        

      </td>
</tr>
<tr>
  <td class="method">
                  <span class="description" title="NEWNGMEL_163_3">enrollCourse</span>
      </td>
  <td class="duration">
    0.000s
  </td>
  <td class="result">
                         
    
        

      </td>
</tr>
<tr>
  <td class="method">
                  <span class="description" title="NEWNGMEL_961_1,NEWNGMEL_961_2, NEWNGMEL_961_3">verifyNumberOfAttempts</span>
      </td>
  <td class="duration">
    0.000s
  </td>
  <td class="result">
                         
    
        

      </td>
</tr>
          <tr>
        <td colspan="3" class="group">com.pearson.piltg.ngmelII.RegressionNMELIII.SettingsPersonalProfile</td>
      </tr>
            
<tr>
  <td class="method">
                  <span class="description" title="NEWNGMEL_1490_4, NEWNGMEL_1490_1,NEWNGMEL_1490_2">changePassword</span>
      </td>
  <td class="duration">
    0.000s
  </td>
  <td class="result">
                             <i>Depends on method(s): </i>
        <span class="dependency">com.pearson.piltg.ngmelII.RegressionNMELIII.SettingsPersonalProfile.settings</span>
          
    
        

      </td>
</tr>
<tr>
  <td class="method">
                  <span class="description" title="NEWNGMEL_1087_7">settings</span>
      </td>
  <td class="duration">
    0.000s
  </td>
  <td class="result">
                         
    
        

      </td>
</tr>
          <tr>
        <td colspan="3" class="group">com.pearson.piltg.ngmelII.RegressionNMELIII.Show_Hide</td>
      </tr>
            
<tr>
  <td class="method">
                  <span class="description" title="NEWNGMEL_97_1, NEWNGMEL_97_2, NEWNGMEL_97_3, NEWNGMEL_97_7, NEWNGMEL_97_4, NEWNGMEL_97_8, NEWNGMEL_97_5,NEWNGMEL_97_6">showHide</span>
      </td>
  <td class="duration">
    0.000s
  </td>
  <td class="result">
                         
    
        

      </td>
</tr>
          <tr>
        <td colspan="3" class="group">com.pearson.piltg.ngmelII.RegressionNMELIII.Toc_Student</td>
      </tr>
            
<tr>
  <td class="method">
                  tocTreeStructure1
      </td>
  <td class="duration">
    0.001s
  </td>
  <td class="result">
                         
    
        

      </td>
</tr>
          <tr>
        <td colspan="3" class="group">com.pearson.piltg.ngmelII.RegressionNMELIII.Toc_teacher</td>
      </tr>
            
<tr>
  <td class="method">
                  <span class="description" title="NEWNGMEL-2332_1,NEWNGMEL-2332_3,NEWNGMEL-2332_12">previewAssignments</span>
      </td>
  <td class="duration">
    0.001s
  </td>
  <td class="result">
                         
    
        

      </td>
</tr>
      </table>

  
</body>
</html>
