<html>
<head>
<title>TestNG:  Regression Tests 6</title>
<link href="../testng.css" rel="stylesheet" type="text/css" />
<link href="../my-testng.css" rel="stylesheet" type="text/css" />

<style type="text/css">
.log { display: none;} 
.stack-trace { display: none;} 
</style>
<script type="text/javascript">
<!--
function flip(e) {
  current = e.style.display;
  if (current == 'block') {
    e.style.display = 'none';
    return 0;
  }
  else {
    e.style.display = 'block';
    return 1;
  }
}

function toggleBox(szDivId, elem, msg1, msg2)
{
  var res = -1;  if (document.getElementById) {
    res = flip(document.getElementById(szDivId));
  }
  else if (document.all) {
    // this is the way old msie versions work
    res = flip(document.all[szDivId]);
  }
  if(elem) {
    if(res == 0) elem.innerHTML = msg1; else elem.innerHTML = msg2;
  }

}

function toggleAllBoxes() {
  if (document.getElementsByTagName) {
    d = document.getElementsByTagName('div');
    for (i = 0; i < d.length; i++) {
      if (d[i].className == 'log') {
        flip(d[i]);
      }
    }
  }
}

// -->
</script>

</head>
<body>
<h2 align='center'>Regression Tests 6</h2><table border='1' align="center">
<tr>
<td>Tests passed/Failed/Skipped:</td><td>9/4/2</td>
</tr><tr>
<td>Started on:</td><td>Fri Oct 17 04:43:08 PDT 2014</td>
</tr>
<tr><td>Total time:</td><td>2453 seconds (2453605 ms)</td>
</tr><tr>
<td>Included groups:</td><td></td>
</tr><tr>
<td>Excluded groups:</td><td></td>
</tr>
</table><p/>
<small><i>(Hover the method name to see the test class name)</i></small><p/>
<table width='100%' border='1' class='invocation-failed'>
<tr><td colspan='3' align='center'><b>FAILED CONFIGURATIONS</b></td></tr>
<tr><td><b>Test method</b></td>
<td width="10%"><b>Time (seconds)</b></td>
<td width="30%"><b>Exception</b></td>
</tr>
<tr>
<td title='com.pearson.piltg.ngmelII.RegressionNMELIII.GradeBook_Teacher.tearDown()'>@AfterClass tearDown</td>
<td>0</td>
<td><div><pre>org.openqa.selenium.remote.SessionNotFoundException: Session ID is null
Build info: version: '2.39.0', revision: '14fa800511cc5d66d426e08b0b2ab926c7ed7398', time: '2013-12-16 13:18:38'
System info: host: 'BRICAWL-9JDVVY1', ip: '10.150.237.110', os.name: 'Windows 8', os.arch: 'amd64', os.version: '6.2', java.version: '1.7.0_51'
Driver info: driver.version: RemoteWebDriver
	at org.openqa.selenium.remote.HttpCommandExecutor.execute(HttpCommandExecutor.java:276)
	at org.openqa.selenium.remote.service.DriverCommandExecutor.execute(DriverCommandExecutor.java:66)
	at org.openqa.selenium.remote.RemoteWebDriver.execute(RemoteWebDriver.java:527)
	at org.openqa.selenium.remote.RemoteWebDriver.execute(RemoteWebDriver.java:569)
	at org.openqa.selenium.remote.RemoteWebDriver.close(RemoteWebDriver.java:418)
	at com.pearson.piltg.ngmelII.RegressionNMELIII.GradeBook_Teacher.tearDown(GradeBook_Teacher.java:670)
	at org.apache.maven.surefire.testng.TestNGExecutor.run(TestNGExecutor.java:74)
	at org.apache.maven.surefire.testng.TestNGXmlTestSuite.execute(TestNGXmlTestSuite.java:92)
	at org.apache.maven.surefire.Surefire.run(Surefire.java:180)
	at org.apache.maven.surefire.booter.SurefireBooter.runSuitesInProcess(SurefireBooter.java:350)
	at org.apache.maven.surefire.booter.SurefireBooter.main(SurefireBooter.java:1021)
... Removed 24 stack frames</pre></div><a href='#' onClick='toggleBox("stack-trace2084886964", this, "Click to show all stack frames", "Click to hide stack frames")'>Click to show all stack frames</a>
<div class='stack-trace' id='stack-trace2084886964'><pre>org.openqa.selenium.remote.SessionNotFoundException: Session ID is null
Build info: version: '2.39.0', revision: '14fa800511cc5d66d426e08b0b2ab926c7ed7398', time: '2013-12-16 13:18:38'
System info: host: 'BRICAWL-9JDVVY1', ip: '10.150.237.110', os.name: 'Windows 8', os.arch: 'amd64', os.version: '6.2', java.version: '1.7.0_51'
Driver info: driver.version: RemoteWebDriver
	at org.openqa.selenium.remote.HttpCommandExecutor.execute(HttpCommandExecutor.java:276)
	at org.openqa.selenium.remote.service.DriverCommandExecutor.execute(DriverCommandExecutor.java:66)
	at org.openqa.selenium.remote.RemoteWebDriver.execute(RemoteWebDriver.java:527)
	at org.openqa.selenium.remote.RemoteWebDriver.execute(RemoteWebDriver.java:569)
	at org.openqa.selenium.remote.RemoteWebDriver.close(RemoteWebDriver.java:418)
	at com.pearson.piltg.ngmelII.RegressionNMELIII.GradeBook_Teacher.tearDown(GradeBook_Teacher.java:670)
	at sun.reflect.NativeMethodAccessorImpl.invoke0(Native Method)
	at sun.reflect.NativeMethodAccessorImpl.invoke(NativeMethodAccessorImpl.java:57)
	at sun.reflect.DelegatingMethodAccessorImpl.invoke(DelegatingMethodAccessorImpl.java:43)
	at java.lang.reflect.Method.invoke(Method.java:606)
	at org.testng.internal.MethodHelper.invokeMethod(MethodHelper.java:580)
	at org.testng.internal.Invoker.invokeConfigurationMethod(Invoker.java:398)
	at org.testng.internal.Invoker.invokeConfigurations(Invoker.java:145)
	at org.testng.internal.Invoker.invokeConfigurations(Invoker.java:82)
	at org.testng.internal.TestMethodWorker.invokeAfterClassMethods(TestMethodWorker.java:209)
	at org.testng.internal.TestMethodWorker.run(TestMethodWorker.java:112)
	at org.testng.TestRunner.runWorkers(TestRunner.java:689)
	at org.testng.TestRunner.privateRun(TestRunner.java:566)
	at org.testng.TestRunner.run(TestRunner.java:466)
	at org.testng.SuiteRunner.runTest(SuiteRunner.java:301)
	at org.testng.SuiteRunner.runSequentially(SuiteRunner.java:296)
	at org.testng.SuiteRunner.privateRun(SuiteRunner.java:276)
	at org.testng.SuiteRunner.run(SuiteRunner.java:191)
	at org.testng.TestNG.createAndRunSuiteRunners(TestNG.java:808)
	at org.testng.TestNG.runSuitesLocally(TestNG.java:776)
	at org.testng.TestNG.run(TestNG.java:701)
	at org.apache.maven.surefire.testng.TestNGExecutor.run(TestNGExecutor.java:74)
	at org.apache.maven.surefire.testng.TestNGXmlTestSuite.execute(TestNGXmlTestSuite.java:92)
	at org.apache.maven.surefire.Surefire.run(Surefire.java:180)
	at sun.reflect.NativeMethodAccessorImpl.invoke0(Native Method)
	at sun.reflect.NativeMethodAccessorImpl.invoke(NativeMethodAccessorImpl.java:57)
	at sun.reflect.DelegatingMethodAccessorImpl.invoke(DelegatingMethodAccessorImpl.java:43)
	at java.lang.reflect.Method.invoke(Method.java:606)
	at org.apache.maven.surefire.booter.SurefireBooter.runSuitesInProcess(SurefireBooter.java:350)
	at org.apache.maven.surefire.booter.SurefireBooter.main(SurefireBooter.java:1021)
</pre></div></td>
</tr>
</table><p>
<table width='100%' border='1' class='invocation-failed'>
<tr><td colspan='3' align='center'><b>FAILED TESTS</b></td></tr>
<tr><td><b>Test method</b></td>
<td width="10%"><b>Time (seconds)</b></td>
<td width="30%"><b>Exception</b></td>
</tr>
<tr>
<td title='com.pearson.piltg.ngmelII.RegressionNMELIII.GradeBook_Teacher.gradeboogradebookFunctionskFunctions()'>gradeboogradebookFunctionskFunctions<br/><b>NEWNGMEL-1369_5,NEWNGMEL-2029_2</b></td>
<td>0</td>
<td><div><pre>org.openqa.selenium.remote.SessionNotFoundException: Session ID is null
Build info: version: '2.39.0', revision: '14fa800511cc5d66d426e08b0b2ab926c7ed7398', time: '2013-12-16 13:18:38'
System info: host: 'BRICAWL-9JDVVY1', ip: '10.150.237.110', os.name: 'Windows 8', os.arch: 'amd64', os.version: '6.2', java.version: '1.7.0_51'
Driver info: driver.version: RemoteWebDriver
	at org.openqa.selenium.remote.HttpCommandExecutor.execute(HttpCommandExecutor.java:276)
	at org.openqa.selenium.remote.service.DriverCommandExecutor.execute(DriverCommandExecutor.java:66)
	at org.openqa.selenium.remote.RemoteWebDriver.execute(RemoteWebDriver.java:527)
	at org.openqa.selenium.remote.RemoteWebDriver.get(RemoteWebDriver.java:276)
	at org.openqa.selenium.remote.RemoteWebDriver$RemoteNavigation.to(RemoteWebDriver.java:800)
	at com.pearson.piltg.ngmelII.common.Common.loginToPlatform(Common.java:74)
	at com.pearson.piltg.ngmelII.RegressionNMELIII.GradeBook_Teacher.gradeboogradebookFunctionskFunctions(GradeBook_Teacher.java:400)
	at org.apache.maven.surefire.testng.TestNGExecutor.run(TestNGExecutor.java:74)
	at org.apache.maven.surefire.testng.TestNGXmlTestSuite.execute(TestNGXmlTestSuite.java:92)
	at org.apache.maven.surefire.Surefire.run(Surefire.java:180)
	at org.apache.maven.surefire.booter.SurefireBooter.runSuitesInProcess(SurefireBooter.java:350)
	at org.apache.maven.surefire.booter.SurefireBooter.main(SurefireBooter.java:1021)
... Removed 24 stack frames</pre></div><a href='#' onClick='toggleBox("stack-trace341189268", this, "Click to show all stack frames", "Click to hide stack frames")'>Click to show all stack frames</a>
<div class='stack-trace' id='stack-trace341189268'><pre>org.openqa.selenium.remote.SessionNotFoundException: Session ID is null
Build info: version: '2.39.0', revision: '14fa800511cc5d66d426e08b0b2ab926c7ed7398', time: '2013-12-16 13:18:38'
System info: host: 'BRICAWL-9JDVVY1', ip: '10.150.237.110', os.name: 'Windows 8', os.arch: 'amd64', os.version: '6.2', java.version: '1.7.0_51'
Driver info: driver.version: RemoteWebDriver
	at org.openqa.selenium.remote.HttpCommandExecutor.execute(HttpCommandExecutor.java:276)
	at org.openqa.selenium.remote.service.DriverCommandExecutor.execute(DriverCommandExecutor.java:66)
	at org.openqa.selenium.remote.RemoteWebDriver.execute(RemoteWebDriver.java:527)
	at org.openqa.selenium.remote.RemoteWebDriver.get(RemoteWebDriver.java:276)
	at org.openqa.selenium.remote.RemoteWebDriver$RemoteNavigation.to(RemoteWebDriver.java:800)
	at com.pearson.piltg.ngmelII.common.Common.loginToPlatform(Common.java:74)
	at com.pearson.piltg.ngmelII.RegressionNMELIII.GradeBook_Teacher.gradeboogradebookFunctionskFunctions(GradeBook_Teacher.java:400)
	at sun.reflect.NativeMethodAccessorImpl.invoke0(Native Method)
	at sun.reflect.NativeMethodAccessorImpl.invoke(NativeMethodAccessorImpl.java:57)
	at sun.reflect.DelegatingMethodAccessorImpl.invoke(DelegatingMethodAccessorImpl.java:43)
	at java.lang.reflect.Method.invoke(Method.java:606)
	at org.testng.internal.MethodHelper.invokeMethod(MethodHelper.java:580)
	at org.testng.internal.Invoker.invokeMethod(Invoker.java:478)
	at org.testng.internal.Invoker.invokeTestMethod(Invoker.java:607)
	at org.testng.internal.Invoker.invokeTestMethods(Invoker.java:874)
	at org.testng.internal.TestMethodWorker.invokeTestMethods(TestMethodWorker.java:125)
	at org.testng.internal.TestMethodWorker.run(TestMethodWorker.java:109)
	at org.testng.TestRunner.runWorkers(TestRunner.java:689)
	at org.testng.TestRunner.privateRun(TestRunner.java:566)
	at org.testng.TestRunner.run(TestRunner.java:466)
	at org.testng.SuiteRunner.runTest(SuiteRunner.java:301)
	at org.testng.SuiteRunner.runSequentially(SuiteRunner.java:296)
	at org.testng.SuiteRunner.privateRun(SuiteRunner.java:276)
	at org.testng.SuiteRunner.run(SuiteRunner.java:191)
	at org.testng.TestNG.createAndRunSuiteRunners(TestNG.java:808)
	at org.testng.TestNG.runSuitesLocally(TestNG.java:776)
	at org.testng.TestNG.run(TestNG.java:701)
	at org.apache.maven.surefire.testng.TestNGExecutor.run(TestNGExecutor.java:74)
	at org.apache.maven.surefire.testng.TestNGXmlTestSuite.execute(TestNGXmlTestSuite.java:92)
	at org.apache.maven.surefire.Surefire.run(Surefire.java:180)
	at sun.reflect.NativeMethodAccessorImpl.invoke0(Native Method)
	at sun.reflect.NativeMethodAccessorImpl.invoke(NativeMethodAccessorImpl.java:57)
	at sun.reflect.DelegatingMethodAccessorImpl.invoke(DelegatingMethodAccessorImpl.java:43)
	at java.lang.reflect.Method.invoke(Method.java:606)
	at org.apache.maven.surefire.booter.SurefireBooter.runSuitesInProcess(SurefireBooter.java:350)
	at org.apache.maven.surefire.booter.SurefireBooter.main(SurefireBooter.java:1021)
</pre></div></td>
</tr>
<tr>
<td title='com.pearson.piltg.ngmelII.RegressionNMELIII.GradeBook_Teacher.gradebook()'>gradebook<br/><b>NEWNGMEL-131_4</b></td>
<td>0</td>
<td><div><pre>org.openqa.selenium.remote.SessionNotFoundException: Session ID is null
Build info: version: '2.39.0', revision: '14fa800511cc5d66d426e08b0b2ab926c7ed7398', time: '2013-12-16 13:18:38'
System info: host: 'BRICAWL-9JDVVY1', ip: '10.150.237.110', os.name: 'Windows 8', os.arch: 'amd64', os.version: '6.2', java.version: '1.7.0_51'
Driver info: driver.version: RemoteWebDriver
	at org.openqa.selenium.remote.HttpCommandExecutor.execute(HttpCommandExecutor.java:276)
	at org.openqa.selenium.remote.service.DriverCommandExecutor.execute(DriverCommandExecutor.java:66)
	at org.openqa.selenium.remote.RemoteWebDriver.execute(RemoteWebDriver.java:527)
	at org.openqa.selenium.remote.RemoteWebDriver.get(RemoteWebDriver.java:276)
	at org.openqa.selenium.remote.RemoteWebDriver$RemoteNavigation.to(RemoteWebDriver.java:800)
	at com.pearson.piltg.ngmelII.common.Common.loginToPlatform(Common.java:74)
	at com.pearson.piltg.ngmelII.RegressionNMELIII.GradeBook_Teacher.gradebook(GradeBook_Teacher.java:316)
	at org.apache.maven.surefire.testng.TestNGExecutor.run(TestNGExecutor.java:74)
	at org.apache.maven.surefire.testng.TestNGXmlTestSuite.execute(TestNGXmlTestSuite.java:92)
	at org.apache.maven.surefire.Surefire.run(Surefire.java:180)
	at org.apache.maven.surefire.booter.SurefireBooter.runSuitesInProcess(SurefireBooter.java:350)
	at org.apache.maven.surefire.booter.SurefireBooter.main(SurefireBooter.java:1021)
... Removed 24 stack frames</pre></div><a href='#' onClick='toggleBox("stack-trace81599640", this, "Click to show all stack frames", "Click to hide stack frames")'>Click to show all stack frames</a>
<div class='stack-trace' id='stack-trace81599640'><pre>org.openqa.selenium.remote.SessionNotFoundException: Session ID is null
Build info: version: '2.39.0', revision: '14fa800511cc5d66d426e08b0b2ab926c7ed7398', time: '2013-12-16 13:18:38'
System info: host: 'BRICAWL-9JDVVY1', ip: '10.150.237.110', os.name: 'Windows 8', os.arch: 'amd64', os.version: '6.2', java.version: '1.7.0_51'
Driver info: driver.version: RemoteWebDriver
	at org.openqa.selenium.remote.HttpCommandExecutor.execute(HttpCommandExecutor.java:276)
	at org.openqa.selenium.remote.service.DriverCommandExecutor.execute(DriverCommandExecutor.java:66)
	at org.openqa.selenium.remote.RemoteWebDriver.execute(RemoteWebDriver.java:527)
	at org.openqa.selenium.remote.RemoteWebDriver.get(RemoteWebDriver.java:276)
	at org.openqa.selenium.remote.RemoteWebDriver$RemoteNavigation.to(RemoteWebDriver.java:800)
	at com.pearson.piltg.ngmelII.common.Common.loginToPlatform(Common.java:74)
	at com.pearson.piltg.ngmelII.RegressionNMELIII.GradeBook_Teacher.gradebook(GradeBook_Teacher.java:316)
	at sun.reflect.NativeMethodAccessorImpl.invoke0(Native Method)
	at sun.reflect.NativeMethodAccessorImpl.invoke(NativeMethodAccessorImpl.java:57)
	at sun.reflect.DelegatingMethodAccessorImpl.invoke(DelegatingMethodAccessorImpl.java:43)
	at java.lang.reflect.Method.invoke(Method.java:606)
	at org.testng.internal.MethodHelper.invokeMethod(MethodHelper.java:580)
	at org.testng.internal.Invoker.invokeMethod(Invoker.java:478)
	at org.testng.internal.Invoker.invokeTestMethod(Invoker.java:607)
	at org.testng.internal.Invoker.invokeTestMethods(Invoker.java:874)
	at org.testng.internal.TestMethodWorker.invokeTestMethods(TestMethodWorker.java:125)
	at org.testng.internal.TestMethodWorker.run(TestMethodWorker.java:109)
	at org.testng.TestRunner.runWorkers(TestRunner.java:689)
	at org.testng.TestRunner.privateRun(TestRunner.java:566)
	at org.testng.TestRunner.run(TestRunner.java:466)
	at org.testng.SuiteRunner.runTest(SuiteRunner.java:301)
	at org.testng.SuiteRunner.runSequentially(SuiteRunner.java:296)
	at org.testng.SuiteRunner.privateRun(SuiteRunner.java:276)
	at org.testng.SuiteRunner.run(SuiteRunner.java:191)
	at org.testng.TestNG.createAndRunSuiteRunners(TestNG.java:808)
	at org.testng.TestNG.runSuitesLocally(TestNG.java:776)
	at org.testng.TestNG.run(TestNG.java:701)
	at org.apache.maven.surefire.testng.TestNGExecutor.run(TestNGExecutor.java:74)
	at org.apache.maven.surefire.testng.TestNGXmlTestSuite.execute(TestNGXmlTestSuite.java:92)
	at org.apache.maven.surefire.Surefire.run(Surefire.java:180)
	at sun.reflect.NativeMethodAccessorImpl.invoke0(Native Method)
	at sun.reflect.NativeMethodAccessorImpl.invoke(NativeMethodAccessorImpl.java:57)
	at sun.reflect.DelegatingMethodAccessorImpl.invoke(DelegatingMethodAccessorImpl.java:43)
	at java.lang.reflect.Method.invoke(Method.java:606)
	at org.apache.maven.surefire.booter.SurefireBooter.runSuitesInProcess(SurefireBooter.java:350)
	at org.apache.maven.surefire.booter.SurefireBooter.main(SurefireBooter.java:1021)
</pre></div></td>
</tr>
<tr>
<td title='com.pearson.piltg.ngmelII.RegressionNMELIII.GradeBook_Teacher.preConditionTeacherGradedAssignAndAttempt()'>preConditionTeacherGradedAssignAndAttempt</td>
<td>7</td>
<td><div><pre>org.openqa.selenium.remote.SessionNotFoundException: Session ID is null
Build info: version: '2.39.0', revision: '14fa800511cc5d66d426e08b0b2ab926c7ed7398', time: '2013-12-16 13:18:38'
System info: host: 'BRICAWL-9JDVVY1', ip: '10.150.237.110', os.name: 'Windows 8', os.arch: 'amd64', os.version: '6.2', java.version: '1.7.0_51'
Driver info: driver.version: RemoteWebDriver
	at org.openqa.selenium.remote.HttpCommandExecutor.execute(HttpCommandExecutor.java:276)
	at org.openqa.selenium.remote.service.DriverCommandExecutor.execute(DriverCommandExecutor.java:66)
	at org.openqa.selenium.remote.RemoteWebDriver.execute(RemoteWebDriver.java:527)
	at org.openqa.selenium.remote.RemoteWebDriver.get(RemoteWebDriver.java:276)
	at org.openqa.selenium.remote.RemoteWebDriver$RemoteNavigation.to(RemoteWebDriver.java:800)
	at com.pearson.piltg.ngmelII.common.Common.loginToPlatform(Common.java:74)
	at com.pearson.piltg.ngmelII.RegressionNMELIII.GradeBook_Teacher.preConditionTeacherGradedAssignAndAttempt(GradeBook_Teacher.java:44)
	at org.apache.maven.surefire.testng.TestNGExecutor.run(TestNGExecutor.java:74)
	at org.apache.maven.surefire.testng.TestNGXmlTestSuite.execute(TestNGXmlTestSuite.java:92)
	at org.apache.maven.surefire.Surefire.run(Surefire.java:180)
	at org.apache.maven.surefire.booter.SurefireBooter.runSuitesInProcess(SurefireBooter.java:350)
	at org.apache.maven.surefire.booter.SurefireBooter.main(SurefireBooter.java:1021)
... Removed 24 stack frames</pre></div><a href='#' onClick='toggleBox("stack-trace770121805", this, "Click to show all stack frames", "Click to hide stack frames")'>Click to show all stack frames</a>
<div class='stack-trace' id='stack-trace770121805'><pre>org.openqa.selenium.remote.SessionNotFoundException: Session ID is null
Build info: version: '2.39.0', revision: '14fa800511cc5d66d426e08b0b2ab926c7ed7398', time: '2013-12-16 13:18:38'
System info: host: 'BRICAWL-9JDVVY1', ip: '10.150.237.110', os.name: 'Windows 8', os.arch: 'amd64', os.version: '6.2', java.version: '1.7.0_51'
Driver info: driver.version: RemoteWebDriver
	at org.openqa.selenium.remote.HttpCommandExecutor.execute(HttpCommandExecutor.java:276)
	at org.openqa.selenium.remote.service.DriverCommandExecutor.execute(DriverCommandExecutor.java:66)
	at org.openqa.selenium.remote.RemoteWebDriver.execute(RemoteWebDriver.java:527)
	at org.openqa.selenium.remote.RemoteWebDriver.get(RemoteWebDriver.java:276)
	at org.openqa.selenium.remote.RemoteWebDriver$RemoteNavigation.to(RemoteWebDriver.java:800)
	at com.pearson.piltg.ngmelII.common.Common.loginToPlatform(Common.java:74)
	at com.pearson.piltg.ngmelII.RegressionNMELIII.GradeBook_Teacher.preConditionTeacherGradedAssignAndAttempt(GradeBook_Teacher.java:44)
	at sun.reflect.NativeMethodAccessorImpl.invoke0(Native Method)
	at sun.reflect.NativeMethodAccessorImpl.invoke(NativeMethodAccessorImpl.java:57)
	at sun.reflect.DelegatingMethodAccessorImpl.invoke(DelegatingMethodAccessorImpl.java:43)
	at java.lang.reflect.Method.invoke(Method.java:606)
	at org.testng.internal.MethodHelper.invokeMethod(MethodHelper.java:580)
	at org.testng.internal.Invoker.invokeMethod(Invoker.java:478)
	at org.testng.internal.Invoker.invokeTestMethod(Invoker.java:607)
	at org.testng.internal.Invoker.invokeTestMethods(Invoker.java:874)
	at org.testng.internal.TestMethodWorker.invokeTestMethods(TestMethodWorker.java:125)
	at org.testng.internal.TestMethodWorker.run(TestMethodWorker.java:109)
	at org.testng.TestRunner.runWorkers(TestRunner.java:689)
	at org.testng.TestRunner.privateRun(TestRunner.java:566)
	at org.testng.TestRunner.run(TestRunner.java:466)
	at org.testng.SuiteRunner.runTest(SuiteRunner.java:301)
	at org.testng.SuiteRunner.runSequentially(SuiteRunner.java:296)
	at org.testng.SuiteRunner.privateRun(SuiteRunner.java:276)
	at org.testng.SuiteRunner.run(SuiteRunner.java:191)
	at org.testng.TestNG.createAndRunSuiteRunners(TestNG.java:808)
	at org.testng.TestNG.runSuitesLocally(TestNG.java:776)
	at org.testng.TestNG.run(TestNG.java:701)
	at org.apache.maven.surefire.testng.TestNGExecutor.run(TestNGExecutor.java:74)
	at org.apache.maven.surefire.testng.TestNGXmlTestSuite.execute(TestNGXmlTestSuite.java:92)
	at org.apache.maven.surefire.Surefire.run(Surefire.java:180)
	at sun.reflect.NativeMethodAccessorImpl.invoke0(Native Method)
	at sun.reflect.NativeMethodAccessorImpl.invoke(NativeMethodAccessorImpl.java:57)
	at sun.reflect.DelegatingMethodAccessorImpl.invoke(DelegatingMethodAccessorImpl.java:43)
	at java.lang.reflect.Method.invoke(Method.java:606)
	at org.apache.maven.surefire.booter.SurefireBooter.runSuitesInProcess(SurefireBooter.java:350)
	at org.apache.maven.surefire.booter.SurefireBooter.main(SurefireBooter.java:1021)
</pre></div></td>
</tr>
<tr>
<td title='com.pearson.piltg.ngmelII.RegressionNMELIII.GradeBook_Teacher.viewScoresAtLevelPracticeActivity()'>viewScoresAtLevelPracticeActivity<br/><b>NEWNGMEL-1369_13, NEWNGMEL-1369_14, NEWNGMEL-1369_15</b></td>
<td>0</td>
<td><div><pre>org.openqa.selenium.remote.SessionNotFoundException: Session ID is null
Build info: version: '2.39.0', revision: '14fa800511cc5d66d426e08b0b2ab926c7ed7398', time: '2013-12-16 13:18:38'
System info: host: 'BRICAWL-9JDVVY1', ip: '10.150.237.110', os.name: 'Windows 8', os.arch: 'amd64', os.version: '6.2', java.version: '1.7.0_51'
Driver info: driver.version: RemoteWebDriver
	at org.openqa.selenium.remote.HttpCommandExecutor.execute(HttpCommandExecutor.java:276)
	at org.openqa.selenium.remote.service.DriverCommandExecutor.execute(DriverCommandExecutor.java:66)
	at org.openqa.selenium.remote.RemoteWebDriver.execute(RemoteWebDriver.java:527)
	at org.openqa.selenium.remote.RemoteWebDriver.get(RemoteWebDriver.java:276)
	at org.openqa.selenium.remote.RemoteWebDriver$RemoteNavigation.to(RemoteWebDriver.java:800)
	at com.pearson.piltg.ngmelII.common.Common.loginToPlatform(Common.java:74)
	at com.pearson.piltg.ngmelII.RegressionNMELIII.GradeBook_Teacher.viewScoresAtLevelPracticeActivity(GradeBook_Teacher.java:467)
	at org.apache.maven.surefire.testng.TestNGExecutor.run(TestNGExecutor.java:74)
	at org.apache.maven.surefire.testng.TestNGXmlTestSuite.execute(TestNGXmlTestSuite.java:92)
	at org.apache.maven.surefire.Surefire.run(Surefire.java:180)
	at org.apache.maven.surefire.booter.SurefireBooter.runSuitesInProcess(SurefireBooter.java:350)
	at org.apache.maven.surefire.booter.SurefireBooter.main(SurefireBooter.java:1021)
... Removed 24 stack frames</pre></div><a href='#' onClick='toggleBox("stack-trace905724082", this, "Click to show all stack frames", "Click to hide stack frames")'>Click to show all stack frames</a>
<div class='stack-trace' id='stack-trace905724082'><pre>org.openqa.selenium.remote.SessionNotFoundException: Session ID is null
Build info: version: '2.39.0', revision: '14fa800511cc5d66d426e08b0b2ab926c7ed7398', time: '2013-12-16 13:18:38'
System info: host: 'BRICAWL-9JDVVY1', ip: '10.150.237.110', os.name: 'Windows 8', os.arch: 'amd64', os.version: '6.2', java.version: '1.7.0_51'
Driver info: driver.version: RemoteWebDriver
	at org.openqa.selenium.remote.HttpCommandExecutor.execute(HttpCommandExecutor.java:276)
	at org.openqa.selenium.remote.service.DriverCommandExecutor.execute(DriverCommandExecutor.java:66)
	at org.openqa.selenium.remote.RemoteWebDriver.execute(RemoteWebDriver.java:527)
	at org.openqa.selenium.remote.RemoteWebDriver.get(RemoteWebDriver.java:276)
	at org.openqa.selenium.remote.RemoteWebDriver$RemoteNavigation.to(RemoteWebDriver.java:800)
	at com.pearson.piltg.ngmelII.common.Common.loginToPlatform(Common.java:74)
	at com.pearson.piltg.ngmelII.RegressionNMELIII.GradeBook_Teacher.viewScoresAtLevelPracticeActivity(GradeBook_Teacher.java:467)
	at sun.reflect.NativeMethodAccessorImpl.invoke0(Native Method)
	at sun.reflect.NativeMethodAccessorImpl.invoke(NativeMethodAccessorImpl.java:57)
	at sun.reflect.DelegatingMethodAccessorImpl.invoke(DelegatingMethodAccessorImpl.java:43)
	at java.lang.reflect.Method.invoke(Method.java:606)
	at org.testng.internal.MethodHelper.invokeMethod(MethodHelper.java:580)
	at org.testng.internal.Invoker.invokeMethod(Invoker.java:478)
	at org.testng.internal.Invoker.invokeTestMethod(Invoker.java:607)
	at org.testng.internal.Invoker.invokeTestMethods(Invoker.java:874)
	at org.testng.internal.TestMethodWorker.invokeTestMethods(TestMethodWorker.java:125)
	at org.testng.internal.TestMethodWorker.run(TestMethodWorker.java:109)
	at org.testng.TestRunner.runWorkers(TestRunner.java:689)
	at org.testng.TestRunner.privateRun(TestRunner.java:566)
	at org.testng.TestRunner.run(TestRunner.java:466)
	at org.testng.SuiteRunner.runTest(SuiteRunner.java:301)
	at org.testng.SuiteRunner.runSequentially(SuiteRunner.java:296)
	at org.testng.SuiteRunner.privateRun(SuiteRunner.java:276)
	at org.testng.SuiteRunner.run(SuiteRunner.java:191)
	at org.testng.TestNG.createAndRunSuiteRunners(TestNG.java:808)
	at org.testng.TestNG.runSuitesLocally(TestNG.java:776)
	at org.testng.TestNG.run(TestNG.java:701)
	at org.apache.maven.surefire.testng.TestNGExecutor.run(TestNGExecutor.java:74)
	at org.apache.maven.surefire.testng.TestNGXmlTestSuite.execute(TestNGXmlTestSuite.java:92)
	at org.apache.maven.surefire.Surefire.run(Surefire.java:180)
	at sun.reflect.NativeMethodAccessorImpl.invoke0(Native Method)
	at sun.reflect.NativeMethodAccessorImpl.invoke(NativeMethodAccessorImpl.java:57)
	at sun.reflect.DelegatingMethodAccessorImpl.invoke(DelegatingMethodAccessorImpl.java:43)
	at java.lang.reflect.Method.invoke(Method.java:606)
	at org.apache.maven.surefire.booter.SurefireBooter.runSuitesInProcess(SurefireBooter.java:350)
	at org.apache.maven.surefire.booter.SurefireBooter.main(SurefireBooter.java:1021)
</pre></div></td>
</tr>
</table><p>
<table width='100%' border='1' class='invocation-passed'>
<tr><td colspan='3' align='center'><b>PASSED TESTS</b></td></tr>
<tr><td><b>Test method</b></td>
<td width="10%"><b>Time (seconds)</b></td>
<td width="30%"><b>Exception</b></td>
</tr>
<tr>
<td title='com.pearson.piltg.ngmelII.RegressionNMELIII.GradeBook_Teacher.assignmentAverage()'>assignmentAverage<br/><b>NEWNGMEL-131_13</b><br/>
<a href="#Output-276716794" onClick='toggleBox("Output-276716794", this, "Show output", "Hide output");'>Show output</a>

<a href="#Output-276716794" onClick="toggleAllBoxes();">Show all outputs</a>
<div class='log' id="Output-276716794">
Current Tab selected isCourse<br/>
Tree Structure till unitThe Big Picture<br/>
Toc Tree structure at sub-unitVocabulary - Types of films<br/>
Exercise 2**is tried again<br/>
Current Tab selected isGradebook<br/>
Tree Structure till unitThe Big Picture<br/>
Toc Tree structure at sub-unitThe Big Picture<br/>
<br><b><font color='red'>Exception Occured.</b><br><br/>
</div>
</td>
<td>290</td>
<td></td>
</tr>
<tr>
<td title='com.pearson.piltg.ngmelII.RegressionNMELIII.GradeBook_Teacher.gradebookAutoGradedPractice()'>gradebookAutoGradedPractice<br/><b>NEWNGMEL-131_1, NEWNGMEL_961_10,NEWNGMEL-131_11, NEWNGMEL-131_12, NEWNGMEL-1369_6, NEWNGMEL-1369_7.</b><br/>
<a href="#Output-1498797540" onClick='toggleBox("Output-1498797540", this, "Show output", "Hide output");'>Show output</a>

<a href="#Output-1498797540" onClick="toggleAllBoxes();">Show all outputs</a>
<div class='log' id="Output-1498797540">
Current Tab selected isGradebook<br/>
Tree Structure till unitThe Big Picture<br/>
Toc Tree structure at sub-unitThe Big Picture<br/>
Current Tab selected isCourse<br/>
Tree Structure till unitThe Big Picture<br/>
Toc Tree structure at sub-unitVocabulary - Types of films<br/>
Exercise 2**is tried again<br/>
Current Tab selected isGradebook<br/>
Tree Structure till unitThe Big Picture<br/>
Toc Tree structure at sub-unitThe Big Picture<br/>
Teacher is not able to view the scores for the student in  gradebook.<br/>
<br><b><font color='red'> Test Case NEWNGMEL-131_1 Fail</b><br><br/>
Teacher is able to view the recorded accumulated number of attempts under Gradebook.<br/>
<br><b><font color='red'> Test Case NEWNGMEL_961_10 Fail</b><br><br/>
Current Tab selected isCourse<br/>
Tree Structure till unitThe Big Picture<br/>
Toc Tree structure at sub-unitVocabulary - Types of films<br/>
Exercise 2**is tried again<br/>
Current Tab selected isGradebook<br/>
Tree Structure till unitThe Big Picture<br/>
Toc Tree structure at sub-unitThe Big Picture<br/>
Teacher is able to drill down on a student to see the students individual scores.<br/>
<br><b><font color='green'>Test Case NEWNGMEL-131_12 Pass</b><br><br/>
Teacher is able to view the first attempt score/grade results in the Gradebook for practice activity.<br/>
<br><b><font color='green'>Test Case NEWNGMEL-1369_6 Pass</b><br><br/>
Teacher is unable to drill down on a student to see the students individual scores.<br/>
<br><b><font color='red'> Test Case NEWNGMEL-131_12 Fail</b><br><br/>
Teacher is able to view the last attempt score/grade results in the Gradebook for practice activity.<br/>
<br><b><font color='green'>Test Case NEWNGMEL-1369_7 Pass</b><br><br/>
Teacher is unable to view the last attempt score/grade results in the Gradebook for practice activity.<br/>
<br><b><font color='red'> Test Case NEWNGMEL-1369_7 Fail</b><br><br/>
Teacher is not able to toggle between first attempt and last attempt scores.<br/>
<br><b><font color='red'> Test Case NEWNGMEL-131_11 Fail</b><br><br/>
</div>
</td>
<td>765</td>
<td></td>
</tr>
<tr>
<td title='com.pearson.piltg.ngmelII.RegressionNMELIII.GradeBook_Teacher.gradebookAutoGradedPracticeStudentLogin()'>gradebookAutoGradedPracticeStudentLogin<br/><b>NEWNGMEL-139_3, NEWNGMEL_187_6, NEWNGMEL_187_7</b><br/>
<a href="#Output-453433487" onClick='toggleBox("Output-453433487", this, "Show output", "Hide output");'>Show output</a>

<a href="#Output-453433487" onClick="toggleAllBoxes();">Show all outputs</a>
<div class='log' id="Output-453433487">
Current Tab selected isGradebook<br/>
Tree Structure till unitThe Big Picture<br/>
Toc Tree structure at sub-unitThe Big Picture<br/>
Student is able to see the report window.<br/>
<br><b><font color='green'>Test Case NEWNGMEL-139_3 Pass</b><br><br/>
Student is able to view first attempt scores for autograded practice.<br/>
<br><b><font color='green'>Test Case NEWNGMEL_187_6 Pass</b><br><br/>
Student is able to view last attempt scores for autograded pracrice.<br/>
<br><b><font color='green'>Test Case NEWNGMEL_187_7 Pass</b><br><br/>
</div>
</td>
<td>149</td>
<td></td>
</tr>
<tr>
<td title='com.pearson.piltg.ngmelII.RegressionNMELIII.RemoveStudent.removeStudents()'>removeStudents<br/><b>NEWNGMEL-107_1,NEWNGMEL-107_3 </b><br/>
<a href="#Output-1502207342" onClick='toggleBox("Output-1502207342", this, "Show output", "Hide output");'>Show output</a>

<a href="#Output-1502207342" onClick="toggleAllBoxes();">Show all outputs</a>
<div class='log' id="Output-1502207342">
Test method: NEWNGMEL-107_1,NEWNGMEL-107_3<br/>
<br> <font color=green>Home tab is loaded correctly</font><br/>
Home Page is loaded<br/>
Current Tab selected isSETTINGS<br/>
<br> Course Management tab is loaded correctly<br/>
X
Selected students have been removed from course.<br/>
Current Tab selected isGRADEBOOK<br/>
<br> <font color=green>Home tab is loaded correctly</font><br/>
Home Page is loaded<br/>
<br><b><font color='red'> Test Case NEWNGMEL-107_1 Fail</b><br><br/>
</div>
</td>
<td>153</td>
<td></td>
</tr>
<tr>
<td title='com.pearson.piltg.ngmelII.RegressionNMELIII.Help.studentHelp()'>studentHelp<br/><b>NEWNGMEL-194_1, NEWNGMEL-194_2</b><br/>
<a href="#Output-1494947727" onClick='toggleBox("Output-1494947727", this, "Show output", "Hide output");'>Show output</a>

<a href="#Output-1494947727" onClick="toggleAllBoxes();">Show all outputs</a>
<div class='log' id="Output-1494947727">
<br><b><font color='green'>Test Case NEWNGMEL-194_1 Pass</b><br><br/>
<br><b><font color='green'>Test Case NEWNGMEL-194_2 Pass</b><br><br/>
</div>
</td>
<td>81</td>
<td></td>
</tr>
<tr>
<td title='com.pearson.piltg.ngmelII.RegressionNMELIII.Help.teacherHelp()'>teacherHelp<br/><b>NEWNGMEL-152_1, NEWNGMEL-152_2</b><br/>
<a href="#Output-925343129" onClick='toggleBox("Output-925343129", this, "Show output", "Hide output");'>Show output</a>

<a href="#Output-925343129" onClick="toggleAllBoxes();">Show all outputs</a>
<div class='log' id="Output-925343129">
<br><b><font color='green'>Test Case NEWNGMEL-152_1 Pass</b><br><br/>
<br><b><font color='green'>Test Case NEWNGMEL-152_2 Pass</b><br><br/>
</div>
</td>
<td>77</td>
<td></td>
</tr>
<tr>
<td title='com.pearson.piltg.ngmelII.RegressionNMELIII.Miscellaneous.userLanguage_Breadcrum_FooterBarVerification()'>userLanguage_Breadcrum_FooterBarVerification<br/><b>NEWNGMEL_1063_2,NEWNGMEL_332_2,NEWNGMEL-2966_1, NEWNGMEL-2966_2, NEWNGMEL-2966_3</b><br/>
<a href="#Output-1227110336" onClick='toggleBox("Output-1227110336", this, "Show output", "Hide output");'>Show output</a>

<a href="#Output-1227110336" onClick="toggleAllBoxes();">Show all outputs</a>
<div class='log' id="Output-1227110336">
Test Methods : NEWNGMEL_1063_2,NEWNGMEL_332_2,NEWNGMEL-2966_1, NEWNGMEL-2966_2, NEWNGMEL-2966_3 <br/>
<br><b>Language set is Italiano.</b></br><br/>
<br><b><font color='green'>Test Case NEWNGMEL_1063_2 Pass</b><br><br/>
The footer contains copyright, my english lab url and terms and condition.<br/>
<br><b><font color='green'>Test Case NEWNGMEL-2966_1 Pass</b><br><br/>
Pop up window is displayed.<br/>
PDF window is displayed. <br/>
<br><b><font color='green'>Test Case NEWNGMEL-2966_3 Pass</b><br><br/>
</div>
</td>
<td>126</td>
<td></td>
</tr>
<tr>
<td title='com.pearson.piltg.ngmelII.RegressionNMELIII.Gradebook_Student.verifyFirstAttemptLastAttemptTest()'>verifyFirstAttemptLastAttemptTest<br/>
<a href="#Output-618128609" onClick='toggleBox("Output-618128609", this, "Show output", "Hide output");'>Show output</a>

<a href="#Output-618128609" onClick="toggleAllBoxes();">Show all outputs</a>
<div class='log' id="Output-618128609">
<br><b>Test method: NEWNGMEL_187_6.</b></br><br/>
Current Tab selected isCOURSE<br/>
Selected a Course Options<br/>
Tree Structure till unitProgress Test 1<br/>
Selected All Students<br/>
Selected a Date<br/>
Clicked Assign button<br/>
X
The assignment has been successfully allocated to your student.<br/>
Teacher_1 logged out<br/>
The selected tab [To Do List] is not a valid tab. The valid tabs are [Home, Course, Gradebook, Message, Settings]<br/>
Current Tab selected isGradebook<br/>
Tree Structure till unitProgress Test 1<br/>
Toc Tree structure at sub-unitProgress Test 1<br/>
Student is able to view the first attempt score/grade results in the Gradebook for Test activity.<br/>
<br><b><font color='green'>Test Case NEWNGMEL_187_6 Pass</b><br><br/>
</div>
</td>
<td>523</td>
<td></td>
</tr>
<tr>
<td title='com.pearson.piltg.ngmelII.RegressionNMELIII.BatchRegistration.verifyPendingBatchRegistration()'>verifyPendingBatchRegistration<br/>
<a href="#Output-583257785" onClick='toggleBox("Output-583257785", this, "Show output", "Hide output");'>Show output</a>

<a href="#Output-583257785" onClick="toggleAllBoxes();">Show all outputs</a>
<div class='log' id="Output-583257785">
Current Tab selected isSETTINGS<br/>
<br> Course Management tab is loaded correctly<br/>
<p><b>Pass :Submit link is displayed.Submit link is disabled</b></p><br/>
<p><b>Pass :View link is displayed.View link is enabled.</b></p><br/>
<p><b>Pass :Discard link is displayed.Discard link is enabled.</b></p><br/>
<p><b>Fail :Submit Batch button is disabled.</b></p><br/>
<p><b>Pass :No students error is displayed.</b></p><br/>
<p><b>Pass :Edit Student successful. TC NML-202_4 Pass </b></p><br/>
<p><b>Pass :Student deleted. TC NML-202_3 Pass. </b></p><br/>
<p><b>Fail :Teacher able to submit batch. If the Teacher doesn't confirm the batch with legal T'c & C's TC NML-2055_1 Fail. </b></p><br/>
</div>
</td>
<td>193</td>
<td></td>
</tr>
</table><p>
<table width='100%' border='1' class='invocation-skipped'>
<tr><td colspan='3' align='center'><b>SKIPPED TESTS</b></td></tr>
<tr><td><b>Test method</b></td>
<td width="10%"><b>Time (seconds)</b></td>
<td width="30%"><b>Exception</b></td>
</tr>
<tr>
<td title='com.pearson.piltg.ngmelII.RegressionNMELIII.GradeBook_Teacher.gradebookTeacherGradedAssignment()'>gradebookTeacherGradedAssignment<br/><b>NEWNGMEL-131_2</b></td>
<td>0</td>
<td></td>
</tr>
<tr>
<td title='com.pearson.piltg.ngmelII.RegressionNMELIII.GradeSettings.threshold()'>threshold<br/><b>NEWNGMEL_1763_1, NEWNGMEL_1763_3</b></td>
<td>0</td>
<td><div><pre>java.lang.Throwable: Method com.pearson.piltg.ngmelII.RegressionNMELIII.GradeSettings.threshold() depends on nonexistent group "autogradedAttempt"
	at org.apache.maven.surefire.testng.TestNGExecutor.run(TestNGExecutor.java:74)
	at org.apache.maven.surefire.testng.TestNGXmlTestSuite.execute(TestNGXmlTestSuite.java:92)
	at org.apache.maven.surefire.Surefire.run(Surefire.java:180)
	at org.apache.maven.surefire.booter.SurefireBooter.runSuitesInProcess(SurefireBooter.java:350)
	at org.apache.maven.surefire.booter.SurefireBooter.main(SurefireBooter.java:1021)
... Removed 17 stack frames</pre></div><a href='#' onClick='toggleBox("stack-trace408111215", this, "Click to show all stack frames", "Click to hide stack frames")'>Click to show all stack frames</a>
<div class='stack-trace' id='stack-trace408111215'><pre>java.lang.Throwable: Method com.pearson.piltg.ngmelII.RegressionNMELIII.GradeSettings.threshold() depends on nonexistent group "autogradedAttempt"
	at org.testng.internal.Invoker.invokeTestMethods(Invoker.java:953)
	at org.testng.internal.TestMethodWorker.invokeTestMethods(TestMethodWorker.java:125)
	at org.testng.internal.TestMethodWorker.run(TestMethodWorker.java:109)
	at org.testng.TestRunner.runWorkers(TestRunner.java:689)
	at org.testng.TestRunner.privateRun(TestRunner.java:566)
	at org.testng.TestRunner.run(TestRunner.java:466)
	at org.testng.SuiteRunner.runTest(SuiteRunner.java:301)
	at org.testng.SuiteRunner.runSequentially(SuiteRunner.java:296)
	at org.testng.SuiteRunner.privateRun(SuiteRunner.java:276)
	at org.testng.SuiteRunner.run(SuiteRunner.java:191)
	at org.testng.TestNG.createAndRunSuiteRunners(TestNG.java:808)
	at org.testng.TestNG.runSuitesLocally(TestNG.java:776)
	at org.testng.TestNG.run(TestNG.java:701)
	at org.apache.maven.surefire.testng.TestNGExecutor.run(TestNGExecutor.java:74)
	at org.apache.maven.surefire.testng.TestNGXmlTestSuite.execute(TestNGXmlTestSuite.java:92)
	at org.apache.maven.surefire.Surefire.run(Surefire.java:180)
	at sun.reflect.NativeMethodAccessorImpl.invoke0(Native Method)
	at sun.reflect.NativeMethodAccessorImpl.invoke(NativeMethodAccessorImpl.java:57)
	at sun.reflect.DelegatingMethodAccessorImpl.invoke(DelegatingMethodAccessorImpl.java:43)
	at java.lang.reflect.Method.invoke(Method.java:606)
	at org.apache.maven.surefire.booter.SurefireBooter.runSuitesInProcess(SurefireBooter.java:350)
	at org.apache.maven.surefire.booter.SurefireBooter.main(SurefireBooter.java:1021)
</pre></div></td>
</tr>
</table><p>
</body>
</html>